0 1.0 0.0 0.0 0.0 0.0 0.0 0.0 0.0 1
0.1 1.0000000000000238 4.172372653400612e-15 7.000127999965112e-34 -1.3539202734824096e-33 -3.043661585380163e-50 -3.1464670871799647e-50 -1.2845284501250962e-93 2.2194175599025336e-93 1.0000000000000238 1
0.2 0.9999006679726209 8.549288444178193e-15 0.0005503195814301821 0.009820056145514677 0.0005503195814303821 -0.009820056145514677 9.933202723188267e-05 -1.6097074937509322e-15 0.9999999999998528 4
0.30000000000000004 0.999132145230017 1.8654327679872727e-14 0.0025924973174884444 0.028550534543219642 0.002592497317247039 -0.02855053454260478 0.0008678547693244363 4.2618791255822236e-14 0.9999999999993414 10
0.4 0.9966488403226131 6.57789799396867e-14 0.007113056466234827 0.05499201034620868 0.007113056464906146 -0.05499201034312926 0.0033511596784333124 5.664899257780731e-14 1.0000000000010465 14
0.5 0.9910672511095266 1.6143788549632719e-13 0.015111258967848389 0.08766140852735411 0.015111258967667764 -0.08766140850914934 0.008932748891668769 -6.772582451969985e-14 1.0000000000011955 19
0.6000000000000001 0.9808438025793651 3.072162627512515e-13 0.027407008665283776 0.12468607319730418 0.02740700865421098 -0.12468607314301565 0.01915619742325235 -5.999228428551909e-13 1.0000000000026175 21
0.7000000000000001 0.9644926957434556 1.7610970830027234e-12 0.044502990097042026 0.16375045694134055 0.044502990057687895 -0.16375045685770565 0.035507304258294584 -2.3625885524670035e-12 1.0000000000017502 24
0.8 0.9408307339755632 5.056155758069999e-12 0.06647755438404039 0.20212833299742533 0.06647755431869239 -0.2021283328974679 0.05916926602527766 -5.755769159752327e-12 1.0000000000008409 27
0.9 0.9092219753876576 1.0647970554110936e-11 0.09291079115456166 0.23681253574879318 0.09291079106753118 -0.23681253564954216 0.0907780246115288 -1.130134569135988e-11 0.9999999999991864 30
1.0 0.8697835672822963 1.8088030168607532e-11 0.12285072074582992 0.2647431566370343 0.12285072064342867 -0.2647431565489332 0.13021643271560912 -1.8823535813826788e-11 0.9999999999979055 32
1.1 0.8235089854048352 2.680286573020009e-11 0.15483266257402578 0.28311616152020064 0.15483266246522648 -0.283116161446219 0.1764910145918319 -2.765363765817133e-11 0.9999999999966671 34
1.2000000000000002 0.7722701188299385 3.6416762016849766e-11 0.18696333962825437 0.289731152598113 0.18696333951934957 -0.2897311525354011 0.22772988116640924 -3.7324962587297086e-11 0.9999999999963477 36
1.3 0.7186769655109703 4.640219449849458e-11 0.21707119681870002 0.28331818305955503 0.21707119671055522 -0.2833181830048228 0.28132303448487544 -4.725984908091099e-11 0.9999999999958458 40
1.4000000000000001 0.6658010063396925 5.655854611562603e-11 0.24291108524398083 0.26377631135981006 0.24291108513889634 -0.2637763113167288 0.33419899365602473 -5.7652028094916866e-11 0.9999999999957172 40
1.5 0.6167994584424333 6.64698346815345e-11 0.26239884648959394 0.23226547818766408 0.2623988463945817 -0.23226547816006052 0.38320054155343475 -6.767769218079775e-11 0.9999999999958681 41
1.6 0.5745038268071411 7.50203584865411e-11 0.27384253585676227 0.19111859357131794 0.2738425357809779 -0.19111859355796149 0.4254961731889631 -7.635409750919014e-11 0.9999999999961042 44
1.7000000000000002 0.5410489415467159 8.118290579772754e-11 0.2761346275549376 0.14357736841870405 0.2761346275067548 -0.14357736841835508 0.45895105844928286 -8.256142735379973e-11 0.9999999999959988 46
1.8 0.5176129044865702 8.436175232786951e-11 0.2688747741014053 0.09339390247290644 0.2688747740839621 -0.09339390248212957 0.4823870955093308 -8.588729666985643e-11 0.999999999995901 47
1.9000000000000001 0.504314711615796 8.443361275047319e-11 0.2524047279019416 0.04436937904237266 0.252404727916558 -0.044369379054681364 0.4956852883798004 -8.612080181220999e-11 0.9999999999955964 48
2.0 0.5002812567297197 8.141436376496427e-11 0.22775305398095574 -8.70985524742849e-05 0.22775305402744092 8.70985443907145e-05 0.4997187432654744 -8.333499814272134e-11 0.9999999999951941 48
2.1 0.5038590760102014 7.571169124328495e-11 0.19650327613617416 -0.03730539234627268 0.19650327621127897 0.037305392348959514 0.49614092398454285 -7.790450224833574e-11 0.9999999999947442 48
2.2 0.5129186533812837 6.805205012300033e-11 0.16061122400710043 -0.06555868238605106 0.160611224105282 0.06555868240486336 0.4870813466128907 -7.05082908306333e-11 0.9999999999941744 48
2.3000000000000003 0.5251869340926193 5.929796646763629e-11 0.12220302593251012 -0.08411138260709468 0.1222030260470097 0.08411138264520805 0.47481306590097966 -6.202008335093689e-11 0.9999999999935989 48
2.4000000000000004 0.5385480470491014 5.030569087410785e-11 0.08338384846841942 -0.09312944596371238 0.08338384859222216 0.09312944602251978 0.4614519529439416 -5.3147622042389287e-11 0.999999999993043 48
2.5 0.5512692209497636 4.1911384905439794e-11 0.046080455720225844 -0.09349485935697506 0.04608045584573858 0.0934948594381787 0.4487307790422753 -4.493987487762278e-11 0.9999999999920389 48
2.6 0.5621316751641094 3.471301465262557e-11 0.011930510507028444 -0.08657544358461705 0.011930510625270872 0.08657544368708278 0.4378683248268002 -3.778197363537249e-11 0.9999999999909097 48
2.7 0.5704678820960934 2.9087528168685722e-11 -0.017778903767679915 -0.07399741419259254 -0.017778903663932435 0.0739974143118792 0.42953211789381396 -3.217233319375318e-11 0.9999999999899074 47
2.8000000000000003 0.5761220747260776 2.506801927166423e-11 -0.04212952465002648 -0.05745551064922271 -0.04212952456508534 0.05745551077834954 0.4238779252628377 -2.7998393969557838e-11 0.9999999999889153 46
2.9000000000000004 0.5793582574988422 2.267887696826409e-11 -0.06055812639976894 -0.03857908884414218 -0.06055812633930011 0.03857908897824471 0.4206417424893784 -2.5474634289001438e-11 0.9999999999882205 43
3.0 0.5807400543500411 2.164390033854925e-11 -0.07282370418351555 -0.01885699348873388 -0.07282370414962691 0.018856993613927456 0.41925994563740204 -2.42932189935466e-11 0.9999999999874432 41
3.1 0.5810019757618897 2.1033795642281684e-11 -0.07896752952871917 0.0003878174304008881 -0.07896752951862095 -0.0003878173235794638 0.4189980242234833 -2.439346745716915e-11 0.999999999985373 41
3.2 0.5809250766094564 2.082962078891584e-11 -0.07927496562258243 0.017989991706742793 -0.07927496563385562 -0.017989991619312175 0.41907492337476365 -2.4353265260268854e-11 0.99999999998422 36
3.3000000000000003 0.5812240276939462 2.033141008077992e-11 -0.07424398548347858 0.032918558525148744 -0.0742439855139631 -0.032918558450578256 0.41877597228891206 -2.4000359090871298e-11 0.9999999999828583 35
3.4000000000000004 0.5824489087310736 1.8174753434411732e-11 -0.06456128661775516 0.04425660585465705 -0.06456128667590944 -0.044256605785835006 0.41755109125479817 -2.5033562104117525e-11 0.9999999999858717 34
3.5 0.5849040627016608 1.5673644639334583e-11 -0.051083350491486094 0.05119833190450449 -0.05108335058449171 -0.051198331851051535 0.4150959372834939 -2.205480036128956e-11 0.9999999999851548 35
3.6 0.5885877051912831 1.0937672660196024e-11 -0.03481718669927091 0.05307273922569826 -0.03481718682654819 -0.05307273919792075 0.411412294794321 -1.7573215907701603e-11 0.9999999999856042 36
3.7 0.5931585135721121 4.740717306098181e-12 -0.016894162318366747 0.04939659281577427 -0.016894162474338958 -0.049396592816092405 0.40684148641365214 -1.1394585538264987e-11 0.9999999999857643 36
3.8000000000000003 0.5979375390311191 -4.361263157781429e-12 0.0014694856927811248 0.03995154679322271 0.0014694855197015693 -0.039951546822029206 0.4020624609546693 -3.0838288249434673e-12 0.9999999999857885 39
3.9000000000000004 0.6019537981895937 -1.5170979205167818e-11 0.019029956770432118 0.024872282932277428 0.01902995659567126 -0.024872282995462482 0.39804620179622946 7.435893527606662e-12 0.9999999999858231 41
4.0 0.6040384702038603 -2.6541900185265688e-11 0.034591954376315334 0.004725440724454017 0.03459195422161481 -0.004725440820703706 0.39596152978143573 1.8678316134738588e-11 0.999999999985296 42
4.1000000000000005 0.6029652893447087 -3.698667860919174e-11 0.04709963416837805 -0.019445021534210346 0.047099634052986526 0.01944502140549457 0.39703471064034884 2.919799294206989e-11 0.9999999999850575 44
4.2 0.5976243596713346 -4.4124400115257904e-11 0.05573329815466236 -0.04612954013438612 0.05573329809637868 0.04612953998475353 0.4023756403133816 3.605854248794017e-11 0.9999999999847162 44
4.3 0.5872055918147575 -4.66448079251145e-11 0.05999824415076251 -0.0734379740747206 0.059998244152811284 0.07343797392283513 0.41279440816932766 3.833632383463834e-11 0.9999999999840852 45
4.4 0.5713597290615868 -4.3845301819850866e-11 0.059789906550859695 -0.09926066065754509 0.05978990660679918 0.09926066052146708 0.42864027092196144 3.529033886076142e-11 0.9999999999835483 46
4.5 0.5503030393679429 -3.6645471051616794e-11 0.055420472123192614 -0.12149072447777588 0.05542047221924252 0.12149072437244449 0.4496969606151383 2.790047328392575e-11 0.9999999999830812 47
4.6000000000000005 0.5248384657904743 -2.6010421624140394e-11 0.04759695356657762 -0.13827572021913503 0.04759695368860207 0.13827572015396639 0.47516153419236645 1.7045957949073348e-11 0.9999999999828408 48
4.7 0.49628110562564515 -1.3278294965308184e-11 0.03734865020827972 -0.14825509182253208 0.03734865034173791 0.14825509180130222 0.5037188943569615 4.154226300028001e-12 0.9999999999826066 48
4.800000000000001 0.46629612674694837 -3.10436832062726e-14 0.025911368945307347 -0.15073820901757307 0.025911369075917037 0.15073820903867136 0.533703873235555 -9.228400187462582e-12 0.9999999999825033 48
4.9 0.4366771910600614 1.2269036808352831e-11 0.014584404761915394 -0.14578755164986126 0.01458440487754991 0.14578755170826938 0.56332280892249 -2.167781272917142e-11 0.9999999999825514 48
5.0 0.4091072410262648 2.2492521880277122e-11 0.004581801786091197 -0.134190958360692 0.004581801877076269 0.134190958447729 0.5908927589564291 -3.2019277387311734e-11 0.9999999999826938 49
5.1000000000000005 0.3849469130768562 2.969567228585278e-11 -0.003099671706590016 -0.11733051159527286 -0.003099671648805177 0.11733051169941934 0.6150530869060529 -3.934153720007823e-11 0.999999999982909 49
5.2 0.3650879660910349 3.3233242649302603e-11 -0.007777302189071931 -0.0969768877181408 -0.0077773021696096525 0.09697688782587043 0.634912033892068 -4.297689975070765e-11 0.9999999999831028 49
5.300000000000001 0.3498926580060776 3.322902433227168e-11 -0.009132989772517483 -0.0750510525460688 -0.009132989789682595 0.07505105264465446 0.6501073419775002 -4.315530179439363e-11 0.9999999999835778 49
5.4 0.3392201713752778 3.0319656982510566e-11 -0.007215728886851719 -0.05339710739556268 -0.0072157289356209724 0.05339710747402363 0.6607798286092815 -4.036775007295696e-11 0.9999999999845594 49
5.5 0.3325236810384243 2.558018479892824e-11 -0.00240250123096392 -0.033601615460345166 -0.002402501299316303 0.03360161551046609 0.6674763189468016 -3.595081728136007e-11 0.9999999999852258 49
5.6000000000000005 0.3289906956471195 1.9889687247726172e-11 0.004670173794837397 -0.01687956601515928 0.004670173714081389 0.016879566030449576 0.6710093043384927 -3.074657655782456e-11 0.9999999999856122 48
5.7 0.32769647251605394 1.4215242127708166e-11 0.013189493245357604 -0.004030285244094511 0.013189493168401734 0.00403028521961672 0.6723035274697842 -2.5907497838896347e-11 0.9999999999858381 47
5.800000000000001 0.32774453527500197 9.935282272471249e-12 0.022250894613357632 0.004547417438314202 0.022250894550004622 -0.0045474175020517905 0.6722554647107639 -2.2276554006865975e-11 0.9999999999857658 46
5.9 0.3283768157411741 7.2175252019428484e-12 0.030933674941837068 0.008800047966815817 0.03093367490235663 -0.008800048064535293 0.6716231842447837 -2.0250405135845238e-11 0.9999999999859579 45
6.0 0.32904544983952105 6.322928984778133e-12 0.03836196994548599 0.008945688292327525 0.038361969940614346 -0.008945688421541068 0.6709545501461195 -1.9856484099423164e-11 0.9999999999856406 44
6.1000000000000005 0.3294461878166771 6.801361962254265e-12 0.04374967757662356 0.0054005550379801585 0.043749677618006536 -0.005400555183713476 0.6705538121680571 -2.0339222808818942e-11 0.9999999999847342 42
6.2 0.32951836332194956 7.980124639329241e-12 0.04643125881582815 -0.0012810469348351033 0.04643125890328961 0.0012810467820111107 0.6704816366595387 -2.1479788736911653e-11 0.9999999999814884 40
6.300000000000001 0.3294182877649156 8.907534344941614e-12 0.045882307828285826 -0.010447092756777604 0.04588230796490963 0.01044709261251418 0.6705817122154732 -2.245765015986384e-11 0.9999999999803888 40
6.4 0.3294725858317721 7.5219261073841e-12 0.04173431048411231 -0.02136864381136625 0.041734310674246294 0.021368643692510472 0.6705274141470005 -2.2374995887743278e-11 0.9999999999787725 35
6.5 0.33011658405978006 4.095926151892802e-12 0.033787307556982754 -0.03324633749111102 0.03378730779934068 0.03324633740972013 0.6698834159216767 -2.0316763602806902e-11 0.9999999999814567 35
6.6000000000000005 0.33182162117457203 -1.9000510523037917e-12 0.02202257348467398 -0.04521129675442719 0.022022573767056394 0.04521129671441988 0.6681783788055581 -1.4820402848207304e-11 0.9999999999801301 34
6.7 0.335014965406451 -1.2317767710180024e-11 0.006615287478701269 -0.05633090670872798 0.00661528778754781 0.05633090672234795 0.6649850345752398 -4.7751504684615005e-12 0.9999999999816909 34
6.800000000000001 0.33999729157740194 -2.54241000659062e-11 -0.012055090965745292 -0.06562970449367408 -0.012055090642302223 0.0656297045712996 0.6600027084048246 8.15682438270977e-12 0.9999999999822264 36
6.9 0.34686517708933756 -4.162804132778158e-11 -0.0334009958692946 -0.07213333026410607 -0.033400995555896935 0.07213333040221677 0.6531348228935707 2.356927145895098e-11 0.9999999999829083 37
7.0 0.3554490022693705 -5.872949755605074e-11 -0.05663493786127441 -0.07493897434467503 -0.05663493758337338 0.07493897453451077 0.6445509977134083 4.036328497532366e-11 0.9999999999827788 40
7.1000000000000005 0.36527868762557075 -7.55400180030028e-11 -0.08079515478173124 -0.073309247241573 -0.08079515455636894 0.07330924746996702 0.6347213123573652 5.655404090348428e-11 0.9999999999829359 40
7.2 0.37558939279932246 -8.99409578325878e-11 -0.10479264626199203 -0.06677873555971763 -0.10479264610082263 0.06677873581667404 0.6244106071838879 7.050731346409944e-11 0.9999999999832103 42
7.300000000000001 0.38537547249608856 -9.957016883432553e-11 -0.12748036115015698 -0.05525528601338352 -0.1274803610711304 0.055255286287267995 0.6146245274867919 7.991579944997222e-11 0.9999999999828804 44
7.4 0.3934933455888634 -1.0248959071016326e-10 -0.14774089780715366 -0.03909345299006229 -0.14774089781788244 0.03909345326268187 0.6065066543935025 8.249106936365182e-11 0.9999999999823659 44
7.5 0.3988035219416461 -9.763662590515132e-11 -0.16458422185309715 -0.019117724783175347 -0.16458422194592118 0.019117725039994416 0.6011964780403254 7.735962634342953e-11 0.9999999999819715 44
7.6000000000000005 0.40033126499062877 -8.54731141425227e-11 -0.17724279333218682 0.0034205709408791957 -0.1772427934992799 -0.003420570710586452 0.5996687349909816 6.498042009911043e-11 0.9999999999816104 46
7.7 0.39741752477793907 -6.608677442139495e-11 -0.185249408393404 0.02695674608999735 -0.18524940862807973 -0.026956745902673693 0.6025824752034628 4.547213990277719e-11 0.9999999999814018 47
7.800000000000001 0.38982993933003846 -4.020119129260749e-11 -0.18848397033353656 0.04978529196888801 -0.18848397062285582 -0.049785291842071325 0.6101700606513181 1.9388169248296504e-11 0.9999999999813565 47
7.9 0.37780950899003013 -9.504862649533697e-12 -0.18717956964153 0.07026545064707498 -0.18717956996367802 -0.07026545059457386 0.6221904909914255 -1.1406999279591799e-11 0.9999999999814557 48
8.0 0.3620412814564386 2.325227100490479e-11 -0.1818850016335209 0.08702422430586533 -0.18188500196271604 -0.08702422433287535 0.6379587185252547 -4.4217514912036654e-11 0.9999999999816933 48
8.1 0.3435539052962518 5.4827600112553604e-11 -0.17338867717709788 0.09912008524300966 -0.17338867748422077 -0.09912008535035026 0.6564460946859292 -7.588381112368946e-11 0.9999999999821809 48
8.200000000000001 0.32356858767902796 8.220513230266805e-11 -0.16261586109306841 0.10613868693235005 -0.16261586135083353 -0.10613868711327601 0.6764314123036578 -1.034192553637433e-10 0.9999999999826857 48
8.3 0.3033283288325632 1.0313303369712995e-10 -0.1505155618612202 0.10820691161816408 -0.15051556204904998 -0.10820691186193114 0.6966716711505305 -1.2447401430465655e-10 0.9999999999830937 48
8.4 0.28394055597056816 1.1616002896444108e-10 -0.13795419611433127 0.10592922647229028 -0.1379541962176384 -0.10592922676122311 0.7160594440131747 -1.3771223200869535e-10 0.9999999999837428 48
8.5 0.2662603703286844 1.2077685047455093e-10 -0.12563040135939815 0.10026554936695453 -0.12563040136575648 -0.10026554968092152 0.7337396296556817 -1.424942892345745e-10 0.9999999999843661 48
8.6 0.25082999033784986 1.1713478719169744e-10 -0.11402006996238606 0.09237878750281617 -0.11402006987262785 -0.09237878782215021 0.7491700096469704 -1.390856191813982e-10 0.9999999999848204 48
8.700000000000001 0.23787647191498515 1.070209835253736e-10 -0.1033543898707309 0.08348137801079589 -0.10335438969341931 -0.08348137831306766 0.7621235280701802 -1.291532265876726e-10 0.9999999999851654 48
8.8 0.22735819343537578 9.218219542955773e-11 -0.09362799268838698 0.07470450967379698 -0.0936279924371339 -0.07470450993343379 0.7726418065498849 -1.1518814164315735e-10 0.9999999999852607 47
8.9 0.21904340311203088 7.519569031137264e-11 -0.08463038186716067 0.06700398362301867 -0.08463038155967334 -0.06700398381553295 0.7809565968731236 -9.900260881473167e-11 0.9999999999851544 47
9.0 0.21260202872277492 5.867559737067396e-11 -0.07599212179614113 0.06110617391765811 -0.07599212146098394 -0.061106174028363845 0.7873979712623239 -8.279413504612421e-11 0.9999999999850988 46
9.1 0.20769404837092367 4.438291652184737e-11 -0.06723763462682297 0.05748900354460685 -0.06723763428870719 -0.057489003571784845 0.7923059516141041 -6.851592540175876e-11 0.9999999999850278 45
9.200000000000001 0.20404223888642764 3.3376249111640475e-11 -0.05783824834680561 0.05638777829306139 -0.057838248028806556 -0.056387778234687956 0.7959577610984223 -5.769005677667143e-11 0.9999999999848499 42
9.3 0.2014821962384533 2.7024983073526083e-11 -0.04726156743884444 0.057814369184319744 -0.04726156716128433 -0.057814369052198104 0.79851780374573 -5.123307265082628e-11 0.9999999999841833 41
9.4 0.1999868104606046 2.399763397486538e-11 -0.035015563040140425 0.061579926814688005 -0.035015562822504336 -0.061579926631881866 0.8000131895220269 -4.796681752584374e-11 0.9999999999826316 38
9.5 0.19966528968705172 2.3439659986142873e-11 -0.020687479444262708 0.06731493483051494 -0.02068747929436625 -0.06731493461888668 0.8003347102932564 -4.775237524278402e-11 0.9999999999803082 35
9.600000000000001 0.2007384861564715 2.4283138550239595e-11 -0.0039784570850878425 0.07448482282219182 -0.003978457005401013 -0.07448482259097874 0.7992615138230819 -5.085583001278139e-11 0.9999999999795534 34
9.700000000000001 0.20349326595608075 2.5122734002833663e-11 0.015265362397533669 0.08240360047508143 0.015265362408896466 -0.0824036002379976 0.7965067340242785 -5.234334088897828e-11 0.9999999999803593 34
9.8 0.20821971342501427 2.2837952820577594e-11 0.03702541598705724 0.09025129440967153 0.03702541592997319 -0.09025129417252815 0.7917802865528706 -5.178778759058476e-11 0.9999999999778848 33
9.9 0.2151366408006125 1.932655467764258e-11 0.06108860079355789 0.09710276010741789 0.06108860066674237 -0.09710275988304205 0.7848633591760383 -4.8286879799324953e-11 0.9999999999766509 35
10.0 0.22431335113193326 1.2213065226308558e-11 0.08703364919787422 0.10197519535464461 0.08703364901535797 -0.10197519515922744 0.7756866488439926 -4.1305496047661496e-11 0.9999999999759259 36
10.100000000000001 0.2355984946241043 9.016576906409961e-13 0.11423041427917269 0.10389904417262479 0.11423041406051407 -0.10389904401915472 0.7644015053519155 -3.066503404667245e-11 0.9999999999760198 38
10.200000000000001 0.2485692275462272 -1.3670648265406614e-11 0.14185685124275252 0.10201193370593128 0.14185685100107595 -0.10201193359768015 0.7514307724297287 -1.6560488205046302e-11 0.9999999999759559 39
10.3 0.262514423850089 -3.101395176948729e-11 0.16893755756401274 0.09566839703940036 0.16893755731014143 -0.09566839697017517 0.7374855761265314 1.1050952331764007e-12 0.9999999999766205 41
10.4 0.2764631346925469 -5.040964983384043e-11 0.19440529507963322 0.0845507294262291 0.1944052948313747 -0.08455072939237063 0.7235368652840969 2.0339107148412215e-11 0.9999999999766438 43
10.5 0.28926316550276604 -7.007243420640637e-11 0.21718310037578814 0.06876042925502622 0.21718310015215622 -0.06876042925936257 0.7107368344736914 3.9817377149443673e-11 0.9999999999764575 44
10.600000000000001 0.2997050011435054 -8.818305461462902e-11 0.23627999655519602 0.04886758878272648 0.2362799963659252 -0.04886758881725657 0.7002949988326915 5.7562401088012886e-11 0.9999999999761969 45
10.700000000000001 0.30667520685450034 -1.0386061143667926e-10 0.25088898001695503 0.025899138006145694 0.25088897987028774 -0.025899138072893717 0.6933247931214408 7.267949273456709e-11 0.9999999999759411 46
10.8 0.3093138531084322 -1.1549613154799592e-10 0.2604731225467072 0.0012564630253370675 0.260473122456475 -0.001256463120657012 0.6906861468672563 8.356648101035354e-11 0.9999999999756884 47
10.9 0.3071457402324257 -1.2088773103949968e-10 0.26482541346700045 -0.02343288824092161 0.2648254134510039 0.02343288812643852 0.6928542597428641 8.828192782363212e-11 0.9999999999752898 47
11.0 0.3001576013683112 -1.1850477585951492e-10 0.2640909278312652 -0.04650934009172103 0.26409092789520194 0.046509339976813065 0.6998423986065496 8.52619140591252e-11 0.9999999999748608 48
11.100000000000001 0.2888033801587037 -1.0838319032166566e-10 0.25874574871932315 -0.06648907821445195 0.2587457488591906 0.06648907811571114 0.711196619815777 7.435880926918057e-11 0.9999999999744806 48
11.200000000000001 0.2739349613572001 -9.136663813186986e-11 0.24953460742309957 -0.08224837853124385 0.24953460762763965 0.0822483784634624 0.7260650386170805 5.664299986277451e-11 0.9999999999742806 48
11.3 0.25667224923153525 -6.894475075183959e-11 0.2373766455121336 -0.09315153572302212 0.23737664576668013 0.09315153569968217 0.743327750742673 3.369766839779971e-11 0.9999999999742082 48
11.4 0.2382395133951622 -4.3037887747606835e-11 0.22325419737674715 -0.09910179024331009 0.2232541976644981 0.09910179027361257 0.761760486579164 7.416158087233153e-12 0.9999999999743261 48
11.5 0.21980082630863373 -1.5877589222700827e-11 0.208101722556375 -0.10051158705271826 0.2081017228556698 0.10051158714248706 0.7801991736658533 -1.999079663809304e-11 0.9999999999744871 48
11.600000000000001 0.20232494659854297 1.016148227822774e-11 0.19271061029180236 -0.09820512068563293 0.1927106105820173 0.09820512083671394 0.7976750533761587 -4.6135760237136284e-11 0.9999999999747017 48
11.700000000000001 0.18650058378951112 3.271854771712029e-11 0.1776611774417862 -0.09327794779870914 0.1776611777069675 0.09327794800837297 0.8134994161853465 -6.928902764485415e-11 0.9999999999748577 48
11.8 0.17270998060956685 5.091623100923068e-11 0.16328716512867517 -0.08694290879659819 0.16328716535658763 0.08694290906198605 0.8272900193654771 -8.828789413721313e-11 0.999999999975044 48
11.9 0.16105609564835327 6.446158363967577e-11 0.14967202882996972 -0.08038864998936966 0.1496720290126329 0.08038865030058079 0.8389439043266966 -1.0279756386820093e-10 0.99999999997505 47
12.0 0.15142946779310187 7.330749980942633e-11 0.13667166359893945 -0.07466877441321769 0.13667166372175168 0.07466877475714354 0.8485705321818651 -1.122454053115154e-10 0.9999999999749669 45
12.100000000000001 0.14359654596726965 7.749691642044261e-11 0.12395566111038639 -0.0706292454896986 0.12395566116459725 0.07062924585646518 0.8564034540074927 -1.1690813139163574e-10 0.9999999999747624 44
12.200000000000001 0.13729159494566062 7.794478936630673e-11 0.11105882485892114 -0.06887216958174472 0.11105882483991698 0.068872169964337 0.8627084050286956 -1.173205972930944e-10 0.9999999999743563 44
12.3 0.13229776826500117 7.536920455062585e-11 0.09743599712829777 -0.06974755391906828 0.09743599703923371 0.06974755429811023 0.8677022317092525 -1.1510797511978961e-10 0.9999999999742537 42
12.4 0.12850770097976122 7.213183045713715e-11 0.08251551413443706 -0.07336185713345315 0.08251551398699541 0.0733618574920371 0.8714922989934747 -1.1215097188345577e-10 0.9999999999732359 40
12.5 0.1259584487580488 6.944092935293458e-11 0.06574901617740539 -0.07959281498051426 0.06574901597993171 0.07959281531357312 0.8740415512130236 -1.0891915232411387e-10 0.9999999999710725 39
12.600000000000001 0.12483891932520608 6.791700025246316e-11 0.046657267477938184 -0.08810318646440736 0.046657267232879496 0.0881031867628015 0.8751610806428192 -1.0812877990285763e-10 0.9999999999680252 36
12.700000000000001 0.12547001214434614 6.725316358603823e-11 0.024872695180370122 -0.09835057937325435 0.02487269489583559 0.09835057962290096 0.8745299878186938 -1.0962852483979177e-10 0.99999999996304 33
12.8 0.12825899737423882 7.175202551808442e-11 0.00017939280033812697 -0.10959531326281276 0.0001793924857963679 0.10959531345420552 0.871741002588799 -1.1458232787932405e-10 0.9999999999630379 34
12.9 0.1336310006649023 7.810556673547067e-11 -0.02744958557671139 -0.1209124561485052 -0.027449585904166934 0.12091245627280815 0.8663689992967925 -1.2144122341140824e-10 0.9999999999616948 33
13.0 0.14194253061496576 8.8711034587102e-11 -0.05781944627774001 -0.1312169382840997 -0.05781944659365986 0.13121693833124196 0.858057469344359 -1.3231162184762423e-10 0.9999999999593248 34
13.100000000000001 0.15338513204150997 1.0149036890200048e-10 -0.09048914879290489 -0.13931127241562258 -0.09048914907461095 0.1393112723915274 0.8466148679183704 -1.4536350321771344e-10 0.9999999999598803 34
13.200000000000001 0.16789120630944476 1.1461514069711517e-10 -0.12476066625248808 -0.14396327167751768 -0.12476066649258973 0.14396327159934338 0.8321087936514318 -1.5901763522656564e-10 0.9999999999608765 35
13.3 0.18505784396033442 1.2767605249397074e-10 -0.1596884204615801 -0.14401594014026142 -0.1596884206620364 0.14401594002274287 0.8149421560008238 -1.721125957632497e-10 0.9999999999611582 37
13.4 0.20410661657687873 1.3960111575360033e-10 -0.19411477568013533 -0.13852373217711783 -0.19411477583309822 0.1385237320253121 0.7958933833846971 -1.8406778066462205e-10 0.9999999999615758 38
13.5 0.22389593747689826 1.4908713481680276e-10 -0.22673509380859236 -0.12689988328357957 -0.2267350939112195 0.12689988310016248 0.7761040624847785 -1.9338778329512228e-10 0.9999999999616768 41
13.600000000000001 0.24299654455590056 1.549537586653734e-10 -0.25619157108003865 -0.10905076285021585 -0.25619157112775715 0.10905076264373169 0.757003455405432 -1.9967850353145263e-10 0.9999999999613326 42
13.700000000000001 0.2598297989676294 1.5617798850633403e-10 -0.2811894040443097 -0.08546811050453176 -0.28118940402774356 0.08546811028313152 0.7401702009935286 -2.0146533875936148e-10 0.999999999961158 44
13.8 0.27285447297234267 1.5094515700230297e-10 -0.30062288106818236 -0.057251352858307604 -0.30062288098146694 0.057251352631348035 0.7271455269882853 -1.9731713540344789e-10 0.9999999999606279 45
13.9 0.28077386917486763 1.3938842794606226e-10 -0.313694304215815 -0.02604142929467576 -0.31369430406005133 0.026041429072053146 0.7192261307857355 -1.8582960242973825e-10 0.9999999999606031 46
14.0 0.2827257505035355 1.2100285552198312e-10 -0.3200067914043162 0.006136133087021209 -0.32000679118777137 -0.006136133293921905 0.7172742494568154 -1.6786896412843246e-10 0.9999999999603508 47
14.100000000000001 0.2784164474806836 9.66075251466775e-11 -0.31961407443923345 0.03710120658961677 -0.3196140741704947 -0.037101206768546745 0.7215835524795478 -1.4398372353643264e-10 0.9999999999602314 48
14.200000000000001 0.2681693457048464 6.790929001629087e-11 -0.31301650807100845 0.06478620718784558 -0.3130165077603552 -0.06478620732643824 0.7318306542554754 -1.1529251098951826e-10 0.9999999999603219 48
14.3 0.2528753242845104 3.6046522932051595e-11 -0.3011015690885975 0.08749363071907498 -0.3011015687555143 -0.08749363080596124 0.7471246756759878 -8.321846331102596e-11 0.9999999999604983 48
14.4 0.23385418942145184 3.132787075093892e-12 -0.28503709715451064 0.10409751763142439 -0.2850370968160986 -0.10409751766318048 0.7661458105392294 -5.003721730448183e-11 0.9999999999606812 48
14.5 0.21265566322803878 -2.865067344107278e-11 -0.2661339544688068 0.11415425722468965 -0.26613395414516317 -0.11415425719961644 0.787344336732915 -1.7928337278577653e-11 0.9999999999609538 48
14.600000000000001 0.1908404837140333 -5.733782871707573e-11 -0.24569957849480234 0.11790827798087777 -0.2456995782029556 -0.11790827790078039 0.8091595162471517 1.103663874203729e-11 0.9999999999611849 48
14.700000000000001 0.16978358201673702 -8.104004850981053e-11 -0.22490403094325834 0.1162006825650122 -0.22490403070261258 -0.11620068243449733 0.8302164179447773 3.510501735608596e-11 0.9999999999615143 48
14.8 0.15053254156381066 -9.964230058661435e-11 -0.20467590231652494 0.1103074555279567 -0.2046759021435075 -0.1103074553545664 0.8494674583984128 5.274097511302789e-11 0.9999999999622234 48
14.9 0.1337390913450498 -1.1124405151915459e-10 -0.18563826362578087 0.10174394040511645 -0.1856382635301157 -0.10174394019936908 0.8662609086177071 6.356248210103671e-11 0.9999999999627569 47
15.0 0.11966425852379162 -1.1612296469918758e-10 -0.1680868145077074 0.09207238648366588 -0.16808681449276705 -0.09207238626394383 0.8803357414392488 6.771938585267463e-11 0.9999999999630403 47
15.100000000000001 0.10824366572213495 -1.1556185938146657e-10 -0.15200542568053674 0.08274116460960666 -0.15200542574625367 -0.08274116438625916 0.8917563342410286 6.630964173441328e-11 0.9999999999631636 46
15.200000000000001 0.09919116858907993 -1.1047220672338917e-10 -0.13710974812900142 0.07497144689699548 -0.13710974826619826 -0.07497144668446644 0.9008088313737113 6.083448632859528e-11 0.9999999999627912 45
15.3 0.09211713695228678 -1.0290608388660853e-10 -0.12290791843358927 0.06969390904022665 -0.12290791863055772 -0.06969390884768806 0.907882863009411 5.343471626419575e-11 0.9999999999616977 44
15.4 0.08664082024730699 -9.434591557577467e-11 -0.10876828196951835 0.06752763373354402 -0.10876828222423088 -0.06752763356344647 0.9133591797138537 4.455015717881543e-11 0.9999999999611607 43
15.5 0.08248206554078252 -8.638354278709234e-11 -0.09398662018717516 0.06878757406296004 -0.09398662049411388 -0.06878757392585585 0.9175179344191522 3.596777285313745e-11 0.9999999999599347 40
15.600000000000001 0.0795238641428603 -7.9613365875255e-11 -0.07784857729668429 0.07350581203136793 -0.07784857763655122 -0.07350581193069078 0.920476135814316 2.9373555115505525e-11 0.9999999999571763 39
15.700000000000001 0.0778422091694528 -7.614787385505603e-11 -0.05968592740475683 0.0814544741248284 -0.059685927774129274 -0.08145447407516307 0.9221577907848898 2.5533594532984582e-11 0.9999999999543426 37
15.8 0.0777029650358656 -7.654586056296452e-11 -0.03892737486043279 0.09216313464744583 -0.03892737525382337 -0.09216313466027941 0.9222970349116547 2.498490437666428e-11 0.9999999999475203 35
15.9 0.07952718274164847 -8.138645333529146e-11 -0.015145421051125114 0.10492945272939881 -0.015145421457768789 -0.1049294528168177 0.9204728171987103 2.845801198437708e-11 0.9999999999403588 33
16.0 0.08382740252019216 -8.900889457976043e-11 0.011899579074548118 0.11882748118641362 0.011899578691415818 -0.11882748135827756 0.9161725974264898 3.5937798400759923e-11 0.999999999946682 33
16.1 0.091118977941197 -1.0095307037197813e-10 0.04221852578600873 0.13272260322148136 0.04221852545048815 -0.1327226034718213 0.9088810219981033 4.5827988843024934e-11 0.9999999999393003 33
16.2 0.10181309614286407 -1.1303494215548839e-10 0.07555838724202667 0.14530455471451917 0.0755583869703526 -0.1453045550209899 0.898186903794269 5.6577811317974363e-11 0.9999999999371331 34
16.3 0.11610214259525763 -1.2418768364815495e-10 0.11137761692284841 0.15514969179107704 0.1113776167283048 -0.15514969213987923 0.8838978573429819 6.735808641680086e-11 0.9999999999382395 34
16.400000000000002 0.13385276302326488 -1.3248123941445506e-10 0.1488389587935028 0.160819950187776 0.14883895870618005 -0.16081995055875967 0.8661472369166482 7.49433777140776e-11 0.9999999999399131 35
16.5 0.15452599520655066 -1.3428197099470202e-10 0.18682709716981982 0.16099866935259907 0.18682709719760532 -0.16099866972864116 0.8454740047328666 7.699083776313589e-11 0.9999999999394172 38
16.6 0.1771452151895594 -1.2803830715502977e-10 0.22399742100980052 0.1546533369610857 0.22399742115250587 -0.15465333732044592 0.8228547847489239 7.032562060367727e-11 0.9999999999384833 40
16.7 0.20032943056727634 -1.1276813253483621e-10 0.25885875909677203 0.14120421988493642 0.2588587593489722 -0.14120422020408038 0.7996705693711401 5.486704347203715e-11 0.9999999999384165 41
16.8 0.22240057327247847 -8.761263522385464e-11 0.28988745556915413 0.12066873951746807 0.28988745592022097 -0.12066873977072304 0.7775994266651157 2.9042231310271815e-11 0.9999999999375941 42
16.900000000000002 0.2415594684645623 -5.322334303137865e-11 0.31566342395372593 0.09374775026166644 0.3156634243749808 -0.0937477504241705 0.7584405314718672 -6.0269388285367306e-12 0.9999999999364295 44
17.0 0.2561087250510468 -1.2599111821073794e-11 0.33501231448409813 0.06182436847781344 0.33501231493683126 -0.06182436853528137 0.7438912748840154 -4.7734792451880626e-11 0.9999999999350622 45
17.1 0.26468626719905086 3.129948538590226e-11 0.3471334805998264 0.02685950037031815 0.3471334810451725 -0.026859500317205357 0.7353137327356444 -9.124375766680761e-11 0.9999999999346952 46
17.2 0.26646546988693826 7.33169148163104e-11 0.35169269246261003 -0.008811313939339085 0.35169269286443255 0.008811314101758954 0.7335345300467847 -1.3363139643277173e-10 0.999999999933723 48
17.3 0.2612804683184011 1.0917756755223728e-10 0.34886240066510504 -0.04275255284518331 0.34886240097941174 0.042752553106604994 0.7387195316145152 -1.6987842240011235e-10 0.9999999999329163 48
17.400000000000002 0.24964885674737042 1.3447029788947756e-10 0.33930045780353163 -0.07272942698935757 0.33930045799770897 0.07272942732672139 0.7503511431848765 -1.956318324248669e-10 0.9999999999322469 48
17.5 0.2326857220934334 1.4618898175287295e-10 0.3240689162156005 -0.0969811067441895 0.32406891626996304 0.0969811071289217 0.7673142778385039 -2.0815743642316267e-10 0.9999999999319373 48
17.6 0.2119268915115816 1.4291443823488447e-10 0.30450529466030535 -0.11441791443318218 0.3045052945670371 0.11441791483613227 0.7880731084195873 -2.0627733440109772e-10 0.999999999931169 48
17.7 0.18909857811651432 1.2602353506044713e-10 0.2820668733201823 -0.12471089244811723 0.282066873085653 0.12471089283477663 0.8109014218150425 -1.906016370207498e-10 0.9999999999315569 48
17.8 0.16587994815289447 9.735355979197898e-11 0.2581721869024494 -0.12826610986155432 0.25817218654279883 0.12826611019952844 0.8341200517792102 -1.631817916475748e-10 0.9999999999321048 48
17.900000000000002 0.14370252511984938 6.024904470982035e-11 0.23406231989031281 -0.12610003181661264 0.23406231943234967 0.12610003207672252 0.8562974748129345 -1.2714363361162842e-10 0.9999999999327839 48
18.0 0.12361764931659001 1.8712800146828998e-11 0.21069869713549028 -0.11964977825159955 0.21069869661274282 0.11964977841018902 0.8763823506171238 -8.661802431356132e-11 0.9999999999337138 48
18.1 0.10624510515709243 -2.316296594146722e-11 0.18870570822020377 -0.11055932198755136 0.18870570766748546 0.11055932203177835 0.8937548947771364 -4.563090810490326e-11 0.9999999999342288 47
18.2 0.09179807005946813 -6.224207314414898e-11 0.16835798217518408 -0.1004793666435041 0.16835798163333196 0.1004793665602863 0.9082019298750376 -7.582049901399162e-12 0.9999999999345057 46
18.3 0.08016619811580333 -9.524924070147189e-11 0.14960537542015595 -0.09090760888273333 0.14960537492346232 0.09090760867212103 0.9198338018180442 2.4444410712667352e-11 0.9999999999338476 45
18.400000000000002 0.07103210757921856 -1.2110620819209883e-10 0.13212486226252793 -0.08308171411012442 0.13212486183891123 0.08308171377739881 0.9289678923528808 4.9328772195178915e-11 0.9999999999320993 44
18.5 0.06399653720661587 -1.3797255431387146e-10 0.1153876844354978 -0.0779238983914173 0.1153876841104085 0.07792389795118856 0.936003462724685 6.61104152131394e-11 0.999999999931301 44
18.6 0.058692002086176795 -1.4849676984973265e-10 0.09873171738713987 -0.07602646295300347 0.09873171718423297 0.0760264624166626 0.9413079978445984 7.498939940715529e-11 0.9999999999307752 40
18.7 0.05487132421836541 -1.5228425113740553e-10 0.08143202594029013 -0.07766315157100903 0.08143202587503312 0.07766315096823469 0.9451286757113349 7.806567822361527e-11 0.9999999999297002 39
18.8 0.0524637046036287 -1.5300448559951136e-10 0.06276593695944511 -0.08281145562684432 0.0627659370301881 0.08281145499431458 0.9475362953228025 7.794039340329083e-11 0.9999999999264312 37
18.900000000000002 0.05159573923426393 -1.530692540783002e-10 0.042071781741213496 -0.091174727428957 0.042071781947676766 0.09117472679542568 0.9484042606890366 7.678178381970654e-11 0.9999999999233006 35
19.0 0.052577703686164615 -1.544448991022754e-10 0.01880220561559177 -0.102198645058052 0.018802205951959493 0.10219864445115623 0.9474222962341251 7.689766714635487e-11 0.9999999999202898 33
19.1 0.05585710337654599 -1.5880350376890307e-10 -0.007426617509992264 -0.11508278469181135 -0.007426617065916795 0.115082784148474 0.9441428965517833 8.52175804929705e-11 0.9999999999283293 32
19.200000000000003 0.0619428952359455 -1.7462401959040217e-10 -0.036789341192984826 -0.12879363056726562 -0.03678934065970473 0.12879363011839753 0.9380571046971306 9.782361832388555e-11 0.9999999999330761 33
19.3 0.07130590268379143 -1.947737187347005e-10 -0.06921064410053554 -0.1420893136885968 -0.06921064349596387 0.1420893133456109 0.928694097243118 1.1826040930195544e-10 0.9999999999269095 34
19.400000000000002 0.08426432822075736 -2.22183472476729e-10 -0.10433286019635646 -0.15356784147130745 -0.10433285954733619 0.15356784123979395 0.9157356717067333 1.4474302919239473e-10 0.9999999999274907 34
19.5 0.10086776301790004 -2.567768783945423e-10 -0.14149786175944365 -0.16174880313183068 -0.1414978611031851 0.16174880302584013 0.8991322369112523 1.789224456477102e-10 0.9999999999291523 35
19.6 0.12079769684039617 -2.956408056558469e-10 -0.17975042604189703 -0.1651930719374688 -0.17975042542338832 0.16519307196308 0.8792023030906042 2.17470217911619e-10 0.9999999999310004 35
19.700000000000003 0.14330549719584654 -3.3475906682831075e-10 -0.21787017591386748 -0.16265612339289492 -0.21787017538032677 0.1626561235427035 0.8566945027355307 2.5686329686927823e-10 0.9999999999313772 38
19.8 0.167208095658472 -3.7010017665333164e-10 -0.2544369399504095 -0.15325955244826478 -0.25443693954775276 0.15325955270458438 0.8327919042730388 2.922374596559678e-10 0.9999999999315108 40
19.900000000000002 0.19095555554381222 -3.9604572097418555e-10 -0.28792988716589946 -0.13665469880174744 -0.2879298869371364 0.1366546991346713 0.8090444443873381 3.1772443425201534e-10 0.9999999999311504 42
20.0 0.2127729551584676 -4.073860150154512e-10 -0.31685453631426896 -0.11314532780147975 -0.3168545362906478 0.11314532817482956 0.7872270447713711 3.2874616485620365e-10 0.9999999999298387 42
20.1 0.23086321888607958 -3.9977525941932295e-10 -0.33988489467878824 -0.08373636853082408 -0.33988489486805656 0.08373636889841644 0.769136781041726 3.205920718709001e-10 0.9999999999278055 44
