0 1.0 0.0 0.0 0.0 0.0 0.0 0.0 0.0 1
0.05 0.99750416388997 3.627792251644508e-15 -0.0026058116849764323 0.04965518522490687 -0.0026058116849760724 -0.04965518522490693 0.002495836110119323 9.138640073668796e-18 1.0000000000000893 4
0.1 0.9905972797803054 1.3587404569815697e-14 -0.010636998349776374 0.09473064056458265 -0.01063699834981036 -0.09473064056429292 0.00940272021987414 -5.017901419858664e-16 1.0000000000001796 12
0.15000000000000002 0.9801603198189462 -5.3471210589388143e-14 -0.023983995952433508 0.1340268659393404 -0.023983995947546327 -0.13402686593730456 0.019839680181305788 7.014063125563002e-14 1.000000000000252 16
0.2 0.9670298151629518 -4.714601320831554e-13 -0.04182490283318736 0.1670568950737074 -0.04182490282002854 -0.167056895064046 0.032970184837385036 4.829422781371674e-13 1.0000000000003368 18
0.25 0.9519575501551333 -1.1334479889705549e-12 -0.06307872760777092 0.19376809118547378 -0.06307872758999458 -0.19376809117481866 0.04804244984526117 1.1476586148387441e-12 1.0000000000003944 21
0.30000000000000004 0.9355987096478321 -1.8518887152412876e-12 -0.08673287719483636 0.21433554734514124 -0.0867328771775637 -0.21433554734318647 0.06440129035263259 1.8746686002090337e-12 1.0000000000004647 24
0.35000000000000003 0.9185143577817227 -2.4316604430931118e-12 -0.11192535180174741 0.22904655131893387 -0.11192535179032997 -0.22904655133206375 0.08148564221877917 2.4470636941120347e-12 1.0000000000005018 26
0.4 0.9011796358815732 -2.6959597316821467e-12 -0.13793575157197627 0.23824186734423464 -0.1379357515719267 -0.23824186737399858 0.09882036411888978 2.6803676662231004e-12 1.000000000000463 27
0.45 0.8839933452255206 -2.449027241916637e-12 -0.16415499096593472 0.24228955812813394 -0.1641549909829698 -0.24228955817294326 0.11600665477468367 2.4031159799335565e-12 1.0000000000002043 27
0.5 0.8672870523385652 -1.5229650591963379e-12 -0.19005986762932411 0.24157358988939442 -0.1900598676693627 -0.24157358994470884 0.13271294766129815 1.4369061337520624e-12 0.9999999999998633 30
0.55 0.8513332231927483 1.8512960752295666e-13 -0.2151968467079428 0.23648752174457763 -0.21519684677545958 -0.23648752180526972 0.1486667768065807 -3.4108345019377914e-13 0.999999999999329 31
0.6000000000000001 0.836352375851538 2.7722370258777245e-12 -0.2391717182800473 0.22743031960183185 -0.23917171837859788 -0.22743031966287877 0.16364762414736359 -3.0078677978093557e-12 0.9999999999989015 31
0.65 0.8225193300412189 6.306306718110518e-12 -0.26164245607490344 0.21480357541461234 -0.26164245620680976 -0.2148035754701456 0.17748066995745929 -6.609229814371906e-12 0.9999999999986782 32
0.7000000000000001 0.8099686483834031 1.07734328595722e-11 -0.2823141567580353 0.19900959247855923 -0.28231415692414424 -0.19900959252243589 0.19003135161510193 -1.1127014952035706e-11 0.999999999998505 34
0.75 0.7987993769010542 1.6159648772040833e-11 -0.30093550697838795 0.18044981995935439 -0.30093550717856643 -0.1804498199855704 0.20120062309738548 -1.649022269312343e-11 0.9999999999984397 34
0.8 0.7890791961114153 2.232916002910998e-11 -0.317296325781587 0.15952329624661574 -0.31729632601214375 -0.15952329624816808 0.21092080388695253 -2.2628974022609217e-11 0.9999999999983679 34
0.8500000000000001 0.7808480854721538 2.9085373550722e-11 -0.3312257774040309 0.13662496104339752 -0.33122577765823547 -0.13662496101568633 0.2191519145261487 -2.934974928176076e-11 0.9999999999983025 35
0.9 0.7741215879375732 3.6176723348629615e-11 -0.3425909374624285 0.11214382882353544 -0.3425909377309103 -0.11214382876430422 0.2258784120605884 -3.6432760372045096e-11 0.9999999999981617 35
0.9500000000000001 0.7688937439241507 4.3322416604409045e-11 -0.3512954990503265 0.08646107131228783 -0.3512954993226522 -0.0864610712204491 0.2311062560738963 -4.353957150301197e-11 0.9999999999980469 35
1.0 0.765139748744464 5.0253392847568005e-11 -0.35727849114962495 0.05994806318256645 -0.35727849141574886 -0.059948063057829216 0.23486025125336255 -5.046879737202389e-11 0.9999999999978265 35
1.05 0.762818375657042 5.6736617546573324e-11 -0.36051293871575313 0.03296443357228491 -0.36051293896665026 -0.03296443341533784 0.23718162434047402 -5.6944787935036916e-11 0.999999999997516 35
1.1 0.7618741977368215 6.25958483178632e-11 -0.3610044263766697 0.005856153489985077 -0.3610044266044719 -0.005856153302685639 0.23812580226035737 -6.28098931539632e-11 0.9999999999971789 36
1.1500000000000001 0.7622396350280558 6.76951555807324e-11 -0.35878954502369526 -0.021046318688043592 -0.35878954522168915 0.021046318902587055 0.23776036496878206 -6.790220291292554e-11 0.9999999999968379 36
1.2000000000000002 0.7638368482042478 7.193315796273808e-11 -0.3539342100998208 -0.04742981481568498 -0.35393421026240685 0.04742981505337578 0.2361631517922225 -7.211551653550699e-11 0.9999999999964703 36
1.25 0.7665794957556629 7.52461430674444e-11 -0.3465318465193405 -0.07300013955571447 -0.34653184664222314 0.07300013981149985 0.2334205042403788 -7.533830052267723e-11 0.9999999999960416 36
1.3 0.7703743682714528 7.759070665445731e-11 -0.3367014400355116 -0.09748363964736832 -0.33670144011596986 0.09748363991562228 0.22962563172414352 -7.755714431965872e-11 0.9999999999955963 36
1.35 0.7751229105194343 7.894459356055892e-11 -0.3245854591541949 -0.12062864142634402 -0.32458545919097315 0.12062864170110084 0.22487708947571927 -7.877697168270675e-11 0.9999999999951535 36
1.4000000000000001 0.7807226396552851 7.930837504776214e-11 -0.3103476556578935 -0.1422067386149834 -0.31034765565108124 0.14220673889013255 0.21927736033941872 -7.901681051704698e-11 0.9999999999947038 36
1.4500000000000002 0.7870684659494662 7.877200769347556e-11 -0.29417075531679865 -0.1620139135277023 -0.2941707552671211 0.16201391379703145 0.21293153404476997 -7.833021379408278e-11 0.9999999999942362 36
1.5 0.7940539208526098 7.73898257155033e-11 -0.27625405338133346 -0.17987147656666194 -0.2762540532900531 0.17987147682443078 0.2059460791411463 -7.677257933240489e-11 0.9999999999937561 36
1.55 0.8015722959826651 7.522977210197126e-11 -0.25681093192576215 -0.19562681107638905 -0.25681093179512804 0.1956268113174296 0.19842770401059384 -7.441212046298197e-11 0.999999999993259 36
1.6 0.8095176956663471 7.237329040594794e-11 -0.23606631803433095 -0.2091539131120193 -0.2360663178675646 0.20915391333151911 0.19048230432640303 -7.133242144515496e-11 0.9999999999927501 36
1.6500000000000001 0.8177860049619344 6.891760516630077e-11 -0.2142541032213176 -0.22035371832554299 -0.2142541030222996 0.22035371851888516 0.1822139950303042 -6.763191705099522e-11 0.9999999999922387 36
1.7000000000000002 0.8262757745928768 6.496242587933549e-11 -0.19161454540135595 -0.22915421088474364 -0.19161454517442575 0.2291542110478095 0.17372422539884827 -6.341261782337503e-11 0.9999999999917251 36
1.75 0.8348890238985017 6.061150205778768e-11 -0.16839167526357152 -0.23551031202444722 -0.16839167501339938 0.23551031215366808 0.16511097609275668 -5.878072127226475e-11 0.9999999999912584 36
1.8 0.8435319627271313 5.591380006556646e-11 -0.14483072903904567 -0.23940354845432282 -0.14483072877082284 0.23940354854649315 0.1564680372636095 -5.3999771112938806e-11 0.9999999999907407 36
1.85 0.8521156331366506 5.1038983319176015e-11 -0.12117562949303713 -0.24084150335949991 -0.12117562921198889 0.24084150341156152 0.14788436685359505 -4.899342647661814e-11 0.9999999999902457 36
1.9000000000000001 0.8605564717977741 4.610564007260813e-11 -0.09766653652179916 -0.2398570551636563 -0.09766653623291409 0.2398570551731473 0.13944352819209327 -4.376430030947873e-11 0.9999999999898673 35
1.9500000000000002 0.8687767941070156 4.115603623917116e-11 -0.0745374880342865 -0.23650741148124266 -0.07453748774319115 0.23650741144608728 0.13122320588251682 -3.8590641904900404e-11 0.9999999999895324 35
2.0 0.8767052011846291 3.631101159976865e-11 -0.0520141508892696 -0.23087294781833337 -0.05201415060195174 0.2308729477375282 0.1232947988045997 -3.351526760135951e-11 0.9999999999892288 35
2.0500000000000003 0.8842769111477531 3.167089894740402e-11 -0.030311700518429328 -0.22305586257836976 -0.03031170024131187 0.2230558624517986 0.11572308884120426 -2.864080328502467e-11 0.9999999999889574 35
2.1 0.8914340162991157 2.7336139336390218e-11 -0.009632846553088124 -0.21317866175423703 -0.00963284629274295 0.2131786615827732 0.10856598368960182 -2.4070855279813523e-11 0.9999999999887175 35
2.15 0.8981256681452491 2.3355375536006196e-11 0.009833979712680102 -0.20138248834384725 0.009833979949709306 0.20138248812944765 0.1018743318433342 -1.9982387661418536e-11 0.9999999999885832 35
2.2 0.9043081924468649 1.987852900508226e-11 0.027916261824820713 -0.18782531300592903 0.02791626203246715 0.18782531275178482 0.09569180754162544 -1.6321455860513272e-11 0.9999999999884903 35
2.25 0.9099451367998311 1.6969256497455594e-11 0.04445884621132365 -0.17268000376194945 0.044458846384054986 0.1726800034719423 0.09005486318859506 -1.322592996148676e-11 0.9999999999884261 35
2.3000000000000003 0.9150072535408584 1.4349859130633852e-11 0.05932519121797562 -0.1561322936452099 0.05932519135079531 0.15613229332382822 0.0849927464467872 -1.0761195957312998e-11 0.9999999999876457 35
2.35 0.9194724210666477 1.2524765059042088e-11 0.07239840857168224 -0.13837866608343188 0.07239840866010798 0.1383786657346565 0.08052757892041942 -8.979240815418859e-12 0.9999999999870671 35
2.4000000000000004 0.923325506922355 1.1425931431163387e-11 0.08358209075396299 -0.1196241784778148 0.0835820907936817 0.11962417810627242 0.07667449306417311 -7.93183247768038e-12 0.9999999999865281 35
2.45 0.926558176295252 1.1088774676007553e-11 0.09280091987258637 -0.10008024490576883 0.09280091986032671 0.1000802445170565 0.07344182369077112 -7.655864069075054e-12 0.9999999999860231 35
2.5 0.929168649777746 1.1578317770914241e-11 0.10000105574825138 -0.07996239911159582 0.10000105568140165 0.07996239871243442 0.07083135020782251 -8.18433873916092e-12 0.9999999999855685 35
2.5500000000000003 0.9311614144896695 1.2863756015376581e-11 0.10515030306928638 -0.059488058975095875 0.10515030294638499 0.05948805857264517 0.06883858549546533 -9.460719692686157e-12 0.9999999999851348 35
2.6 0.9325468928386482 1.4862954448095396e-11 0.10823805959253743 -0.038874313455785126 0.10823805941384294 0.03887431305772744 0.06745310714575375 -1.1516087246180116e-11 0.999999999984402 35
2.6500000000000004 0.9333410733622465 1.757898174997375e-11 0.10927504945332396 -0.01833575260371749 0.10927504922050822 0.018335752218271783 0.06665892662147707 -1.4297099116624405e-11 0.9999999999837236 35
2.7 0.9335651082221362 2.109611125168019e-11 0.10829284766910038 0.001917639379055657 0.10829284738373401 -0.00191763974414426 0.06643489176119396 -1.7785621541726447e-11 0.9999999999833302 35
2.75 0.9332448820185658 2.529161090731576e-11 0.10534320386865442 0.021682508864431092 0.10534320353229394 -0.021682509201443993 0.06675511796446192 -2.1953504018202076e-11 0.9999999999830277 35
2.8000000000000003 0.9324105566607883 3.007996101301862e-11 0.10049717512913885 0.04076405711939197 0.10049717474455759 -0.040764057420694444 0.06758944332205644 -2.6666447301536227e-11 0.9999999999828447 34
2.85 0.9310960970489284 3.5445271681497855e-11 0.09384407952840532 0.058977847229826394 0.09384407909923738 -0.058977847488272006 0.06890390293383024 -3.1921301217141295e-11 0.9999999999827586 34
2.9000000000000004 0.9293387823201426 4.1329119774674874e-11 0.08549028361005491 0.07615147794607069 0.08549028314001757 -0.07615147815526202 0.07066121766283973 -3.7882635700450887e-11 0.9999999999829823 34
2.95 0.9271787073666653 4.7600252033210564e-11 0.0755578384117588 0.09212611024719583 0.07555783790409384 -0.09212611039901793 0.07282129261650355 -4.431966986080048e-11 0.9999999999831688 34
3.0 0.9246582792576437 5.423669007483291e-11 0.06418297998572858 0.1067578340255762 0.0641829794454761 -0.1067578341136341 0.07534172072577211 -5.113162821382985e-11 0.9999999999834157 34
3.0500000000000003 0.9218217130820341 6.114444194839042e-11 0.051514511451163945 0.11991886400322617 0.05151451088556651 -0.1199188640241406 0.07817828690168523 -5.82298918039423e-11 0.9999999999837194 34
3.1 0.9187145315894215 6.836038204009229e-11 0.03771208454441083 0.13149855579391964 0.03771208396241278 -0.13149855574642824 0.08128546839467231 -6.552712976454373e-11 0.9999999999840938 34
3.1500000000000004 0.9153830728286706 7.557983897892843e-11 0.022944399371999113 0.1414042349018519 0.022944398781192515 -0.14140423478288475 0.08461692715577936 -7.26249996751444e-11 0.99999999998445 34
3.2 0.9118740097820982 8.281785350899318e-11 0.007387341599364478 0.14956183335776593 0.0073873410079881435 -0.1495618331647129 0.08812599020254816 -7.97068435540866e-11 0.9999999999846464 34
3.25 0.9082338857617159 8.989913519103544e-11 -0.008777923329532006 0.15591633067376334 -0.008777923912487957 -0.15591633040645678 0.09176611422308201 -8.666050366996806e-11 0.9999999999847979 34
3.3000000000000003 0.9045086690788288 9.6721120242857e-11 -0.025366879221831232 0.16043199774362674 -0.025366879787448598 -0.16043199740427366 0.09549133090606868 -9.338207752059183e-11 0.9999999999848974 34
3.35 0.9007433302225237 1.0318856391325202e-10 -0.04219359174537419 0.16309244427149908 -0.04219359228486754 -0.16309244386396632 0.09925666976240674 -9.977333893622094e-11 0.9999999999849305 34
3.4000000000000004 0.8969814444858437 1.0921249525138197e-10 -0.05907262519749782 0.16390047224177284 -0.059072625702250414 -0.16390047177105746 0.10301855549904886 -1.057410261357484e-10 0.9999999999848925 34
3.45 0.8932648226663172 1.147100863017432e-10 -0.07582092445704096 0.16287773981901496 -0.07582092491870235 -0.16287773929090937 0.10673517731847014 -1.1119757727597695e-10 0.9999999999847874 34
3.5 0.8896331721418189 1.1960565827179023e-10 -0.09225964376788852 0.16006424187533888 -0.09225964417848621 -0.16006424129623745 0.11036682784271375 -1.16055955243e-10 0.9999999999845327 34
3.5500000000000003 0.8861237902867565 1.2383034748733155e-10 -0.10821590480162542 0.1555176150677122 -0.10821590515367763 -0.15551761444449894 0.11387620969754254 -1.202537675224182e-10 0.999999999984299 34
3.6 0.8827712918501253 1.273233310412738e-10 -0.12352446741100839 0.14931227700789482 -0.12352446769763253 -0.1493122763479361 0.11722870813393564 -1.237224533336843e-10 0.9999999999840609 34
3.6500000000000004 0.8796073715696547 1.3003236882733854e-10 -0.13802929759971272 0.14153841058086625 -0.1380292978147653 -0.14153840989198563 0.12039262841415312 -1.264066801074436e-10 0.9999999999838078 34
3.7 0.8766606029474735 1.3186308480922174e-10 -0.15158501849106684 0.13230080584244197 -0.15158501862926663 -0.13230080513288955 0.12333939703590646 -1.2828462369082013e-10 0.99999999998338 34
3.75 0.8739562737643907 1.3309698905364574e-10 -0.16405823146131315 0.12171757316018887 -0.16405823151606078 -0.12171757243864346 0.12604372621735838 -1.2927405308982353e-10 0.999999999981749 34
3.8000000000000003 0.8715162585750643 1.3339781184012897e-10 -0.1753286960645082 0.10991874235076343 -0.17532869603299384 -0.10991874162538162 0.1284837414038872 -1.2962857514877304e-10 0.9999999999789515 34
3.85 0.8693589280790276 1.325496836543774e-10 -0.18529035901426977 0.09704476347989298 -0.18529035889516965 -0.09704476276016696 0.1306410718973244 -1.2900463491444134e-10 0.999999999976352 34
3.9000000000000004 0.8674990949459942 1.307802259283168e-10 -0.19385222407893285 0.08324492576009244 -0.19385222387120704 -0.08324492505583213 0.13250090502783293 -1.2745916085762983e-10 0.9999999999738272 34
3.95 0.8659479953688487 1.2810223024669236e-10 -0.20093905649424162 0.06867571154297977 -0.2009390561982119 -0.068675710863855 0.13405200460252517 -1.2500951770586037e-10 0.9999999999713739 34
4.0 0.8647133053091658 1.2454544026513403e-10 -0.20649191724862367 0.053499102820607415 -0.20649191686596371 -0.053499102176005835 0.13528669465984763 -1.2168653535087222e-10 0.9999999999690135 34
4.05 0.8637991901287608 1.2014925006795104e-10 -0.21046852436461178 0.037880857868010556 -0.2104685238981811 -0.03788085726695797 0.1362008098379986 -1.1753598670115586e-10 0.9999999999667595 34
4.1000000000000005 0.8632063860399725 1.1497040558994409e-10 -0.21284344008046494 0.021988775704517974 -0.21284343953421225 -0.02198877515556186 0.1367936139246456 -1.126094811875785e-10 0.9999999999646181 34
4.15 0.8629323115692549 1.0907165216620159e-10 -0.21360808459955377 0.0059909659208630785 -0.2136080839784364 -0.005990965431998572 0.1370676883933458 -1.0696740347201477e-10 0.9999999999626007 34
4.2 0.862971207013346 1.025230354920686e-10 -0.21277057880695707 -0.009945858885330162 -0.21277057811687364 0.009945859306727764 0.13702879294737536 -1.0067935399502868e-10 0.9999999999607213 34
4.25 0.8633142996759765 9.540267340582353e-11 -0.21035542003589544 -0.025658051295226764 -0.21035541928361656 0.02565805164248241 0.13668570028300678 -9.382115484413655e-11 0.9999999999589833 34
4.3 0.8639499925063199 8.814109205445005e-11 -0.2064029965848958 -0.04098664173794992 -0.2064029957778036 0.04098664200488987 0.1360500074505496 -8.640972076604939e-11 0.9999999999568695 34
4.3500000000000005 0.8648640736238647 8.030686125109101e-11 -0.20096894822446165 -0.05577888028952725 -0.20096894737191884 0.055778880471131206 0.13513592633110066 -7.8648015428769e-11 0.9999999999549654 34
4.4 0.8660399440913613 7.207072918816719e-11 -0.19412338137700266 -0.06988969317842485 -0.19412338048767075 0.06988969327086035 0.1339600558621853 -7.053220428743492e-11 0.9999999999535466 34
4.45 0.8674588612215106 6.361901860304416e-11 -0.18594994898393202 -0.08318304062631666 -0.18594994806737788 0.08318304062676045 0.1325411387307782 -6.220613164544154e-11 0.9999999999522888 34
4.5 0.8691001946385173 5.505370511784986e-11 -0.17654480630267536 -0.09553316383462403 -0.1765448053690177 0.0955331637412626 0.13089980531266376 -5.376560253318795e-11 0.999999999951181 34
4.55 0.8709416922790472 4.647330472346244e-11 -0.16601545494853945 -0.10682571020803518 -0.1660154540081759 0.1068257100201141 0.1290583076711787 -4.5306795500111396e-11 0.9999999999502258 34
4.6000000000000005 0.872959753515012 3.797396126483576e-11 -0.15447948845284984 -0.11695872727849943 -0.1544794875164031 0.11695872699638306 0.12704024643441364 -3.6925114915424e-11 0.9999999999494256 34
4.65 0.8751297065972151 2.964908694566131e-11 -0.14206325340734482 -0.12584351724252882 -0.14206325248557872 0.12584351686774342 0.12487029335155253 -2.8714200977302363e-11 0.9999999999487676 34
4.7 0.8774260876629228 2.1589146950095604e-11 -0.12890044091313163 -0.1334053455342771 -0.12890044001683063 0.1334053450695479 0.12257391228533641 -2.0766077662859413e-11 0.9999999999482593 34
4.75 0.8798229186177722 1.3880641519381598e-11 -0.11513062354421212 -0.1395839984111328 -0.1151306226840419 0.13958399786040643 0.12017708133013341 -1.3169378894022685e-11 0.9999999999479056 34
4.800000000000001 0.8822939812926901 6.6051634319252006e-12 -0.10089775336763981 -0.1443341861112403 -0.10089775255399298 0.14433418547968413 0.11770601865501483 -6.008935615286805e-12 0.9999999999477049 34
4.8500000000000005 0.8848130853877172 -1.614551584523359e-13 -0.08634863673369188 -0.1476257897373718 -0.08634863597652705 0.14762578903134926 0.11518691455994698 6.354614467289169e-13 0.9999999999476642 34
4.9 0.8873543278455318 -6.350723696905062e-12 -0.07163140156065485 -0.14944395161275523 -0.07163140086933775 0.14944395083977363 0.11264567210224552 6.690406612453495e-12 0.9999999999477773 34
4.95 0.8898923414464822 -1.1902631284093533e-11 -0.05689397269207195 -0.14978901042603698 -0.05689397207522509 0.1497890095946721 0.11010765850157224 1.2089571455248464e-11 0.9999999999480544 34
5.0 0.8924025305804403 -1.66275453631175e-11 -0.04228257060236789 -0.1486762840196711 -0.0422825700676307 0.14867628313940032 0.10759746936659878 1.6783551892853267e-11 0.999999999947039 34
5.050000000000001 0.8948612923387342 -2.0688948983691917e-11 -0.027940248280589372 -0.14613570415813676 -0.027940247834728146 0.14613570323937963 0.10513870760798744 2.07149493727446e-11 0.9999999999467217 34
5.1000000000000005 0.8972462212376766 -2.3981698249998786e-11 -0.01400548052228328 -0.14221130904692697 -0.0140054801707247 0.14221130810078128 0.1027537787089037 2.3847208864914903e-11 0.9999999999465803 34
5.15 0.8995362961210004 -2.6479634365399052e-11 -0.0006108191370134388 -0.13696060070164798 -0.0006108188838481398 0.13696059973975291 0.10046370382560549 2.615465074573273e-11 0.9999999999466058 34
5.2 0.9017120479680041 -2.8537772058483394e-11 0.012118373273980243 -0.13045377553457782 0.01211837342639467 0.1304537745684257 0.09828795197811982 2.7518059121005276e-11 0.9999999999461239 33
5.25 0.9037557075669063 -2.958849375847853e-11 0.024065099283746276 -0.12277283767062393 0.02406509933357343 0.12277283671182825 0.09624429237915844 2.8094627130566135e-11 0.9999999999460647 33
5.300000000000001 0.9056513322228658 -2.978641422237765e-11 0.03512180173573136 -0.11401060555977738 0.035121801683076784 0.11401060462096942 0.09434866772325613 2.7868594091988306e-11 0.9999999999461219 33
5.3500000000000005 0.9073849108995578 -2.924763700008073e-11 0.04519132852015078 -0.10426962336487877 0.04519132836629218 0.1042696224581719 0.09261508904680317 2.6769638489887752e-11 0.9999999999463609 33
5.4 0.9089444474067484 -2.7894799005389836e-11 0.05418777881814207 -0.09366098940030164 0.05418777856534239 0.09366098853842103 0.09105555254008607 2.4938095820427315e-11 0.9999999999468345 33
5.45 0.9103200214676007 -2.573460871821864e-11 0.06203722391687959 -0.08230311456322965 0.062037223568786395 0.08230311375847271 0.089679978479727 2.2384703787823267e-11 0.9999999999473277 33
5.5 0.9115038277142746 -2.2814341729618887e-11 0.06867829704995021 -0.07032042421751812 0.06867829661195772 0.07032042348159363 0.08849617223353745 1.9157955623785124e-11 0.9999999999478121 33
5.550000000000001 0.9124901928653449 -1.9192415863074996e-11 0.07406264811506964 -0.057842017371007345 0.07406264759421936 0.057842016714985955 0.0875098070829234 1.531569527852263e-11 0.9999999999482684 33
5.6000000000000005 0.9132755715403301 -1.4695590513789135e-11 0.07815526054008207 -0.045000297224820275 0.07815525994325058 0.045000296660088084 0.08672442840850851 1.138676898738202e-11 0.9999999999488386 32
5.65 0.9138585213563054 -9.759752919845094e-12 0.08093462898727007 -0.0319295872674094 0.08093462832324891 0.03192958680271449 0.08614147859301426 6.687790158267655e-12 0.9999999999493197 32
5.7 0.9142396581288766 -4.3205319173952765e-12 0.08239279801753883 -0.018764747026489018 0.08239279729611314 0.01876474666964652 0.08576034182048353 1.5503591004766638e-12 0.9999999999493602 32
5.75 0.9144215921711456 1.3011020282211416e-12 0.08253526321926603 -0.005639801416603935 0.08253526245320919 0.005639801172224027 0.08557840777831027 -3.904211473232757e-12 0.9999999999494559 32
5.800000000000001 0.914408846827786 7.128088760533055e-12 0.08138073768144306 0.0073134027290455645 0.08138073688489447 -0.007313402857614718 0.08559115312165029 -9.580915142238384e-12 0.9999999999494363 32
5.8500000000000005 0.9142077605309173 1.3057109320693745e-11 0.07896078800006542 0.019966499791397425 0.0789607871873932 -0.019966499802354442 0.0857922394184018 -1.5372508054015354e-11 0.9999999999493192 32
5.9 0.9138263737770144 1.9118280239997378e-11 0.07531934526352009 0.03219585561606007 0.07531934444900232 -0.03219585550918376 0.08617362617190617 -2.11904023229822e-11 0.9999999999489205 32
5.95 0.913274302536337 2.5086577860324908e-11 0.07051209764855802 0.043883753027376494 0.07051209684605601 -0.043883752804196735 0.0867256974124119 -2.691102052678693e-11 0.9999999999487489 32
6.0 0.9125625996885072 3.088571097410878e-11 0.06460577236291776 0.054919501568973295 0.06460577158524272 -0.05491950123329656 0.08743740025983068 -3.244895548455023e-11 0.9999999999483379 32
6.050000000000001 0.9117036061594656 3.642880116220745e-11 0.057677315671389236 0.06520046134274309 0.05767731493051112 -0.0652004609000031 0.08829639378842158 -3.77614578594499e-11 0.9999999999478871 32
6.1000000000000005 0.9107107934763702 4.148872137405465e-11 0.049812980649372514 0.07463297182144038 0.04981297995668162 -0.07463297127856379 0.0892892064705623 -4.266923808502595e-11 0.9999999999469324 32
6.15 0.9095985995049927 4.616164624501059e-11 0.04110733310951683 0.08313317758339743 0.0411073324753105 -0.08313317694871895 0.09040140044095024 -4.723340953084636e-11 0.9999999999459429 32
6.2 0.9083822591412514 5.0384868613947594e-11 0.03166218682846466 0.090627744068343 0.03166218626180508 -0.09062774335036121 0.09161774080359902 -5.134240825332491e-11 0.9999999999448503 32
6.25 0.9070776317412911 5.4068669946186184e-11 0.021585479759267882 0.09705445764698327 0.021585479268650228 -0.09705445685392336 0.09292236820280754 -5.5159305395317266e-11 0.9999999999440986 31
6.300000000000001 0.9057010270484208 5.716954293906261e-11 0.010990103352453508 0.10236270554051946 0.01099010294728504 -0.10236270468054043 0.09429897289461292 -5.838959922552827e-11 0.9999999999430338 31
6.3500000000000005 0.9042690313516925 5.936877321036496e-11 -7.302587411466507e-06 0.10651383238908707 -7.302898443616463e-06 -0.10651383147203436 0.09573096858952529 -6.095128381589958e-11 0.9999999999412177 31
6.4 0.9027983355585739 6.109076134204628e-11 -0.011287576895100626 0.1094813715518241 -0.011287577104851652 -0.10948137058861532 0.09720166438111369 -6.289290558862094e-11 0.9999999999396876 31
6.45 0.9013055667979257 6.21424088068285e-11 -0.0227302732402666 0.11125115050553232 -0.022730273342110207 -0.11125114950837371 0.09869443314025199 -6.417184558280452e-11 0.9999999999381777 31
6.5 0.8998071251060179 6.251318863810251e-11 -0.034214892934049855 0.11182127097661458 -0.034214892923111515 -0.11182126995884059 0.10019287483073139 -6.480839583884395e-11 0.9999999999367493 31
6.550000000000001 0.8983190266455976 6.218459055238011e-11 -0.045622101976879895 0.11120196569740012 -0.045622101850356526 -0.11120196467214795 0.10168097328971744 -6.472294269264477e-11 0.9999999999353151 31
6.6000000000000005 0.8968567548155971 6.118701503111224e-11 -0.0568349202930904 0.10941533488315693 -0.05683492004978492 -0.10941533386510666 0.10314324511826493 -6.391868586073143e-11 0.999999999933862 31
6.65 0.895435120494985 5.948245930288308e-11 -0.06773987154105336 0.1064949667014801 -0.06773987118170699 -0.1064949657056389 0.1045648794373274 -6.240595396314716e-11 0.9999999999323124 31
6.7 0.8940681325455775 5.709731628956824e-11 -0.07822808244051163 0.10248544710206174 -0.07822808196813252 -0.10248544614216841 0.10593186738510567 -6.019482095587373e-11 0.9999999999306831 31
6.75 0.8927688795698221 5.406217273989523e-11 -0.088196321218661 0.09744176542116677 -0.08819632063719651 -0.09744176451023578 0.10723112035914605 -5.7308215836194494e-11 0.9999999999289682 31
6.800000000000001 0.8915494237865179 5.0425920503091686e-11 -0.09754796552008112 0.09142862313199704 -0.09754796483419095 -0.09142862228254493 0.10845057614075891 -5.349467555414218e-11 0.9999999999272768 31
6.8500000000000005 0.8904207077479314 4.620746481027513e-11 -0.10619389096927341 0.08451965398586589 -0.10619389018521017 -0.08451965320989954 0.1095792921775879 -4.9150078635882726e-11 0.9999999999255192 31
6.9 0.889392474479627 4.1458621427065676e-11 -0.11405327249009517 0.07679656456747543 -0.11405327161582159 -0.07679656387649408 0.11060752544405573 -4.424204587907767e-11 0.9999999999236827 31
6.95 0.88847320147986 3.623473909425544e-11 -0.12105429146686662 0.06834820496777747 -0.1210542905115549 -0.0683482043725688 0.11152679844188608 -3.8820308263270623e-11 0.999999999921746 31
7.0 0.8876700488704475 3.05967196975275e-11 -0.1271347428718403 0.05926957984781664 -0.1271347418457815 -0.05926957935821471 0.11232995104925408 -3.2940741753404606e-11 0.9999999999197016 31
7.050000000000001 0.8869888218467709 2.4610985301922293e-11 -0.13224253756861862 0.049660810627921034 -0.13224253648318945 -0.0496608102525569 0.11301117807077292 -2.666484763153508e-11 0.9999999999175437 31
7.1000000000000005 0.8864339474325846 1.834907619907539e-11 -0.13633609611792788 0.03962605988431721 -0.13633609498549878 -0.03962605963038993 0.1135660524826724 -2.0060172188803408e-11 0.999999999915257 31
7.15 0.8860084654067086 1.1887060465415427e-11 -0.13938463155191774 0.029272429266772926 -0.13938463038569607 -0.02927242913985921 0.11399153450614023 -1.319964717965409e-11 0.9999999999128488 31
7.2 0.8857140331346139 5.304574927779463e-12 -0.14136831973310254 0.018708842365777786 -0.14136831854692722 -0.01870884236969217 0.11428596677571046 -6.161090003764296e-12 0.9999999999103244 31
7.25 0.8855509439100238 -1.3165127026618106e-12 -0.14227835706257588 0.008044923956647056 -0.14227835587068272 -0.008044924093357473 0.11444905599768965 9.737942740141797e-13 0.9999999999077134 31
7.300000000000001 0.8855181582902645 -7.893212868496194e-12 -0.14211690643768077 -0.0026101130677335933 -0.14211690525445508 0.0026101127981390192 0.11448184161477196 8.120025478995453e-12 0.9999999999050364 31
7.3500000000000005 0.885613347796069 -1.4342984127183145e-11 -0.14089693347077586 -0.01314856199131836 -0.14089693231050604 0.01314856159061965 0.1143866521062634 1.519066368804832e-11 0.9999999999023325 31
7.4 0.8858329502418442 -2.058543397355557e-11 -0.13864193605720126 -0.023465287047875334 -0.13864193493384222 0.023465286519669715 0.11416704965777706 2.209813865216047e-11 0.9999999998996212 31
7.45 0.8861722358677985 -2.6543718286019133e-11 -0.13538557141177293 -0.03345874836282927 -0.135385570338725 0.03345874771244849 0.11382776402914607 2.8755412808453632e-11 0.9999999998969445 31
7.5 0.8866253833604495 -3.2146363551634434e-11 -0.13117118566926994 -0.04303197729069824 -0.13117118465917613 0.043031976525096986 0.11337461653387652 3.507781106883648e-11 0.999999999894326 31
7.550000000000001 0.8871855647745341 -3.732869469074487e-11 -0.12605125205651074 -0.05209349300212301 -0.12605125112107363 0.052093492129741785 0.11281443511725231 4.098488493563169e-11 0.9999999998917865 31
7.6000000000000005 0.8878450383066896 -4.203397757453817e-11 -0.12008672448328671 -0.06055815188512168 -0.12008672363311085 0.060558150915728956 0.11215496158265809 4.640239238519997e-11 0.9999999998893476 31
7.65 0.8885952478204451 -4.6214195261983157e-11 -0.11334631415932737 -0.06834792211098363 -0.11334631340378407 0.06834792105549892 0.11140475206657127 5.1263854687802903e-11 0.9999999998870164 31
7.7 0.8894269279830916 -4.983054587014217e-11 -0.10590569751793322 -0.07539257656727194 -0.10590569686505259 0.07539257543757588 0.11057307190170813 5.551248732234463e-11 0.9999999998847998 31
7.75 0.8903302138477985 -5.2853294137525425e-11 -0.0978466643083805 -0.08163029826932232 -0.09784666376476958 0.0816302970780565 0.10966978603490772 5.910264489226328e-11 0.9999999998827063 31
7.800000000000001 0.8912947536991584 -5.526158363291612e-11 -0.08925621520405252 -0.08700819331756053 -0.08925621477483967 0.08700819207792235 0.10870524618156252 6.200074859785224e-11 0.999999999880721 31
7.8500000000000005 0.8923098239770193 -5.704276034277861e-11 -0.0802256186579005 -0.09148270746071074 -0.0802256183467064 0.09148270618624885 0.10769017590182874 6.418545034212276e-11 0.999999999878848 31
7.9 0.8933644451013366 -5.819193059807712e-11 -0.07084943701872384 -0.09501994334409565 -0.0708494368276579 0.09501994204851019 0.10663555477575187 6.564786692604419e-11 0.9999999998770885 31
7.95 0.8944474970402798 -5.871123069588926e-11 -0.06122453209947082 -0.09759587655719741 -0.06122453202915221 0.09759587525414874 0.10555250283514955 6.639091279579167e-11 0.9999999998754294 31
8.0 0.8955478334937682 -5.860942285054046e-11 -0.051449060461840425 -0.09919646963488703 -0.051449060511440714 0.09919646833781656 0.10445216638009668 6.642855115238114e-11 0.9999999998738649 31
8.05 0.8966543936047925 -5.7901491829467705e-11 -0.041621468650563646 -0.09981768420170754 -0.04162146881786917 0.0998176829236729 0.10334560626759003 6.578402954512528e-11 0.9999999998723825 31
8.1 0.897756310160782 -5.660848470202023e-11 -0.031839498477575987 -0.09946539246808979 -0.03183949875906808 0.09946539122161685 0.1022436897101863 6.448876354371206e-11 0.9999999998709682 31
8.15 0.8988430133059098 -5.475727946900775e-11 -0.02219921222349686 -0.09815519028131854 -0.022199212614445674 0.09815518907826823 0.10115698656370184 6.258063759483843e-11 0.9999999998696116 31
8.200000000000001 0.8999043288520383 -5.238029629591197e-11 -0.01279404729507775 -0.09591211489286611 -0.01279404778964764 0.09591211374432054 0.10009567101625538 6.010238952330168e-11 0.9999999998682937 31
8.25 0.9009305703501405 -4.951528878614839e-11 -0.0037139094571202584 -0.09277027151823523 -0.003713910048483086 0.09277027043439978 0.09906942951684886 5.7100802631225377e-11 0.9999999998669893 31
8.3 0.9019126241646399 -4.59761469626816e-11 0.004955686749054676 -0.08877237362761768 0.004955686068485675 0.08877237261728783 0.0980873757010455 5.3660607534632466e-11 0.9999999998656854 30
8.35 0.9028420268780905 -4.204454519438235e-11 0.013134422374438638 -0.0839692027061047 0.01313442161175087 0.08396920177505927 0.09715797298617204 4.970814807886657e-11 0.9999999998642625 30
8.4 0.903711034447048 -3.7747422575871326e-11 0.0207479158461867 -0.07841899394873275 0.02074791501007966 0.07841899310232521 0.0962889654157262 4.5351185630218526e-11 0.9999999998627742 30
8.450000000000001 0.9045126826193455 -3.3146555408984246e-11 0.027728395534251542 -0.07218675503296977 0.027728394633986676 0.07218675427637031 0.09548731724187562 4.064924519991167e-11 0.9999999998612211 30
8.5 0.9052408382245107 -2.8743056290709992e-11 0.03401529722717973 -0.06534352566795594 0.03401529627254709 0.06534352500546876 0.09475916163541753 3.5698473459851036e-11 0.9999999998599283 30
8.55 0.9058902410421216 -2.3954394525112653e-11 0.039555781491056256 -0.05796558612257451 0.03955578049156513 0.05796558555770295 0.09410975881626901 3.0478050663304636e-11 0.9999999998583906 30
8.6 0.90645653605971 -1.901080931650315e-11 0.044305166746149094 -0.05013362334071493 0.04430516571140405 0.05013362287571411 0.09354346379706599 2.5070370306327823e-11 0.999999999856776 30
8.65 0.9069362960190601 -1.3957262863571912e-11 0.04822727480106582 -0.04193186356252585 0.04822727374061496 0.0419318631985469 0.09306370383602874 1.952672922689492e-11 0.9999999998550888 30
8.700000000000001 0.9073270342569278 -8.836798012779596e-12 0.051294686501898785 -0.03344718059200457 0.051294685425118135 0.03344718032934118 0.09267296559643196 1.3897920945837565e-11 0.9999999998533597 30
8.75 0.9076272079355795 -3.68966807106154e-12 0.053488906087575276 -0.024768188975685137 0.053488905003637136 0.0247681888139653 0.09237279191600664 8.23360092546517e-12 0.9999999998515862 30
8.8 0.9078362118521798 1.4469088479180604e-12 0.05480043377721168 -0.015984331388073675 0.05480043269506367 0.015984331326343863 0.09216378799759752 2.582619670108474e-12 0.9999999998497773 30
8.85 0.9079543631034133 6.537968282089502e-12 0.055228747042235266 -0.007184969456804411 0.055228745970577066 0.0071849694935576395 0.09204563674452598 -3.0071490810243572e-12 0.9999999998479392 30
8.9 0.907982876965164 1.15501879542457e-11 0.05478219192668049 0.0015415128937849752 0.05478219087394428 -0.0015415127606038098 0.09201712288092313 -8.489458540431447e-12 0.9999999998460871 30
8.950000000000001 0.9079238344247831 1.6451093148867704e-11 0.05347778666417856 0.010108584745342614 0.05347778563851423 -0.010108584518338687 0.09207616541945665 -1.381964778125939e-11 0.9999999998442397 30
9.0 0.907780141875352 2.1208387697824664e-11 0.051340940691218535 0.018432413627889378 0.05134093970047891 -0.018432413310221146 0.0922198579670686 -1.8954497319399225e-11 0.9999999998424206 30
9.05 0.9075554835465753 2.5789480090434964e-11 0.048405092965176734 0.02643267300505291 0.04840509201690142 -0.026432672600436094 0.09244451629406941 -2.3853313893307673e-11 0.9999999998406448 30
9.1 0.9072542673051878 3.016193425115697e-11 0.04471127425488115 0.03403330419081442 0.04471127335627488 -0.03403330370352568 0.09274573253376166 -2.8477515491551337e-11 0.9999999998389494 30
9.15 0.9068815645080344 3.437992573093734e-11 0.04030759877358308 0.04116322564111558 0.04030759793170882 -0.04116322507619712 0.0931184353289039 -3.2721199237523354e-11 0.9999999998369382 29
9.200000000000001 0.9064430446362145 3.8289151642817524e-11 0.035248691167064285 0.04775698318773418 0.03524869038824283 -0.04775698255051533 0.09355695519909515 -3.665171301050196e-11 0.9999999998353096 29
9.25 0.9059449054673675 4.1895089234213845e-11 0.029595055431650516 0.0537553354432127 0.029595054721676135 -0.0537553347395659 0.09405509436628837 -4.0211103663298536e-11 0.9999999998336558 29
9.3 0.9053937995801749 4.5155881939125313e-11 0.023412392849808786 0.0591057693509608 0.023412392214242274 -0.05910576858751173 0.09460620025209272 -4.337144732672739e-11 0.9999999998322676 29
9.35 0.9047967579922184 4.8045312218104715e-11 0.01677087643457674 0.06376294160284933 0.01677087587826299 -0.0637629407866362 0.09520324183884801 -4.6118267629853943e-11 0.9999999998310664 29
9.4 0.9041611117515085 5.0539044716870034e-11 0.00974438972703751 0.0676890424507845 0.009744389254205196 -0.06768904158934312 0.09583888807854449 -4.843596669477045e-11 0.9999999998300529 29
9.450000000000001 0.9034944122986236 5.261475611572155e-11 0.0024097380400348056 0.0708540792638321 0.0024097376542514294 -0.07085407836516965 0.09650558753059325 -5.031311164060431e-11 0.9999999998292168 29
9.5 0.9028043514125192 5.3764400893049196e-11 -0.005154159583148859 0.07323607801779008 -0.00515415987939972 -0.0732360770903897 0.09719564841581092 -5.17611816017744e-11 0.9999999998283302 28
9.55 0.9020986815393159 5.4731120581899125e-11 -0.012867089339748604 0.0748212017531302 -0.01286708954432219 -0.07482120080568376 0.09790131828833995 -5.2743590028058595e-11 0.9999999998276559 28
9.600000000000001 0.9013851372800572 5.523967609091413e-11 -0.020648364212323137 0.07560378587684437 -0.020648364323870363 -0.07560378491834183 0.09861486254695813 -5.3269847814789534e-11 0.9999999998270154 28
9.65 0.9006713587881238 5.5286604700447083e-11 -0.02841763980859711 0.07558629102604013 -0.02841763982655087 -0.07558629006567892 0.09932864103825738 -5.33432388663103e-11 0.9999999998263811 28
9.700000000000001 0.89996481778875 5.487250393459564e-11 -0.03609571638675398 0.07477917502193887 -0.0360957163113888 -0.0747791740690045 0.1000351820369653 -5.2970763005553465e-11 0.9999999998257153 28
9.75 0.8992727468937133 5.403018988505569e-11 -0.04360531919502507 0.0732006862370675 -0.0436053190275962 -0.07320068530095147 0.10072725293127509 -5.217954566424357e-11 0.9999999998249883 28
9.8 0.8986020728356883 5.2694431613309323e-11 -0.05087184957526244 0.07087658145603859 -0.050871849317197036 -0.07087658054611715 0.10139792698845636 -5.0979882816649916e-11 0.9999999998241447 28
9.850000000000001 0.8979593541969514 5.0847761472302944e-11 -0.05782409966740728 0.06783977202639892 -0.057824099320774765 -0.06783977115241849 0.1020406456262519 -4.937143334770227e-11 0.9999999998232033 28
9.9 0.8973507241473389 4.860811082080094e-11 -0.06439492400981547 0.06412990276661591 -0.06439492357907088 -0.06412990193710122 0.10264927567474863 -4.7385752761693506e-11 0.9999999998220874 28
9.950000000000001 0.8967818386486767 4.5981554370391766e-11 -0.07052186185502721 0.05979286871393828 -0.07052186134492801 -0.0597928679368647 0.1032181611721362 -4.5043773461183546e-11 0.9999999998208129 28
10.0 0.8962578305176754 4.300628204165609e-11 -0.07614770457965392 0.05488027535459528 -0.07614770399567636 -0.054880274637561066 0.10374216930170485 -4.237384459435703e-11 0.9999999998193803 28
10.05 0.8957832696738974 4.096866640453765e-11 -0.08122100320169005 0.049448848468863354 -0.08122100254839694 -0.049448847820470924 0.10421673014381051 -3.902449407383565e-11 0.9999999998177079 27
10.100000000000001 0.8953621298321711 3.793278500204602e-11 -0.08569651167995153 0.04355980015610966 -0.08569651096391913 -0.04355979958280841 0.10463786998406076 -3.560903527804848e-11 0.9999999998162319 27
10.15 0.8949977618266384 3.459633379108068e-11 -0.08953556236505301 0.03727815794706744 -0.08953556159407909 -0.037278157454016456 0.10500223798804056 -3.19696662216708e-11 0.9999999998146789 27
10.200000000000001 0.8946928736907312 3.100844707356548e-11 -0.09270637070450592 0.03067206420998784 -0.09270636988697553 -0.03067206380175233 0.1053071261223397 -2.8144517384801638e-11 0.999999999813071 27
10.25 0.8944495175411905 2.721635127978273e-11 -0.09518426704493317 0.02381205324689343 -0.09518426618956613 -0.0238120529273265 0.10555048227022613 -2.417425861386055e-11 0.9999999998114166 27
10.3 0.8942690832510206 2.326469060301858e-11 -0.09695185413685474 0.016770313612307068 -0.09695185325258675 -0.016770313384378788 0.1057309165587171 -2.0100141571863676e-11 0.9999999998097377 27
10.350000000000001 0.894152298828099 1.8880129602546127e-11 -0.09799908970647717 0.00961994323675913 -0.09799908880388039 -0.009619943102435505 0.10584770098015099 -1.6377912788161452e-11 0.9999999998082499 27
10.4 0.8940992373518437 1.4595643365970325e-11 -0.09832329422661026 0.0024342049119706615 -0.09832329331607595 -0.0024342048722421593 0.10590076245498205 -1.2425277242093338e-11 0.9999999998068257 27
10.450000000000001 0.8941093302601602 1.0285666965080865e-11 -0.09792908475074381 -0.004714210405732517 -0.09792908384178933 0.004714210349834354 0.10589066954534282 -8.47255417775076e-12 0.9999999998055029 26
10.5 0.8941813867190375 6.00350235501263e-12 -0.09682823641809273 -0.011753905187588535 -0.09682823551993436 0.011753905036365678 0.10581861308513961 -4.5714830942716806e-12 0.9999999998041771 26
10.55 0.8943136187549482 1.7805847037171275e-12 -0.09503947394069699 -0.018615474786805 -0.09503947306263746 0.018615474541886 0.10568638104794893 -7.549389764947439e-13 0.9999999998028971 26
10.600000000000001 0.8945036717783178 -2.343369504088817e-12 -0.09258819604975803 -0.02523217802597663 -0.0925881952010893 0.025232177690127033 0.10549632802335235 2.9392148409380126e-12 0.9999999998016702 26
10.65 0.894748660082746 -6.328879277527934e-12 -0.08950613651579803 -0.03154057256527365 -0.0895061357056152 0.03154057214226583 0.10525133971774922 6.473784754041437e-12 0.9999999998004953 26
10.700000000000001 0.8950452068635582 -1.0137880628695517e-11 -0.08583096594626204 -0.03748110913480338 -0.08583096518327311 0.037481108629344666 0.10495479293580447 9.813333629387531e-12 0.9999999997993626 26
10.75 0.8953894882646711 -1.3734641394128244e-11 -0.08160583910417789 -0.042998679201277125 -0.0816058383965478 0.04299867861895055 0.1046105115336063 1.2924727374342668e-11 0.9999999997982775 26
10.8 0.8957772809333162 -1.7086451796299313e-11 -0.07687889297688524 -0.04804311117494896 -0.07687889233211823 0.04804311052214523 0.10422271886392162 1.5777563768668995e-11 0.9999999997972379 26
10.850000000000001 0.8962040125386743 -2.0164126150371382e-11 -0.07170270125070463 -0.05256961084073358 -0.0717027006755538 0.052569610124569136 0.10379598725756634 1.8344847455911708e-11 0.9999999997962407 26
10.9 0.896664814692582 -2.2942262949810087e-11 -0.06613369121217115 -0.056539142311167495 -0.0661336907125686 0.056539141539391366 0.1033351851026928 2.060297553662531e-11 0.9999999997952748 26
10.950000000000001 0.8971545776986459 -2.539949564542407e-11 -0.060231529396270515 -0.059918746441839955 -0.06023152897727452 0.059918745622734276 0.10284542209568953 2.2532028129039277e-11 0.9999999997943354 26
11.0 0.8976680065499985 -2.751860417353967e-11 -0.054058482534796344 -0.06268179431528798 -0.05405848220055224 0.06268179345756465 0.10233199324342043 2.4115798898023573e-11 0.9999999997934189 26
11.05 0.8981996775957729 -2.928656470382334e-11 -0.047678760522025354 -0.06480817408016687 -0.04767876027573863 0.06480817319286201 0.1018003221967395 2.5341949310797522e-11 0.9999999997925124 26
11.100000000000001 0.8987440953018858 -3.0694507128629917e-11 -0.041157848209618826 -0.06628441012177469 -0.041157848053539794 0.06628440921414348 0.10125590448972836 2.6202186194323627e-11 0.9999999997916141 26
11.15 0.8992957485426136 -3.173778917547796e-11 -0.03456183286793241 -0.06710371423071193 -0.034561832803351206 0.06710371331212513 0.10070425124809579 2.6691929365836196e-11 0.9999999997907094 26
11.200000000000001 0.8998491658759389 -3.241603040127242e-11 -0.027956734107407788 -0.06726596912167306 -0.027956734134659843 0.0672659682015163 0.10015083391385692 2.681058225813352e-11 0.9999999997897958 26
11.25 0.9003989692768031 -3.273279999783342e-11 -0.02140784294271613 -0.06677764532729837 -0.021407843061196342 0.06677764441487438 0.0996010305120526 2.6561200740806547e-11 0.9999999997888557 26
11.3 0.9009399258286759 -3.2695536810309756e-11 -0.014979076505825441 -0.06565165314610573 -0.014979076714011514 0.06565165225054133 0.09906007395921304 2.5950795368596772e-11 0.9999999997878889 26
11.350000000000001 0.9014669969040852 -3.231547244778504e-11 -0.008732354674751317 -0.06390713195242968 -0.008732354970234996 0.06390713108258797 0.09853300288279111 2.4989916531891725e-11 0.9999999997868763 26
11.4 0.9019753843994095 -3.1607409148467086e-11 -0.002727004585643145 -0.06156917977410673 -0.002727004965169113 0.06156917893850417 0.09802461538639222 2.3692670176427906e-11 0.9999999997858017 26
11.450000000000001 0.9024605736270715 -3.058945605916522e-11 0.0029808013592046937 -0.0586685266047096 0.0029808008996934456 0.05866852581143927 0.09753942615760348 2.2076516728202476e-11 0.999999999784675 26
11.5 0.9029183725093597 -2.928263603088457e-11 0.008338568781566745 -0.0552411554363579 0.008338568246877212 0.05524115469301906 0.09708162727411701 2.016225433589709e-11 0.9999999997834768 26
11.55 0.9033449467621112 -2.771031399049633e-11 0.013297961163559644 -0.051327875471843046 0.01329796055919169 0.051327874785476214 0.0966550530200769 1.7973426267385193e-11 0.9999999997821881 26
11.600000000000001 0.9037368508021933 -2.5897544894696813e-11 0.01781523197331271 -0.046973852396838885 0.017815231305397434 0.046973851773868126 0.09626314897862415 1.5536262281025623e-11 0.9999999997808176 26
11.65 0.9040910541603544 -2.387025909708083e-11 0.021851605355180853 -0.04222810096078868 0.021851604630414627 0.0422281004069697 0.09590894561898479 1.2879294712997717e-11 0.9999999997793392 26
11.700000000000001 0.9044049632300557 -2.1645852122762735e-11 0.0253736022219261 -0.037142945425595215 0.025373601447711523 0.037142944945986765 0.09559503654805246 9.028496114936518e-12 0.9999999997781082 26
11.75 0.9046764382320736 -1.9225963723801205e-11 0.02835330917326965 -0.03177345369261301 0.02835330835762773 0.03177345329138607 0.09532356154453095 4.929290460042126e-12 0.9999999997766045 26
11.8 0.9049038053244481 -1.663690612217082e-11 0.030768588270797988 -0.02617685110761744 0.030768587421824697 0.026176850788144627 0.09509619445018229 6.792669861439635e-13 0.9999999997746304 26
11.850000000000001 0.905085863836903 -1.3972004460972968e-11 0.03260322631522833 -0.02041192006969194 0.032603225441131777 0.020411919834996305 0.0949141359352422 -3.654893681224576e-12 0.9999999997721453 26
11.9 0.9052218886559704 -1.177389217105092e-11 0.033847022895685634 -0.014538391637675344 0.03384702200516167 0.01453839148961236 0.0947781111120587 -7.854181933371249e-12 0.9999999997680291 26
11.950000000000001 0.9053116278402638 -9.416753578112793e-12 0.034495817103135686 -0.008616335324805808 0.03449581620461435 0.008616335263490918 0.09468837192314217 -1.2060316073613345e-11 0.9999999997634059 26
12.0 0.9053552955770451 -6.529485849514136e-12 0.03455145341597372 -0.0027055532145338927 0.03455145251839896 0.002705553240862124 0.09464470418114408 -1.6356995474572426e-11 0.9999999997581892 26
12.05 0.9053535606535245 -3.776978018433784e-12 0.03402168786784944 0.003135015590591091 0.034021686981458944 -0.003135015474485733 0.09464643909900634 -2.0663776448466637e-11 0.9999999997525308 26
12.100000000000001 0.9053075306425615 -1.1900491883828821e-12 0.0329200361942486 0.008847874352783155 0.03292003532820768 -0.008847874147184277 0.09469246910408398 -2.4919259445382394e-11 0.9999999997466456 26
12.15 0.9052187320467843 1.2203427918590443e-12 0.03126556620151994 0.01437752633097733 0.0312655653650443 -0.014377526037838314 0.09478126769379133 -2.9086521230074395e-11 0.9999999997405756 26
12.200000000000001 0.9050890866799078 3.4457217511715323e-12 0.02908263715372911 0.01967100534198399 0.029082636355729524 -0.01967100496444054 0.09491091305447664 -3.312780833047183e-11 0.9999999997343845 26
12.25 0.9049208845941713 5.480848815541188e-12 0.02640058944897254 0.02467837428645476 0.026400588697830744 -0.024678373828772002 0.09507911513393025 -3.7005520786855514e-11 0.9999999997281015 26
12.3 0.9047167538918187 7.333384166971529e-12 0.023253388321358433 0.02935318705532319 0.02325338762483321 -0.0293531865227517 0.09528324582998617 -4.068193227555569e-11 0.9999999997218049 26
12.350000000000001 0.9044796277818905 9.00432912742736e-12 0.019679225716390664 0.03365290965575016 0.019679225081555122 -0.033652909054373674 0.0955203719336431 -4.412076555296822e-11 0.9999999997155335 26
12.4 0.9042127092639753 1.0805993680780443e-11 0.015720084853011462 0.03753929685748593 0.01572008428677425 -0.03753929619383839 0.09578729044513892 -4.7268981187400594e-11 0.9999999997091142 25
12.450000000000001 0.9039194338373409 1.2079658061933153e-11 0.011421272305008981 0.04097872115019422 0.011421271813148262 -0.04097872043221781 0.09608056586583291 -5.014586064223522e-11 0.9999999997031738 25
12.5 0.9036034306408944 1.3345850264170139e-11 0.00683092269116833 0.043942451326281017 0.006830922278625926 -0.04394245056194879 0.09639656905640252 -5.266917628802323e-11 0.9999999996972969 25
12.55 0.9032684824458748 1.4474337250612273e-11 0.0019994812838883824 0.04640687853366614 0.001999480954638405 -0.04640687773152877 0.09673151724577447 -5.483367376969872e-11 0.9999999996916492 25
12.600000000000001 0.902918484915425 1.546231882813515e-11 -0.003020830009720046 0.048353688202005855 -0.0030208302526915282 -0.048353687370980475 0.09708151477086095 -5.6622735392250464e-11 0.999999999686286 25
12.65 0.9025574055521919 1.6300713700594814e-11 -0.008176557737058563 0.04976997680542982 -0.008176557891789065 -0.04976997595470536 0.09744259412906375 -5.802641268627205e-11 0.9999999996812556 25
12.700000000000001 0.9021892427461808 1.697506005035999e-11 -0.013413567463770187 0.050648312990294236 -0.013413567529337497 -0.05064831212923333 0.09781075693041079 -5.90405644678007e-11 0.9999999996765916 25
12.75 0.9018179853268933 1.7466387595542493e-11 -0.01867759423182434 0.050986743159116284 -0.018677594208346807 -0.05098674229715018 0.09818201434543405 -5.966675388089011e-11 0.9999999996723273 25
12.8 0.9014475730106456 1.7752963980742404e-11 -0.023914787403353798 0.050788742156489305 -0.023914787291972668 -0.05078874130300684 0.09855242665784522 -5.991136767108028e-11 0.9999999996684908 25
12.850000000000001 0.9010818581174499 1.7812266198223252e-11 -0.0290722445073977 0.050063110243906 -0.029072244310244542 -0.05006310940814123 0.0989181415476409 -5.97854757006968e-11 0.9999999996650908 25
12.9 0.900724568911925 1.7623122565284806e-11 -0.034098528884748666 0.04882381807281459 -0.03409852860489795 -0.04882381726373519 0.0992754307502088 -5.930354040577908e-11 0.9999999996621338 25
12.950000000000001 0.9003792748996041 1.716766114105158e-11 -0.03894416615396164 0.047089801863896726 -0.03894416579537225 -0.047089801090096306 0.09962072476001899 -5.848374183763312e-11 0.9999999996596232 25
13.0 0.90004935438419 1.6432969336646964e-11 -0.04356211479637094 0.04488471147082779 -0.04356211436381726 -0.0448847107404242 0.09995064527335473 -5.734759758303085e-11 0.9999999996575447 25
13.05 0.8997379645630084 1.5412368524890532e-11 -0.047908206476316696 0.042236614444292185 -0.0479082059753127 -0.042236613764835645 0.10026203509287812 -5.5919854194768444e-11 0.9999999996558865 25
13.100000000000001 0.8994480144072785 1.4106714487802334e-11 -0.0519415520709506 0.039177659612863305 -0.05194155150766837 -0.039177658991258885 0.10055198524771415 -5.423562254916586e-11 0.9999999996549926 25
13.15 0.8991821405414451 1.2526130411272633e-11 -0.05562490977803221 0.03574370405778611 -0.055624909159211616 -0.035743703500223004 0.10081785911287752 -5.231458511676466e-11 0.9999999996543226 25
13.200000000000001 0.8989426863023023 1.0680485291470528e-11 -0.05892501209521534 0.03197390767604387 -0.05892501142807274 -0.031973907187938064 0.10105731335169749 -5.019255196695753e-11 0.9999999996539999 25
13.25 0.8987316841229503 8.585527437874238e-12 -0.061812848916507596 0.027910299797276668 -0.06181284820865098 -0.02791029938322963 0.10126831553101465 -4.790383248320955e-11 0.999999999653965 25
13.3 0.8985508413514127 5.595661986283331e-12 -0.06426390446637911 0.023597322542341138 -0.06426390372471781 -0.02359732220703632 0.1014491583023874 -4.552563774003417e-11 0.9999999996538002 25
13.350000000000001 0.89840152957895 2.684017420466164e-12 -0.06625834627832417 0.019081355790158374 -0.06625834550925598 -0.01908135553670393 0.10159847007488797 -4.310641469454156e-11 0.999999999653838 25
13.4 0.8982847775127647 -8.298009708650123e-14 -0.06778116492940643 0.014410228729715339 -0.06778116414337952 -0.014410228559450363 0.10171522214165851 -4.0529987391574675e-11 0.9999999996544232 25
13.450000000000001 0.8982012673959514 -2.9552649895970233e-12 -0.06882226376925178 0.009632723056744535 -0.06882226297605859 -0.00963272297078394 0.10179873225866798 -3.7955837762309785e-11 0.9999999996546194 25
13.5 0.8981513349453291 -5.694887637759812e-12 -0.06937649834938989 0.004798072896662117 -0.06937649755603081 -0.0047980728944499226 0.10184866470968358 -3.538526690719355e-11 0.9999999996550126 25
13.55 0.8981349727314063 -8.664765962683424e-12 -0.06944366579745288 -4.453351342779585e-05 -0.06944366501388197 4.453343278497361e-05 0.10186502692421998 -3.284120604055661e-11 0.9999999996556262 25
13.600000000000001 0.8981518369074597 -1.1205391657059844e-11 -0.06902844489641455 -0.004846445410740464 -0.06902844413117175 0.004846445248953745 0.10184816274861978 -3.03597883532954e-11 0.9999999996560794 25
13.65 0.8982012571535077 -1.3699440651783221e-11 -0.06814028805496539 -0.009560029533018287 -0.06814028731506476 0.009560029292983333 0.10179874250308268 -2.7901101267605657e-11 0.9999999996565905 25
13.700000000000001 0.8982822496724047 -1.6490763507648517e-11 -0.06679326687064387 -0.014139133929425304 -0.06679326616478029 0.014139133613634709 0.10171774998456393 -2.5698873667801664e-11 0.9999999996569686 25
13.75 0.8983935330558185 -1.865053776601725e-11 -0.06500587342512949 -0.01853953111318051 -0.0650058727601091 0.01853953072602183 0.1016064666016356 -2.3605595422878284e-11 0.9999999996574541 25
13.8 0.8985335467986898 -2.1185461124207984e-11 -0.06280077983157528 -0.022719336396616864 -0.0628007792139401 0.02271933594253938 0.10146645285890266 -2.1744338543261967e-11 0.9999999996575925 25
13.850000000000001 0.8987004722384541 -2.3611805007331468e-11 -0.060204558985369167 -0.02663939752128677 -0.06020455842149999 0.02663939700607156 0.10129952741924073 -2.003892224154447e-11 0.9999999996576948 25
13.9 0.8988922556537163 -2.5841487384259487e-11 -0.05724736979272735 -0.030263652060617645 -0.057247369287601865 0.03026365149078738 0.10110774400391186 -1.8548467790073475e-11 0.9999999996576282 25
13.950000000000001 0.8991066332595549 -2.785311182311978e-11 -0.053962610468314895 -0.03355944941794052 -0.05396261002594012 0.03355944880000669 0.10089336639781803 -1.728527994276364e-11 0.9999999996573729 25
14.0 0.8993411578114767 -2.9628317507821025e-11 -0.050386543778107466 -0.03649783464660329 -0.050386543401846555 0.03649783398717965 0.10065884184543317 -1.625746135943278e-11 0.9999999996569099 25
14.05 0.899593226524146 -3.115137646523079e-11 -0.046557898326537964 -0.03905379173558789 -0.04655789801922206 0.0390537910415064 0.10040677313208016 -1.5471575440974208e-11 0.9999999996562261 25
14.100000000000001 0.8998601100025967 -3.240952346976317e-11 -0.042517450177504836 -0.04120644443686175 -0.04251744994138777 0.04120644371519793 0.10013988965271987 -1.4932233029642234e-11 0.9999999996553166 25
14.15 0.9001389818794729 -3.3393248733483733e-11 -0.03830758924143275 -0.04293921316027761 -0.03830758907813349 0.04293921241832326 0.09986101777468256 -1.4642169597417878e-11 0.9999999996541555 25
14.200000000000001 0.9004269488508116 -3.409652837953598e-11 -0.03397187495732676 -0.04423992691982075 -0.03397187486779309 0.04423992616502399 0.09957305080192687 -1.460229679062157e-11 0.9999999996527386 25
14.25 0.9007210808045801 -3.4517008124911955e-11 -0.02955458584875713 -0.04510088977729962 -0.02955458583324649 0.045100889017190594 0.09927891884646838 -1.4811497276708203e-11 0.9999999996510485 25
14.3 0.9010184407411991 -3.452924749174897e-11 -0.025100267536296784 -0.045518901691641044 -0.025100267593811603 0.0455189009338513 0.09898155890775595 -1.529173260404471e-11 0.999999999648955 25
14.350000000000001 0.901316114193734 -3.438178720839856e-11 -0.02065328374698384 -0.045495234139013185 -0.020653283875636537 0.045495233391061166 0.09868388545292646 -1.59932231261599e-11 0.9999999996466605 25
14.4 0.9016112378635754 -3.397736445692415e-11 -0.016257374773342825 -0.045035561316321825 -0.01625737497127009 0.04503556058537967 0.09838876178048514 -1.692373336952524e-11 0.9999999996440606 25
14.450000000000001 0.9019010272045023 -3.332345981086738e-11 -0.01195522770558014 -0.044149848175891224 -0.01195522797044607 0.04414984746870291 0.09809897243663068 -1.8075975011697846e-11 0.999999999641133 25
14.5 0.9021828026997444 -3.243521193920946e-11 -0.007788062586852701 -0.04285219695296593 -0.0077880629156990904 0.04285219627592622 0.09781719693811662 -1.9440976259564656e-11 0.999999999637861 25
14.55 0.9024540145965576 -3.1333362605805676e-11 -0.00379523843096905 -0.04116065424346538 -0.0037952388202402948 0.041160653602639694 0.09754598503767091 -2.1008052378077892e-11 0.9999999996342285 25
14.600000000000001 0.9027122658818941 -3.004326285397875e-11 -1.3882793397907184e-05 -0.03909698105735046 -1.3883239005480618e-05 0.039096980458442315 0.09728773374830399 -2.276505999482664e-11 0.9999999996301981 25
14.65 0.9029553333044333 -2.8594320845524184e-11 0.00352145169545016 -0.03668638861264766 0.003521451198065028 0.03668638806095039 0.09704466632132296 -2.4698388797386707e-11 0.9999999996257563 25
14.700000000000001 0.9031811862710285 -2.7019275806573013e-11 0.006779100738192656 -0.03395724294292462 0.006779100194005221 0.03395724244327453 0.09681881334982878 -2.679341185019402e-11 0.9999999996208573 25
14.75 0.9033880034701978 -2.4944406566525187e-11 0.009730568962765779 -0.030940741664177054 0.009730568377260223 0.03094074122086596 0.09661199614432987 -3.001735090040145e-11 0.9999999996145277 25
14.8 0.9035741871007753 -2.2936261795655887e-11 0.012350775304826093 -0.027670566483284646 0.012350774683745335 0.02767056610029628 0.09642581250683249 -3.2746235272336804e-11 0.9999999996076078 25
14.850000000000001 0.903738374607717 -2.1004356177080796e-11 0.014618261168471279 -0.024182515227289723 0.014618260517929636 0.02418251490880055 0.096261624992497 -3.512987102237466e-11 0.999999999600214 25
14.9 0.903879447859738 -1.7882257501606096e-11 0.01651535974996153 -0.02051411733242602 0.01651535907805169 0.02051411708072913 0.09612055173218463 -3.720711704980773e-11 0.9999999995919225 25
14.950000000000001 0.9039965397213481 -1.4874042656424546e-11 0.018028325321838665 -0.016704236839173135 0.018028324634190362 0.016704236654358832 0.09600345986247559 -3.962271804780995e-11 0.9999999995838237 25
15.0 0.9040890380005546 -1.189895475197106e-11 0.01914742168260288 -0.012792667029510584 0.01914742098550208 0.012792666912572812 0.09591096157376033 -4.234167509657664e-11 0.999999999574315 25
15.05 0.9041565867955051 -9.328936614572514e-12 0.01986696939957826 -0.008819720856588113 0.01986696870131551 0.008819720808005867 0.09584341276951669 -4.4912727336019306e-11 0.9999999995650218 25
15.100000000000001 0.9041990852553113 -6.840483467764071e-12 0.020185351899572667 -0.004825821318424351 0.02018535120775603 0.004825821337458719 0.09580091430021265 -4.744841839564791e-11 0.999999999555524 25
15.15 0.9042166838333004 -4.493013627791055e-12 0.02010498084791069 -0.0008510958694745608 0.02010498016943312 0.0008510959546660606 0.0957833157126077 -4.9922017572047546e-11 0.9999999995459081 25
15.200000000000001 0.904209778107324 -2.3428271928230115e-12 0.01963222168242273 0.0030650211228892815 0.019632221023765373 -0.0030650209735677393 0.09579022142896336 -5.2310593539911305e-11 0.9999999995362873 25
15.25 0.9041790002766447 -4.3956455181956107e-13 0.018777280545249252 0.00688417400511194 0.018777279912449523 -0.006884173794158598 0.09582099925014531 -5.459468217853449e-11 0.99999999952679 25
15.3 0.9041252084628307 1.1761682562799932e-12 0.017554054226141175 0.01056945584140473 0.017554053624822766 -0.010569455571770362 0.0958747910547286 -5.675842088875316e-11 0.9999999995175594 25
15.350000000000001 0.9040494739617765 2.476749666941076e-12 0.015979945081992585 0.014085759292125426 0.015979944517403293 -0.014085758967204957 0.09595052554696665 -5.87886469095353e-11 0.9999999995087432 25
15.4 0.903953066611538 3.448612400982547e-12 0.014075643222407492 0.017400105098875688 0.014075642699427567 -0.017400104722504476 0.09604693288891775 -6.067442350675259e-11 0.9999999995004557 25
15.450000000000001 0.9038374384563503 4.09503688665952e-12 0.011864878549575637 0.02048194517362946 0.011864878072701883 -0.02048194475007624 0.09616256103641659 -6.240547872265769e-11 0.999999999492767 25
15.5 0.903704205900627 4.434345738497725e-12 0.009374145509637964 0.023303437580828982 0.009374145082951646 -0.02330343711477972 0.09629579358503951 -6.397145070072557e-11 0.9999999994856664 25
15.55 0.9035551305582324 4.49894627734046e-12 0.006632403649656708 0.02583969101643422 0.006632403276781623 -0.025839690512965443 0.09644486892084721 -6.53617702503842e-11 0.9999999994790797 25
15.600000000000001 0.9033920990113631 4.330480795565969e-12 0.003670757277329409 0.028068976722939638 0.003670756961384511 -0.02806897618748066 0.09660790046155339 -6.656555263409668e-11 0.9999999994729165 25
15.65 0.9032171017001751 3.9751724915685195e-12 0.0005221176880976165 0.02997290613078208 0.0005221174316469712 -0.029972905569065844 0.09678289776690392 -6.757234002856044e-11 0.9999999994670791 25
15.700000000000001 0.9030322111690061 3.4786018635821275e-12 -0.002779148444928902 0.031536572880642266 -0.002779148639924313 -0.031536572298645135 0.09696778829251117 -6.83731959300836e-11 0.9999999994615173 25
15.75 0.9028395598970501 2.881754907393362e-12 -0.006197580829622656 0.032748658254089805 -0.006197580961846495 -0.03274865765796134 0.09716043955917879 -6.896132961106352e-11 0.9999999994562289 25
15.8 0.9026413179413869 2.2184062295128323e-12 -0.009696993718309685 0.03360149941800561 -0.009696993787120986 -0.03360149881399397 0.09735868150984225 -6.933331094700167e-11 0.9999999994512292 25
15.850000000000001 0.9024396706179383 1.5138218155141916e-12 -0.013240846715278122 0.03409112026738801 -0.013240846720728372 -0.034091119661765146 0.09756032882861398 -6.948912957036176e-11 0.9999999994465523 25
15.9 0.902236796441298 7.840829703928093e-13 -0.016792614488318234 0.034217225027682874 -0.01679261443115396 -0.034217224426673284 0.09776320300093373 -6.943227091593442e-11 0.9999999994422317 25
15.950000000000001 0.902034845537851 3.639132804031281e-14 -0.020316151702182938 0.03398315514796572 -0.020316151583834107 -0.033983154557679515 0.09796515390045873 -6.916991767472978e-11 0.9999999994383098 25
16.0 0.9018359187378642 -7.304056113273162e-13 -0.02377604958582381 0.033395810376519744 -0.023776049408379154 -0.0333958098028901 0.09816408069695214 -6.871237373738086e-11 0.9999999994348163 25
16.05 0.9016420475418349 -1.5238229771817074e-12 -0.027137980673908095 0.03246553525714178 -0.027137980440078695 -0.03246553470586581 0.09835795188994446 -6.807289692017729e-11 0.9999999994317793 25
16.1 0.9014551751439847 -2.377052732924545e-12 -0.030369028424554616 0.03120597261438412 -0.030369028137033353 -0.031205972089860153 0.09854482428519265 -6.732761862954408e-11 0.9999999994291773 24
16.150000000000002 0.9012771386824167 -3.3113330436321487e-12 -0.033437998608222705 0.029633885907060842 -0.03343799826523514 -0.029633885412199294 0.09872286074471535 -6.639988611514607e-11 0.999999999427132 24
16.2 0.9011096528689275 -4.340040021204547e-12 -0.036315709584812776 0.027768952615460783 -0.036315709186924984 -0.027768952154488234 0.09889034655670323 -6.5317745003435e-11 0.9999999994256308 24
16.25 0.9009542951369814 -5.47802308651334e-12 -0.03897525882839512 0.025633531089751273 -0.038975258377868964 -0.025633530668254342 0.09904570428769367 -6.40939898782499e-11 0.9999999994246751 24
16.3 0.9008124924269337 -6.736762689997929e-12 -0.04139226333643185 0.02325240352524975 -0.041392262836581754 -0.02325240314961612 0.0991875069973203 -6.274481911788105e-11 0.999999999424254 24
16.35 0.9006855097101449 -8.124849256684815e-12 -0.04354507184695398 0.020652497931150832 -0.04354507130192013 -0.020652497607926847 0.09931448971419302 -6.128836140591219e-11 0.9999999994243379 24
16.400000000000002 0.9005744403342888 -9.64680468152264e-12 -0.04541494709535844 0.01786259213513512 -0.045414946510048154 -0.017862591870599236 0.09942555909061213 -5.97437098952862e-11 0.9999999994249009 24
16.45 0.9004801982525443 -1.1301079891735712e-11 -0.04698621666452523 0.01491300300757604 -0.04698621604459486 -0.014913002807488668 0.09951980117336665 -5.813087967030884e-11 0.999999999425911 24
16.5 0.9004035121796422 -1.3020858791273776e-11 -0.04824639131408265 0.011835264196584094 -0.04824639066581228 -0.011835264066101983 0.09959648724803435 -5.645351638329909e-11 0.9999999994276766 24
16.55 0.9003449216976324 -1.4889418333520205e-11 -0.04918625001319597 0.008661795738936188 -0.049186249343535986 -0.008661795682437263 0.09965507773196716 -5.4693346501012544e-11 0.9999999994295995 24
16.6 0.9003047753150818 -1.6865903279877526e-11 -0.049799891244340866 0.005425568950304343 -0.04979989056102216 -0.005425568971226942 0.09969522411674238 -5.2934617732445596e-11 0.9999999994318242 24
16.650000000000002 0.9002832304628736 -1.893302598684197e-11 -0.050084750488363916 0.002159770003025676 -0.0500847497994953 -0.0021597701037251583 0.09971676897140004 -5.1206292185207576e-11 0.9999999994342736 24
16.7 0.9002802553920465 -2.1070290816271817e-11 -0.050041584138214475 -0.0011025344302432153 -0.0500415834521461 0.0011025342483697222 0.09971974404481879 -4.953043956367487e-11 0.9999999994368652 24
16.75 0.9002956329201736 -2.3255142567812683e-11 -0.049674420423490205 -0.004328726150909619 -0.04967441974878296 0.0043287258874554055 0.0997043665193718 -4.792827176979315e-11 0.9999999994395453 24
16.8 0.9003289659554975 -2.5463580104681626e-11 -0.048990478249414375 -0.0074869558073186685 -0.04899047759472463 0.007486955462915136 0.09967103348673445 -4.641997767251243e-11 0.999999999442232 24
16.85 0.9003796847119564 -2.767082423838092e-11 -0.048000055162921856 -0.01054645157231639 -0.04800005453685869 0.010546451148651203 0.09962031473290985 -4.5025011025875807e-11 0.9999999994448663 24
16.900000000000002 0.9004470555126652 -2.985188376798838e-11 -0.04671638595210597 -0.013477813187440395 -0.04671638536308904 0.013477812687249593 0.09955294393471052 -4.3761121293411336e-11 0.9999999994473757 24
16.95 0.9005301910658368 -3.198183447360225e-11 -0.04515547365987069 -0.01625328861881014 -0.04515547311599538 0.01625328804584714 0.09946980838387946 -4.26449467004417e-11 0.9999999994497162 24
17.0 0.9006280620843056 -3.4036072338473596e-11 -0.04333589504594912 -0.018847030778100012 -0.04333589455486265 0.018847030137085094 0.09937193736751666 -4.1691213147742363e-11 0.9999999994518223 24
17.05 0.9007395101091238 -3.599038527372312e-11 -0.04127858276130505 -0.02123533199312902 -0.04127858233009185 0.021235331289681414 0.09926048934452432 -4.091318036524242e-11 0.9999999994536481 24
17.1 0.9008632613879617 -3.7821193935207856e-11 -0.03900658670324845 -0.023396834163972157 -0.03900658633832744 0.02339683340452821 0.09913673806717936 -4.032248635205073e-11 0.9999999994551411 24
17.150000000000002 0.9009979416515047 -3.950563995592494e-11 -0.03654481719671781 -0.025312712809347535 -0.036544816903751276 0.025312712001066422 0.09900205780475455 -3.992872756138226e-11 0.9999999994562593 24
17.2 0.9011420916247876 -4.1021789270722666e-11 -0.033919772795624546 -0.026966833491434715 -0.033919772579439664 0.026966832642094322 0.0988579078321865 -3.973994385605644e-11 0.9999999994569742 24
17.25 0.9012941831060958 -4.2348784060304036e-11 -0.031159255616828134 -0.028345879402228907 -0.031159255481352097 0.028345878520113738 0.09870581635114656 -3.976247262068139e-11 0.9999999994572424 24
17.3 0.9014526354435107 -4.346705004416146e-11 -0.02829207720739808 -0.029439449197947522 -0.028292077155607016 0.029439448291730796 0.09854736401352718 -4.0001038747136835e-11 0.9999999994570379 24
17.35 0.9016158322376385 -4.4180365180878363e-11 -0.02534775800049889 -0.030240124475925223 -0.02534775803643064 0.030240123555505587 0.09838416721828244 -4.033736655820493e-11 0.999999999455921 24
17.400000000000002 0.9017821381030613 -4.476135825288083e-11 -0.022356223448406844 -0.03074350660649942 -0.022356223579352626 0.030743505679166273 0.09821786135134347 -4.093810866224528e-11 0.9999999994544048 24
17.45 0.9019499153152619 -4.5032583814452936e-11 -0.019347499915592793 -0.030948222917517813 -0.019347500145520877 0.030948221990937552 0.0980500841370834 -4.1778419338609985e-11 0.9999999994523453 24
17.5 0.9021175401859951 -4.497885139013371e-11 -0.016351413350311192 -0.030855902577110853 -0.01635141368062062 0.03085590166084841 0.09788245926373894 -4.286051480821188e-11 0.9999999994497341 24
17.55 0.9022834190051344 -4.4590916101174875e-11 -0.01339729373335963 -0.03047112278342571 -0.013397294163871445 0.03047112188845624 0.09771658044139808 -4.418097934398205e-11 0.9999999994465325 24
17.6 0.9024460033997063 -4.3864017846542406e-11 -0.010513688178805457 -0.029801326170554122 -0.010513688708007117 0.029801325308536568 0.09755399604302467 -4.573169982095172e-11 0.9999999994427309 24
17.650000000000002 0.9026038049674951 -4.279775460766402e-11 -0.007728085443566676 -0.028856710617598886 -0.0077280860685794385 0.02885670980033944 0.09739619447082089 -4.7500056649426915e-11 0.9999999994383161 24
17.7 0.9027554090527871 -4.139630059060855e-11 -0.005066654455932175 -0.02765009290783209 -0.005066655172446698 0.027650092146923953 0.09724459038047233 -4.946847326567405e-11 0.9999999994332593 24
17.75 0.9028994875425868 -3.966848322239e-11 -0.0025539993002964036 -0.026196747927711556 -0.002554000102560082 0.026196747234273902 0.09710051188493286 -5.161395483385388e-11 0.9999999994275196 24
17.8 0.9030348105735294 -3.7627845311723654e-11 -0.00021293290033889612 -0.024514225318629686 -0.000212933781205787 0.024514224703097186 0.09696518884751522 -5.390846859375892e-11 0.9999999994210447 24
17.85 0.9031602570524943 -3.529243629493965e-11 0.001935728572075745 -0.022622145695545652 0.0019357276210449081 0.02262214516748883 0.09683974236129535 -5.631969302808316e-11 0.9999999994137896 24
17.900000000000002 0.9032748239073493 -3.268449409158839e-11 0.00387334876748336 -0.020541978724293152 0.0038733477558850747 0.020541978292263775 0.09672517549833234 -5.881253835779282e-11 0.9999999994056816 24
17.95 0.9033776339985033 -2.9830088653124015e-11 0.005583630161577485 -0.01829680550187533 0.005583629100004321 0.01829680517327705 0.09662236539812988 -6.13523474188856e-11 0.9999999993966332 24
18.0 0.9034679426363325 -2.681130361589704e-11 0.007052747702670421 -0.015911067810244737 0.00705274660255911 0.01591106759121269 0.09653205675022106 -6.390442175032844e-11 0.9999999993865535 23
18.05 0.903545142664269 -2.3564486962034665e-11 0.008269456085738761 -0.013410306912935908 0.008269454959129424 0.013410306808316196 0.09645485671097 -6.645895108938929e-11 0.999999999375239 23
18.1 0.9036087680828284 -2.0167307665578598e-11 0.009225169911401447 -0.010820894635063786 0.00922516877078766 0.010820894648295502 0.09639123127970346 -6.901807639498638e-11 0.9999999993625319 23
18.150000000000002 0.9036584962038116 -1.6654846131635514e-11 0.009914016268000552 -0.008169759509739945 0.009914015126114418 0.008169759642817593 0.09634150314441416 -7.161963841674059e-11 0.9999999993482257 23
18.2 0.9036941483391605 -1.4146108123831367e-11 0.0103328595568698 -0.0054841107883924385 0.010332858427032923 0.005484111041808886 0.09630585099270697 -7.448281014950239e-11 0.9999999993318675 23
18.25 0.9037156890462084 -1.068293979882148e-11 0.01048129865824344 -0.0027911630994859617 0.010481297552297488 0.00279116347216769 0.09628431026776017 -7.739523895386267e-11 0.9999999993139685 23
18.3 0.9037232239556973 -7.31063359298365e-12 0.010361636815834699 -0.00011786449704530126 0.010361635746047603 0.00011786498644860518 0.09627677533947496 -8.029720686947459e-11 0.9999999992951722 23
18.35 0.9037169962373808 -4.174412891812251e-12 0.00997882487794464 0.002509369425969472 0.009978823856081917 -0.0025093688239678754 0.09628300303961133 -8.278210400503548e-11 0.9999999992769921 23
18.400000000000002 0.903697381756681 -1.3864147664943444e-12 0.009340378797778763 0.005064912779291923 0.009340377835078588 -0.00506491207031667 0.09630261750412152 -8.438842515267052e-11 0.9999999992608025 23
18.45 0.9036648829957755 1.0011898248304676e-12 0.008456272538626368 0.007524175510780512 0.008456271645852454 -0.00752417470182452 0.0963351162512014 -8.494385772836822e-11 0.9999999992469769 23
18.5 0.90362012182088 2.9556107132346682e-12 0.007338807761504226 0.009863836115973452 0.007338806948914622 -0.009863835215254099 0.09637987741423035 -8.457893311162984e-11 0.9999999992351104 23
18.55 0.9035638311880357 4.448840646639058e-12 0.0060024618873207244 0.012062058765079082 0.0060024611644916475 -0.012062057781894226 0.09643616803667093 -8.348825243139024e-11 0.9999999992247066 23
18.6 0.9034968458884602 5.46676179706769e-12 0.004463716321672964 0.014098692873396098 0.004463715697272041 -0.014098691817976034 0.0965031533269594 -8.182882352761164e-11 0.9999999992154196 23
18.650000000000002 0.9034200924440958 7.239960498002325e-12 0.002740866805507335 0.015955453341438 0.0027408662876806 -0.015955452225866064 0.0965799067608812 -7.67473761645252e-11 0.9999999992049771 23
18.7 0.9033345782593539 7.852949259030052e-12 0.0008538180138482869 0.017616079907019935 0.0008538176090262139 -0.01761607874237368 0.09666542093595411 -7.258565025506002e-11 0.999999999195308 23
18.75 0.9032413801708591 7.855039781948824e-12 -0.0011761353564864036 0.01906647427510482 -0.0011761356436781065 -0.0190664730730119 0.09675861901527248 -6.820572432734737e-11 0.9999999991861316 23
18.8 0.9031416324955568 7.321104966671438e-12 -0.0033265386470631647 0.02029481394219972 -0.003326538813000363 -0.020294812714793418 0.09685836668199364 -6.378851243754744e-11 0.9999999991775504 23
18.85 0.9030365147198284 6.329902773880171e-12 -0.005574016011915283 0.02129164186084176 -0.005574016054248241 -0.021291640620720708 0.09696348444985484 -5.940384254079234e-11 0.9999999991696832 23
18.900000000000002 0.9029272389535087 4.9529276116641415e-12 -0.007894515410033612 0.02204993135577254 -0.007894515327825436 -0.022049930115807314 0.09707276020912174 -5.5061814277511847e-11 0.9999999991626304 23
18.95 0.9028150372783115 3.2472239926676274e-12 -0.010263557292265121 0.022565125952411107 -0.010263557086020359 -0.022565124725520174 0.09718496187813874 -5.074599704645445e-11 0.9999999991564502 23
19.0 0.9027011491183221 1.2572533373003058e-12 -0.012656484452054789 0.02283515403322866 -0.012656484123708683 -0.02283515283218191 0.09729885003282167 -4.644515778213018e-11 0.9999999991511438 23
19.05 0.9025868087578139 -9.788826201133108e-13 -0.015048710529639344 0.022860418490732823 -0.015048710082524354 -0.022860417327973708 0.09741319038884741 -4.217924687171803e-11 0.9999999991466614 23
19.1 0.9024732331279169 -3.4224649664988693e-12 -0.017415964704342687 0.02264376179331832 -0.017415964143127453 -0.02264376068080361 0.09752676601497295 -3.801020207181862e-11 0.9999999991428898 23
19.150000000000002 0.9023616099789118 -6.022260216077446e-12 -0.01973453017851825 0.0221904071205389 -0.01973452950911713 -0.02219040606959225 0.09763838916071924 -3.402760159766068e-11 0.999999999139631 23
19.200000000000003 0.9022530865483646 -8.35514607259677e-12 -0.021981474148815745 0.02150787645506066 -0.02198147337823961 -0.021507875476229423 0.09774691258839337 -3.151305473320291e-11 0.999999999136758 23
19.25 0.9021487588330644 -1.0893501656381231e-11 -0.024134867073284612 0.020605886739182 -0.024134866209716242 -0.0206058858417146 0.09785124030111367 -2.858477865786814e-11 0.9999999991341781 23
19.3 0.9020496615512036 -1.2371385524159432e-11 -0.02617398917992253 0.019496225401730644 -0.026173988231091724 -0.01949622459399566 0.09795033758170749 -2.604183514817126e-11 0.999999999132911 23
19.35 0.9019567588963766 -1.3994218520826996e-11 -0.02807952231094283 0.01819260676590417 -0.02807952128701502 -0.018192606056654778 0.09804324023587538 -2.3340234835166847e-11 0.999999999132252 23
19.400000000000002 0.9018709361503566 -1.5720254230337414e-11 -0.02983372537196621 0.01671051100492616 -0.0298337242838573 -0.01671051040023594 0.09812906298188075 -2.0492345860182846e-11 0.9999999991322374 23
19.450000000000003 0.9017929922277682 -1.887649071981145e-11 -0.03142059183687573 0.015067007473528122 -0.0314205906978923 -0.015067006977976282 0.09820700690532483 -1.7095814519633825e-11 0.999999999133093 23
19.5 0.9017236332104528 -2.2171458388889596e-11 -0.03282598796604665 0.013280564374140972 -0.03282598678710309 -0.013280563991265246 0.09827636592388155 -1.375122298059886e-11 0.9999999991343343 23
19.55 0.90166346691848 -2.5524382818663227e-11 -0.03403777058437275 0.0113708468309587 -0.03403776937670794 -0.011370846567236685 0.09833653221748521 -1.0471517488314889e-11 0.9999999991359652 23
19.6 0.9016129985531892 -2.8913476130845985e-11 -0.035045883511451256 0.009358505539113608 -0.035045882288412815 -0.009358505398613022 0.09838700058471186 -7.302587785166342e-12 0.999999999137901 23
19.650000000000002 0.90157262743784 -3.231338646341728e-11 -0.03584243194430046 0.007264958205593047 -0.03584243071938199 -0.007264958189539095 0.0984273717022428 -4.2648059090420716e-12 0.9999999991400828 23
19.700000000000003 0.9015426448688802 -3.570248549385991e-11 -0.036421734322243 0.005112166063232964 -0.03642173310851014 -0.005112166170900135 0.09845735427358066 -1.3696890944663902e-12 0.9999999991424608 23
19.75 0.9015232330800715 -3.905991003951388e-11 -0.03678035143955732 0.0029224077501488243 -0.036780350249547206 -0.00292240797934631 0.09847676606488494 1.3729343933791478e-12 0.9999999991449565 23
19.8 0.9015144653106562 -4.23666049576589e-11 -0.0369170927992596 0.000718052845079486 -0.03691709164495368 -0.0007180531923802349 0.09848553383684355 3.952026978722521e-12 0.9999999991474997 23
19.85 0.901516306957713 -4.560346064555908e-11 -0.03683300042889107 -0.0014786626753528814 -0.03683299932168438 0.0014786622145028338 0.09848369219231604 6.356550425288815e-12 0.999999999150029 23
19.900000000000002 0.9015286177825615 -4.87506876279705e-11 -0.036531310601607615 -0.0036458568389986495 -0.036531309552253734 0.0036458562702142237 0.09847138136991128 8.575931241046732e-12 0.9999999991524728 23
19.950000000000003 0.9015511551316586 -5.1933426249554855e-11 -0.03601739412098752 -0.005762215790764568 -0.03601739313899167 0.005762215119905323 0.09844884402368835 1.0736611176564023e-11 0.999999999155347 23
20.0 0.9015835781197942 -5.493197922866862e-11 -0.035298676034189166 -0.007807199556066904 -0.03529867512924333 0.007807198790845611 0.09841642103813308 1.2706595406414805e-11 0.9999999991579273 23
20.05 0.9016254527227836 -5.779275246066681e-11 -0.03438453583074018 -0.009761237504276725 -0.03438453501093069 0.00976123665457685 0.09837454643740143 1.4462227691702097e-11 0.999999999160185 23
