0 1.0 0.0 0.0 0.0 0.0 0.0 0.0 0.0 1
0.05 0.999996813884391 3.571557490135229e-15 -9.314574578642796e-05 0.0017763569658608151 -9.31457457864155e-05 -0.0017763569658608173 3.1860968873631193e-06 1.1116803646417095e-20 0.9999999999812783 4
0.1 0.9999869554713083 7.61236898676284e-15 -0.0003898390504721549 0.0035479659567326754 -0.0003898390504332597 -0.0035479659567966126 1.3044474622157762e-05 5.232576645242061e-13 0.9999999999459305 6
0.15000000000000002 0.9999700893044805 1.127690212087065e-14 -0.00090767209676399 0.00527221646027758 -0.0009076720963895603 -0.005272216460562791 2.991065395776256e-05 4.975119424495906e-13 0.9999999999584382 8
0.2 0.9999459870890784 1.485389424106105e-14 -0.0016388588668319727 0.006924350704236067 -0.0016388588658232312 -0.0069243507048883345 5.4012907370233146e-05 3.563014875132305e-13 0.9999999999964487 10
0.25 0.9999144849452678 1.6323090489804985e-14 -0.002562803169655454 0.008490536706042998 -0.0025628031678136816 -0.008490536707165224 8.551507745265706e-05 -9.742040364801072e-14 1.0000000000227205 10
0.30000000000000004 0.9998754597497737 1.4972352973809247e-14 -0.0036575024360963166 0.009962654237653704 -0.0036575024332964564 -0.00996265423922261 0.0001245402742711254 -3.1718607196437997e-13 1.0000000000240448 12
0.35000000000000003 0.999828817954124 1.246551858922998e-14 -0.0049032432585774345 0.011335414132431458 -0.004903243254888911 -0.011335414134331773 0.0001711820620797732 -4.1676534123252426e-13 1.0000000000162037 12
0.4 0.9997744913788403 9.81126121374612e-15 -0.0062829945940352456 0.01260495071606157 -0.006282994589680375 -0.01260495071808838 0.00022550863683184816 -6.198549684328948e-13 1.0000000000156721 12
0.45 0.9997124362267096 1.0728967650784712e-14 -0.00778175518904048 0.013768313892806524 -0.0077817551842098934 -0.013768313894617232 0.00028756378700881506 -4.820825058427948e-13 1.0000000000137184 12
0.5 0.9996426329810717 1.6432836569395743e-14 -0.009385886525734681 0.014823373158118087 -0.00938588652071255 -0.014823373159146338 0.00035736703257807954 -5.470714252719413e-13 1.0000000000136497 12
0.55 0.9995650861643276 3.4297864688902e-14 -0.011082711382541417 0.015768830591361395 -0.011082711377818832 -0.015768830590775832 0.0004349138487622919 -7.686664454486311e-13 1.00000000001309 12
0.6000000000000001 0.9994798237219776 7.102936314839205e-14 -0.012860296792024948 0.01660425682293154 -0.012860296788485525 -0.016604256819726108 0.0005201762905818812 -8.175522686146374e-13 1.0000000000125595 12
0.65 0.9993868958435916 1.3754586050749678e-13 -0.014707328858510144 0.017330143902575097 -0.014707328857411639 -0.017330143895658637 0.0006131041685625625 -5.587867204441792e-13 1.0000000000121543 12
0.7000000000000001 0.9992863729997182 2.48224241002569e-13 -0.016613045794407855 0.017947970038658115 -0.01661304579740138 -0.01794797002674433 0.0007136270096724394 -2.5204373894370153e-13 1.0000000000093907 12
0.75 0.9991783429916647 4.2333539376294495e-13 -0.018567220565839558 0.018460264307561827 -0.018567220575108585 -0.018460264289098645 0.0008216570127242781 1.1424674745471758e-13 1.000000000004389 12
0.8 0.9990629068102465 6.892970637897658e-13 -0.020560186308184406 0.01887066074964753 -0.020560186326570067 -0.01887066072278469 0.0009370931878702511 5.380564367140833e-13 0.9999999999981167 12
0.8500000000000001 0.9989401731328755 1.147504534516613e-12 -0.02258289479447445 0.01918393673307591 -0.02258289482557214 -0.01918393669562481 0.0010598268578119203 1.0105095231330413e-12 0.9999999999906874 14
0.9 0.9988102512822788 1.9251266812556685e-12 -0.024626997539182873 0.019406035421301912 -0.024626997587492306 -0.01940603537064067 0.0011897486992070404 1.5198612872969412e-12 0.9999999999814859 14
0.9500000000000001 0.9986732424163912 1.340740421926535e-12 -0.02668494089323701 0.01954407481776124 -0.02668494095432206 -0.019544074772806563 0.0013267575581853066 2.782134587060233e-12 0.9999999999745766 17
1.0 0.9985292286725773 3.3339877339742993e-13 -0.028750069116515883 0.019606346634243318 -0.028750069168669606 -0.019606346604117097 0.0014707713002583684 1.768531857146984e-12 0.9999999999728357 18
1.05 0.9983782599022963 4.983562980365925e-13 -0.030816731756995015 0.019602307750435193 -0.030816731781409118 -0.019602307742185056 0.001621740070843469 1.5359553748565916e-12 0.9999999999731398 18
1.1 0.9982203375599387 1.3907053761759653e-12 -0.03288039332026257 0.019542566653149813 -0.03288039331846455 -0.019542566668199115 0.001779662414061021 1.2414045774011189e-12 0.9999999999739997 18
1.1500000000000001 0.9980553951977246 1.838982563033264e-12 -0.03493774423825601 0.019438866769482813 -0.03493774420132612 -0.019438866809656823 0.0019446047822222153 2.775930042527971e-12 0.9999999999799468 18
1.2000000000000002 0.9978832748817442 3.6060104545617623e-13 -0.03698681253823253 0.019304068476512316 -0.03698681244514125 -0.01930406852155206 0.0021167251021754663 3.1836556504375827e-12 0.9999999999839196 19
1.25 0.9977036987348115 -1.4636479679291218e-12 -0.039027076088186716 0.019152131463522525 -0.03902707593846027 -0.01915213149082433 0.0022963012572722345 3.783419804899212e-12 0.9999999999920837 19
1.3 0.9975162344914277 -2.88235919236697e-12 -0.041059575609618176 0.01899809935074779 -0.041059575402289036 -0.018998099352310158 0.0024837655098534045 4.978549735353148e-12 1.000000000001281 20
1.35 0.9973202538833648 -3.938804809133699e-12 -0.04308702875871692 0.018858088676991097 -0.04308702849638958 -0.018858088655214947 0.002679746128234161 6.645697879561426e-12 1.000000000011599 20
1.4000000000000001 0.9971148822083661 -5.506432041775746e-12 -0.04511394594750541 0.018749284433582977 -0.04511394563312455 -0.018749284400444842 0.002885117811926659 8.04222218791492e-12 1.0000000000202927 20
1.4500000000000002 0.9968989371193996 -7.500874142784557e-12 -0.04714674880714254 0.018689944601243125 -0.04714674844348611 -0.018689944568236205 0.0031010629015229066 1.0300365649996176e-11 1.0000000000209226 20
1.5 0.9966708541961896 -9.839202203519602e-12 -0.049193892546539046 0.018699416258038132 -0.04919389213854715 -0.01869941623593494 0.003329145824616392 1.2639046360970866e-11 1.000000000020806 20
1.55 0.9964285961606345 -1.2553093558896439e-11 -0.0512659937623814 0.018798165912844514 -0.05126599331707508 -0.018798165912286762 0.0035714038600291723 1.4419237233229706e-11 1.0000000000206637 20
1.6 0.9961695419419007 -1.559834457499398e-11 -0.053375965587327816 0.01900782671966061 -0.053375965111034124 -0.019007826747696327 0.003830458077686718 1.8013596144989206e-11 1.0000000000195874 20
1.6500000000000001 0.9958903507484118 -1.8948546435487842e-11 -0.05553916230661767 0.019351265071436974 -0.055539161812177607 -0.019351265136305973 0.004109649269629966 2.190342462769216e-11 1.0000000000180418 20
1.7000000000000002 0.9955867951261931 -2.2689544487376313e-11 -0.05777353605517021 0.01985266864073202 -0.05777353554989606 -0.019852668755605447 0.0044132048907753255 2.5915425700413156e-11 1.0000000000169684 21
1.75 0.9952535555000394 -2.6694453951159107e-11 -0.06009980802936251 0.020537657284694734 -0.060099807532365455 -0.020537657457136635 0.004746444516986147 3.033462365163818e-11 1.0000000000170255 21
1.8 0.9948839668465898 -3.1002901123547526e-11 -0.062541657072071 0.02143341691586586 -0.06254165658842033 -0.021433417152271303 0.0051160331704697085 3.3942415516768776e-11 1.0000000000170595 21
1.85 0.9944697059343236 -3.546337396469913e-11 -0.06512592804947108 0.022568854452579376 -0.06512592758797728 -0.022568854752620368 0.005530294082646935 3.7511085057896834e-11 1.0000000000169704 21
1.9000000000000001 0.9940004049266753 -3.995889647148821e-11 -0.06788286207645122 0.023974768775295228 -0.06788286164680483 -0.023974769136253533 0.005999595090684813 4.165433894247735e-11 1.0000000000173601 21
1.9500000000000002 0.9934631740977785 -4.435207710117234e-11 -0.07084634950300735 0.02568402777307441 -0.0708463491147024 -0.025684028191885946 0.006536825921503832 4.5779302415871974e-11 1.0000000000192824 21
2.0 0.9928420130713961 -4.859561407053853e-11 -0.07405420472121989 0.027731734182007212 -0.07405420438190304 -0.02773173465616221 0.007157986949882077 4.97684597831365e-11 1.000000000021278 21
2.0500000000000003 0.9921170866387004 -5.255563907318433e-11 -0.07754845876621813 0.030155352028699393 -0.07754845848221979 -0.030155352554374754 0.007882913384518516 5.3567490291524544e-11 1.0000000000232188 21
2.1 0.9912638384361937 -5.609864797894447e-11 -0.08137566077884922 0.0329947495572381 -0.08137566055512105 -0.03299475012914738 0.008736161587051807 5.6929276588221833e-11 1.0000000000232454 23
2.15 0.9902519146956822 -5.898089601883556e-11 -0.08558717192056865 0.03629209157360207 -0.08558717176084008 -0.036292092185823736 0.009748085325804748 5.968117900777021e-11 1.000000000021487 23
2.2 0.9890438728969889 -6.107548027852917e-11 -0.09023942415446648 0.04009148175400097 -0.0902394240613923 -0.04009148240038891 0.010956127121198932 6.158977321329186e-11 1.000000000018188 23
2.25 0.9875936599141709 -6.215163806866697e-11 -0.09539410000112195 0.044438210812586885 -0.09539409997635431 -0.044438211486339946 0.012406340100581212 6.247083779491651e-11 1.0000000000147522 23
2.3000000000000003 0.9858448665799325 -6.188153832486293e-11 -0.10111816612126993 0.04937740681243389 -0.101118166169081 -0.04937740750559708 0.014155133431216306 6.216052134117282e-11 1.0000000000111489 24
2.35 0.9837288091017675 -5.99929292197854e-11 -0.10748366136996175 0.05495180805776004 -0.10748366150038248 -0.05495180875845689 0.016271190905874002 6.016310895352835e-11 1.0000000000076414 24
2.4000000000000004 0.9811625646848839 -5.6369222124651994e-11 -0.11456709687032712 0.06119828928951163 -0.11456709708185642 -0.06119828998367737 0.018837435319254255 5.61930793367348e-11 1.0000000000041382 25
2.45 0.9780472153846496 -5.047019740288924e-11 -0.12244827071667187 0.06814267951244037 -0.1224482709971692 -0.06814268018837127 0.02195278461551696 5.0392627348721734e-11 1.0000000000001665 25
2.5 0.9742667487380683 -4.2088041868953964e-11 -0.13120823517715016 0.07579234161907464 -0.13120823551563207 -0.07579234225693544 0.025733251257505765 4.249387701352917e-11 0.9999999999955741 27
2.5500000000000003 0.9696883390847798 -3.141982943302533e-11 -0.14092608706347093 0.08412599425689339 -0.14092608745714041 -0.08412599485667306 0.03031166090549003 3.224518252710191e-11 0.9999999999902698 27
2.6 0.9641650810680382 -1.8189926123329773e-11 -0.15167420063292458 0.09308043845243841 -0.15167420107490287 -0.09308043900987387 0.035834918918046695 1.953839844799206e-11 0.9999999999860849 29
2.6500000000000004 0.9575426058460792 -2.296540733224657e-12 -0.16351152083865672 0.10253434152293393 -0.1635115213226257 -0.10253434203320422 0.042457394135098726 4.245404153426101e-12 0.999999999981178 29
2.7 0.949671223825727 1.6084338357824498e-11 -0.1764746379260117 0.11229018690150577 -0.1764746384416666 -0.11229018736297477 0.0503287761518004 -1.3346100556243557e-11 0.9999999999775274 30
2.75 0.9404250107076203 3.7065818175302174e-11 -0.19056664349806526 0.12205701787309181 -0.19056664403945206 -0.1220570182794634 0.05957498926579284 -3.3527782263530966e-11 0.9999999999734132 30
2.8000000000000003 0.9297281714304805 6.055239369191993e-11 -0.20574429080584378 0.1314385537308656 -0.20574429136705694 -0.13143855406824104 0.07027182853841372 -5.606213037585111e-11 0.9999999999688942 31
2.85 0.9175867115881373 8.636043722694647e-11 -0.2219047595368241 0.13993304346029237 -0.2219047601089701 -0.13993304371656148 0.08241328837593649 -8.084233782910707e-11 0.9999999999640738 32
2.9000000000000004 0.9041199954447495 1.1319624191614878e-10 -0.23887423683743345 0.14695165305612037 -0.2388742374118093 -0.14695165322435744 0.09588000451430959 -1.070048474648052e-10 0.9999999999590591 34
2.95 0.8895832131303408 1.4080535924992178e-10 -0.25640125479414505 0.1518597701355843 -0.2564012553609195 -0.15185977021440702 0.11041678682537734 -1.3430937560220437e-10 0.9999999999557182 34
3.0 0.8743702719087093 1.6842296784308015e-10 -0.27415779330056017 0.15403958093362474 -0.27415779384720634 -0.15403958092617862 0.12562972804500944 -1.61696980479475e-10 0.9999999999537188 35
3.0500000000000003 0.8589895296217382 1.9502100268755895e-10 -0.2917501464709838 0.15296394977260613 -0.29175014698391655 -0.15296394968489216 0.1410104703304916 -1.8816523027191312e-10 0.9999999999522299 35
3.1 0.8440126545010402 2.1990027141541832e-10 -0.3087394479135649 0.14826484245765334 -0.3087394483807437 -0.14826484229839626 0.15598734545000592 -2.126048331783597e-10 0.9999999999510462 35
3.1500000000000004 0.8300068513033464 2.416935959895386e-10 -0.32466917926881705 0.13977874196412468 -0.3246691796803138 -0.13977874174236246 0.1699931486461317 -2.340743759915058e-10 0.9999999999494781 36
3.2 0.8174674459702982 2.5982947003278224e-10 -0.3390950155655101 0.12755830482747532 -0.3390950159129229 -0.12755830455210723 0.18253255397803383 -2.5197627478138014e-10 0.999999999948332 36
3.25 0.8067673743084646 2.7417788196873e-10 -0.35161188997747234 0.11185072784644372 -0.3516118902540668 -0.1118507275273305 0.19323262563864246 -2.660797071736745e-10 0.999999999947107 36
3.3000000000000003 0.7981329669761215 2.8472930568876415e-10 -0.3618743378194799 0.09305305669299788 -0.361874338021075 -0.09305305633990392 0.20186703296954484 -2.763847083161857e-10 0.9999999999456664 36
3.35 0.7916459720845476 2.9167833783894124e-10 -0.36960834271587883 0.07165868537582533 -0.36960834284100963 -0.07165868499890762 0.20835402785971877 -2.8304912893471444e-10 0.9999999999442664 36
3.4000000000000004 0.7872647464509278 2.9540419995691085e-10 -0.37461507022066826 0.04820734619038512 -0.37461507026952034 -0.0482073457993607 0.21273525349201253 -2.864659495284629e-10 0.9999999999429403 36
3.45 0.784855066391018 2.963555848842118e-10 -0.37676831066704797 0.023245763570386553 -0.3767683106410693 -0.023245763174630174 0.21514493355063705 -2.870931665799156e-10 0.999999999941655 36
3.5 0.7842222756097359 2.9500513597431825e-10 -0.37600796187882 -0.0026990139052246484 -0.37600796178070894 0.002699014296635899 0.2157777243306687 -2.8539688894104324e-10 0.9999999999404046 36
3.5500000000000003 0.7851394674615382 2.9184830308450755e-10 -0.3723316737626527 -0.029135025413968788 -0.3723316735961234 0.029135025792393153 0.2148605324776694 -2.818631455297262e-10 0.9999999999392075 36
3.6 0.7873693608586231 2.873045382764324e-10 -0.3657862092317774 -0.05561245290329115 -0.3657862090018823 0.05561245326080119 0.21263063907893517 -2.7669298091197205e-10 0.9999999999375583 36
3.6500000000000004 0.7906796322032071 2.81798163925527e-10 -0.35645945180227323 -0.08172531230036 -0.35645945151547853 0.08172531263035906 0.20932036773260582 -2.7047302075350044e-10 0.9999999999358129 36
3.7 0.7948525988364573 2.756708816481446e-10 -0.34447347975764064 -0.1071101917585892 -0.3444734794210074 0.10711019205554437 0.2051474010974748 -2.6362296795856546e-10 0.9999999999339322 36
3.75 0.7996905521403213 2.6908309953445926e-10 -0.3299787835885016 -0.13144369744919457 -0.3299787832096851 0.13144369770852543 0.20030944779158052 -2.5659182918467436e-10 0.9999999999319018 36
3.8000000000000003 0.8050180140306106 2.6224437177514277e-10 -0.31314951219555515 -0.15443960966233275 -0.31314951178187367 0.15443960988003672 0.1949819858992943 -2.496516445173994e-10 0.9999999999299048 36
3.85 0.8106819755521864 2.5548535999736835e-10 -0.29417955258068346 -0.17584627153602125 -0.29417955213934416 0.1758462717107346 0.18931802437514972 -2.425773277111474e-10 0.9999999999273361 35
3.9000000000000004 0.8165509144292206 2.4828391855357883e-10 -0.2732792350492512 -0.19544442295754777 -0.273279234585766 0.1954444230869097 0.18344908549499508 -2.354381243466768e-10 0.9999999999242156 34
3.95 0.82251315022057 2.411944182355518e-10 -0.25067247859261454 -0.21304551321045304 -0.2506724781128582 0.21304551329178661 0.17748684970071418 -2.2871734300765e-10 0.9999999999212842 34
4.0 0.82847490634673 2.344070364443237e-10 -0.22659422769376666 -0.22849043510777975 -0.22659422720402955 0.22849043513754605 0.17152509357117413 -2.226073317932443e-10 0.9999999999179041 34
4.05 0.8343583094454532 2.2803852349313533e-10 -0.20128807007342295 -0.24164858620317656 -0.2012880695803613 0.24164858617890023 0.16564169046961563 -2.1681452391909116e-10 0.9999999999150688 34
4.1000000000000005 0.8400994604887166 2.2215975063264335e-10 -0.17500395908252647 -0.2524171555173682 -0.17500395859250711 0.2524171554377507 0.15990053942447355 -2.1140179462269312e-10 0.9999999999131902 34
4.15 0.8456466486992461 2.1702579521195056e-10 -0.1479959923498005 -0.2607205419603934 -0.147995991869568 0.2607205418261048 0.15435335121286328 -2.0667945467667935e-10 0.9999999999121094 33
4.2 0.8509587392254802 2.123247136373357e-10 -0.12052021989502157 -0.2665098245956878 -0.12052021942880554 0.2665098244101397 0.14904126068566192 -2.0256767804035666e-10 0.9999999999111421 33
4.25 0.856003741361745 2.079718385272562e-10 -0.09283247084862466 -0.26976222029836266 -0.09283247039901167 0.26976222006477885 0.14399625854866333 -1.98836938047759e-10 0.9999999999104083 33
4.3 0.8607575504162005 2.0407569209954592e-10 -0.0651861993440534 -0.27048047903764233 -0.06518619891111185 0.2704804787571652 0.13924244949363238 -1.9545072490151387e-10 0.9999999999098329 33
4.3500000000000005 0.8652028492950987 2.0065090477056918e-10 -0.03783035799145836 -0.26869217995087724 -0.03783035757744753 0.2686921796244007 0.1347971506179703 -1.9222443478008855e-10 0.999999999913069 33
4.4 0.8693281529019431 1.9764881124515716e-10 -0.011007312525810713 -0.2644489023866186 -0.01100731213605192 0.2644489020168961 0.1306718470127049 -1.8948455725696396e-10 0.999999999914648 33
4.45 0.8731269779922023 1.9478823215953664e-10 0.015049185694501597 -0.2578252552685956 0.015049186052640601 0.25782525485883767 0.12687302192489092 -1.8655512711205098e-10 0.9999999999170932 32
4.5 0.8765971218100267 1.9265693934116517e-10 0.040115950966107476 -0.24891775569318605 0.040115951285331235 0.24891775524826396 0.12340287810759905 -1.8412220513102883e-10 0.9999999999176258 32
4.55 0.8797400344047549 1.908120303002029e-10 0.06398221936380734 -0.23784355389894943 0.06398221963758988 0.23784355342419844 0.12025996551388399 -1.8205940822375764e-10 0.9999999999186389 32
4.6000000000000005 0.8825602711876347 1.8935446188672597e-10 0.08645139101546738 -0.22473900686288234 0.08645139123823066 0.22473900636388733 0.11743972873200881 -1.804093930688772e-10 0.9999999999196435 32
4.65 0.8850650140938966 1.8836064486505814e-10 0.10734264065229768 -0.2097581069614079 0.10734264081946014 0.20975810644423853 0.11493498582478219 -1.7898479633882325e-10 0.9999999999186788 30
4.7 0.887263651365399 1.877382471660061e-10 0.12649237980822073 -0.19307077558621533 0.12649237991662743 0.19307077505663764 0.11273634855330894 -1.7803146976790303e-10 0.9999999999187079 30
4.75 0.8891674074742151 1.8698393335594603e-10 0.14375555561668193 -0.17486103442049108 0.14375555566557874 0.17486103388461036 0.1108325924461832 -1.7741200105652753e-10 0.9999999999203982 30
4.800000000000001 0.8907890160641921 1.8669295776192126e-10 0.15900677294843135 -0.15532506937673446 0.1590067729354022 0.15532506884007835 0.10921098385677366 -1.771267474381615e-10 0.9999999999209658 30
4.8500000000000005 0.8921424299465914 1.8736114577822506e-10 0.17214122861391112 -0.13466920403982852 0.17214122853757405 0.13466920350749642 0.10785756997712719 -1.7727523144250717e-10 0.9999999999237186 30
4.9 0.8932425631231514 1.8748870044905086e-10 0.1830754484363632 -0.11310780090705987 0.1830754482958901 0.1131078003862832 0.10675743680627602 -1.7699991283951295e-10 0.9999999999294275 28
4.95 0.8941050607100722 1.8835738624414374e-10 0.19174782018056755 -0.09086110982717838 0.19174781997620513 0.09086110932468677 0.10589493922203702 -1.7729700092194136e-10 0.9999999999321092 28
5.0 0.8947460933129858 1.899723546005991e-10 0.1981189175768984 -0.06815308376588884 0.19811891730870348 0.06815308328952976 0.10525390662170458 -1.7792696095113976e-10 0.9999999999346905 28
5.050000000000001 0.8951821729423441 1.9142297738808952e-10 0.20217161289274305 -0.045209182559142774 0.2021716125638329 0.04520918211746408 0.1048178269949106 -1.7871015635008006e-10 0.9999999999372547 28
5.1000000000000005 0.8954299881183779 1.928742245204231e-10 0.2039109777837984 -0.022254185476903325 0.2039109773970724 0.022254185075246253 0.10457001182112716 -1.796311351458026e-10 0.9999999999395051 28
5.15 0.8955062561631099 1.9456207147065094e-10 0.2033639743699389 0.0004899666488662664 0.2033639739306901 -0.0004899670046431979 0.10449374377842596 -1.8073457663304381e-10 0.9999999999415359 28
5.2 0.8954275910185948 1.9632598265529295e-10 0.20057894067212143 0.022806279267890046 0.20057894018647776 -0.022806279572638973 0.10457240892397533 -1.8195417332080378e-10 0.9999999999425702 27
5.25 0.8952103852117117 1.9816727903510398e-10 0.19562487663910622 0.0444847420357704 0.19562487611372836 -0.04448474228556685 0.10478961473208176 -1.8324493673920156e-10 0.9999999999437934 27
5.300000000000001 0.8948707047826877 2.0005349554825376e-10 0.1885905390296542 0.06532427768998719 0.1885905384713878 -0.06532427788174133 0.10512929516214368 -1.8458054450951462e-10 0.9999999999448314 27
5.3500000000000005 0.8944241961980012 2.0195738323800379e-10 0.1795833553202858 0.0851345837224444 0.17958335473596587 -0.08513458385368153 0.1055758037469674 -1.8594215975428712e-10 0.9999999999449686 27
5.4 0.8938860043909895 2.038767158768593e-10 0.16872816859690132 0.10373784986600892 0.168728167993286 -0.1037378499345184 0.10611399555408285 -1.8730079153334477e-10 0.9999999999450724 26
5.45 0.8932707011994614 2.0575197419943831e-10 0.15616582703666643 0.12097033575610946 0.1561658264205611 -0.12097033576053674 0.10672929874571 -1.8865152596972207e-10 0.9999999999451714 26
5.5 0.8925922235537821 2.0751019221320306e-10 0.1420516330554377 0.1366837946231778 0.14205163243336352 -0.1366837945624867 0.10740777639123816 -1.9006454134514718e-10 0.9999999999450202 25
5.550000000000001 0.8918638208468854 2.0927076459761617e-10 0.12655366852974181 0.15074673051746357 0.1265536679089042 -0.15074673039156503 0.10813617909800283 -1.913756434166438e-10 0.9999999999448883 25
5.6000000000000005 0.8910980109643106 2.1094907276684778e-10 0.10985101361045059 0.16304547832080843 0.10985101299795112 -0.16304547813017858 0.10890198898037975 -1.9263201835846585e-10 0.9999999999446904 25
5.65 0.8903065445019399 2.1252806789371338e-10 0.09213187759327196 0.17348509765677345 0.09213187699623163 -0.1734850974026427 0.10969345544251215 -1.9382321097605895e-10 0.9999999999444521 25
5.7 0.8895003767247819 2.1399917725283036e-10 0.07359166104044003 0.18199007374457252 0.07359166046593262 -0.18199007342882026 0.11049962321878046 -1.9483331309097356e-10 0.9999999999435624 25
5.75 0.8886896468454699 2.1534603746914147e-10 0.054430968878161845 0.18850482022996787 0.054430968332877964 -0.18850481985522344 0.11131035309744391 -1.9577381621648084e-10 0.9999999999429139 25
5.800000000000001 0.88788366421559 2.167279818437087e-10 0.034853594514218024 0.19299398104892773 0.03485359400233831 -0.19299398061827186 0.1121163357264889 -1.9662570321670625e-10 0.9999999999420789 25
5.8500000000000005 0.8870909010389995 2.2175445919260017e-10 0.01506449512819798 0.19544253041687867 0.0150644946540977 -0.1954425299339677 0.11290909890633814 -1.9755030802061882e-10 0.9999999999453376 24
5.9 0.8863189911947355 2.2514123081055533e-10 -0.004732221807169029 0.1958556720469952 -0.004732222237092824 -0.19585567151557431 0.113681008752381 -1.9838597817022614e-10 0.9999999999471164 24
5.95 0.8855747348298165 2.2837411988981753e-10 -0.024335281016003255 0.19425854072967058 -0.024335281393406002 -0.19425854015274208 0.1144252651187762 -1.9911839011883043e-10 0.9999999999485927 24
6.0 0.8848641082868048 2.2785641160301503e-10 -0.04354817166566495 0.1906957113008531 -0.043548171985910954 -0.19069571068408908 0.11513589166406726 -1.9957889935804142e-10 0.9999999999508721 23
6.050000000000001 0.8841922790066427 2.2873037502048266e-10 -0.06218101083198469 0.18523052193748332 -0.062181011090759866 -0.18523052128689335 0.11580772094589172 -2.0001637904552808e-10 0.9999999999525344 23
6.1000000000000005 0.8835636250219251 2.294048424474011e-10 -0.08005232046138949 0.17794422048668493 -0.08005232065526988 -0.17794421981022845 0.1164363749310183 -2.0038356801821977e-10 0.9999999999529434 23
6.15 0.8829817586440701 2.2990835464432154e-10 -0.09699070121158779 0.16893494420838376 -0.09699070133786167 -0.1689349435143009 0.11701824130887693 -2.0034370831795706e-10 0.9999999999529471 23
6.2 0.8824495539620435 2.302528590842507e-10 -0.11283638772656764 0.15831654486918725 -0.11283638778370554 -0.15831654416578572 0.11755044599037236 -2.004013029337408e-10 0.9999999999524158 22
6.25 0.8819691777642974 2.3042593070360093e-10 -0.1274426712543079 0.14621727254450392 -0.1274426712416234 -0.14621727183996377 0.11803082218745616 -2.003761365761639e-10 0.9999999999517536 22
6.300000000000001 0.8815421234960997 2.3044706211898516e-10 -0.14067717698821475 0.13277833274769618 -0.14067717690593065 -0.13277833205000406 0.1184578764546677 -2.002777122569758e-10 0.9999999999507674 22
6.3500000000000005 0.8811692478680503 2.303271612728088e-10 -0.15242298510080166 0.1181523326125697 -0.1524229849500252 -0.11815233192946742 0.11883075208144636 -2.0011109545454338e-10 0.9999999999494966 22
6.4 0.8808508097334012 2.300779944848114e-10 -0.16257958611757894 0.10250163278961834 -0.16257958590025937 -0.10250163212853372 0.11914919021458235 -1.9988117650645443e-10 0.9999999999479836 22
6.45 0.8805865108571621 2.2971202634965875e-10 -0.17106366303411527 0.08599662247330764 -0.17106366275299079 -0.08599662184128401 0.11941348908909416 -1.9959299933941383e-10 0.9999999999462563 22
6.5 0.8803755382059812 2.2924226041371528e-10 -0.17780969439197483 0.06881393555073612 -0.1778096940505114 -0.06881393495436529 0.1196244617383719 -1.9925147701747094e-10 0.9999999999443532 22
6.550000000000001 0.8802166073954657 2.2868317162890302e-10 -0.18277037437937585 0.05113462624772007 -0.1827703739817017 -0.051134625693091455 0.11978339254680873 -1.988575753533631e-10 0.9999999999422744 22
6.6000000000000005 0.8801080069408084 2.2804489806538655e-10 -0.18591684789158033 0.03314232284498477 -0.18591684744241851 -0.03314232233760442 0.11989199299927442 -1.984209219563246e-10 0.9999999999400828 22
6.65 0.8800476429678119 2.2739745357164685e-10 -0.18723876035649467 0.015021378048542873 -0.1872387598619553 -0.01502137759330011 0.11995235696979249 -1.9711732764068902e-10 0.9999999999376044 22
6.7 0.8800330840542303 2.267355628206574e-10 -0.18674412397483864 -0.003044965589624008 -0.18674412344044455 0.0030449659916259447 0.11996691588116892 -1.9579289846147926e-10 0.9999999999353992 22
6.75 0.8800616058821243 2.2600991480258597e-10 -0.18445900384291392 -0.020876377151572992 -0.1844590032732024 0.02087637749784209 0.11993839405110936 -1.952868207225988e-10 0.9999999999332337 22
6.800000000000001 0.8801302354037047 2.2519251152588388e-10 -0.18042702917392606 -0.03829718823586544 -0.1804270285736142 0.03829718852133135 0.11986976452773526 -1.947550612195711e-10 0.99999999993144 22
6.8500000000000005 0.8802357942311997 2.2435434813489807e-10 -0.17470873653167857 -0.05513807643163703 -0.1747087359056079 0.055138076653029916 0.11976420569860477 -1.9419828947584e-10 0.9999999999298045 22
6.9 0.8803749409869265 2.2350585562469593e-10 -0.16738075356307583 -0.07123766547583513 -0.1673807529176679 0.07123766563058438 0.11962505894140625 -1.9361887907736548e-10 0.9999999999283328 22
6.95 0.8805442123631182 2.2269340850524025e-10 -0.15853483323132406 -0.08644402715960293 -0.15853483257390433 0.08644402724600557 0.1194557875638931 -1.9302563062386802e-10 0.9999999999270113 22
7.0 0.8807400626635061 2.2185645498444107e-10 -0.1482767499055699 -0.10061607123063628 -0.14827674924374978 0.10061607124790044 0.11925993726237154 -1.9242675045386953e-10 0.9999999999258776 22
7.050000000000001 0.8809589016175674 2.210382933561401e-10 -0.13672506991776598 -0.11362481080667979 -0.13672506925921396 0.11362481075503521 0.1190410983073535 -1.9182430299945574e-10 0.999999999924921 22
7.1000000000000005 0.8811971302809161 2.2023728800376728e-10 -0.12400981029773336 -0.12535449220482728 -0.12400980965059226 0.12535449208469962 0.11880286964304834 -1.9108799714392595e-10 0.9999999999239644 22
7.15 0.8814511748561493 2.1946716902141377e-10 -0.11027100035088919 -0.1357035795728453 -0.11027099972280423 0.13570357938602443 0.11854882506709591 -1.9046312005671683e-10 0.9999999999232452 22
7.2 0.8817175182893292 2.1874258764029708e-10 -0.09565716153775725 -0.1445855862699251 -0.09565716093584016 0.1445855860191058 0.11828248163337206 -1.898673569692122e-10 0.9999999999227013 22
7.25 0.8819927295219245 2.1806782181582157e-10 -0.08032372174650841 -0.15192974656752523 -0.08032372117727983 0.1519297462562314 0.11800727040038768 -1.8930569046777412e-10 0.9999999999223123 22
7.300000000000001 0.8822734902977094 2.174462327350163e-10 -0.06443138051198696 -0.15768152290832607 -0.06443137998136257 0.1576815225407402 0.11772650962437127 -1.8878228467050086e-10 0.9999999999220807 22
7.3500000000000005 0.8825566194472783 2.1688049378549994e-10 -0.04814444202715692 -0.161802945657303 -0.0481444415404493 0.16180294523816321 0.11744338047471892 -1.8830061106492844e-10 0.9999999999219972 22
7.4 0.8828390945943513 2.163726400553259e-10 -0.031629132913077576 -0.1642727839850028 -0.03162913247498725 0.16427278351952856 0.11716090532770389 -1.878636215543751e-10 0.9999999999220551 22
7.45 0.8831180712492169 2.1592390484220965e-10 -0.015051921662837774 -0.16508654822243377 -0.015051921277435031 0.16508654771625755 0.11688192867302954 -1.8747344573744554e-10 0.9999999999222464 22
7.5 0.883390899275447 2.1549001072633353e-10 0.0014221435442595262 -0.1642563257026627 0.0014221438733681396 0.16425632516175295 0.11660910064706079 -1.879492650446011e-10 0.9999999999225078 22
7.550000000000001 0.8836551367360236 2.1512890544579642e-10 0.017631062344118317 -0.1618104537403879 0.017631062614251562 0.1618104531700635 0.11634486318650068 -1.8824100783625342e-10 0.9999999999225243 22
7.6000000000000005 0.8839085611443536 2.148708963263883e-10 0.03341745923557103 -0.15779303497574934 0.0334174594447766 0.1577930343821527 0.1160914387780749 -1.8775213802116334e-10 0.9999999999224285 22
7.65 0.8841491781636059 2.1463168575747045e-10 0.0486300950917163 -0.15226330182786688 0.04863009523820352 0.15226330121839607 0.11585082175833254 -1.8755012409307212e-10 0.9999999999219384 22
7.7 0.8843752278160126 2.1444487077169656e-10 0.06312529889294656 -0.1452948382123463 0.06312529897586376 0.14529483759396394 0.11562477210558428 -1.873854690398895e-10 0.9999999999215969 22
7.75 0.8845851882780749 2.1430811197035654e-10 0.07676830640263481 -0.1369746680110473 0.076768306421796 0.1369746673904514 0.11541481164318708 -1.872729791675533e-10 0.999999999921262 22
7.800000000000001 0.8847777773553318 2.1422015620939604e-10 0.08943449359618515 -0.1274022209914533 0.08943449355217693 0.1274022203752539 0.11522222256561551 -1.8721084368353658e-10 0.9999999999209473 22
7.8500000000000005 0.8849519517413981 2.1417890413663867e-10 0.10101049384960382 -0.11668818796783516 0.1010104937436967 0.11668818736247358 0.11504804817925005 -1.8719672612046688e-10 0.9999999999206481 22
7.9 0.8851069041800668 2.1418168764644788e-10 0.11139518918556089 -0.10495327795555143 0.11139518901966557 0.10495327736722312 0.11489309574030215 -1.8722805992339038e-10 0.9999999999203689 22
7.95 0.8852420586595762 2.1422536945206837e-10 0.12050056724793208 -0.09232689089299656 0.12050056702456012 0.09232689032759636 0.11475794126052881 -1.8730197308290054e-10 0.999999999920105 22
8.0 0.8853570637749265 2.158656861223134e-10 0.12825243710985282 -0.078945720184035 0.12825243683511084 0.07894571964566932 0.11464293614192485 -1.8743924701649725e-10 0.9999999999168514 22
8.05 0.8854517844213463 2.1506912940229399e-10 0.13459099854183906 -0.06495229983078199 0.13459099821357254 0.06495229932355255 0.11454821549293308 -1.8762720189067038e-10 0.9999999999142793 22
8.1 0.8855262919362661 2.157397200467596e-10 0.13947126081737007 -0.05049351132402596 0.13947126043747102 0.050493510855655135 0.11447370797328459 -1.878324957275885e-10 0.9999999999095507 22
8.15 0.8855808528977066 2.1593131165762357e-10 0.14286330876971493 -0.03571906563997306 0.14286330834709332 0.03571906521340136 0.11441914700721194 -1.880633164587477e-10 0.9999999999049185 22
8.200000000000001 0.8856159166976011 2.1614472408353258e-10 0.14475241533404715 -0.02077997577465243 0.14475241487409157 0.020779975393727248 0.11438408320306288 -1.8831679340146956e-10 0.999999999900664 22
8.25 0.8856321020834276 2.1637680043740923e-10 0.1451390012887167 -0.005827035167690494 0.1451390007964031 0.00582703483582743 0.11436789781337804 -1.8858895380454903e-10 0.9999999998968057 22
8.3 0.8856301828240941 2.1662275699811721e-10 0.14403844452282283 0.00899068291766989 0.14403844400314095 -0.008990683197692802 0.11436981706926184 -1.8887585783277742e-10 0.999999999893356 22
8.35 0.8856110726674855 2.1687869472348702e-10 0.14148074255978146 0.02352729035219939 0.1414807420178943 -0.02352729057821234 0.11438892722285177 -1.8917368785098402e-10 0.9999999998903373 22
8.4 0.8855758097543834 2.1714093845403706e-10 0.13751003350673532 0.03764149927759183 0.13751003294797498 -0.03764149944797407 0.1144241901333632 -1.8947870886505262e-10 0.9999999998877467 22
8.450000000000001 0.8855255406528555 2.1728451364242358e-10 0.1321839819429228 0.051197973929084824 0.13218398137280377 -0.051197974042501926 0.11447445923379636 -1.898500230138231e-10 0.9999999998866519 20
8.5 0.8854615041581869 2.1751376894122458e-10 0.12557303754118346 0.06406860647214022 0.1255730369651281 -0.06406860652793858 0.11453849572711672 -1.9017159326360872e-10 0.9999999998853036 20
8.55 0.8853850150392515 2.1774164205176028e-10 0.11775957536076176 0.07613370500688313 0.11775957478429042 -0.07613370500500967 0.1146149848451172 -1.904840346405441e-10 0.9999999998843687 20
8.6 0.8852974478442217 2.1796574475018793e-10 0.10883692784587544 0.08728308306972152 0.10883692727452172 -0.08728308301071071 0.11470255203961387 -1.907846325249338e-10 0.9999999998838356 20
8.65 0.8852002209270963 2.1818382993713393e-10 0.09890831951544006 0.09741704092064371 0.09890831895468201 -0.09741704080559292 0.11479977895659557 -1.910707112527667e-10 0.9999999998836918 20
8.700000000000001 0.8850947808189709 2.183938532042025e-10 0.08808571615802456 0.10644723018426429 0.08808571561321218 -0.10644723001481368 0.11490521906495614 -1.9133990836132584e-10 0.999999999883927 20
8.75 0.884982587067948 2.1859389212570851e-10 0.07648860105835076 0.11429739466194738 0.07648860053463699 -0.11429739444025826 0.1150174128165771 -1.915902609338921e-10 0.999999999884525 20
8.8 0.8848650976612319 2.1878230959757839e-10 0.06424269135407497 0.12090398145352037 0.06424269085635471 -0.1209039811822494 0.11513490222422769 -1.9182001191313828e-10 0.9999999998854596 20
8.85 0.8847437551330893 2.189576142242949e-10 0.05147860805807583 0.12621661789259836 0.05147860759093267 -0.12621661757486366 0.11525624475362889 -1.920277120127366e-10 0.9999999998867182 20
8.9 0.8846199734519244 2.1911847698941352e-10 0.03833051357721414 0.1301984511928989 0.03833051314487478 -0.1301984508322434 0.11538002643634952 -1.9221227669778831e-10 0.9999999998882739 20
8.950000000000001 0.884495125769197 2.1926382398632273e-10 0.024934730712634027 0.13282634911007132 0.02493473031892887 -0.13282634871042004 0.11550487412091288 -1.923729774646662e-10 0.9999999998901099 20
9.0 0.8843705331017474 2.1939269028321774e-10 0.011428357139366626 0.13409096133025278 0.011428356787696799 -0.13409096089586792 0.11562946679043332 -1.9250917051688145e-10 0.9999999998921807 20
9.05 0.8842474540070651 2.1951193677365787e-10 -0.002052110765586827 0.1339966426885558 -0.0020521110722761323 -0.13399664222398563 0.11575254588620554 -1.9262271599529385e-10 0.9999999998932706 20
9.1 0.8841270753056977 2.196154073910667e-10 -0.015372131127078604 0.13256124067871322 -0.015372131386312675 -0.13256124018877724 0.11587292458802184 -1.9271060163683527e-10 0.9999999998937195 20
9.15 0.884010503881995 2.1970005853714374e-10 -0.02840043363601321 0.12981575108352642 -0.02840043384589388 -0.12981575057320205 0.11598949601263658 -1.9277510506738977e-10 0.9999999998946316 20
9.200000000000001 0.8838987595923201 2.1976626244598987e-10 -0.041010287728348326 0.12580384670363318 -0.0410102878874473 -0.12580384617798415 0.1161012403036581 -1.9281639690904003e-10 0.9999999998959782 20
9.25 0.8837927693015527 2.1981431274198736e-10 -0.05308070988111841 0.12058128552718067 -0.05308070998847864 -0.12058128499136389 0.11620723059618288 -1.9283493276343908e-10 0.9999999998977356 20
9.3 0.883693362049382 2.1984452239645909e-10 -0.064497598718565 0.11421520569277656 -0.0644975987737194 -0.11421520515200125 0.11630663785049077 -1.928311438551282e-10 0.9999999998998728 20
9.35 0.8836012653431873 2.198571628688169e-10 -0.07515478750207832 0.10678331567489922 -0.07515478750506105 -0.10678331513437175 0.11639873455916816 -1.9280545793585336e-10 0.9999999999023554 20
9.4 0.8835171025633836 2.1985252402420212e-10 -0.08495500452701248 0.09837298905915087 -0.08495500447836213 -0.09837298852402258 0.11648289734176939 -1.9275852907666495e-10 0.999999999905153 20
9.450000000000001 0.8834413914578358 2.198309801678613e-10 -0.0938107329844065 0.08908027411040642 -0.09381073288515866 -0.08908027358572354 0.11655860845038231 -1.9269113972410977e-10 0.9999999999082182 20
9.5 0.8833745436935546 2.1966993784432438e-10 -0.10164496295227146 0.07900882906083175 -0.10164496280436967 -0.0790088285510711 0.1166254562182349 -1.9243024431394496e-10 0.9999999999117896 20
9.55 0.8833168654244222 2.1950417465444613e-10 -0.10839182934772537 0.06826879465053527 -0.10839182915629575 -0.0682687941584183 0.11668313449109825 -1.922404158809068e-10 0.9999999999155205 20
9.600000000000001 0.8832685588297626 2.193297677949614e-10 -0.1139971308839751 0.05697561593855824 -0.113997130654153 -0.056975615465644384 0.11673144108965888 -1.9205168229939058e-10 0.9999999999194216 20
9.65 0.8832297245668538 2.1915019729813744e-10 -0.11841872632388147 0.04524882575765777 -0.11841872606004879 -0.045248825304691674 0.11677027535660371 -1.9186395024009493e-10 0.9999999999234574 20
9.700000000000001 0.8832003650787705 2.1896859069658931e-10 -0.12162680559260955 0.033210802417897596 -0.12162680529823587 -0.033210801985107175 0.11679963484882679 -1.916792446485427e-10 0.9999999999275974 20
9.75 0.883180388691544 2.187879052762563e-10 -0.12360403458850491 0.020985514365140505 -0.123604034266285 -0.020985513952496475 0.11681961124024155 -1.9150057207614317e-10 0.9999999999317856 20
9.8 0.8831696144308375 2.1861078450495186e-10 -0.12434557380599194 0.008697264473887995 -0.12434557345808045 -0.008697264081342799 0.11683038550514871 -1.9133125158087986e-10 0.9999999999359862 20
9.850000000000001 0.8831677774843799 2.1843963051900716e-10 -0.12385897214128345 -0.0035305534987854067 -0.12385897176950314 0.003530553871118568 0.11683222245577563 -1.9117465504186586e-10 0.9999999999401555 20
9.9 0.8831745352340388 2.181936841218384e-10 -0.12216393847963719 -0.015576674047442833 -0.12216393808555749 0.01557667439890464 0.11682546471082594 -1.9117076504506048e-10 0.9999999999448648 20
9.950000000000001 0.8831894737771657 2.1801961559811453e-10 -0.11929199485270216 -0.027323142784036 -0.11929199443500665 0.02732314311314139 0.11681052617214792 -1.9105038776825612e-10 0.9999999999493137 20
10.0 0.8832121148608372 2.1784276574766287e-10 -0.11528601607513367 -0.03865645168608459 -0.11528601563203879 0.03865645198990298 0.11678788509278752 -1.909163377765634e-10 0.9999999999536247 20
10.05 0.8832419231443293 2.1765892255572174e-10 -0.1101996618657668 -0.04946861599338825 -0.11019966139652694 0.04946861626786267 0.1167580768134255 -1.9077304591286517e-10 0.9999999999577548 20
10.100000000000001 0.8832783137118979 2.1746611561237074e-10 -0.10409670843807792 -0.059658182735750916 -0.10409670794347509 0.05965818297618731 0.11672168624978055 -1.9062232195379492e-10 0.9999999999616784 20
10.15 0.8833206597543396 2.1686800056372532e-10 -0.09705028746477556 -0.06913116167699337 -0.09705028694916734 0.06913116187860259 0.11667934021179611 -1.9130168706901985e-10 0.9999999999661358 20
10.200000000000001 0.8833683003471647 2.1647598523192062e-10 -0.0891420411514521 -0.07780187034962972 -0.0891420406165687 0.07780187050637179 0.1166316996226667 -1.9208954000989098e-10 0.9999999999698315 20
10.25 0.88342054823685 2.1601530861702747e-10 -0.08046120287708995 -0.0855936858112443 -0.08046120232336929 0.08559368591865084 0.11657945173629088 -1.929305099253797e-10 0.9999999999731409 20
10.3 0.883476697576311 2.1548942883365444e-10 -0.0711036134917986 -0.09243969678063357 -0.07110361292022656 0.0924396968355793 0.1165233023997151 -1.9380997984270084e-10 0.9999999999760261 20
10.350000000000001 0.883536031530918 2.1490365751896225e-10 -0.061170683875615445 -0.09828325087730522 -0.06117068328798234 0.09828325087706055 0.11646396844755551 -1.9471374010349493e-10 0.9999999999784734 20
10.4 0.883597829691689 2.14264213638253e-10 -0.05076831476713007 -0.10307839280268398 -0.0507683141659809 0.10307839274465687 0.11640217028878207 -1.956283135778527e-10 0.9999999999804711 20
10.450000000000001 0.8836613752335853 2.1357793430187115e-10 -0.040005785161838336 -0.10679019043979927 -0.04000578455045499 0.10679019032160067 0.11633862474842194 -1.9654138629509083e-10 0.9999999999820073 20
10.5 0.8837259617617599 2.1285207453815361e-10 -0.028994620753825976 -0.10939494700329747 -0.028994620136226654 0.10939494682287906 0.11627403822131781 -1.9744165646786645e-10 0.9999999999830776 20
10.55 0.8837908997931112 2.1317683710129968e-10 -0.017847453953355838 -0.11088029853088537 -0.01784745333232625 0.11088029828689837 0.1162091001907326 -1.9667876722580672e-10 0.9999999999838438 20
10.600000000000001 0.8838555228288307 2.130421655390628e-10 -0.006676886943542378 -0.11124519715947569 -0.006676886325909611 0.11124519685293122 0.1161444771548632 -1.9634635865711505e-10 0.9999999999836939 20
10.65 0.8839191929711827 2.129080410816865e-10 0.004405630903029749 -0.11049978176916082 0.0044056315079200395 0.1104997813996869 0.11608080701186656 -1.9602371932961006e-10 0.9999999999830492 20
10.700000000000001 0.8839813060547389 2.1277780598030312e-10 0.015290900248261474 -0.1086651386624459 0.015290900830424423 0.10866513822962781 0.1160186939271822 -1.9571357426936289e-10 0.9999999999819211 20
10.75 0.8840412962589411 2.1265365278097379e-10 0.02587303301933061 -0.10577295603597096 0.025873033568693568 0.10577295554082183 0.11595870372141778 -1.9541919932086826e-10 0.9999999999803589 20
10.8 0.8840986401787384 2.1253747666990829e-10 0.03605046750557885 -0.10186507699966346 0.03605046801233498 0.1018650764449984 0.11590135979963963 -1.951440543767807e-10 0.9999999999783781 20
10.850000000000001 0.8841528603353628 2.1243106826399467e-10 0.0457269277689903 -0.09699295685230565 0.04572692822397465 0.09699295624263427 0.11584713964065729 -1.948918920500631e-10 0.9999999999760201 20
10.9 0.8842035281147681 2.1233588827319782e-10 0.054812318488648606 -0.09121703120886032 0.05481231888366404 0.09121703055013869 0.11579647185855126 -1.946658427559075e-10 0.9999999999733193 20
10.950000000000001 0.8842502661273338 2.1225319786906585e-10 0.06322354711289657 -0.08460600238251732 0.06322354744094337 0.08460600168187785 0.11574973384297821 -1.9446856843644107e-10 0.999999999970312 20
11.0 0.8842927499878386 2.1218388691867503e-10 0.07088526601828543 -0.07723605214809336 0.0708852662736932 0.07723605141357934 0.1157072499791921 -1.9430216675519234e-10 0.9999999999670307 20
11.05 0.8843307095202023 2.1212443732744997e-10 0.07773052826242365 -0.06918998964716311 0.07773052844090994 0.06918998888748189 0.11566929044335088 -1.9414906240271793e-10 0.9999999999635532 20
11.100000000000001 0.8843639293966421 2.1208761624829791e-10 0.08370135145888905 -0.0605563437339052 0.08370135155755658 0.0605563429581777 0.11563607056324943 -1.9406680121579094e-10 0.9999999999598915 20
11.15 0.8843922492257035 2.120613396213659e-10 0.0887491852862102 -0.05142840949977674 0.08874918530352362 0.0514284087173544 0.1156077507303517 -1.9399990695702324e-10 0.9999999999560552 20
11.200000000000001 0.8844155631084846 2.1204958592190563e-10 0.09283527915957868 -0.04190325905193339 0.09283527909530347 0.04190325827218472 0.11558443684363118 -1.9396647208165734e-10 0.9999999999521157 20
11.25 0.884433818686304 2.1205210443398065e-10 0.09593094763252197 -0.032080726852078786 0.09593094748765171 0.03208072608422582 0.11556618126180283 -1.9396585087714793e-10 0.9999999999481068 20
11.3 0.8844470157072543 2.120684528817467e-10 0.09801773214572757 -0.022062380048979795 0.09801773192239864 0.022062379301949542 0.11555298423682153 -1.9399693227790483e-10 0.9999999999440758 20
11.350000000000001 0.8844552041423713 2.1209811042048256e-10 0.09908745879112334 -0.011950484258462802 0.09908745849252043 0.011950483540758321 0.1155447957976831 -1.9405812730156302e-10 0.9999999999400544 20
11.4 0.884458481885483 2.1214040170562675e-10 0.09914219280044866 -0.0018469751609446988 0.09914219243070509 0.0018469744805349457 0.11554151805060164 -1.9414762124532842e-10 0.9999999999360847 20
11.450000000000001 0.8844569920732887 2.1219455395970415e-10 0.09819409148876583 0.008147553899659966 0.09819409105285841 -0.008147554535432717 0.11554300785891529 -1.942632540052032e-10 0.9999999999322039 20
11.5 0.884450920064626 2.1225975320760517e-10 0.09626515837469699 0.017934838417282595 0.09626515787834064 -0.01793483900177886 0.11554907986381027 -1.9440249580218236e-10 0.9999999999284362 20
11.55 0.8844404901197137 2.1233504013360367e-10 0.09338690215110033 0.027419893807590117 0.09338690160063982 -0.027419894334934428 0.11555950980511444 -1.945627535029382e-10 0.9999999999248281 20
11.600000000000001 0.8844259618212043 2.1233403672140888e-10 0.08959990508345683 0.036511922027820706 0.08959990448561186 -0.0365119224930353 0.11557403809951433 -1.949279211556618e-10 0.9999999999207185 20
11.65 0.8844076262812121 2.1239094665773643e-10 0.08495330625955212 0.045125165240171336 0.08495330562060267 -0.045125165640625776 0.11559237363582157 -1.9511999944547657e-10 0.9999999999170336 20
11.700000000000001 0.8843858021758394 2.1245046204680467e-10 0.07950420589742513 0.05317969866125416 0.07950420522366838 -0.053179698995450685 0.11561419773773175 -1.9527789986047234e-10 0.9999999999135711 20
11.75 0.8843608316532318 2.1251144409813516e-10 0.0733169976269636 0.060602155443417516 0.07331699692440528 -0.06060215571042701 0.11563916825712582 -1.9539897904878115e-10 0.9999999999103576 20
11.8 0.8843330761570697 2.125939216399543e-10 0.06646263629522403 0.0673263771978807 0.06646263556972747 -0.06732637739713393 0.1156669237501167 -1.955763942340189e-10 0.9999999999071864 19
11.850000000000001 0.8843029122092864 2.1266320642459162e-10 0.05901784939455216 0.07329398459264642 0.059017848651486744 -0.07329398472370866 0.1156970876951745 -1.9564447845856357e-10 0.9999999999044609 19
11.9 0.8842707271918604 2.127166824858264e-10 0.05106430067484105 0.07845486332361075 0.051064299919034814 -0.07845486338642527 0.1157292727094898 -1.9554670618573644e-10 0.9999999999013502 19
11.950000000000001 0.8842369151714352 2.1276848613237723e-10 0.042687714870082764 0.08276756165791917 0.04268771410678063 -0.08276756165311552 0.11576308472756176 -1.9552416957513897e-10 0.999999999898997 19
12.0 0.8842018728001195 2.1281776138546595e-10 0.0339769727532396 0.08619959668165271 0.03397697198749371 -0.0861995966097172 0.11579812709687523 -1.954775967520324e-10 0.9999999998969947 19
12.05 0.884165995334174 2.1286404653510345e-10 0.025023185905700355 0.08872766732211555 0.02502318514242768 -0.0887276671836278 0.11583400456118463 -1.954062901206337e-10 0.9999999998953586 19
12.100000000000001 0.8841296728013504 2.1290688202947068e-10 0.01591876068192372 0.09033777317740554 0.015918759925949398 -0.0903377729730585 0.11587032709274811 -1.9531049822566613e-10 0.9999999998940985 19
12.15 0.8840932863496963 2.12945780874004e-10 0.006756460836678096 0.09102523913154995 0.00675646009277954 -0.09102523886217398 0.11590671354352239 -1.951912658415212e-10 0.9999999998932187 19
12.200000000000001 0.884057204806458 2.1298025434051477e-10 -0.0023715218207429807 0.09079464667528273 -0.002371522547798236 -0.09079464634187827 0.11594279508626314 -1.950502141543839e-10 0.9999999998927211 19
12.25 0.8840217814727788 2.1342604214516584e-10 -0.01137447957690571 0.08965967377137941 -0.011374480282169594 -0.08965967337508982 0.11597821841949055 -1.947782788100548e-10 0.9999999998922693 18
12.3 0.8839873511779471 2.1364655053811254e-10 -0.020164074885660545 0.08764284599250999 -0.02016407556250804 -0.0876428455335189 0.1160126487144494 -1.9450224014396856e-10 0.9999999998923965 18
12.350000000000001 0.8839542276110647 2.1285667121525103e-10 -0.02865519184686897 0.08477520251101232 -0.028655192485744146 -0.08477520199075403 0.11604577228245515 -1.9534460020668657e-10 0.9999999998935198 18
12.4 0.8839227009467816 2.139773381055511e-10 -0.03676674502584478 0.08109588132560833 -0.036766745621269074 -0.08109588074151325 0.1160772989482147 -1.9389134341317852e-10 0.9999999998949963 18
12.450000000000001 0.8838930357807374 2.132995293074954e-10 -0.044422438090837485 0.07665162885247423 -0.04442243863942558 -0.07665162821067777 0.11610696411601507 -1.9469725113818916e-10 0.9999999998967525 18
12.5 0.8838654693813929 2.1335786997433465e-10 -0.05155146530107283 0.0714962397330801 -0.0515514657915726 -0.07149623903476848 0.1161345305177574 -1.942951131561348e-10 0.9999999998991502 18
12.55 0.8838402102633478 2.1366691927714431e-10 -0.058089149561823886 0.06568993326279925 -0.05808914999041178 -0.06568993251086269 0.1161597896385119 -1.9509558488911526e-10 0.9999999999018597 18
12.600000000000001 0.8838174370905066 2.138546562405511e-10 -0.06397751150070057 0.05929867348853556 -0.06397751186151583 -0.0592986726871862 0.11618256281432965 -1.9534990087660674e-10 0.9999999999048363 18
12.65 0.8837972979043576 2.1400494307594966e-10 -0.06916576469004883 0.05239344042600316 -0.06916576497686301 -0.05239343957902645 0.11620270200370318 -1.9558118348271704e-10 0.9999999999080608 18
12.700000000000001 0.8837799096749699 2.141136081749624e-10 -0.07361073303220511 0.04504946027454575 -0.07361073323893447 -0.045049459386615996 0.11622009023653354 -1.957864217492379e-10 0.9999999999115035 18
12.75 0.883765358169526 2.1417867908877917e-10 -0.077277187092928 0.03734540281732875 -0.07727718721364044 -0.037345401894250715 0.11623464174560186 -1.9596244633078238e-10 0.9999999999151278 18
12.8 0.8837536981287084 2.1419891537320132e-10 -0.0801380970335224 0.029362554412947432 -0.0801380970626299 -0.029362553461613306 0.1162463017901973 -1.9610718212239502e-10 0.9999999999189058 18
12.850000000000001 0.8837449537393378 2.1417353380849723e-10 -0.082174800652124 0.021183975127910846 -0.08217480058463583 -0.021183974156261685 0.11625504618345638 -1.9621921731897416e-10 0.9999999999227942 18
12.9 0.8837391193892155 2.14102264812024e-10 -0.08337708590877221 0.012893648611600278 -0.08337708574051066 -0.012893647628541498 0.1162608805375463 -1.962976931509066e-10 0.9999999999267617 18
12.950000000000001 0.8837361606877389 2.1398531694046554e-10 -0.08374318816953409 0.0045756332808645755 -0.08374318789731533 -0.004575632296138044 0.1162638392430435 -1.963417526401131e-10 0.9999999999307824 18
13.0 0.8837360157335621 2.1386560692979083e-10 -0.08327970326070769 -0.00368677673841052 -0.08327970288243727 0.003686777714321776 0.11626398420102137 -1.9635379378489308e-10 0.9999999999345834 18
13.05 0.8837385966115228 2.136604121514263e-10 -0.08200141820003633 -0.011811872666757898 -0.08200141771489762 0.011811873622960708 0.1162614033270848 -1.9632730567010602e-10 0.9999999999386076 18
13.100000000000001 0.8837437910908421 2.1344309945628446e-10 -0.07993106239935635 -0.019720326142278848 -0.07993106180786966 0.01972032706755147 0.11625620885153382 -1.9626685747638968e-10 0.9999999999423759 18
13.15 0.8837514645130253 2.1282717326025048e-10 -0.07709898271239543 -0.02733595075488622 -0.0770989820158606 0.02733595163754084 0.11624853543359787 -1.9527856678409198e-10 0.9999999999466231 18
13.200000000000001 0.8837614618286186 2.1232914379154583e-10 -0.07354274655553962 -0.03458642277809881 -0.07354274575661937 0.03458642360174578 0.11623853812258868 -1.9517922770867581e-10 0.9999999999512073 18
13.25 0.8837736097775547 2.1197604328606645e-10 -0.0693066779482797 -0.0414039545045371 -0.06930667705128155 0.04140395526071467 0.11622639017853824 -1.9501238250394704e-10 0.9999999999560929 18
13.3 0.883787719172602 2.1158133192985842e-10 -0.06444133192105964 -0.04772591399221589 -0.06444133093327747 0.0477259146714175 0.1162122807882858 -1.9481180756945537e-10 0.9999999999608878 18
13.350000000000001 0.8838035872689723 2.112944619141518e-10 -0.05900291330905849 -0.05349538575134141 -0.0590029122383294 0.05349538634441015 0.11619641269679272 -1.9444919547878363e-10 0.999999999965765 17
13.4 0.8838210001897312 2.1082840843534727e-10 -0.05305264636500605 -0.05866166746388547 -0.05305264522001163 0.05866166796232635 0.11617899978084284 -1.9417687176832e-10 0.999999999970574 17
13.450000000000001 0.8838397353836218 2.1030733463458024e-10 -0.046656102181770825 -0.06318069862521448 -0.04665610097240933 0.06318069902168377 0.11616026459164029 -1.938833017435259e-10 0.9999999999752621 17
13.5 0.883859564091702 2.1029221001893853e-10 -0.03988249106272965 -0.06701541764421609 -0.03988248979986047 0.06701541793275412 0.11614043588832985 -1.9374263919201346e-10 0.9999999999800319 16
13.55 0.8838802537981146 2.1003305634721625e-10 -0.0328039273711712 -0.07013604473574424 -0.03280392606779647 0.070136044911387 0.11611974618636453 -1.9336704012285573e-10 0.9999999999844792 16
13.600000000000001 0.8839015706388942 2.0979041022534212e-10 -0.025494674529855446 -0.07252028870212472 -0.02549467319851865 0.0725202887608617 0.11609842934979225 -1.9295614898758815e-10 0.9999999999886864 16
13.65 0.8839232817514485 2.0958167040810797e-10 -0.01803037793253509 -0.07415347648523456 -0.018030376585872126 0.07415347642386137 0.11607671824117988 -1.9251514720080217e-10 0.9999999999926283 16
13.700000000000001 0.8839451575404563 2.0941784531848822e-10 -0.010487293576781333 -0.07502860515300575 -0.010487292227606528 0.07502860496914593 0.11605484245582347 -1.9204932764327577e-10 0.9999999999962798 16
13.75 0.8839669738420696 2.093019092622489e-10 -0.002941520158683578 -0.0751463167626469 -0.0029415188199680355 0.07514631645493164 0.11603302615755864 -1.9156374892219055e-10 0.9999999999996282 16
13.8 0.8839885139683495 2.0922863646459517e-10 0.004531757755859883 -0.07451479730629106 0.004531759071098222 0.07451479687455083 0.11601148603431444 -1.9106385894148736e-10 1.000000000002664 16
13.850000000000001 0.884009570615831 2.0918559653561542e-10 0.011859008073675513 -0.07314960168672814 0.011859009352532266 0.07314960113215192 0.11599042938955265 -1.9055501387413753e-10 1.0000000000053837 16
13.9 0.8840299476238311 2.0915574955290187e-10 0.018969063897183815 -0.0710734073844645 0.018969065127046738 0.07107340670970996 0.11597005238394165 -1.900425670506269e-10 1.000000000007773 16
13.950000000000001 0.8840494615700863 2.0912100364258258e-10 0.02579380383794805 -0.06831570015550031 0.02579380500667163 0.06831569936475622 0.1159505384397391 -1.8953183139836004e-10 1.0000000000098255 16
14.0 0.8840679431931038 2.090660629704178e-10 0.032268793538530266 -0.0649123957356419 0.03226879463459203 0.0649123948346389 0.11593205681840787 -1.8902818232234025e-10 1.0000000000115117 16
14.05 0.8840852386367036 2.042727887995996e-10 0.038333882485746464 -0.06090540211588875 0.03833388349527802 0.06090540111420343 0.11591476138113108 -1.818475762989513e-10 1.0000000000178346 16
14.100000000000001 0.8841012104897772 2.0831104976891634e-10 0.043933750701716706 -0.05634212750034168 0.04393375161818759 0.0563421264007521 0.11589878953416426 -1.8759283707703737e-10 1.0000000000239415 16
14.15 0.8841157386614572 2.0439557542099737e-10 0.049018400568600975 -0.05127493948320323 0.049018401381939886 0.05127493830066498 0.11588426137050686 -1.8080695093576257e-10 1.000000000031964 16
14.200000000000001 0.8841287210377063 2.0350049531383336e-10 0.053543589396690516 -0.04576058150872518 0.0535435900964504 0.045760580253048626 0.11587127901043376 -1.8055043514860593e-10 1.0000000000481402 16
14.25 0.8841400739423702 2.0336739578269812e-10 0.057471199294266036 -0.03985955291039081 0.05747119987418359 0.0398595515913391 0.11585992612310554 -1.8020912582998845e-10 1.0000000000654756 16
14.3 0.8841497324225607 2.03237234656907e-10 0.0607695413990499 -0.03363545918321198 0.06076954185315459 0.03363545781389804 0.11585026766064921 -1.7990215381373445e-10 1.0000000000832099 16
14.350000000000001 0.8841576503248533 2.031095393181895e-10 0.06341359222333985 -0.027154339336254288 0.06341359254710154 0.027154337930027837 0.11584234977629662 -1.79633261468233e-10 1.00000000010115 16
14.4 0.8841638001908185 2.0298540410542613e-10 0.06538516061594656 -0.020483977305339348 0.06538516080648842 0.020483975875796864 0.11583619992829525 -1.7940375853504056e-10 1.0000000001191138 16
14.450000000000001 0.8841681729720231 2.0286631016303114e-10 0.06667298453008468 -0.013693204499378211 0.06667298458600661 0.013693203060220824 0.11583182716490815 -1.7921481758545045e-10 1.0000000001369314 16
14.5 0.8841707775730286 2.027535880186514e-10 0.0672727575026743 -0.006851200541983706 0.06727275742398496 0.006851199106832535 0.11582922258140695 -1.790673564491835e-10 1.0000000001544356 16
14.55 0.8841716402319206 2.026483876239948e-10 0.06718708545226508 -2.6799203256862237e-05 0.06718708524035186 2.6797785529711466e-05 0.1158283599395269 -1.7896185835945174e-10 1.0000000001714475 16
14.600000000000001 0.8841708037492426 2.0255163602285084e-10 0.06642537508957444 0.0067121936217743525 0.06642537474716081 -0.006712195008976869 0.11582919643858232 -1.7889843594623484e-10 1.0000000001878249 16
14.65 0.8841683265771488 2.024641129034011e-10 0.06500365590057955 0.013299663236794117 0.06500365543167207 -0.013299664580805826 0.11583167362626703 -1.788766534976862e-10 1.000000000203416 16
14.700000000000001 0.8841642817818767 2.0238631831398454e-10 0.06294433830027264 0.019671824387468336 0.06294433771009907 -0.01967182567617324 0.11583571843620552 -1.7889573636285815e-10 1.0000000002180822 16
14.75 0.8841587558983905 1.9989742522554828e-10 0.06027591115927474 0.025767828371210742 0.06027591045319952 -0.025767829591779274 0.11584124434107265 -1.8496251250201349e-10 1.0000000002394631 16
14.8 0.8841518476694729 1.986832804570141e-10 0.05703258247039021 0.03153033334399769 0.05703258165817378 -0.03153033448336182 0.11584815259223549 -1.844813107431167e-10 1.0000000002617084 16
14.850000000000001 0.8841436667170451 1.9863886057443923e-10 0.05325386744714118 0.03690603259599977 0.05325386653456504 -0.0369060336472291 0.11585633356041374 -1.845481580515308e-10 1.000000000277459 16
14.9 0.8841343321518457 1.98599121773294e-10 0.04898412879684791 0.04184613605551853 0.04898412779375949 -0.04184613700971868 0.11586566813940019 -1.8464552304210273e-10 1.000000000291246 16
14.950000000000001 0.8841239711117785 1.9856351258636414e-10 0.044272074373334996 0.04630680077849601 0.04427207329025362 -0.04630680162763068 0.11587602919121393 -1.8477091530939503e-10 1.0000000003029925 16
15.0 0.8841127172743992 1.9853105134070846e-10 0.03917021771754478 0.05024950678735325 0.039170216565577044 -0.05024950752470913 0.11588728303823342 -1.8492381621541044e-10 1.0000000003126326 16
15.05 0.8841007093462344 1.9850147980532476e-10 0.033734307340726494 0.05364137517709559 0.03373430613148557 -0.05364137579714152 0.11589929097389132 -1.8510207247772386e-10 1.0000000003201257 16
15.100000000000001 0.8840880895462371 1.984744580933777e-10 0.028022730824634256 0.05645542603365254 0.02802272957008353 -0.05645542653203592 0.11591191077919773 -1.8530308229968948e-10 1.0000000003254348 16
15.15 0.8840750020984127 1.984497803295795e-10 0.022095899992522976 0.05867077433937588 0.022095898704865904 -0.058670774712952255 0.11592499823015247 -1.8552421051695592e-10 1.0000000003285652 16
15.200000000000001 0.8840615917479328 1.9842720967520907e-10 0.016015623516123078 0.06027276268080038 0.0160156222077023 -0.060272762927640056 0.11593840858159733 -1.8576256777053045e-10 1.0000000003295302 16
15.25 0.8840480023146519 1.9840665793672447e-10 0.00984447337001379 0.061253030218659375 0.009844472053203105 -0.06125303033804315 0.11595199801372193 -1.8601529900944506e-10 1.0000000003283738 16
15.3 0.8840343752969868 1.9838805525314115e-10 0.003645151526712024 0.06160951802244485 0.003645150213806051 -0.06160951801485182 0.11596562502816844 -1.862792777359077e-10 1.0000000003251552 16
15.350000000000001 0.8840208485383853 1.987222542685661e-10 -0.0025201367956470817 0.06134641150497046 -0.0025201380927364282 -0.061346411372181095 0.11597915178154436 -1.8642972308487454e-10 1.0000000003199296 16
15.4 0.8840075549677205 1.9876723099223995e-10 -0.008590297166118137 0.0604740213111388 -0.008590298435323886 -0.06047402105583948 0.11599244534515535 -1.8668502267976357e-10 1.000000000312876 16
15.450000000000001 0.8839946214234257 1.988137629627962e-10 -0.01450594128627817 0.05900860460999703 -0.014505942516215158 -0.05900860423609687 0.11600537888061843 -1.8694023758276e-10 1.0000000003040441 16
15.5 0.8839821675711298 1.9886103060608983e-10 -0.02020995794805166 0.05697212931264244 -0.020209959127828286 -0.05697212882509847 0.11601783272244742 -1.871927477459685e-10 1.0000000002935772 16
15.55 0.8839703049220983 1.989083459862355e-10 -0.02564805420977913 0.054391984272942305 -0.025648055329090695 -0.05439198367770362 0.11602969535950015 -1.8743987059308459e-10 1.0000000002815985 16
15.600000000000001 0.8839591359596339 1.9895521241923887e-10 -0.03076926176525278 0.051300639030856354 -0.030769262814468776 -0.051300638334798886 0.11604086430862987 -1.8767909807281071e-10 1.0000000002682639 16
15.65 0.8839487533787297 1.9900134437584956e-10 -0.03552640388798918 0.047735257116398574 -0.03552640485823397 -0.04773525632725262 0.1160512468750064 -1.8790791319990314e-10 1.0000000002537361 16
15.700000000000001 0.8839392394433274 1.9904654949416477e-10 -0.03987651878365382 0.04373726734563619 -0.03987651966687983 -0.04373726647190669 0.11606076079485977 -1.8812414684489228e-10 1.0000000002381872 16
15.75 0.8839306654641456 1.9909078484578878e-10 -0.043781235669880465 0.03935189790404214 -0.04378123645893346 -0.03935189695492275 0.11606933475764697 -1.8832585262915535e-10 1.0000000002217926 16
15.8 0.8839230913988302 1.991339950484757e-10 -0.047207100419727456 0.03462767832411512 -0.047207101108402975 -0.03462767730939694 0.11607690880590608 -1.885110816390814e-10 1.0000000002047362 16
15.850000000000001 0.8839165655749112 1.9917624151456515e-10 -0.05012584814715174 0.029615914720989435 -0.0501258487302429 -0.029615913650965078 0.1160834346122908 -1.8867834903098894e-10 1.000000000187202 16
15.9 0.8839111245348857 1.992175585398537e-10 -0.052514620674432064 0.02437014384989492 -0.052514621147767664 -0.024370142735258817 0.11608887563448203 -1.888262638114685e-10 1.0000000001693679 16
15.950000000000001 0.883906793001568 1.9925790916161025e-10 -0.05435612739661116 0.018945571691507627 -0.05435612775708419 -0.01894557054325363 0.116093207149852 -1.8895364440181913e-10 1.00000000015142 16
16.0 0.8839035839606784 1.9929724316618562e-10 -0.05563874864082681 0.013398502354746725 -0.05563874888641316 -0.013398501184063605 0.11609641617286105 -1.890596610924201e-10 1.0000000001335394 16
16.05 0.8839014988566638 1.9933542840638068e-10 -0.05635658120298084 0.0077857631113260875 -0.05635658133274779 -0.007785761929492021 0.11609850125923343 -1.8914367541161506e-10 1.0000000001158973 16
16.1 0.8839005278967295 1.9937226771089251e-10 -0.0565094263246833 0.0021641313428366307 -0.05650942633878798 -0.002164130161113709 0.11609947220194188 -1.8920530824000782e-10 1.0000000000986713 16
16.150000000000002 0.8839006504559364 1.9940913816254041e-10 -0.05610272094662484 -0.003410230909739958 -0.0561027208463216 0.003410232080225834 0.11609934962523547 -1.8924843365463065e-10 1.0000000000811717 16
16.2 0.8839018355825125 1.9944443602105633e-10 -0.05514741361466745 -0.008882329235582766 -0.05514741340225132 0.008882330383890377 0.11609816448196546 -1.8926879959467275e-10 1.000000000064478 16
16.25 0.8839040425835396 1.9947723221719237e-10 -0.05365978698699809 -0.014198870711503674 -0.053659786665771744 0.014198871827001396 0.11609595746501965 -1.89267478953696e-10 1.0000000000485592 16
16.3 0.883907221696193 1.995069930424616e-10 -0.05166122934817808 -0.01930877409087372 -0.051661228922429796 0.01930877516335113 0.11609277833737301 -1.892448706510679e-10 1.000000000033566 16
16.35 0.8839113148279455 1.9953305280675552e-10 -0.049177958059196544 -0.02416365166812192 -0.049177957534157685 0.02416365268788295 0.11608868519167216 -1.892014014795683e-10 1.0000000000196176 16
16.400000000000002 0.883916256358932 1.9955464061775398e-10 -0.04624069828553551 -0.028718258302674403 -0.04624069766732604 0.028718259260623224 0.11608374364789129 -1.891378820390064e-10 1.0000000000068232 16
16.45 0.8839219739966204 1.9957087127383944e-10 -0.042884320766000704 -0.032930903541388265 -0.042884320061560684 0.032930904429110175 0.11607802599865856 -1.8905507252718704e-10 0.999999999995279 16
16.5 0.8839283896730332 1.9958094277998767e-10 -0.03914744274130244 -0.03676382318882723 -0.03914744195831667 0.03676382399866218 0.11607161031204145 -1.8895378105137441e-10 0.9999999999850747 16
16.55 0.8839354204745427 1.9958396916485814e-10 -0.03507199647835949 -0.0401835071237407 -0.03507199562517612 0.04018350784884905 0.11606457950173252 -1.88835093565117e-10 0.9999999999762752 16
16.6 0.8839429795942241 1.9950088002024543e-10 -0.03070277009426411 -0.043160980636101354 -0.03070276917982411 0.043160981270442905 0.11605702037437186 -1.891977353257958e-10 0.9999999999685959 16
16.650000000000002 0.883950977297295 1.9947985316378115e-10 -0.0260869256014774 -0.045672037055742694 -0.026086924635169727 0.04567203759436541 0.11604902266544868 -1.8914216356292264e-10 0.9999999999627437 16
16.7 0.8839593218886103 1.994502503302728e-10 -0.0212734992624795 -0.04769741995832318 -0.02127349825411139 0.04769742039715905 0.11604067806979976 -1.8907249347910033e-10 0.99999999995841 16
16.75 0.8839679206742698 1.9941164336092634e-10 -0.016312889454506575 -0.049222953755965804 -0.01631288841417747 0.04922295409194199 0.11603207928133513 -1.8898937307484114e-10 0.9999999999556048 16
16.8 0.8839766809068967 1.993637778837522e-10 -0.011256337305865742 -0.05023962201178198 -0.011256336243867715 0.05023962224283998 0.11602331904741758 -1.888937838419442e-10 0.9999999999543143 16
16.85 0.8839855107062535 1.9930660707329665e-10 -0.006155405371667415 -0.05074359334545187 -0.006155404298384929 0.05074359347055667 0.11601448924827154 -1.8878663115114808e-10 0.999999999954525 16
16.900000000000002 0.8839943199466771 1.9924032351049083e-10 -0.0010614595711540189 -0.050736195321732416 -0.0010614584969636384 0.050736195340871884 0.11600568000952156 -1.8866891611433166e-10 0.9999999999561987 16
16.95 0.8840030211035914 1.9916532092486577e-10 0.003974840488517061 -0.050223837227491165 0.003974841553345714 0.0502238371416651 0.11599697885568855 -1.885417090856079e-10 0.9999999999592799 16
17.0 0.8840115300518606 1.9908221966441124e-10 0.008904037824378545 -0.04921788314124049 0.008904038869780024 0.04921788295244075 0.11598846991185403 -1.884061948283875e-10 0.9999999999637147 16
17.05 0.8840197668093857 1.9899189043903096e-10 0.013678356242992544 -0.04773447717735211 0.01367835725919953 0.047734476888532426 0.11598023316004125 -1.8826348281254066e-10 0.9999999999694269 16
17.1 0.8840276562201649 1.9889534339135503e-10 0.018252155816641802 -0.045794323240633705 0.01825215679427546 0.04579432285567106 0.11597234375616275 -1.8811487840893382e-10 0.9999999999763276 16
17.150000000000002 0.8840351285716954 1.9879383982944987e-10 0.022582361410576134 -0.04342242205153215 0.022582362340731632 0.043422421575179525 0.1159648714126334 -1.8796169268728267e-10 0.9999999999843288 16
17.2 0.8840421201423533 1.9868879824501628e-10 0.02662886032306607 -0.04064776859402047 0.026628861197392578 0.04064776803185144 0.11595787985097306 -1.8780537766958074e-10 0.9999999999933263 16
17.25 0.8840485736752897 1.9858174400607856e-10 0.030354865456846875 -0.03750301349373172 0.0303548662676213 0.03750301285207797 0.11595142632792926 -1.876471448628679e-10 1.000000000003219 16
17.3 0.8840544387760555 1.984742898378961e-10 0.03372724082864538 -0.03402409215001656 0.033727241568839265 0.034024091435898525 0.11594556123783839 -1.874884403287918e-10 1.0000000000138938 16
17.35 0.884059672232096 1.9836813776773276e-10 0.03671678663861798 -0.030249825719672822 0.03671678730195682 0.030249824940724535 0.1159403277931241 -1.873305809827732e-10 1.00000000002522 16
17.400000000000002 0.8840642382530565 1.982649800784051e-10 0.03929848155921472 -0.026221498279907274 0.039298482140229615 0.02622149744429622 0.11593576178403232 -1.8717491981587402e-10 1.0000000000370888 16
17.45 0.8840681086314941 1.9816654218691566e-10 0.04145168035856783 -0.021982414681892045 0.041451680852638284 0.021982413798234755 0.11593189141787882 -1.8702259669556808e-10 1.000000000049373 16
17.5 0.8840712628246173 1.9807441082041833e-10 0.043160265442239616 -0.017577443742831628 0.04316026584562827 0.01757744282010608 0.11592873723732339 -1.8687488126965464e-10 1.0000000000619407 16
17.55 0.8840736879582587 1.9799016362933553e-10 0.044412751374194245 -0.013052551512958732 0.04441275168407216 0.0130525505604141 0.11592631211641057 -1.867328275774341e-10 1.0000000000746692 16
17.6 0.8840753787550336 1.9791522958888144e-10 0.045202341918332285 -0.008454329394060107 0.04520234213279561 0.008454328421125226 0.11592462133239251 -1.8659746599173593e-10 1.000000000087426 16
17.650000000000002 0.8840763373894359 1.978508396588245e-10 0.04552693962101983 -0.003829521878194548 0.04552693973909728 0.003829520894385658 0.11592366271066629 -1.8646968241333376e-10 1.0000000001001021 16
17.7 0.884076573273069 1.9779805382227803e-10 0.045389108427973945 0.0007754413801297416 0.04538910844962493 -0.0007754423653009335 0.11592342683950288 -1.8635028919993843e-10 1.000000000112572 16
17.75 0.8840761027740631 1.9775768771695938e-10 0.04479599029102119 0.005314904546745895 0.04479599021712576 -0.005314905523862956 0.11592389735066023 -1.8623993521968742e-10 1.0000000001247233 16
17.8 0.8840749488750373 1.9773035489257687e-10 0.043759177167126365 0.009744431180434878 0.0437591769994656 -0.009744432140265312 0.11592505126141427 -1.8613929753639276e-10 1.0000000001364515 16
17.85 0.8840731407745712 1.9771642590566735e-10 0.042294540239445025 0.014021232119313835 0.04229453998067423 -0.014021233052894972 0.1159268593730717 -1.8604871020120624e-10 1.000000000147643 16
17.900000000000002 0.8840707134376139 1.977159733939672e-10 0.0404220185939655 0.01810457163438213 0.04042201824757833 -0.018104572533103266 0.11592928672059484 -1.8596863387721668e-10 1.0000000001582088 16
17.95 0.8840677071004559 1.977288903214177e-10 0.03816536996182052 0.021956148070508004 0.03816536953210611 -0.02195614892618818 0.115932293067599 -1.8589922384802357e-10 1.000000000168055 16
18.0 0.8840641667363996 1.9775474638557055e-10 0.03555188648318872 0.02554044549642282 0.03555188597518188 -0.02554044630138377 0.11593583344070742 -1.8584065657154842e-10 1.000000000177107 16
18.05 0.8840601414882988 1.977929362648567e-10 0.0326120787607566 0.028825053217511474 0.03261207818018126 -0.0288250539646447 0.1159398586969876 -1.8579302795617194e-10 1.0000000001852865 16
18.1 0.8840556840744784 1.978426082198929e-10 0.02937933174632573 0.03178095036466249 0.029379331099532682 -0.031780951047490125 0.11594431611806466 -1.8575611613769413e-10 1.000000000192543 16
18.150000000000002 0.8840508501744465 1.9790274444086896e-10 0.025889536240992588 0.0343827531552289 0.02588953553489203 -0.03438275376795806 0.11594915002436994 -1.857298261012519e-10 1.0000000001988165 16
18.2 0.8840456978010816 1.9797215255774642e-10 0.022180699985555656 0.03660892282416968 0.02218069922754528 -0.036608923361739674 0.11595430240298957 -1.8571393533001955e-10 1.0000000002040712 16
18.25 0.8840402866656967 1.980495230941312e-10 0.018292542471929615 0.03844193264041502 0.018292541669818863 -0.038441933098536864 0.11595971354258137 -1.8570806935688213e-10 1.000000000208278 16
18.3 0.8840346775424698 1.981334386538033e-10 0.014266077717385093 0.0398683928511123 0.014266076879316433 -0.03986839322630099 0.11596532266894294 -1.8571186459298434e-10 1.0000000002114127 16
18.35 0.8840289316385083 1.9822248500495354e-10 0.01014318931079099 0.040879132830245836 0.010143188445158878 -0.04087913311984417 0.11597106857496212 -1.8572493708115252e-10 1.0000000002134704 16
18.400000000000002 0.8840231099755607 1.9831517371001463e-10 0.005966202063597281 0.04146924014378954 0.005966201178965764 -0.0414692403459843 0.11597689023889488 -1.8574672282681403e-10 1.0000000002144556 16
18.45 0.8840172727891954 1.984100513049332e-10 0.0017774545783648366 0.041638056676681634 0.001777453683384388 -0.041638056790511364 0.1159827274251808 -1.8577671669986195e-10 1.0000000002143763 16
18.5 0.8840114789509251 1.9850575933644657e-10 -0.0023811230150373 0.04138913239321237 -0.0023811239117128196 -0.041389132418567474 0.1159885212623319 -1.858143064079907e-10 1.000000000213257 16
18.55 0.8840057854183497 1.9860094330213247e-10 -0.006468422009729775 0.040730137717726086 -0.0064684228995253515 -0.04073013765534031 0.11599421479277927 -1.8585885275985644e-10 1.000000000211129 16
18.6 0.8840002467180628 1.9869442355101245e-10 -0.010444554757103404 0.039672735922854016 -0.010444555631603503 -0.039672735774288606 0.11599975348997861 -1.859098263370874e-10 1.0000000002080414 16
18.650000000000002 0.8839949144655351 1.9878513288126478e-10 -0.014271237167998888 0.03823241729400698 -0.014271238019025642 -0.038232417061627076 0.11600508573849892 -1.8596646463122034e-10 1.0000000002040341 16
18.7 0.8839898369258581 1.988720615226189e-10 -0.017912150478946134 0.0364282971980023 -0.01791215129863456 -0.036428296884945914 0.11601016327330595 -1.8602813699683084e-10 1.000000000199164 16
18.75 0.883985058618573 1.9895444093648297e-10 -0.02133327893405834 0.03428288051716098 -0.02133327971492798 -0.03428288012730125 0.11601494157493293 -1.8609434655450258e-10 1.0000000001935059 16
18.8 0.883980619969374 1.990316102230623e-10 -0.024503220314884094 0.03182179521500008 -0.0245032210499059 -0.031821794752900576 0.11601938021774638 -1.8616423982184088e-10 1.0000000001871205 16
18.85 0.8839765570110247 1.9910297904228192e-10 -0.02739346655931981 0.029073498073069876 -0.027393467241978574 -0.029073497543934183 0.11602344316906095 -1.8623731545929648e-10 1.0000000001800857 16
18.900000000000002 0.8839729011351196 1.9916819845486352e-10 -0.029978652043151956 0.026068955878200576 -0.02997865266750315 -0.026068955287816435 0.1160270990373664 -1.8631284896819127e-10 1.000000000172486 16
18.95 0.8839696788959072 1.9922692709434086e-10 -0.032236767450336413 0.022841305543479965 -0.03223676801105681 -0.022841304898157874 0.11603032126850023 -1.8639039753604696e-10 1.0000000001644074 16
19.0 0.8839669118668189 1.9927897376959184e-10 -0.03414933752695452 0.019425496813064137 -0.03414933801938684 -0.019425496119572058 0.11603308828911724 -1.8646932310762383e-10 1.0000000001559362 16
19.05 0.8839646165498072 1.993242266362321e-10 -0.0357015613950427 0.01585792132924904 -0.03570156181523302 -0.015857920594743054 0.11603538359735781 -1.8654903892069392e-10 1.000000000147165 16
19.1 0.8839628043370713 1.9936260148765665e-10 -0.036882414492210046 0.012176031929284207 -0.036882414836938916 -0.012176031161236438 0.11603719580112185 -1.8662913063303652e-10 1.0000000001381932 16
19.150000000000002 0.8839614815242358 1.9939406781161036e-10 -0.03768471159715316 0.008417956088802131 -0.037684711863958574 -0.00841795529492602 0.11603851860486498 -1.8670902932606854e-10 1.0000000001291007 16
19.200000000000003 0.8839606493676827 1.9941771332956456e-10 -0.03810513078561231 0.004622107449632705 -0.03810513097285148 -0.004622106637817055 0.11603935074810938 -1.8682428539562533e-10 1.000000000115792 16
19.25 0.8839603042198574 1.9943165909179038e-10 -0.038144198639975674 0.0008267992788124607 -0.0381441987468507 -0.0008267984569547915 0.11603969588683949 -1.8690337109787202e-10 1.0000000001066969 16
19.3 0.8839604376510918 1.9944189470363623e-10 -0.037806237099124215 -0.0029301362331580374 -0.03780623712536068 0.0029301370569855987 0.11603956244669276 -1.8697985064222744e-10 1.0000000000977844 16
19.35 0.8839610366683692 1.9941807896246265e-10 -0.037099273356202736 -0.006611719141948571 -0.03709927330248622 0.00661171995986036 0.11603896341717931 -1.870776131376819e-10 1.0000000000855485 16
19.400000000000002 0.8839620839723094 1.9941092273702794e-10 -0.036034913831336286 -0.010182179858115595 -0.03603491369923945 0.01018218066239911 0.11603791610482654 -1.871514346466089e-10 1.0000000000771359 16
19.450000000000003 0.8839635581972406 1.993513263698067e-10 -0.03462818390112242 -0.013607300710453666 -0.034628183692722844 0.013607301493442399 0.11603644186882783 -1.8725828064442625e-10 1.0000000000660685 16
19.5 0.8839654342637153 1.9933050503529585e-10 -0.03289733582526429 -0.01685473781921136 -0.03289733554352773 0.01685473857369082 0.1160345657947772 -1.8732635662615624e-10 1.0000000000584925 16
19.55 0.8839676836794811 1.9923729383847244e-10 -0.030863626537422133 -0.019894320252836602 -0.03086362618583158 0.019894320971841302 0.11603231636957079 -1.8742134296835038e-10 1.0000000000490519 16
19.6 0.8839702749372896 1.991117589486027e-10 -0.02855106858741873 -0.02269832384934749 -0.02855106817038192 0.02269832452642263 0.11602972510261308 -1.875088242131873e-10 1.0000000000399027 16
19.650000000000002 0.883973173885073 1.9896538288586264e-10 -0.0259861564096681 -0.025241717230119674 -0.02598615593214868 0.025241717859239867 0.11602682614656876 -1.8758849653226015e-10 1.0000000000316418 16
19.700000000000003 0.8839763441320708 1.9880323752205902e-10 -0.023197571420606234 -0.027502377907945616 -0.023197570887959745 0.027502378483636486 0.1160236558922682 -1.8765141970784662e-10 1.000000000024339 16
19.75 0.883979747465137 1.9863147018402153e-10 -0.02021586892364218 -0.02946127670813119 -0.02021586834165778 0.029461277225506857 0.1160202525528986 -1.8769524041257492e-10 1.0000000000180356 16
19.8 0.8839833442724514 1.9845644137866401e-10 -0.01707315022191642 -0.03110262906791398 -0.01707314959678562 0.031102629522689648 0.11601665574031693 -1.8771896740066476e-10 1.0000000000127682 16
19.85 0.8839870939707829 1.982840856081996e-10 -0.013802723390367668 -0.0324140121077631 -0.013802722728626832 0.032414012496296586 0.11601290603777964 -1.8772193026319436e-10 1.0000000000085625 16
19.900000000000002 0.8839909554320511 1.9811991553825497e-10 -0.010438756229475822 -0.03338644673484693 -0.010438755537943292 0.03338644705417505 0.11600904457339381 -1.877031513157061e-10 1.000000000005445 16
19.950000000000003 0.8839948874049437 1.979690318643219e-10 -0.007015924957973146 -0.034014444394113934 -0.007015924243680726 0.03401444464197578 0.11600511259846877 -1.8766183275117308e-10 1.0000000000034124 16
20.0 0.8839988489276417 1.9783613668616762e-10 -0.0035690621996717783 -0.034296018439743246 -0.0035690614697936026 0.03429601861459478 0.11600115107482056 -1.8759669862921825e-10 1.0000000000024623 16
20.05 0.8840027997277106 1.977255369834856e-10 -0.00013280778256633333 -0.03423266045302394 -0.00013280704434682765 0.03423266055404536 0.1159972002748711 -1.8750662624445721e-10 1.0000000000025817 16
