0 1.0 0.0 0.0 0.0 0.0 0.0 0.0 0.0 1
0.05 0.99750416388997 3.627956321633e-15 0.0023685943128696637 0.04966706590124295 0.0023685943128700293 -0.04966706590124299 0.0024958361101193234 9.208626374796273e-18 1.0000000000000893 4
0.1 0.9901268517549559 9.456431027142278e-15 0.008301058558136546 0.09730295989520453 0.008301058558087477 -0.09730295989489636 0.009873148245222157 -2.290250073429421e-15 1.000000000000178 12
0.15000000000000002 0.9781365965611578 -8.884816445640829e-14 0.016160140597856337 0.14181419729026853 0.016160140600095695 -0.1418141972866544 0.021863403439126242 9.753451256376204e-14 1.000000000000284 17
0.2 0.961872336547725 -8.6432972583432e-14 0.02502814060178958 0.1827574702407446 0.02502814059764948 -0.182757470227646 0.038127663452640945 1.0017839037652054e-13 1.000000000000366 19
0.25 0.941701720350212 3.894606469686757e-13 0.03445175739932042 0.2199404951690655 0.03445175738452274 -0.21994049514956415 0.05829827965021778 -3.6469631555167985e-13 1.0000000000004299 22
0.30000000000000004 0.9180058203650947 1.42215906555341e-12 0.044118594828810816 0.2532698296833984 0.0441185948017118 -0.2532698296592721 0.08199417963538431 -1.4011846876800416e-12 1.000000000000479 25
0.35000000000000003 0.8911721382327507 3.1264759386589106e-12 0.053740069319924866 0.28270631934712165 0.05374006927727323 -0.2827063193212501 0.10882786176770501 -3.1152432741470793e-12 1.0000000000004556 27
0.4 0.8615900538931772 5.669581182910215e-12 0.06303014954093453 0.3082508640445232 0.06303014948122831 -0.3082508640202024 0.13840994610707047 -5.677034226940265e-12 1.0000000000002478 27
0.45 0.8296472063102754 9.074782765050423e-12 0.0717169321748952 0.32993725413990554 0.07171693209715337 -0.3299372541192794 0.17035279368966938 -9.100844631249232e-12 0.9999999999999448 31
0.5 0.7957264913315276 1.3469544199891693e-11 0.07955698738302255 0.34782648171599384 0.07955698728444385 -0.3478264817030154 0.2042735086681831 -1.3509962659751945e-11 0.9999999999997107 32
0.55 0.7602035914823058 1.890743820927589e-11 0.08634362609548879 0.36200168894058665 0.08634362597657658 -0.36200168893803963 0.23979640851722261 -1.8960349290605887e-11 0.9999999999995284 35
0.6000000000000001 0.7234449865700375 2.5317668664867925e-11 0.0919106263739595 0.3725635635907202 0.09191062623624269 -0.37256356360002474 0.276555013429372 -2.5400003334603417e-11 0.9999999999994096 36
0.65 0.685806403181382 3.259571804272934e-11 0.09613359658666938 0.3796261941718564 0.09613359643289766 -0.3796261941934898 0.31419359681794706 -3.268233507250906e-11 0.999999999999329 36
0.7000000000000001 0.6476316497773127 4.0609873184904245e-11 0.09892976654497798 0.38331356000349154 0.09892976637877957 -0.38331356003636186 0.35236835022210533 -4.070485241578715e-11 0.999999999999418 37
0.75 0.6092517646974539 4.9098021973427404e-11 0.1002564269924767 0.38375682886982715 0.1002564268183707 -0.38375682891250773 0.3907482353020242 -4.9221065592437986e-11 0.9999999999994781 37
0.8 0.5709843915424279 5.787389183848451e-11 0.10010822590784996 0.38109253399694404 0.10010822573058022 -0.38109253404821813 0.42901560845706077 -5.799133433915411e-11 0.9999999999994886 38
0.8500000000000001 0.5331332948429256 6.66938486480469e-11 0.09851360945909707 0.3754615937689611 0.09851360928302834 -0.37546159382779115 0.46686670515652606 -6.682129481898423e-11 0.9999999999994517 39
0.9 0.49598793675647374 7.536163305053207e-11 0.09553070588431192 0.36700906252727655 0.09553070571284789 -0.3670090625929214 0.5040120632429803 -7.552534390760017e-11 0.999999999999454 39
0.9500000000000001 0.45982304894326254 8.370880104727128e-11 0.09124289662303937 0.3558844625492358 0.09124289645911494 -0.3558844626216331 0.5401769510562106 -8.393058872632503e-11 0.9999999999994731 40
1.0 0.42489814958291466 9.162090576943347e-11 0.08575424600536703 0.3422425344089895 0.08575424585163692 -0.3422425344883787 0.5751018504165958 -9.189770626042217e-11 0.9999999999995104 40
1.05 0.39145697180011724 9.903051961302596e-11 0.07918490034410226 0.3262442438518717 0.07918490020304936 -0.3262442439383347 0.6085430281994715 -9.930187450128633e-11 0.9999999999995888 41
1.1 0.359726785571149 1.0578506691583205e-10 0.07166652918112751 0.3080578915489234 0.07166652905503682 -0.30805789164208014 0.6402732144285188 -1.0602125739132163e-10 0.9999999999996678 42
1.1500000000000001 0.3299176099195406 1.1172087922117542e-10 0.06333786291772218 0.2878601850693705 0.06333786280863342 -0.28786018516871253 0.6700823900802124 -1.1192220486593588e-10 0.9999999999997531 43
1.2000000000000002 0.302221325448576 1.1674796120055262e-10 0.05434037564643988 0.2658371493398247 0.054340375555739666 -0.2658371494449662 0.6977786745512409 -1.1694178823565069e-10 0.9999999999998168 45
1.25 0.2768107086285333 1.208365457362602e-10 0.04481416379188435 0.24218477237625907 0.044814163720600264 -0.24218477248663053 0.7231892913713482 -1.210210198488681e-10 0.9999999999998815 46
1.3 0.2538384184186574 1.2393864560545725e-10 0.03489407591057726 0.21710930663825523 0.034894075859641716 -0.21710930675298368 0.7461615815812679 -1.2411276606335894e-10 0.9999999999999253 46
1.35 0.23343597249396214 1.2600641608260527e-10 0.024706153900502285 0.19082717213102246 0.024706153870659647 -0.1908271722491096 0.7665640275059822 -1.261770320714209e-10 0.9999999999999443 46
1.4000000000000001 0.21571275439450846 1.2701697461554724e-10 0.014364449140858779 0.1635644343026959 0.014364449132573434 -0.1635644344231532 0.7842872456054427 -1.2718431061279818e-10 0.9999999999999512 47
1.4500000000000002 0.20075509426561008 1.2698276423001523e-10 0.003968277625426733 0.1355558566388596 0.003968277638022005 -0.13555585676077297 0.7992449057344603 -1.2713758054628725e-10 1.0000000000000704 48
1.5 0.18862546458044893 1.2598919829863284e-10 -0.006400024640564532 0.10704355337360161 -0.006400024609888231 -0.10704355349637132 0.811374535419805 -1.2608739506659637e-10 1.000000000000254 48
1.55 0.17936182853186555 1.2421259409986532e-10 -0.016676791041641298 0.07827529066611816 -0.016676790995553827 -0.07827529078859526 0.8206381714685135 -1.2419197761729812e-10 1.000000000000379 48
1.6 0.1729771729591172 1.2169884938959073e-10 -0.02681811335549011 0.049502503781976834 -0.0268181132945007 -0.04950250390220826 0.8270228270413611 -1.2154825457665092e-10 1.0000000000004783 48
1.6500000000000001 0.16945925016877847 1.1836645861701965e-10 -0.036800297843166276 0.020978112293108635 -0.03680029776764222 -0.02097811241081935 0.8305407498318967 -1.1815291068638769e-10 1.0000000000006752 48
1.7000000000000002 0.16877054432313365 1.1429067662982296e-10 -0.046619670886277394 -0.007045775682879923 -0.04661967079624533 0.007045775566354617 0.8312294556777255 -1.1404491541113976e-10 1.0000000000008593 48
1.75 0.1708484687803011 1.0943247311450758e-10 -0.05629173297605598 -0.034320176113394635 -0.056291732870862976 0.03432017599677213 0.8291515312206132 -1.0918797415588445e-10 1.0000000000009144 48
1.8 0.1756057914748887 1.0377188078808004e-10 -0.06584967664020325 -0.06060146746046887 -0.06584967651962469 0.06060146734224919 0.8243942085261436 -1.036232538244433e-10 1.0000000000010323 48
1.85 0.1829312767315702 9.729176308908214e-11 -0.07534230012050543 -0.08565347268555029 -0.07534229998439194 0.08565347256386777 0.8170687232695757 -9.730115851094727e-11 1.000000000001146 48
1.9000000000000001 0.1926905243759732 9.018652812437011e-11 -0.0848313633789102 -0.10924931697542666 -0.08483136322751536 0.10924931684872298 0.8073094756252951 -9.022916319340607e-11 1.0000000000012683 48
1.9500000000000002 0.20472698114179508 8.231162401026334e-11 -0.0943884456281419 -0.1311730122611099 -0.09438844546220744 0.13117301212863355 0.7952730188595827 -8.242745956324652e-11 1.0000000000013778 48
2.0 0.2188630955941292 7.373572766491521e-11 -0.10409137354609925 -0.1512207421482872 -0.10409137336701002 0.1512207420095413 0.7811369044073495 -7.39343822700395e-11 1.0000000000014788 48
2.0500000000000003 0.23490158639160819 6.459374205895856e-11 -0.11402029648415854 -0.16920184586168638 -0.11402029629350383 0.16920184571605393 0.7650984136100297 -6.482919295026671e-11 1.0000000000016378 48
2.1 0.2526267948763487 5.492652190252892e-11 -0.12425348944748282 -0.18493952592693394 -0.12425348924695585 0.18493952577356715 0.7473732051254346 -5.517831924790285e-11 1.0000000000017832 48
2.15 0.271806096758591 4.4712155895282783e-11 -0.13486296686630794 -0.19827133025530794 -0.13486296665773576 0.19827133009312164 0.7281939032433496 -4.5071408689783345e-11 1.0000000000019407 48
2.2 0.2921913539661235 3.412354709272084e-11 -0.14590999092358353 -0.2090494837459278 -0.14590999070827582 0.20904948357490025 0.707808646035953 -3.4559770352452345e-11 1.0000000000020766 48
2.25 0.31352039634842704 2.322967097886161e-11 -0.15744055841011498 -0.21714116622997498 -0.1574405581897233 0.21714116604910874 0.6864796036537718 -2.37288689696398e-11 1.000000000002199 48
2.3000000000000003 0.33551853352548183 1.2104422846781816e-11 -0.1694809508357585 -0.22242885138168472 -0.16948095061198337 0.22242885118999492 0.6644814664768219 -1.2680857456903731e-11 1.0000000000023037 48
2.35 0.35790010930837085 8.392914016974701e-13 -0.18203343495496882 -0.22481083402367613 -0.18203343472990102 0.22481083382167874 0.6420998906940415 -1.5251720231678022e-12 1.0000000000024123 48
2.4000000000000004 0.38037012423959565 -1.0455381913902045e-11 -0.19507220603684391 -0.22420208003296307 -0.19507220581285437 0.224202079821197 0.6196298757629336 9.60105290882671e-12 1.0000000000025293 48
2.45 0.40262596525567856 -2.1642879020659666e-11 -0.2085396749643663 -0.22053553282756727 -0.20853967474200522 0.22053553260623118 0.5973740347470252 2.070820330019372e-11 1.0000000000027038 48
2.5 0.424359294513475 -3.2833154411857443e-11 -0.22234321311823613 -0.21376400221665862 -0.22234321289451553 0.21376400198681791 0.5756407054894757 3.177261093377424e-11 1.0000000000029505 48
2.5500000000000003 0.4452581611999847 -4.418544325209365e-11 -0.23635248606184006 -0.20386274425941692 -0.23635248583291907 0.2038627440258655 0.5547418388033358 4.304875231804756e-11 1.0000000000033205 48
2.6 0.46500940972088695 -5.58664381771899e-11 -0.250397527828212 -0.19083281375833072 -0.2503975275922688 0.19083281352720471 0.534990590282879 5.4636490372191217e-11 1.0000000000037659 48
2.6500000000000004 0.48330146400252966 -6.793767972970129e-11 -0.26426773088336825 -0.17470523316348793 -0.26426773064016407 0.17470523293988435 0.5166985360017265 6.661409898551494e-11 1.0000000000042562 48
2.7 0.49982756962235686 -8.032952796800895e-11 -0.27771195069500737 -0.15554597226826314 -0.2777119504458589 0.15554597205668616 0.5001724303823839 7.902860104523938e-11 1.0000000000047407 48
2.75 0.5142895719237747 -9.300445841685634e-11 -0.29043994546735025 -0.13346167163859798 -0.29043994521341665 0.13346167144133939 0.4857104280814264 9.169935435249121e-11 1.0000000000052012 48
2.8000000000000003 0.5264022979664734 -1.0588531639787273e-10 -0.30212538735206684 -0.1086059692633666 -0.3021253870942655 0.10860596908253768 0.4735977020391568 1.0456949118289333e-10 1.0000000000056302 48
2.85 0.5358985919415553 -1.1896384666913853e-10 -0.3124106869101181 -0.08118620522626407 -0.31241068664996563 0.08118620506438463 0.46410140806444733 1.1756828756746657e-10 1.0000000000060028 48
2.9000000000000004 0.5425350265075447 -1.321129039178138e-10 -0.3209138626579575 -0.05147018516212077 -0.3209138623979594 0.05147018502225588 0.4574649734987742 1.3063247186992272e-10 1.000000000006319 48
2.95 0.5460982755934926 -1.4514471093031656e-10 -0.32723765672845795 -0.01979258313313758 -0.3272376564723276 0.019792583018048586 0.45390172441311494 1.4360111009702268e-10 1.0000000000066076 48
3.0 0.5464120871988959 -1.5786196262888075e-10 -0.33098104052880634 0.013439536637873143 -0.33098104028052977 -0.013439536726149597 0.45358791280797994 1.5628697831071653e-10 1.0000000000068758 48
3.0500000000000003 0.5433447378236269 -1.7007739554436753e-10 -0.331753165871811 0.04774269503852326 -0.3317531656353305 -0.0477426950986987 0.45665526218352526 1.684932940950965e-10 1.000000000007152 48
3.1 0.536816784414211 -1.8160694241524163e-10 -0.3291896937336663 0.08255516651598815 -0.3291896935128388 -0.08255516654739611 0.46318321559324493 1.8002235483730858e-10 1.0000000000074558 47
3.1500000000000004 0.5268088571552964 -1.9226127066388284e-10 -0.3229712730081412 0.1172380911257239 -0.32297127280678495 -0.11723809112836656 0.4731911428524797 1.9068149761247227e-10 1.000000000007776 47
3.2 0.5133691602993824 -2.0185071251866533e-10 -0.31284374687096 0.15108029607464035 -0.3128437466928897 -0.1510802960492671 0.486630839708734 2.0027848339150085e-10 1.0000000000081164 47
3.25 0.49662027306927425 -2.1019269240978843e-10 -0.29863944011232446 0.18330755574618274 -0.2986394399613452 -0.1833075556942832 0.5033797269391739 2.0861367937844012e-10 1.0000000000084481 47
3.3000000000000003 0.4767647743993145 -2.1707882447905982e-10 -0.2802986373272071 0.21309691655227683 -0.28029863720725356 -0.21309691647612483 0.5232352256094975 2.1550437826733988e-10 1.000000000008812 47
3.35 0.4540891610731433 -2.2231724037850407e-10 -0.2578901148433775 0.2395965330328994 -0.2578901147581486 -0.23959653293564928 0.5459108389360471 2.2075026212061632e-10 1.0000000000091904 47
3.4000000000000004 0.4289654968227764 -2.2572009088887413e-10 -0.2316293598919253 0.2619511966082177 -0.23162935984455896 -0.2619511964940092 0.5710345031868229 2.2416703716424956e-10 1.0000000000095994 47
3.45 0.4018502288281477 -2.271307880651339e-10 -0.20189292496561576 0.27933338639645067 -0.20189292495818487 -0.2793333862705044 0.598149771181926 2.256037341951492e-10 1.0000000000100737 47
3.5 0.37327964625120913 -2.2651533320769975e-10 -0.1692272534327003 0.2909792388023145 -0.16922725346541706 -0.2909792386703276 0.626720353759151 2.2505678121932763e-10 1.0000000000103602 47
3.5500000000000003 0.34386154028553084 -2.2391625216361836e-10 -0.13435030561128872 0.29622833553801003 -0.13435030568317693 -0.2962283354056551 0.6561384597250991 2.225296063552733e-10 1.00000000001063 47
3.6 0.3142627618231514 -2.194021911429165e-10 -0.09814444233404244 0.29456567623132 -0.09814444244356779 -0.29456567610353124 0.6857372381877369 2.1808417883520298e-10 1.0000000000108882 47
3.6500000000000004 0.2851925629873747 -2.1306507437267625e-10 -0.06163930952866664 0.28566367148537497 -0.061639309673855676 -0.28566367136630855 0.7148074370237625 2.118058256488649e-10 1.0000000000111373 47
3.7 0.2573818496700793 -2.0503091867815233e-10 -0.02598392641887445 0.2694215156043543 -0.025983926597396588 -0.2694215154978031 0.742618150341264 2.0379181838302477e-10 1.0000000000113434 47
3.75 0.23155875561036246 -1.9535979846952435e-10 0.007592189169567693 0.2459989335469431 0.007592188959394771 -0.2459989334562859 0.768441244401206 1.9415761208096948e-10 1.0000000000115685 47
3.8000000000000003 0.20842126017290605 -1.8413148733339685e-10 0.03782824160432458 0.21584110562154535 0.037828241363023936 -0.2158411055516464 0.791578739838895 1.829435407134484e-10 1.000000000011801 47
3.85 0.18860789149439774 -1.7138006419913734e-10 0.06349021243673113 0.1796916144342594 0.06349021216545585 -0.17969161439157794 0.8113921085176539 1.7018111399267902e-10 1.0000000000120517 47
3.9000000000000004 0.17266785837158152 -1.5718126252895242e-10 0.08343529314571999 0.13859057907420708 0.08343529284763679 -0.1385905790648568 0.8273321416407771 1.5603833800255265e-10 1.0000000000123586 47
3.95 0.16103220863778814 -1.4177200806453765e-10 0.09667932721503118 0.09385576954747682 0.09667932689494745 -0.0938557695753752 0.8389677913749921 1.4065993901808486e-10 1.0000000000127802 47
4.0 0.15398778779220576 -1.2545516323162865e-10 0.10246310985956938 0.04704543080683589 0.10246310952493677 -0.0470454308760093 0.8460122122208962 1.2434388122545487e-10 1.000000000013102 47
4.05 0.15165583985287528 -1.0865642389254724e-10 0.10031284101995841 -9.724242554059293e-05 0.10031284068158866 9.724231266906036e-05 0.8483441601605114 1.0754989339962632e-10 1.0000000000133866 47
4.1000000000000005 0.15397702844911068 -9.193309344925974e-11 0.09008980136299964 -0.04571662098183389 0.09008980103194911 0.045716620824962466 0.8460229715645422 9.08423726335529e-11 1.0000000000136529 47
4.15 0.1607044444630872 -7.581425330886481e-11 0.07202449975386985 -0.08793126885200683 0.07202449944051714 0.08793126865221908 0.8392955555507662 7.47500150696289e-11 1.0000000000138534 47
4.2 0.17140580353386556 -6.079202806280298e-11 0.04673117031190846 -0.12493032013400632 0.04673117002614743 0.12493031989299853 0.8285941964801253 5.978628650640627e-11 1.0000000000139908 47
4.25 0.18547553340214995 -4.740080541417955e-11 0.01519958127165161 -0.1550739440743222 0.01519958102331761 0.15507394379473707 0.8145244666119931 4.640263881871261e-11 1.000000000014143 47
4.3 0.20215683391590444 -3.6078544822813596e-11 -0.021237390241701706 -0.1769912810249384 -0.021237390442102464 0.17699128071189593 0.7978431660984368 3.5134786457935584e-11 1.0000000000143412 47
4.3500000000000005 0.22057310296499757 -2.7351486491601302e-11 -0.060960162560000926 -0.18966875828926483 -0.06096016270400656 0.18966875794915597 0.7794268970495155 2.6452138871561725e-11 1.000000000014513 47
4.4 0.2397674134286771 -2.1609635615973452e-11 -0.10214061432055901 -0.19252180726559687 -0.10214061440380397 0.19252180690794646 0.7602325865861318 2.0745208276007868e-11 1.0000000000148088 47
4.45 0.2587480610639613 -1.8950158308866912e-11 -0.1428378462575814 -0.18544375346957384 -0.14283784627944277 0.18544375310530045 0.7412519389511444 1.8079998587852565e-11 1.0000000000151057 47
4.5 0.276537644733539 -1.935317336448633e-11 -0.18110564888516217 -0.16882702484971226 -0.18110564884760705 0.1688270244909969 0.7234623552816885 1.8457451760884686e-11 1.0000000000152274 47
4.55 0.29222274712637775 -2.2576366028550265e-11 -0.21510446807610153 -0.14355373669668411 -0.21510446798468302 0.1435537363552046 0.7077772528890173 2.1653416715919836e-11 1.000000000015395 47
4.6000000000000005 0.305001102946767 -2.8401536973451873e-11 -0.2432099174619062 -0.11095501163950647 -0.24320991732306255 0.11095501132469134 0.6949988970688482 2.7499606177799992e-11 1.0000000000156153 48
4.65 0.3142232012033964 -3.641748762005357e-11 -0.2641098281901319 -0.07274087498566865 -0.26410982801182387 0.07274087470610363 0.6857767988124868 3.5529323526946397e-11 1.0000000000158833 48
4.7 0.319425575083624 -4.614664096925603e-11 -0.27688249411079147 -0.03090499046630021 -0.27688249390296876 0.030904990228479128 0.6805744249325628 4.5308647742619565e-11 1.0000000000161868 48
4.75 0.3203535689497326 -5.706863747444309e-11 -0.28105012623675163 0.012389375064165441 -0.2810501260101176 -0.012389375256490134 0.6796464310668485 5.6309078971802733e-11 1.0000000000165812 48
4.800000000000001 0.31697209577451296 -6.878902840615009e-11 -0.2766034588308486 0.05493416791767603 -0.2766034585957382 -0.054934168064070525 0.6830279042423795 6.800059165246669e-11 1.0000000000168925 48
4.8500000000000005 0.30946374866650056 -8.070777819819565e-11 -0.26399576861599905 0.09460324493418328 -0.2639957683818446 -0.09460324503602852 0.6905362513507016 7.989277350033052e-11 1.0000000000172022 48
4.9 0.29821453238582435 -9.226273042477607e-11 -0.24410705016123788 0.12947193064459936 -0.24410704993692606 -0.12947193070312504 0.701785467631682 9.146454657575559e-11 1.0000000000175064 48
4.95 0.2837883548261536 -1.031743198315889e-10 -0.21818148720361946 0.15792109171169239 -0.2181814869968351 -0.15792109172944807 0.7162116451916355 1.0236297318058746e-10 1.000000000017789 48
5.0 0.26689218744472876 -1.1300451245164753e-10 -0.18774343489949363 0.17871878978083347 -0.18774343471657626 -0.17871878975973965 0.7331078125733224 1.122221193061067e-10 1.0000000000180511 48
5.050000000000001 0.24833440217199879 -1.2147440416275614e-10 -0.1544986838587192 0.19107455021998973 -0.15449868370714032 -0.1910745501633455 0.7516655978463046 1.2069206233129378e-10 1.0000000000183034 48
5.1000000000000005 0.22897917331350315 -1.2826240627330537e-10 -0.12022867701064172 0.1946636236115479 -0.12022867689573455 -0.1946636235230749 0.7710208267050249 1.2750660427378359e-10 1.000000000018528 48
5.15 0.20969997198403673 -1.3304965780421133e-10 -0.08668553418387746 0.18962107862546945 -0.08668553411208986 -0.18962107850906565 0.7903000280346709 1.323953384384869e-10 1.0000000000187077 48
5.2 0.19133507769094826 -1.3547107587933728e-10 -0.05549522565032413 0.17650790672588224 -0.055495225627359666 -0.1765079065872237 0.8086649223279154 1.3487423646324892e-10 1.0000000000188636 48
5.25 0.1746477099018669 -1.3533866914025266e-10 -0.02807511666661009 0.15625332530609093 -0.028075116696895053 -0.1562533251543012 0.8253522901171374 1.3481444925919157e-10 1.0000000000190044 48
5.300000000000001 0.16029288413375975 -1.324847453540902e-10 -0.005570529964707261 0.13007897010761996 -0.005570530050526271 -0.13007896995215434 0.8397071158853827 1.3202631275867413e-10 1.0000000000191425 48
5.3500000000000005 0.14879247807040533 -1.2684834893079438e-10 0.011186871972847125 0.09941156896424325 0.011186871831461605 -0.0994115688143631 0.8512075219489226 1.2643594003864292e-10 1.0000000000193279 48
5.4 0.1405193158225034 -1.1849873978717116e-10 0.021698000345681128 0.06579095665028371 0.021698000150641373 -0.06579095651469491 0.8594806841970007 1.1810735876767537e-10 1.0000000000195042 48
5.45 0.13569040464918486 -1.0747982723174234e-10 0.025793467992220803 0.03077996219179428 0.025793467747536845 -0.0307799620786346 0.864309595370555 1.0718711678791738e-10 1.0000000000197398 48
5.5 0.13436884355577236 -9.396278783995619e-11 0.023611385151950735 -0.00411813088286675 0.023611384863103282 0.00411813096621614 0.8656311564645061 9.395079268516276e-11 1.0000000000202784 48
5.550000000000001 0.1364734109668391 -7.833053652883334e-11 0.0155594320100139 -0.03753005087530222 0.01555943168388773 0.03753005092167909 0.8635265890539877 7.866583976881085e-11 1.000000000020827 48
5.6000000000000005 0.14179445845638852 -6.120972187377619e-11 0.0022655356635645756 -0.06826784591728864 0.0022655353114646283 0.06826784592159682 0.8582055415645802 6.17840152359553e-11 1.0000000000209688 48
5.65 0.15001450304307956 -4.3098563658899004e-11 -0.015478246360897804 -0.09536742544676156 -0.015478246726909886 0.0953674254067864 0.8499854969780165 4.390172031307218e-11 1.000000000021096 48
5.7 0.16073182084208518 -2.4566876584734626e-11 -0.03677416600373206 -0.11811012622629326 -0.03677416637245648 0.1181101261411676 0.8392681791791116 2.559859781369088e-11 1.0000000000211968 48
5.75 0.1734853863871736 -6.13049550726085e-12 -0.060675545009122804 -0.136028305351873 -0.06067554537012968 0.1360283052218406 0.8265146136341287 7.410223142789633e-12 1.0000000000213023 48
5.800000000000001 0.18777965184376166 1.1818098457930178e-11 -0.08623856213384236 -0.14889691107795283 -0.086238562477129 0.14889691090450496 0.8122203481778988 -1.017939527064042e-11 1.0000000000216605 48
5.8500000000000005 0.20310789017117062 2.853671677400151e-11 -0.11256662495287484 -0.15671362978075568 -0.1125666252693156 0.15671362956793797 0.7968921098506848 -2.6650507353300286e-11 1.0000000000218554 48
5.9 0.21897310556140426 4.362319714170638e-11 -0.1388457806528934 -0.1596705507473215 -0.13884578093607217 0.1596705504988983 0.7810268944608463 -4.1609962359561495e-11 1.0000000000222506 48
5.95 0.23490581383627399 5.689523558076072e-11 -0.16437047887270703 -0.15812035506862285 -0.1643704791171669 0.15812035478767023 0.7650941861864298 -5.4760078451608335e-11 1.0000000000227038 48
6.0 0.2504782892589058 6.808440719180631e-11 -0.18855975603830796 -0.15253986679966572 -0.18855975623948443 0.15253986649161078 0.7495217107642183 -6.589463978543024e-11 1.0000000000231242 48
6.050000000000001 0.2653151419511376 7.705991228964044e-11 -0.21096452226017115 -0.14349346168603017 -0.21096452241531718 0.14349346135789112 0.7346848580721984 -7.478406996568065e-11 1.000000000023336 48
6.1000000000000005 0.2791003174529988 8.369171727500129e-11 -0.23126707769481736 -0.13159837302016505 -0.23126707780419453 0.13159837267839816 0.7208996825704773 -8.145317998039237e-11 1.000000000023476 48
6.15 0.2915807886045105 8.802354751105517e-11 -0.24927426340365094 -0.11749342449359956 -0.2492742634677964 0.11749342414302677 0.7084192114191629 -8.582654767953157e-11 1.0000000000236733 48
6.2 0.3025673371147937 9.006606951276048e-11 -0.2649057752906032 -0.10181220721684392 -0.26490577531219717 0.10181220686221999 0.6974326629090227 -8.803079670211941e-11 1.0000000000238165 48
6.25 0.3119328996925875 9.008027688595727e-11 -0.27817916226587563 -0.08516124238978173 -0.27817916224873723 0.08516124203722288 0.688067100331342 -8.813327244070649e-11 1.0000000000239295 48
6.300000000000001 0.3196089866367057 8.829372324949243e-11 -0.2891929207610694 -0.06810326029624551 -0.28919292071124253 0.06810325995048416 0.6803910133873889 -8.643426722588198e-11 1.0000000000240947 48
6.3500000000000005 0.3255806767047702 8.493564929460796e-11 -0.298108918267575 -0.05114539638623579 -0.29810891819109364 0.05114539604900691 0.6744193233195636 -8.3068678617796e-11 1.0000000000243339 48
6.4 0.3298806593314901 8.036489440077683e-11 -0.305135158261534 -0.03473186189749547 -0.3051351581627842 0.034731861568605985 0.6701193406930521 -7.846354408552922e-11 1.0000000000245421 48
6.45 0.33258274243361075 7.478558916754085e-11 -0.3105096635127836 -0.01924048702990839 -0.3105096633956578 0.01924048670945521 0.6674172575911118 -7.282718735736054e-11 1.0000000000247224 48
6.5 0.3337951791127815 6.838713437806613e-11 -0.3144860249046604 -0.004982450509828988 -0.3144860247725106 0.004982450197501902 0.6662048209121217 -6.638705738975542e-11 1.0000000000249032 48
6.550000000000001 0.33365409647275673 6.131240888788788e-11 -0.31732095353013756 0.00779551184244046 -0.3173209533858906 -0.007795512146966035 0.6663459035523093 -5.926563612403261e-11 1.000000000025066 48
6.6000000000000005 0.33231724011002495 5.371589956054906e-11 -0.3192639944558945 0.018907099165825753 -0.31926399430237073 -0.01890709946199468 0.6676827599151804 -5.1632477004788143e-11 1.0000000000252054 48
6.65 0.3299581828060788 4.571550342596955e-11 -0.3205494158621488 0.02822125512713248 -0.32054941570135836 -0.028221255414602436 0.6700418172192576 -4.3619566326600344e-11 1.0000000000253364 48
6.7 0.32676108838663087 3.741126535039198e-11 -0.3213901780368148 0.03565632707906772 -0.3213901778704273 -0.03565632735775859 0.6732389116388336 -3.531734193653071e-11 1.0000000000254645 48
6.75 0.322916073258052 2.889263444795273e-11 -0.32197381081520327 0.04117401102106271 -0.321973810644899 -0.04117401129117133 0.6770839267676226 -2.6762596353893553e-11 1.0000000000256746 48
6.800000000000001 0.3186151694281259 2.02417638876306e-11 -0.3224599814426576 0.04477342051798891 -0.32245998127010017 -0.04477342078018058 0.6813848305977683 -1.808372888018964e-11 1.0000000000258942 48
6.8500000000000005 0.31404886374091556 1.1516271749093059e-11 -0.32297951238994554 0.04648552407152936 -0.3229795122159599 -0.046485524326882 0.685951136285222 -9.336913478932416e-12 1.0000000000261375 48
6.9 0.3094031679230205 2.7530874767572253e-12 -0.3236346049002224 0.04636811068902445 -0.3236346047255546 -0.04636811093813771 0.6905968321033729 -5.554327700690085e-13 1.0000000000263933 48
6.95 0.3048571618137406 -6.014120935728953e-12 -0.32450003371878805 0.04450137025090812 -0.32450003354401397 -0.04450137049392787 0.6951428382129218 8.257593182028518e-12 1.0000000000266625 48
7.0 0.30058094660008666 -1.475567971647438e-11 -0.3256250967952231 0.040984115015369305 -0.3256250966208065 -0.04098411525198348 0.6994190534268615 1.706030348984071e-11 1.0000000000269482 48
7.050000000000001 0.29673394469802505 -2.3461045366828175e-11 -0.32703612679065514 0.03593062136167338 -0.3270361266169992 -0.03593062159111113 0.70326605532923 2.58323286636574e-11 1.000000000027255 48
7.1000000000000005 0.29346348683598494 -3.2110212402052894e-11 -0.32873939583310074 0.029468036071928487 -0.3287393956606792 -0.029468036293027487 0.7065365131915895 3.455610628620883e-11 1.0000000000275744 48
7.15 0.29090363371387923 -4.067724459462105e-11 -0.3307242688750606 0.021734267995893786 -0.33072426870444466 -0.021734268207253674 0.7090963663140346 4.320743661890883e-11 1.000000000027914 48
7.2 0.28917418826349983 -4.913057515128378e-11 -0.3329664827393697 0.01287627247899123 -0.3329664825712522 -0.012876272679064592 0.7108258117647592 5.1755172913131414e-11 1.0000000000282592 48
7.25 0.28837986409757904 -5.7432537518436677e-11 -0.3354314467018186 0.0030486309944915955 -0.33543144653698753 -0.0030486311816646998 0.7116201359310459 6.016168602819593e-11 1.0000000000286249 48
7.300000000000001 0.28860958542695175 -6.55369924313603e-11 -0.33807747602560234 -0.007587669466014178 -0.33807747586473796 0.007587669293496001 0.7113904146019869 6.842378079771452e-11 1.0000000000289386 48
7.3500000000000005 0.28993590291504207 -7.34223850587166e-11 -0.34085888243687856 -0.018866344945774282 -0.3408588822801138 0.018866344789594522 0.710064097114409 7.643049222726365e-11 1.000000000029451 48
7.4 0.29241451813019576 -8.106326774470159e-11 -0.3437288556133106 -0.03061688669057734 -0.3437288554626593 0.03061688655234351 0.707585481899661 8.42564742517628e-11 1.0000000000298568 48
7.45 0.29608391608714324 -8.835489190220767e-11 -0.3466420780319643 -0.04266565754702739 -0.34664207788881285 0.04266565742845674 0.7039160839431665 9.168151906928635e-11 1.0000000000303098 48
7.5 0.3009651105906873 -9.52324785344754e-11 -0.3495570227102575 -0.05483705628719446 -0.3495570225759373 0.05483705618919558 0.6990348894400132 9.864214440649121e-11 1.0000000000307006 48
7.550000000000001 0.3070615105841167 -1.0161729650841694e-10 -0.35243789022584926 -0.06695477590488673 -0.35243789010224574 0.06695477582896037 0.6929384894469995 1.0517447425645514e-10 1.0000000000311162 48
7.6000000000000005 0.314358917434113 -1.0741402624413794e-10 -0.3552561484932521 -0.07884316453096941 -0.3552561483819083 0.07884316447799646 0.6856410825974018 1.1106794052112775e-10 1.0000000000315148 48
7.65 0.32282566312957317 -1.1260289255998943e-10 -0.3579916465736995 -0.09032868144982571 -0.35799164647507137 0.09032868142108313 0.6771743369023803 1.1639217161047908e-10 1.0000000000319536 48
7.7 0.3324128978996449 -1.1713716503180153e-10 -0.36063328257015037 -0.10124142657058091 -0.3606332824838259 0.10124142656676301 0.6675871021327746 1.2107316062216875e-10 1.0000000000324194 48
7.75 0.34305503300424733 -1.2108709620981289e-10 -0.36317921546185683 -0.11141671036286296 -0.36317921538613096 0.11141671038400153 0.6569449670286543 1.2517607485195242e-10 1.0000000000329017 48
7.800000000000001 0.35467034072992704 -1.2454426448205935e-10 -0.36563662142013464 -0.12069662324423563 -0.36563662135327646 0.12069662329015161 0.6453296593034802 1.2878866107538583e-10 1.0000000000334073 48
7.8500000000000005 0.3671617092840658 -1.275937082568384e-10 -0.36802100641442054 -0.12893155911317108 -0.36802100635474694 0.1289315591833658 0.6328382907498701 1.319950811772465e-10 1.000000000033936 48
7.9 0.3804175457065777 -1.3031872813013853e-10 -0.3703550983284221 -0.13598164731459808 -0.3703550982742809 0.13598164740834084 0.6195824543279053 1.3487759765439631e-10 1.000000000034483 48
7.95 0.3943128154976973 -1.3280101537676533e-10 -0.3726673528517829 -0.14171805078627955 -0.3726673528016215 0.1417180509026671 0.6056871845373519 1.3751463446323975e-10 1.0000000000350493 48
8.0 0.40871020376871614 -1.3510820698902912e-10 -0.37499011756770567 -0.14602409519847245 -0.3749901175201453 0.14602409533648 0.5912897962669299 1.3998554139971205e-10 1.0000000000356462 48
8.05 0.42346137969783454 -1.3730387400753663e-10 -0.3773575074478412 -0.14879620410510483 -0.37735750740174917 0.1487962042636195 0.5765386203384238 1.4235274469281092e-10 1.0000000000362583 48
8.1 0.4384083441985684 -1.3943858546808733e-10 -0.3798030520209661 -0.14994462782588375 -0.379803051975509 0.14994462800374514 0.5615916558383156 1.4466114502287798e-10 1.000000000036884 48
8.15 0.45338484019382086 -1.415507642873022e-10 -0.38235717957905907 -0.14939396818471826 -0.3823571795337345 0.14939396838075836 0.5466151598437219 1.4695236133523304e-10 1.0000000000375429 48
8.200000000000001 0.46821780586165285 -1.436508801993832e-10 -0.38504460688015474 -0.1470835164506653 -0.3850446068346171 0.14708351666351818 0.5317821941765472 1.492279140556224e-10 1.0000000000382 48
8.25 0.4827288537126711 -1.45839394847779e-10 -0.38788170404827 -0.1429674369236946 -0.3878817040026379 0.14296743715195148 0.517271146326204 1.5146184370494397e-10 1.0000000000388751 48
8.3 0.4967357623156082 -1.480226177346033e-10 -0.39087390409157563 -0.13701484264079217 -0.3908739040463846 0.13701484288384172 0.5032642377238883 1.5369011392987014e-10 1.0000000000394964 48
8.35 0.5100539727533812 -1.50145530968209e-10 -0.39401322513921383 -0.1292098217486133 -0.3940132250961262 0.12920982200564057 0.48994602728676423 1.5585379911928075e-10 1.0000000000401454 48
8.4 0.5224980882310252 -1.5212482761176692e-10 -0.39727597175357654 -0.11955148237435927 -0.39727597171452245 0.11955148264417917 0.4775019118097255 1.5785399598817616e-10 1.0000000000407507 48
8.450000000000001 0.533883382352076 -1.5386924582390048e-10 -0.40062068013727226 -0.10805408960965393 -0.40062068010415625 0.10805408989097208 0.4661166176892356 1.5958964264632047e-10 1.0000000000413116 48
8.5 0.54402732905072 -1.5528336144028128e-10 -0.4039863713873767 -0.09474736986840696 -0.4039863713619311 0.0947473701599838 0.45597267099110156 1.6098010904015417e-10 1.0000000000418217 48
8.55 0.5527511745717746 -1.5629783452283088e-10 -0.40729117768650525 -0.07967705488147973 -0.4072911776704204 0.0796770551821082 0.44724882547023903 1.6194283150766566e-10 1.0000000000420135 48
8.6 0.5598815787447015 -1.5680618686511223e-10 -0.41043140884971757 -0.06290572952334632 -0.41043140884468565 0.06290572983165578 0.4401184212974937 1.6238618132031058e-10 1.0000000000421951 48
8.65 0.5652523585762839 -1.567386260527445e-10 -0.41328113110470693 -0.04451403418239969 -0.4132811311123379 0.04451403449698052 0.4347476414660571 1.6223888095496433e-10 1.000000000042341 48
8.700000000000001 0.5687063713328278 -1.5601961962464488e-10 -0.4156923361937588 -0.02460225321536577 -0.41569233621570184 0.024602253534725456 0.4312936287096256 1.6143205769528974e-10 1.0000000000424534 48
8.75 0.5700975762208683 -1.5456358784144014e-10 -0.41749578630652934 -0.0032922959898936187 -0.41749578634446277 0.003292296312407422 0.4299024238216941 1.5987979191071956e-10 1.0000000000425624 48
8.8 0.5692933129108061 -1.5228222738133211e-10 -0.41850262801118815 0.01926995397985262 -0.41850262806675737 -0.01926995365598738 0.4307066871318193 1.5750258806195706e-10 1.0000000000426255 48
8.85 0.5661768308893375 -1.490937369272803e-10 -0.4185068748349603 0.04291198317877147 -0.4185068749096634 -0.042911982855540945 0.4338231691533821 1.5421398835203724e-10 1.0000000000427196 48
8.9 0.5606500953986255 -1.4492163709317464e-10 -0.41728886158691764 0.0674317893472376 -0.41728886168206625 -0.06743178902674715 0.4393499046442205 1.4994511674772276e-10 1.0000000000428462 48
8.950000000000001 0.5526368829948609 -1.3969797977625834e-10 -0.41461977162740044 0.09259497104682012 -0.4146197717441078 -0.0925949707312934 0.44736311704812987 1.4463700954888728e-10 1.0000000000429907 48
9.0 0.5420861621000931 -1.3336446189373453e-10 -0.41026732842741764 0.11813196787150483 -0.4102673285665696 -0.11813196756333104 0.4579138379430481 1.3823943355165307e-10 1.000000000043141 48
9.05 0.5289757310351849 -1.258769911026754e-10 -0.40400272206163346 0.14373570674845976 -0.40400272222381484 -0.14373570645024328 0.4710242690081058 1.3071347555266204e-10 1.0000000000432907 48
9.1 0.5133160578368406 -1.1721160686102203e-10 -0.3956088068310321 0.16905996224048964 -0.39560880701641893 -0.1690599619550822 0.4866839422066045 1.2203719650083623e-10 1.0000000000434452 48
9.15 0.4951542329128442 -1.0737081534410302e-10 -0.38488955533073704 0.19371878702132117 -0.38488955553897014 -0.19371878675181886 0.5048457671307417 1.122122628365536e-10 1.000000000043586 48
9.200000000000001 0.47457790792175164 -9.638962339787068e-11 -0.37168068484545425 0.21728740811824304 -0.3716806850755125 -0.217287407867935 0.5254220921219591 1.0127073966075895e-10 1.0000000000437108 48
9.25 0.4517190533371082 -8.4340863804183e-11 -0.35586128283508034 0.23930500940743601 -0.35586128308517506 -0.23930500917970715 0.5482809467067031 8.928097254172781e-11 1.0000000000438114 48
9.3 0.42675732475225453 -7.13388170840655e-11 -0.3373661498032481 0.2592798245514854 -0.3373661500707547 -0.25927982434968516 0.5732426752916394 7.635180771908632e-11 1.000000000043894 48
9.35 0.399922786581292 -5.754086946268202e-11 -0.3161984523506007 0.2766969397568864 -0.3161984526320366 -0.27669693958418295 0.6000772134626763 6.263469276101414e-11 1.0000000000439684 48
9.4 0.37149770464341736 -4.314732917167715e-11 -0.2924421415329831 0.2910291448882677 -0.2924421418240285 -0.29102914474749536 0.6285022954006113 4.8323597125267996e-11 1.0000000000440288 48
9.450000000000001 0.34181709014013584 -2.8398561266926805e-11 -0.2662734495323161 0.3017510676306981 -0.2662734498278759 -0.3017510675242111 0.6581829099039466 3.365302934543196e-11 1.0000000000440825 48
9.5 0.3112676613366661 -1.3570329976460515e-11 -0.23797064205233098 0.30835667306688286 -0.23797064234663973 -0.3083566729964146 0.6887323387074767 1.889410479535811e-11 1.000000000044143 48
9.55 0.2802848908522754 1.0325085837585954e-12 -0.20792108889163788 0.31038000742685773 -0.2079210891784068 -0.310380007393393 0.7197151091919426 4.34806280964668e-12 1.000000000044218 48
9.600000000000001 0.2493478309524635 1.5085437610480093e-11 -0.17662463771103645 0.3074188110438564 -0.17662463798364228 -0.30741881104751695 0.7506521690918646 -9.662229899591392e-12 1.000000000044328 48
9.65 0.21897146134955298 2.8254396647670487e-11 -0.14469225487088636 0.299160328177565 -0.14469225512259773 -0.29916032821751026 0.7810285386949255 -2.2802485672750304e-11 1.0000000000444784 48
9.700000000000001 0.18969638752593132 4.0204004932227625e-11 -0.11283895157511806 0.2854083132676387 -0.11283895179934687 -0.28540831334197975 0.8103036125187447 -3.473961031529762e-11 1.000000000044676 48
9.75 0.16207583461437172 5.054389215471908e-11 -0.08187016104732042 0.2661098945135156 -0.08187016123755858 -0.26610989461889767 0.8379241654315817 -4.5217567511241534e-11 1.0000000000459535 48
9.8 0.1366600321292019 5.90094428527129e-11 -0.052660986599378394 0.24138063396779097 -0.05266098674978187 -0.24138063409979887 0.8633399679176659 -5.385737225533454e-11 1.0000000000468678 48
9.850000000000001 0.11397826499578499 6.534084149878005e-11 -0.026128107774041575 0.2115258527749884 -0.026128107879318272 -0.21152585292846718 0.8860217350519526 -6.036359498656077e-11 1.0000000000477376 48
9.9 0.0945190692967187 6.926025471278555e-11 -0.0031946088614121576 0.17705610969805033 -0.003194608916946935 -0.17705610986635015 0.9054809307518551 -6.44851808903744e-11 1.0000000000485738 48
9.950000000000001 0.07870926594652226 7.064487558002042e-11 0.01525143486416689 0.13869467140515118 0.015251434861992885 -0.1386946715808612 0.9212907341028079 -6.603707588759397e-11 1.00000000004933 48
10.0 0.0668927370485863 6.933747600420405e-11 0.02840314312835202 0.09737493229042864 0.028403143181499637 -0.09737493246523474 0.9331072630014624 -6.48725277305542e-11 1.0000000000500486 48
10.05 0.05931003950345071 6.529340718981109e-11 0.03558366540207395 0.05422606034033994 0.03558366551009035 -0.05422606050470508 0.940689960547251 -6.094421653053173e-11 1.0000000000507017 48
10.100000000000001 0.056080097603834346 5.86137213053855e-11 0.03629492737675657 0.01054568072064591 0.03629492753632297 -0.010545680864547092 0.9439199024474312 -5.435499697439197e-11 1.0000000000512654 48
10.15 0.05718529916926694 4.940983817388656e-11 0.030263046875729283 -0.03224084172277648 0.0302630470802282 0.03224084160985128 0.9428147008827136 -4.5392358391192597e-11 1.0000000000519804 48
10.200000000000001 0.062461317905090595 3.779971843590683e-11 0.017476852727570942 -0.07263402171408667 0.01747685296888428 0.0726340216430097 0.9375386821473493 -3.4389477340074266e-11 1.0000000000524398 48
10.25 0.07159288166639362 2.4941545223519776e-11 -0.0017841337048191605 -0.1091252004790726 -0.001784133435245997 0.1091252004585781 0.9284071183870044 -2.1734422273964512e-11 1.000000000053398 48
10.3 0.08411649221338008 1.0987206442009655e-11 -0.026935661566966796 -0.14027011312077536 -0.026935661280117863 0.1402701131575452 0.9158835078407219 -7.724341740476877e-12 1.000000000054102 48
10.350000000000001 0.09943077594876075 -3.5425524536393878e-12 -0.05709149123456814 -0.16476727814482084 -0.05709149094421991 0.16476727824420034 0.90056922410597 6.785053786579529e-12 1.0000000000547307 48
10.4 0.11681471688304315 -1.788491151940071e-11 -0.09108482767879535 -0.18153647732616016 -0.09108482740021281 0.18153647749038496 0.8831852831722966 2.1106077873877048e-11 1.0000000000553397 48
10.450000000000001 0.13545351448720028 -3.121417879091744e-11 -0.12750913408721007 -0.1897919372185306 -0.12750913383671275 0.18979193744559383 0.8645464855685033 3.4429698945583114e-11 1.0000000000557037 48
10.5 0.15447125336349687 -4.26416246850676e-11 -0.16477755184674406 -0.1891045523251483 -0.16477755164102176 0.18910455260890557 0.8455287466926521 4.5883086811886856e-11 1.0000000000561489 48
10.55 0.17296901181069313 -5.136670563743717e-11 -0.20119857058824164 -0.1794476879096852 -0.2011985704428121 0.1794476882403861 0.8270309882460658 5.469722662647466e-11 1.000000000056759 48
10.600000000000001 0.19006652186134476 -5.6796535959968456e-11 -0.2350640321036173 -0.16122181163829072 -0.2350640320319521 0.16122181200237407 0.8099334781960713 5.998487453036566e-11 1.000000000057416 48
10.65 0.20494507559831246 -5.834615702557201e-11 -0.26474417506475534 -0.13525442069258153 -0.26474417507664094 0.13525442107404043 0.795054924459714 6.131690882649586e-11 1.0000000000580265 48
10.700000000000001 0.21688909938064213 -5.558354057180388e-11 -0.28878339362162575 -0.1027733904055021 -0.28878339372178596 0.1027733907866301 0.783110900678034 5.835996762991565e-11 1.0000000000586762 48
10.75 0.22532372756025193 -4.8402799837874277e-11 -0.30598983187778966 -0.06535385096647407 -0.30598983206578184 0.06535385132822943 0.7746762724991081 5.103466423185111e-11 1.00000000005936 48
10.8 0.22984582431916573 -3.696293737025729e-11 -0.3155119678100591 -0.024840831161533485 -0.3155119680801432 0.02484083148462663 0.7701541757408789 3.9509477768989e-11 1.0000000000600446 48
10.850000000000001 0.2302462316547298 -2.1686143171536225e-11 -0.31689599805286506 0.016748009215806804 -0.3168959983938904 -0.016748008949652175 0.7697537684059872 2.4199584977000337e-11 1.000000000060717 48
10.9 0.22652154767098762 -3.2460782490133008e-12 -0.31011909606034077 0.05733341618038792 -0.31011909645607966 -0.05733341598703981 0.7734784523903746 5.752247549858558e-12 1.0000000000613622 48
10.950000000000001 0.2188744258470484 1.744824048890985e-11 -0.2955953883805323 0.09489184536586373 -0.2955953888104349 -0.09489184525692526 0.7811255742149082 -1.4953698496401722e-11 1.0000000000619567 48
11.0 0.20770217847939515 3.9300534438713456e-11 -0.27415362268331966 0.1275707895020739 -0.27415362312419767 -0.1275707894844592 0.7922978215831255 -3.6845060930341046e-11 1.0000000000625207 48
11.05 0.1935742987046552 6.112351089972643e-11 -0.24698778550350511 0.1537938619511825 -0.246987785931376 -0.1537938620265181 0.8064257013584321 -5.872115449908409e-11 1.0000000000630873 48
11.100000000000001 0.17720031199465425 8.172807268297192e-11 -0.21558414184587715 0.17234808358174922 -0.21558414223754704 -0.17234808374608487 0.8227996880690018 -7.936838078260563e-11 1.0000000000636562 48
11.15 0.1593900581656012 1.000107136832046e-10 -0.18163008970602246 0.18244721612104267 -0.18163009004061556 -0.18244721636546898 0.8406099418986073 -9.766992558722845e-11 1.0000000000642084 48
11.200000000000001 0.14100902681369076 1.1502078600196105e-10 -0.14691165653242103 0.18376692856366 -0.14691165679267776 -0.1837669288744049 0.8589909732510133 -1.1266247612231769e-10 1.000000000064704 48
11.25 0.12293167722553419 1.2593654658852783e-10 -0.11320727114270239 0.17644988091353134 -0.11320727131580481 -0.17644988127361527 0.8770683228396199 -1.2357506889127302e-10 1.000000000065154 48
11.3 0.10599574412922969 1.3228910166110744e-10 -0.08218555289286375 0.16108123143001937 -0.08218555297162343 -0.16108123182096484 0.8940042559362795 -1.2985704827690968e-10 1.0000000000655092 48
11.350000000000001 0.09096036274538002 1.3384834713531537e-10 -0.05531427659481276 0.13863738058127825 -0.055314276576845234 -0.13863738098230488 0.9090396373204656 -1.3129095964678065e-10 1.0000000000658456 48
11.4 0.07847046319919608 1.305559031219149e-10 -0.03378647796995439 0.11041273741744713 -0.03378647785717227 -0.1104127378062472 0.9215295368670262 -1.279023510266708e-10 1.0000000000662224 48
11.450000000000001 0.06902932811563627 1.2268091441392946e-10 -0.01846800390880664 0.07793075685385611 -0.018468003708296415 -0.07793075721040074 0.9309706719509622 -1.1988700649253314e-10 1.0000000000665985 48
11.5 0.06298053526715085 1.1077369339914812e-10 -0.00986887061597564 0.04284633696625628 -0.009868870338887732 -0.0428463372734588 0.9370194648000338 -1.0768326289298006e-10 1.0000000000671847 48
11.55 0.06049978427213011 9.547603227547376e-11 -0.008138775502149923 0.006846843592761479 -0.008138775163883522 -0.006846843834474052 0.9395002157955868 -9.197124061332277e-11 1.000000000067717 48
11.600000000000001 0.061596397735730335 7.751701878054332e-11 -0.013085213663522579 -0.028441422940058882 -0.013085213282814858 0.0284414227765455 0.938403602332613 -7.356778196434325e-11 1.0000000000683433 48
11.65 0.06612365162958135 5.795402930480583e-11 -0.02421104643286609 -0.06153549280957195 -0.024211046030038468 0.06153549273260974 0.9338763484393636 -5.3469543884433374e-11 1.000000000068945 48
11.700000000000001 0.07379657397931091 3.776255572265788e-11 -0.040767181763850684 -0.09116228104537563 -0.04076718135947742 0.09116228105853477 0.9262034260902545 -3.274002426767719e-11 1.0000000000695655 48
11.75 0.08421548630027931 1.799974292106469e-11 -0.061815323055179776 -0.11630660049473913 -0.06181532266774934 0.11630660059640545 0.9157845137698768 -1.2455175365774189e-11 1.000000000070156 48
11.8 0.09689336283460398 -5.241970185726617e-13 -0.08629553640935884 -0.13623947001266495 -0.08629553605421385 0.1362394701956867 0.9031066372361047 6.537966234160704e-12 1.0000000000707088 48
11.850000000000001 0.11128504599480714 -1.713061492661897e-11 -0.11309363667412628 -0.15052712013975608 -0.1130936363640646 0.15052712039328248 0.8887149540764325 2.355890239269347e-11 1.0000000000712397 48
11.9 0.12681646569785335 -3.1164933338813486e-11 -0.14110401960648095 -0.1590224350959386 -0.1411040193522275 0.1590224354060915 0.873183534373867 3.7821858387115465e-11 1.0000000000717204 48
11.950000000000001 0.14291223785061538 -4.2158044802520415e-11 -0.16928446430002925 -0.1618415897204827 -0.16928446411094694 0.16184159007293242 0.8570877622215332 4.899875601438448e-11 1.0000000000721485 48
12.0 0.1590203288999921 -4.970058440003025e-11 -0.1967004786567416 -0.159329298737015 -0.19670047853931644 0.1593292991190581 0.8409796711725832 5.672546165699136e-11 1.0000000000725753 47
12.05 0.17463283254822312 -5.3694678660610034e-11 -0.22255784633019407 -0.15201639056883276 -0.2225578462876978 0.15201639096787486 0.8253671675248865 6.077074675899368e-11 1.0000000000731095 47
12.100000000000001 0.1893022764390297 -5.392440945860921e-11 -0.24622305615455237 -0.14057338108771922 -0.24622305618793203 0.14057338149133233 0.8106977236346455 6.104103787017423e-11 1.0000000000736753 47
12.15 0.20265323043136746 -5.0449284913156826e-11 -0.26723217727736626 -0.12576341215322626 -0.2672321773847984 0.1257634125497016 0.7973467696425816 5.759813835322348e-11 1.000000000073949 47
12.200000000000001 0.21438930020966965 -4.338919234324024e-11 -0.28528943440941307 -0.10839740886296106 -0.2852894345862577 0.10839740924084078 0.7856106998645874 5.0573380198519546e-11 1.000000000074257 47
12.25 0.22429584431555621 -3.3022274981013576e-11 -0.3002572141292999 -0.08929367636961369 -0.300257214369011 0.08929367671871238 0.7757041557590476 4.0262926668310515e-11 1.0000000000746039 47
12.3 0.23223894080592836 -1.970896382473493e-11 -0.3121394955117046 -0.0692434764517823 -0.312139495805942 0.06924347676352186 0.767761059269024 2.7041984845627412e-11 1.0000000000749525 47
12.350000000000001 0.2381612501809564 -3.915099170712054e-12 -0.32106076627608954 -0.04898345985325104 -0.321060766614948 0.04898346012051049 0.7618387498942876 1.1361340633172455e-11 1.000000000075244 47
12.4 0.2420754782485412 1.3874112254722691e-11 -0.3272423923324834 -0.029175232360297367 -0.32724239270526145 0.029175232577334006 0.7579245218270032 -6.363769050531083e-12 1.0000000000755445 47
12.450000000000001 0.244056144602256 3.310924012808688e-11 -0.33097819446766685 -0.01039183410053325 -0.33097819486363556 0.010391834262946516 0.7559438554736024 -2.556739825547603e-11 1.0000000000758584 47
12.5 0.24423032034320064 5.326077479100198e-11 -0.33261069321547304 0.006889469734153336 -0.33261069362420376 -0.006889469628520793 0.7557696797329962 -4.568979456188388e-11 1.0000000000761968 47
12.55 0.24276792457597696 7.383606296850529e-11 -0.33250915132440667 0.02228894882461371 -0.33250915173643514 -0.022288948776910823 0.7572320755005782 -6.623954820130758e-11 1.0000000000765552 47
12.600000000000001 0.2398720748641216 9.438606275186006e-11 -0.33105020659554507 0.03552172689536947 -0.3310502070021416 -0.03552172690428947 0.7601279252128175 -8.67530835439933e-11 1.0000000000769391 47
12.65 0.235769882922473 1.1448720162344754e-10 -0.3286015726491834 0.04639171626100451 -0.32860157304233634 -0.04639171632355955 0.7642301171548952 -1.0676004144380232e-10 1.0000000000773681 47
12.700000000000001 0.23070398229509764 1.3375112071858235e-10 -0.32550900975985836 0.054783191892176224 -0.32550901013258027 -0.054783192003776786 0.7692960177826957 -1.2587262152371527e-10 1.0000000000777933 47
12.75 0.22492497652951393 1.5185777422095628e-10 -0.32208654291951183 0.06065093855849238 -0.32208654326626635 -0.060650938714202185 0.7750750235487467 -1.4381777677804017e-10 1.0000000000782605 47
12.8 0.21868490923701417 1.6856066601353474e-10 -0.3186097337028199 0.0640097757858624 -0.3186097340194623 -0.06400977597984972 0.7813150908417346 -1.6035779166094965e-10 1.0000000000787488 47
12.850000000000001 0.2122317843185716 1.8367657446833894e-10 -0.3153116949513598 0.0649241164599376 -0.3153116952345648 -0.06492411668564947 0.7877682157606717 -1.7530282182559687e-10 1.0000000000792433 47
12.9 0.20580510677023067 1.9705107045162052e-10 -0.3123814675822058 0.06349806090264953 -0.31238146782912213 -0.06349806115337836 0.7941948933095094 -1.8848998753039996e-10 1.0000000000797402 47
12.950000000000001 0.19963237176895973 2.08545123645814e-10 -0.30996434944599655 0.059866380588649494 -0.30996434965419506 -0.05986638085774859 0.8003676283112787 -1.997736101954303e-10 1.0000000000802385 47
13.0 0.1939264011246385 2.180589056109476e-10 -0.3081637684864209 0.05418661228641574 -0.30816376865442857 -0.054186612568175196 0.8060735989560923 -2.090454935934928e-10 1.0000000000807308 47
13.05 0.18888340997568787 2.2555076675791184e-10 -0.307044317784427 0.046632369103557114 -0.30704431791190356 -0.046632369392344525 0.8111165901055334 -2.1625536514863584e-10 1.0000000000812213 47
13.100000000000001 0.1846816807726455 2.3101501032545783e-10 -0.3066356103430556 0.037387881839257786 -0.30663561043017534 -0.03738788212965575 0.8153183193090513 -2.2138980341672798e-10 1.0000000000816969 47
13.15 0.18148072399196222 2.344751644455555e-10 -0.30693665972450906 0.0266437123605968 -0.30693665977204376 -0.026643712647522362 0.8185192760902071 -2.2446656345361775e-10 1.0000000000821694 47
13.200000000000001 0.17942081356905623 2.359845438590118e-10 -0.3079205432804 0.014593529134023753 -0.3079205432896646 -0.014593529412708466 0.8205791865135628 -2.2553794464049766e-10 1.000000000082619 47
13.25 0.17862279782873008 2.3562168595587536e-10 -0.3095391535042821 0.001431801390505209 -0.3095391534770488 -0.0014318016565088704 0.8213772022543178 -2.24686799858257e-10 1.0000000000830478 47
13.3 0.17918810205887223 2.334708758225299e-10 -0.3117278871091102 -0.012647749942819551 -0.3117278870478726 0.012647749693685838 0.8208118980245486 -2.2197391479460152e-10 1.0000000000834208 47
13.350000000000001 0.18119885542739722 2.297116324132237e-10 -0.3144101591003294 -0.027453112197908462 -0.3144101590079298 0.027453111969675665 0.8188011446563537 -2.1765166509098805e-10 1.0000000000837508 47
13.4 0.18471809155968247 2.2445155115699682e-10 -0.31750165966294724 -0.04279451532689841 -0.317501659541472 0.0427945151239378 0.8152819085243689 -2.1181247641781309e-10 1.0000000000840514 47
13.450000000000001 0.18978998790497728 2.177897431602026e-10 -0.32091429518654163 -0.0584846925189863 -0.32091429503847785 0.05848469234534762 0.8102100121793515 -2.0456893676258143e-10 1.0000000000843288 47
13.5 0.19644012337886008 2.0984192030932775e-10 -0.32455977184257345 -0.0743390018147523 -0.32455977166987504 0.07433900167336725 0.8035598767057226 -1.9604494221710311e-10 1.0000000000845826 47
13.55 0.20467574622039217 2.0070481057229924e-10 -0.32835279180959936 -0.09017552266093837 -0.32835279161426706 0.09017552255353328 0.7953242538644518 -1.8633920405207963e-10 1.000000000084844 47
13.600000000000001 0.21448605425571282 1.9048329151739058e-10 -0.3322138397424864 -0.10581521834406976 -0.33221383952661354 0.10581521827187164 0.7855139458293876 -1.7555603685011225e-10 1.0000000000851004 47
13.65 0.2258424976558096 1.7928257653515025e-10 -0.33607154168004516 -0.12108223126045838 -0.336071541445634 0.12108223122440818 0.7741575024295612 -1.637976970573061e-10 1.0000000000853708 47
13.700000000000001 0.23869911977168162 1.6720149386676746e-10 -0.3398645815276305 -0.13580435406568428 -0.3398645812765201 0.13580435406640656 0.7613008803139666 -1.5115981271769105e-10 1.0000000000856482 47
13.75 0.2529929547776302 1.5432937487752726e-10 -0.34354316264325946 -0.14981369679914133 -0.3435431623771005 0.14981369683687304 0.7470070453082918 -1.377300858347956e-10 1.000000000085922 47
13.8 0.26864450178970367 1.407453008725824e-10 -0.3470700048036999 -0.16294754889134697 -0.34707000452393233 0.1629475489658715 0.7313554982965045 -1.2358467447130414e-10 1.0000000000862082 47
13.850000000000001 0.28555829406332794 1.26515585087136e-10 -0.3504208705940292 -0.17504941623770812 -0.35042087030185887 0.17504941634830956 0.7144417060231777 -1.0879051009331382e-10 1.0000000000865057 47
13.9 0.30362357908975524 1.1169271776275786e-10 -0.3535846204475455 -0.18597019788007416 -0.35358462014394076 0.18597019802551487 0.6963764209970509 -9.340213350403829e-11 1.0000000000868061 47
13.950000000000001 0.32271512123977775 9.629435703446307e-11 -0.3565628022924304 -0.1955694547958282 -0.3565628019782017 0.1955694549743625 0.6772848788473625 -7.744620671379201e-11 1.0000000000871403 47
14.0 0.3426941334258955 8.046561401159965e-11 -0.35936878991812515 -0.203716715251699 -0.3593687895932598 0.20371671546058973 0.6573058666617421 -6.124281065194901e-11 1.0000000000876375 47
14.05 0.3634093384844677 6.409430202224325e-11 -0.3620264934234489 -0.2102927573867359 -0.3620264930881521 0.21029275762204497 0.6365906616036717 -4.455759244117782e-11 1.0000000000881395 47
14.100000000000001 0.38469815504696464 4.733395476860576e-11 -0.3645686749520043 -0.2151908102160963 -0.36456867460720743 0.2151908104741178 0.615301845041615 -2.7365836532604618e-11 1.0000000000885796 47
14.15 0.40638799700170625 3.021637261168349e-11 -0.3670349127622778 -0.21831761897948712 -0.3670349124108029 0.21831761925568316 0.5936120030873053 -9.881060676114e-12 1.0000000000890115 47
14.200000000000001 0.4282976706458942 1.2812501686922829e-11 -0.3694692658726007 -0.21959432935826562 -0.36946926551621373 0.2195943296480474 0.5717023294435973 7.85512731181276e-12 1.0000000000894915 47
14.25 0.45023884966454886 -4.808879933561351e-12 -0.37191769948211784 -0.21895715704409752 -0.37191769912254835 0.21895715734426013 0.5497611504254869 2.577130428492131e-11 1.0000000000900358 47
14.3 0.47201760543504545 -2.2571701698226592e-11 -0.3744253375949721 -0.2163578237176305 -0.37442533723419835 0.21635782402589043 0.5279823946556242 4.3791110600216e-11 1.0000000000906697 47
14.350000000000001 0.4934359690742023 -4.038061253113157e-11 -0.37703361339989405 -0.2117637568795395 -0.37703361304025507 0.21176375719407137 0.5065640310172156 6.181845693268097e-11 1.000000000091418 47
14.4 0.5142935022480657 -5.825132760067972e-11 -0.37977738986536275 -0.2051580681680058 -0.3797773895097235 0.20515806848729184 0.4857064978443191 7.967803135169914e-11 1.0000000000923848 47
14.450000000000001 0.5343888560840816 -7.590309079995896e-11 -0.3826821227414594 -0.19653934182461336 -0.38268212239239713 0.19653934214837543 0.46561114400944476 9.728392476981994e-11 1.0000000000935263 47
14.5 0.5535213014944341 -9.31885111513088e-11 -0.3857611359953535 -0.18592128082224676 -0.3857611356565595 0.1859212811500909 0.4464786986004522 1.144661357172673e-10 1.0000000000948863 47
14.55 0.5714922196737555 -1.0991078836345386e-10 -0.38901307613935215 -0.17333227191097356 -0.3890130758148262 0.17333227224229528 0.42850778042271015 1.3102197842438405e-10 1.0000000000964657 47
14.600000000000001 0.5881065482205169 -1.258253106519773e-10 -0.3924196075253614 -0.15881494162300447 -0.39241960721928293 0.15881494195732487 0.411893451878669 1.4668277310335427e-10 1.000000000099186 47
14.65 0.6031741859102508 -1.4066536499915878e-10 -0.39594340623903646 -0.1424257823951134 -0.39594340595499833 0.1424257827324833 0.3968258141911585 1.6122740958293793e-10 1.0000000001014093 47
14.700000000000001 0.6165113672461595 -1.5433626138757355e-10 -0.39952650644626153 -0.12423493083376524 -0.3995265061877138 0.12423493117433959 0.3834886328570529 1.7453067464952298e-10 1.0000000001032125 47
14.75 0.6279420260362796 -1.666173928450159e-10 -0.4030890506202489 -0.10432617833260346 -0.40308905039021675 0.10432617867667036 0.3720579740685734 1.8644961977100133e-10 1.000000000104853 47
14.8 0.6372991749692266 -1.774043363561959e-10 -0.40652849459775703 -0.08279728743020902 -0.40652849439911 0.08279728777780035 0.3627008251370957 1.96864936839774e-10 1.0000000001063223 47
14.850000000000001 0.6444263349235487 -1.8656597701544548e-10 -0.40971932018953017 -0.05976067527232371 -0.4097193200247397 0.05976067562322786 0.3555736651841228 2.056955553382701e-10 1.0000000001076716 47
14.9 0.6491790530440122 -1.9401422106405124e-10 -0.4125133122060925 -0.03534450816679111 -0.41251331207714825 0.03534450852035025 0.35082094706487427 2.1287741921516698e-10 1.0000000001088865 47
14.950000000000001 0.6514265519113265 -1.9966444548522163e-10 -0.4147404629787686 -0.009694228447706947 -0.4147404628873114 0.009694228802960662 0.34857344819873326 2.1824016653549586e-10 1.0000000001100597 48
15.0 0.6510535528746488 -2.034527597498569e-10 -0.41621057508998965 0.017025493321148263 -0.41621057503718994 -0.01702549296520565 0.3489464472365537 2.2170617462368377e-10 1.0000000001112026 48
15.05 0.6479623142750165 -2.05321243576358e-10 -0.41671564098986674 0.04462842128949985 -0.4167156409764269 -0.044628420933897614 0.3520376858373765 2.2325722634128025e-10 1.000000000112393 48
15.100000000000001 0.6420749193364511 -2.0522722460059012e-10 -0.4160330849322462 0.07290411153665345 -0.4160330849584507 -0.0729041111824381 0.3579250807771127 2.2282667477674346e-10 1.0000000001135638 48
15.15 0.6333358384485755 -2.03150720767734e-10 -0.41392995624801043 0.10161508603620548 -0.4139299563138685 -0.1016150856849132 0.3666641616661629 2.2040626644002454e-10 1.0000000001147384 48
15.200000000000001 0.6217147759708205 -1.9901276698754e-10 -0.4101681610193265 0.13049399317820917 -0.4101681611243903 -0.13049399283156513 0.3782852241451778 2.1597905740052853e-10 1.0000000001159983 48
15.25 0.6072097922137624 -1.9291756470148458e-10 -0.40451080905078923 0.15924097477794313 -0.40451080919452437 -0.15924097443795382 0.39279020790350266 2.0960200336101846e-10 1.000000000117265 48
15.3 0.5898506667023771 -1.8491298873690287e-10 -0.3967297317944078 0.18752151061439282 -0.39672973197601186 -0.1875215102836354 0.4101493334161628 2.0131041184878152e-10 1.0000000001185398 48
15.350000000000001 0.5697024392235966 -1.7505653683595382e-10 -0.3866141916993066 0.21496506105994787 -0.38661419191749846 -0.2149650607414458 0.43029756089624593 1.9115612570553088e-10 1.0000000001198426 48
15.4 0.5468690308350039 -1.634345885784898e-10 -0.37398075174291684 0.2411648727773629 -0.3739807519959137 -0.24116487247450835 0.4531309692861605 1.7921598026668841e-10 1.0000000001211644 48
15.450000000000001 0.521496808691749 -1.5016631146471933e-10 -0.35868420365088477 0.26567934724129144 -0.35868420393636485 -0.2656793469577842 0.4785031914307757 1.6559580872925337e-10 1.0000000001225247 48
15.5 0.4937779174697495 -1.3540006862264943e-10 -0.34062936353701023 0.28803539141788814 -0.34062936385206505 -0.2880353911576346 0.5062220826541913 1.5043227567773158e-10 1.0000000001239409 48
15.55 0.4639531581649422 -1.193077877557022e-10 -0.3197834348832494 0.3077341678065053 -0.31978343522434405 -0.3077341675734848 0.5360468419605098 1.3389522719647622e-10 1.000000000125452 48
15.600000000000001 0.43231415465527373 -1.0207189258262267e-10 -0.29618851340990354 0.3242596300579133 -0.2961885137728599 -0.32425962985599915 0.5676858454718033 1.1617198421153069e-10 1.000000000127077 48
15.65 0.3992045128782356 -8.390045195574306e-11 -0.26997367142098255 0.33709016320508095 -0.26997367180090615 -0.3370901630379681 0.6007954872506008 9.751650449046453e-11 1.0000000001288365 48
15.700000000000001 0.36501965076688414 -6.505331962965366e-11 -0.24136591851895514 0.3457135373834947 -0.24136591891025977 -0.34571353725465254 0.6349803493638188 7.816260406794983e-11 1.000000000130703 48
15.75 0.3302049637800746 -4.5814297110839475e-11 -0.21069920220043575 0.34964522546763105 -0.21069920259694908 -0.34964522538010023 0.6697950363525899 5.838993540190768e-11 1.0000000001326645 48
15.8 0.29525199594258594 -2.6255887339130124e-11 -0.1784204999601706 0.348449925641821 -0.17842050035624438 -0.3484499255990253 0.7047480041914437 3.869327302624346e-11 1.0000000001340297 48
15.850000000000001 0.26069231484859035 -6.895263083195819e-12 -0.14509198110737845 0.34176587083523235 -0.1450919814964121 -0.34176587084026394 0.7393076852867665 1.9172822424904984e-11 1.0000000001353568 48
15.9 0.22708884574400404 1.1893890272835399e-11 -0.11138820039503827 0.3293312047084034 -0.11138820076847537 -0.3293312047621011 0.7729111543926553 1.9689666826363112e-13 1.0000000001366594 48
15.950000000000001 0.19502450833747964 2.9697473375439644e-11 -0.07808734615034056 0.3110113714962704 -0.07808734649883609 -0.3110113715976377 0.804975491800492 -1.7769721854004187e-11 1.0000000001379716 48
16.0 0.1650881224105768 4.6053820336843164e-11 -0.04605572071552123 0.2868261247332606 -0.046055721030210495 -0.2868261248802876 0.8349118777285705 -3.42734066752375e-11 1.0000000001391474 48
16.05 0.1378577042943242 6.055647991249068e-11 -0.016224894477213793 0.2569744354376288 -0.016224894750069305 -0.25697443562661876 0.8621422958457982 -4.88837581171402e-11 1.0000000001401224 48
16.1 0.11388146236569562 7.28266925217092e-11 0.010438646514207707 0.22185530824998462 0.010438646290633308 -0.2218553084748408 0.8861185377751782 -6.121074275948282e-11 1.0000000001408738 48
16.150000000000002 0.09365700871392985 8.250351157764301e-11 0.03297104838328182 0.18208233386636039 0.032971048214461965 -0.1820823341181146 0.9063429914275608 -7.086603206355432e-11 1.0000000001414906 48
16.2 0.07760952475536526 8.935292601727882e-11 0.050454934251378994 0.1384897594687638 0.05045493414121676 -0.138489759737118 0.9223904753866095 -7.765077407617313e-11 1.0000000001419747 48
16.25 0.06606983548165637 9.319156957651049e-11 0.06206799371734132 0.09212798513783968 0.06206799367069648 -0.09212798541092768 0.9339301646609194 -8.134615357055773e-11 1.0000000001425757 48
16.3 0.05925354123984332 9.381384728256788e-11 0.06713408999738252 0.04424672535481815 0.0671340900164594 -0.04424672562003498 0.9407464589032704 -8.175534500970467e-11 1.0000000001431137 48
16.35 0.057242505935470346 9.123417654326962e-11 0.06517402181802265 -0.003735370751874388 0.06517402190052898 0.003735370506769707 0.942757494208192 -7.889196216008825e-11 1.0000000001436624 48
16.400000000000002 0.05997008383739137 8.565091651823687e-11 0.05595255048686524 -0.050275069411956655 0.05595255062649065 0.05027506919849747 0.9400299163068478 -7.300319279673198e-11 1.0000000001442393 48
16.45 0.06721146252281991 7.747050150318642e-11 0.039517960696537444 -0.09376232606915788 0.0395179608837092 0.09376232589750193 0.9327885376220636 -6.452455794822207e-11 1.0000000001448834 48
16.5 0.07858038951194372 6.711624879945437e-11 0.016230339485676773 -0.13258981521746155 0.016230339708689593 0.1325898150966475 0.921419610633547 -5.399764898434059e-11 1.0000000001454907 48
16.55 0.09353332398145499 5.493352782389082e-11 -0.013225007835214938 -0.16523136025966959 -0.013225007588786458 0.16523136019632684 0.9064666761648081 -4.197225027850003e-11 1.0000000001462632 48
16.6 0.11138171097846787 4.204814706235419e-11 -0.047841994588717164 -0.19032525630551717 -0.04784199433054227 0.19032525630093522 0.8886182891685654 -2.8892402559213508e-11 1.0000000001470333 48
16.650000000000002 0.13131262341694735 2.919513887745534e-11 -0.08631807712638667 -0.2067574850227833 -0.08631807687007688 0.20675748507834804 0.8686873767310074 -1.5681286859661175e-11 1.0000000001479548 48
16.7 0.15241747886654727 1.668754357115333e-11 -0.1270992148622288 -0.21373911015761976 -0.12709921462341456 0.21373911027260467 0.8475825212823734 -3.032685958763548e-12 1.0000000001489207 48
16.75 0.17372794807637396 5.614560901063341e-12 -0.16844467113775768 -0.21087183229791356 -0.16844467093252424 0.2108718324674837 0.8262720520736204 8.209250904934437e-12 1.0000000001499945 48
16.8 0.19425757522092194 -3.4872330727665142e-12 -0.20850917676493935 -0.19819586450983556 -0.20850917660833723 0.19819586472477954 0.8057424249301256 1.7151116041542185e-11 1.0000000001510476 48
16.85 0.21304707831882788 -9.831370185427484e-12 -0.24543830407285758 -0.1762150189416235 -0.24543830397725347 0.1762150191896523 0.7869529218332801 2.3285286555813218e-11 1.000000000152108 48
16.900000000000002 0.2292108470883135 -1.2978270458242795e-11 -0.2774714048559003 -0.1458951677116694 -0.2774714048296105 0.14589516797800942 0.7707891530647691 2.6148074068742865e-11 1.0000000001530827 48
16.95 0.24198185654798998 -1.2578121403731365e-11 -0.30304532349427415 -0.10863399802824125 -0.3030453235393501 0.10863399829625758 0.7580181436060816 2.552231868318567e-11 1.0000000001540714 48
17.0 0.25075211059179525 -8.647119521896594e-12 -0.32089146085108067 -0.06620209880391545 -0.3208914609656913 0.06620209905664118 0.7492478895632666 2.143082894450779e-11 1.0000000001550617 48
17.05 0.2551058481447727 -1.266911930436295e-12 -0.3301187496696031 -0.02065771745097374 -0.33011874984759776 0.02065771767252515 0.7448941520111741 1.4086661193554943e-11 1.0000000001559468 48
17.1 0.2548430932188709 9.077707945332646e-12 -0.3302757640023099 0.02576020359586794 -0.33027576423380023 -0.02576020342092364 0.745156906937898 3.8212230791559964e-12 1.0000000001567688 48
17.150000000000002 0.2499916946625784 2.1774001072928168e-11 -0.3213865086988538 0.07075409115874459 -0.3213865089702604 -0.07075409104374218 0.7500083054949933 -8.789460375808006e-12 1.0000000001575717 48
17.2 0.24080674438010477 3.6087869869497214e-11 -0.3039563298641556 0.11209675701267421 -0.3039563301585222 -0.11209675696725521 0.7591932557783134 -2.2843700048616958e-11 1.0000000001584182 48
17.25 0.22775712685975302 5.102407629752497e-11 -0.27894669347352763 0.14775834607051133 -0.2789466937719374 -0.1477583461001354 0.7722428732994041 -3.763971450118937e-11 1.0000000001591571 48
17.3 0.211499865537459 6.564453980328151e-11 -0.24772008253195005 0.17602210604210353 -0.24772008281387323 -0.17602210614635563 0.7885001346223713 -5.215864532374238e-11 1.0000000001598304 48
17.35 0.19284381260348685 7.890728908860373e-11 -0.21195871782149958 0.19558058931699848 -0.2119587180665394 -0.19558058949025164 0.8071561875570038 -6.539404191113807e-11 1.0000000001604907 48
17.400000000000002 0.17270499888125396 8.987940020538948e-11 -0.17356296567042595 0.20560538152785043 -0.17356296586207487 -0.2056053817593829 0.8272950012799023 -7.636505272326706e-11 1.0000000001611562 48
17.45 0.1520565494033106 9.791860289004537e-11 -0.13453693832010413 0.20578556037403048 -0.13453693844663892 -0.2057855606489109 0.8479434507585514 -8.435319159056613e-11 1.000000000161862 48
17.5 0.1318764256140755 1.0253158407879282e-10 -0.09686975319560541 0.1963326167417815 -0.09686975324957442 -0.19633261704206287 0.8681235745484956 -8.884244059882374e-11 1.000000000162571 48
17.55 0.11309634716022121 1.034565206084851e-10 -0.06242110656292662 0.17795226651912655 -0.062421106542066514 -0.17795226682661153 0.886903653003067 -8.959071734559086e-11 1.000000000163288 48
17.6 0.09655507155403771 1.0076033568801245e-10 -0.03281922981293491 0.1517861791736581 -0.03281922972027737 -0.15178617947083817 0.9034449286098067 -8.656101839304259e-11 1.0000000001638445 48
17.650000000000002 0.08295879124243893 9.464268683541448e-11 -0.009378012493756275 0.11932889816748858 -0.009378012336548568 -0.11932889843818224 0.9170412089219356 -8.005371860884348e-11 1.0000000001643745 48
17.7 0.0728507903293775 8.554912364088395e-11 0.0069617526623368614 0.08232692424532748 0.006961752873267215 -0.08232692447583093 0.9271492098354657 -7.05041268699251e-11 1.0000000001648433 48
17.75 0.06659175011028906 7.401188154897923e-11 0.01566421721286066 0.042667938811429815 0.01566421746387846 -0.042667938990995864 0.9334082500549918 -5.85058014752836e-11 1.000000000165281 48
17.8 0.06435127612855249 6.086454990958635e-11 0.01660291285774204 0.0022684044568240004 0.016602913133314207 -0.0022684045782915005 0.9356487240375604 -4.475910885321719e-11 1.000000000166113 48
17.85 0.06611041362142754 4.703759811050869e-11 0.010039438204342945 -0.03703268146561238 0.010039438488430896 0.03703268140430159 0.9338895865454732 -3.0110696170147796e-11 1.0000000001669007 48
17.900000000000002 0.07167419066983069 3.3036437580039054e-11 -0.0034200866901466813 -0.07356718800693278 -0.00342008641161225 0.07356718800564925 0.9283258094977676 -1.5320941122855035e-11 1.0000000001675982 48
17.95 0.08069263394005566 1.9650905549004868e-11 -0.02288588760211036 -0.10591326599597643 -0.022885887342067243 0.10591326605301464 0.9193073662282409 -1.111722905344536e-12 1.0000000001682965 48
18.0 0.09268827817799272 7.51495811182426e-12 -0.047256969166621615 -0.13294946863095236 -0.047256968937320155 0.13294946874173916 0.9073117219909728 1.1847699689260304e-11 1.0000000001689655 48
18.05 0.10708795565259119 -2.8164401253119268e-12 -0.07529908159451093 -0.15388618251060188 -0.07529908140598374 0.15388618266796458 0.8929120445168989 2.2868177212143362e-11 1.00000000016949 48
18.1 0.12325660445433988 -1.0902396544605475e-11 -0.10572244430444548 -0.16827478767643392 -0.10572244416363537 0.1682747878706369 0.8767433957155762 3.1511401239409855e-11 1.000000000169916 48
18.150000000000002 0.14053095696524776 -1.64618855803194e-11 -0.13725414890450796 -0.17599652642811228 -0.1372541488157328 0.17599652664794585 0.859469043205064 3.753883072620235e-11 1.0000000001703118 48
18.2 0.1582512310028266 -1.9540521140330572e-11 -0.1687011867245253 -0.17723426293195144 -0.16870118668981324 0.17723426316615135 0.8417487691678621 4.087304305234318e-11 1.0000000001706888 48
18.25 0.17578930697185804 -1.991798811693596e-11 -0.19900125669936253 -0.1724311020315129 -0.19900125671953003 0.17243110226968625 0.8242106931993265 4.146572823158222e-11 1.0000000001711846 48
18.3 0.19257229248128543 -1.7619379870025437e-11 -0.22725977359423624 -0.16224019787019517 -0.22725977366771843 0.1622401981032137 0.8074277076900812 3.9444013630833505e-11 1.0000000001713667 48
18.35 0.20810081028364263 -1.2742139934422485e-11 -0.25277269559319154 -0.14747005455184356 -0.2527726957160116 0.14747005477095776 0.7918991898879666 3.4838559418480916e-11 1.0000000001716092 48
18.400000000000002 0.22196176006931814 -5.518358973769263e-12 -0.27503583092936523 -0.12902926721610652 -0.2750358310963623 0.12902926741360551 0.7780382401026014 2.7883656866188488e-11 1.0000000001719196 48
18.45 0.2338356712019182 3.772073276322196e-12 -0.29374210308178866 -0.10787405713995256 -0.29374210328666783 0.10787405730962106 0.7661643289703828 1.8877715696214447e-11 1.000000000172301 48
18.5 0.24349906238654648 1.478985701207381e-11 -0.3087688224054955 -0.08496121056822077 -0.30876882264097355 0.08496121070511124 0.7565009377861796 8.176489993910446e-12 1.000000000172726 48
18.55 0.2508224451100943 2.719391162926377e-11 -0.3201573271206482 -0.06120822638569335 -0.3201573273785666 0.06120822648589865 0.7491775550630555 -3.872489854634211e-12 1.00000000017315 48
18.6 0.25576474836964413 4.0527010546269024e-11 -0.3280874400226043 -0.03746168939952023 -0.32808744029443737 0.0374616894599365 0.7442352518039527 -1.6856519035952934e-11 1.0000000001735967 48
18.650000000000002 0.25836500748996977 5.436459323944192e-11 -0.3328490773512062 -0.014474174074593863 -0.3328490776282886 0.014474174093637254 0.7416349926841128 -3.0348295529339714e-11 1.0000000001740825 48
18.7 0.25873215957022 6.829195733837807e-11 -0.33481309058692627 0.00711061086565393 -0.3348130908613692 -0.007110610888654235 0.7412678406043949 -4.393507184306337e-11 1.000000000174615 48
18.75 0.2570337352873271 8.194648641163073e-11 -0.3344030708877924 0.026765181331316598 -0.3344030711528913 -0.02676518139597456 0.7429662648878542 -5.725456045813567e-11 1.0000000001751812 48
18.8 0.25348414577141626 9.50179087405395e-11 -0.33206944710743397 0.04407919434752256 -0.3320694473575866 -0.044079194452254035 0.7465158544043696 -6.999648828516344e-11 1.0000000001757858 48
18.85 0.2483331482400338 1.0724234268569913e-10 -0.3282668029445515 0.058755149005042834 -0.3282668031752002 -0.05875514914714655 0.751666851936383 -8.186806512448925e-11 1.0000000001764169 48
18.900000000000002 0.24185494790461443 1.184175509243571e-10 -0.32343495899985386 0.07060015220270746 -0.32343495920769555 -0.07060015237934304 0.7581450522724995 -9.270415629617579e-11 1.0000000001771139 48
18.95 0.23433826714180836 1.284033138645247e-10 -0.31798403389462954 0.07951498685170773 -0.3179840340777978 -0.07951498705916271 0.7656617330360465 -1.0235855253483129e-10 1.0000000001778548 48
19.0 0.2260775943961126 1.371232252815411e-10 -0.3122834283126371 0.08548160687240304 -0.3122834284700434 -0.08548160710602358 0.7739224057825028 -1.1075369097059672e-10 1.0000000001786153 48
19.05 0.21736572056352402 1.4453074908778703e-10 -0.3066544718321704 0.08855002405453954 -0.3066544719629133 -0.0885500243092868 0.7826342796158681 -1.178358847451728e-10 1.000000000179392 48
19.1 0.20848758315621196 1.5056470700585913e-10 -0.301366333154891 0.08882536883231701 -0.3013663332570607 -0.08882536910266582 0.7915124170239394 -1.235282943633822e-10 1.0000000001801514 48
19.150000000000002 0.19971536979303497 1.5510244085377708e-10 -0.2966347135237787 0.08645571855552456 -0.2966347135948183 -0.08645571883569506 0.8002846303878339 -1.2771146502174986e-10 1.0000000001808689 48
19.200000000000003 0.19130478231147519 1.580323790359464e-10 -0.29262281155915953 0.08162110690190069 -0.29262281159745956 -0.08162110718651441 0.8086952178700658 -1.3025665517068625e-10 1.000000000181541 48
19.25 0.18349232968724377 1.5930336984671307e-10 -0.28944405482072977 0.07452396632340874 -0.28944405482605834 -0.0745239666071647 0.8165076704949431 -1.3109004027540604e-10 1.000000000182187 48
19.3 0.17649349984281898 1.589408205143041e-10 -0.28716612842234535 0.06538111761102151 -0.287166128395843 -0.06538111788936217 0.8235065003399595 -1.302130283989495e-10 1.0000000001827785 48
19.35 0.1705016547856557 1.5703838919763933e-10 -0.28581588406200326 0.054417309316203144 -0.2858158840060044 -0.05441730958449732 0.8294983453976532 -1.276993097288803e-10 1.000000000183309 48
19.400000000000002 0.16568749767861468 1.5371656007794393e-10 -0.28538477530551365 0.04186022486499917 -0.2853847752226708 -0.041860225118809005 0.8343125025051312 -1.2367863430984387e-10 1.000000000183746 48
19.450000000000003 0.16219897184263027 1.4907850072311757e-10 -0.2858345299661243 0.02793681499304128 -0.28583452986099733 -0.027936815228654384 0.8378010283414441 -1.182393735875068e-10 1.0000000001840743 48
19.5 0.1601614679939797 1.4348764903196952e-10 -0.28710283279490195 0.012870774747275094 -0.2871028326725551 -0.012870774961440274 0.8398385321903337 -1.1174808656713234e-10 1.0000000001843135 48
19.55 0.15967823520948357 1.3716753043496363e-10 -0.28910884786647323 -0.003119035659529597 -0.28910884773116413 0.003119035469804359 0.8403217649749884 -1.0446260185955069e-10 1.000000000184472 48
19.6 0.16083091153010642 1.3031556007510644e-10 -0.2917584579859618 -0.019819431913582465 -0.2917584578410436 0.019819431750739476 0.8391690886544568 -9.662686399509457e-11 1.0000000001845633 48
19.650000000000002 0.1636801104342064 1.230477737640894e-10 -0.2949491372455606 -0.037023207869626415 -0.29494913709338927 0.03702320773650416 0.8363198897503756 -8.835433560214735e-11 1.0000000001845821 48
19.700000000000003 0.1682660186360242 1.154797715774021e-10 -0.2985744026032454 -0.05452908328057863 -0.29857440244613404 0.0545290831801483 0.8317339815485276 -7.97820591475246e-11 1.000000000184552 48
19.75 0.17460897807210543 1.077015154747516e-10 -0.30252781180595084 -0.072141460237608 -0.30252781164512405 0.07214146017182649 0.8253910221123666 -7.100041953787825e-11 1.000000000184472 48
19.8 0.18271004003725055 9.977104714279169e-11 -0.30670648934362704 -0.08967012672242791 -0.30670648918012267 0.08967012669191375 0.8172899601471024 -6.206633054265195e-11 1.000000000184353 48
19.85 0.19255149193114685 9.175290478620238e-11 -0.3110141708651368 -0.10693001870243939 -0.3110141707000113 0.10693001870741105 0.8074485082530783 -5.304609117764431e-11 1.000000000184225 48
19.900000000000002 0.2040973668328839 8.367957989986943e-11 -0.31536376116531895 -0.12374112448557381 -0.31536376099929675 0.12374112452624443 0.7959026333512081 -4.3975184275581733e-11 1.000000000184092 48
19.950000000000003 0.21729395311742744 7.557944563685108e-11 -0.3196794029756606 -0.13992858770732425 -0.3196794028092542 0.13992858778388764 0.7827060470665462 -3.487808683408631e-11 1.0000000001839737 48
20.0 0.2320703256509066 6.74631671152667e-11 -0.3238980547235233 -0.1553230392569311 -0.32389805455699805 0.15532303936934 0.7679296745329666 -2.5771760004214886e-11 1.0000000001838731 48
20.05 0.2483389219147722 5.932125779635857e-11 -0.3279705763090846 -0.16976116443231393 -0.3279705761424152 0.16976116458007 0.7516610782690412 -1.6662828536101055e-11 1.0000000001838134 48
