0 1.0 0.0 0.0 0.0 0.0 0.0 0.0 0.0 1
0.05 0.99750416388997 3.627792251644508e-15 -0.0026058116849764323 0.04965518522490687 -0.0026058116849760724 -0.04965518522490693 0.002495836110119323 9.138640073668796e-18 1.0000000000000893 4
0.1 0.9901329319109934 1.4135312640109268e-14 -0.010416785001406463 0.09709986285038927 -0.010416785001443878 -0.09709986285008097 0.00986706808918415 -4.866559429812117e-16 1.0000000000001776 12
0.15000000000000002 0.9781912445299684 -9.010906173990924e-14 -0.023196064446246834 0.14084248958608275 -0.023196064443317163 -0.1408424895830825 0.021808755470315834 9.350183471151822e-14 1.0000000000002842 17
0.2 0.9620946931565125 -2.145268182298208e-13 -0.04005013056647498 0.18010607430918127 -0.04005013056549873 -0.18010607429584394 0.037905306843866095 2.2262851968830957e-13 1.0000000000003786 18
0.25 0.9423103133541086 -1.4932737537099478e-13 -0.05984068674504527 0.21458009266878586 -0.059840686747951746 -0.2145800926455477 0.05768968664633473 1.7234604329753635e-13 1.0000000000004434 22
0.30000000000000004 0.9193209719248812 8.452250464810674e-14 -0.08151427443732467 0.2442232721221883 -0.0815142744435946 -0.24422327208851935 0.08067902807560734 -5.824454508156526e-14 1.0000000000004885 25
0.35000000000000003 0.8936051376693882 4.787089642463644e-13 -0.10419758346570686 0.26914592488346806 -0.10419758347630477 -0.2691459248391542 0.1063948623310693 -4.693249964337569e-13 1.0000000000004574 27
0.4 0.8656255137106015 1.1079121980605328e-12 -0.12719746570962132 0.2895438386721209 -0.12719746572451013 -0.2895438386170698 0.13437448628960597 -1.1208029768275917e-12 1.0000000000002074 27
0.45 0.8358225161084116 1.9214869246270865e-12 -0.1499730398231846 0.3056628346740892 -0.1499730398416614 -0.30566283460702237 0.16417748389147938 -1.9547166430178824e-12 0.999999999999891 31
0.5 0.8046103949957548 2.937751388937344e-12 -0.1721079865660077 0.3177781471112647 -0.17210798658834037 -0.31777814703215346 0.19538960500391703 -2.9769628588860995e-12 0.9999999999996718 32
0.55 0.7723750525158416 4.133321862656438e-12 -0.19328968424232013 0.3261799257892477 -0.19328968426780527 -0.32617992569932575 0.22762494748363846 -4.184254806228508e-12 0.9999999999994801 34
0.6000000000000001 0.7394731215381306 5.442866480122016e-12 -0.21329292588996612 0.3311623086610158 -0.21329292591679952 -0.3311623085614119 0.260526878461078 -5.52708534300649e-12 0.9999999999992086 35
0.65 0.7062319839817891 6.771783276952136e-12 -0.23196603252247183 0.3330154725003739 -0.23196603254838521 -0.33301547239225543 0.29376801601728925 -6.894366390984095e-12 0.9999999999990783 36
0.7000000000000001 0.6729504560237426 7.994233029871299e-12 -0.2492186531374702 0.332020127264026 -0.2492186531601191 -0.3320201271483995 0.3270495439753528 -8.134842258402737e-12 0.9999999999990954 37
0.75 0.6398999261033469 8.970410467371095e-12 -0.2650110952013812 0.3284438614904128 -0.2650110952184387 -0.3284438613685559 0.3601000738958287 -9.12793239413512e-12 0.9999999999991755 37
0.8 0.607325786670177 9.676271410250266e-12 -0.27934505595486747 0.3225388572234581 -0.27934505596361064 -0.3225388570960851 0.39267421332897545 -9.793585322185893e-12 0.9999999999991525 38
0.8500000000000001 0.57544904077047 9.830178805377986e-12 -0.2922555688014437 0.3145406472524632 -0.2922555687990218 -0.31454064712062746 0.4245509592286256 -9.944964231000477e-12 0.9999999999990956 38
0.9 0.5444679910082869 9.414345329684896e-12 -0.3038039716104653 0.30466769654857256 -0.3038039715964209 -0.30466769641268443 0.45553200899084967 -9.522869490789475e-12 0.9999999999991366 39
0.9500000000000001 0.5145599370316379 8.427235358980828e-12 -0.31407173752760736 0.29312164096259025 -0.31407173750280704 -0.2931216408232827 0.4854400629675793 -8.531281819508672e-12 0.9999999999992173 39
1.0 0.4858828232898703 6.940357768632559e-12 -0.32315505075364503 0.28008803262593507 -0.3231550507199845 -0.28008803248431496 0.5141171767094549 -7.047828871227183e-12 0.9999999999993252 39
1.05 0.4585767935367541 5.060624993170925e-12 -0.3311600411478615 0.2657374473868068 -0.33116004110751757 -0.2657374472442157 0.5414232064627041 -5.165269956884855e-12 0.9999999999994582 40
1.1 0.43276562266251845 2.9013530149560298e-12 -0.33819860987852374 0.25022681807362585 -0.33819860983347877 -0.25022681793099594 0.5672343773370853 -2.9945354088805416e-12 0.9999999999996037 40
1.1500000000000001 0.4085580094104337 5.557246726897789e-13 -0.34438478814259144 0.23370087174341186 -0.3443847880948599 -0.23370087160131633 0.5914419905893423 -6.310010127063002e-13 0.999999999999776 41
1.2000000000000002 0.3860487248125122 -1.8365256115304853e-12 -0.34983157700981055 0.21629356811995643 -0.34983157696112144 -0.21629356797872445 0.6139512751874165 1.7973803646832487e-12 0.9999999999999287 42
1.25 0.3653196204120255 -4.215667029916382e-12 -0.35464822165499094 0.19812945777951335 -0.3546482216076925 -0.19812945763986814 0.6346803795880462 4.203828780796727e-12 1.0000000000000717 42
1.3 0.3464405074032488 -6.460013982964336e-12 -0.35893787878345373 0.17932490032362952 -0.3589378787397546 -0.17932490018612962 0.6535594925969641 6.483571068448355e-12 1.000000000000213 43
1.35 0.3294699227529 -8.49332949960139e-12 -0.36279564196173386 0.15998910348538528 -0.3627956419230178 -0.15998910335030786 0.6705300772474573 8.544167545349617e-12 1.0000000000003573 45
1.4000000000000001 0.3144558013105267 -1.0245171576001327e-11 -0.3663068954280466 0.14022496311690924 -0.3663068953949444 -0.14022496298407386 0.6855441986899902 1.03334623215828e-11 1.000000000000517 46
1.4500000000000002 0.30143607406187867 -1.1705001988007278e-11 -0.3695459722533838 0.12012970091101115 -0.36954597222598007 -0.12012970077933731 0.698563925938786 1.183535579564277e-11 1.0000000000006648 46
1.5 0.29043921224853514 -1.288166217285384e-11 -0.3725750970403957 0.09979531131963175 -0.3725750970187605 -0.09979531118821018 0.7095607877522725 1.304573697697929e-11 1.0000000000008076 46
1.55 0.28148473530623336 -1.3767255644480087e-11 -0.3754435964406245 0.07930884134409644 -0.3754435964246394 -0.07930884121287372 0.7185152646947223 1.3965765787693759e-11 1.0000000000009557 47
1.6 0.2745836977059673 -1.4386801413559284e-11 -0.37818736258154917 0.05875253661439336 -0.37818736257072777 -0.05875253648382612 0.7254163022951389 1.4611107723438736e-11 1.0000000000011062 47
1.6500000000000001 0.26973916606427634 -1.4769373783515206e-11 -0.3808285551415904 0.03820389441862989 -0.3808285551348164 -0.03820389428946366 0.7302608339369844 1.5018285133215915e-11 1.0000000000012608 48
1.7000000000000002 0.26694669357276607 -1.4982035900502395e-11 -0.3833755275412696 0.017735669083258188 -0.38337552753717496 -0.0177356689555358 0.7330533064286466 1.525741393453959e-11 1.0000000000014126 48
1.75 0.2661947941308629 -1.5088963429560888e-11 -0.3858229618829449 -0.0025841226243887654 -0.38582296188046 0.002584122751168074 0.7338052058706944 1.5391278191456548e-11 1.0000000000015574 48
1.8 0.26746541379189104 -1.5133917117187307e-11 -0.388152196285605 -0.022692148506748704 -0.3881521962839117 0.02269214863325841 0.7325345862098164 1.546828831057452e-11 1.0000000000017075 48
1.85 0.27073439248280234 -1.515261780204293e-11 -0.39033172755023654 -0.042529615145388076 -0.3903317275486136 0.042529615272201116 0.7292656075190647 1.5514757913814708e-11 1.000000000001867 48
1.9000000000000001 0.2759719046464733 -1.517614064557426e-11 -0.39231787206382124 -0.062041988489407875 -0.39231787206240176 0.06204198861656505 0.7240280953555368 1.556409532173101e-11 1.0000000000020102 48
1.9500000000000002 0.2831428636752478 -1.5174456034760454e-11 -0.39405556885638954 -0.08117854621047432 -0.39405556885576387 0.08117854633769972 0.7168571363268958 1.558778411983056e-11 1.0000000000021436 48
2.0 0.29220727192475865 -1.5130019636498338e-11 -0.3954793110135608 -0.09989173497937862 -0.39547931101398104 0.09989173510647996 0.7077927280775155 1.556919947216957e-11 1.0000000000022742 48
2.0500000000000003 0.3031204958595209 -1.503192509923628e-11 -0.39651419537100635 -0.11813631488090581 -0.39651419537251975 0.11813631500786266 0.6968795041428704 1.550165087890712e-11 1.0000000000023912 48
2.1 0.3158334446052259 -1.4878436717493575e-11 -0.39707708558123395 -0.13586828331154394 -0.3970770855836873 0.13586828343840737 0.6841665553972673 1.539172521341003e-11 1.0000000000024931 48
2.15 0.3302926299626182 -1.4685698963659844e-11 -0.39707789010599864 -0.15304358169918508 -0.3970778901092715 0.1530435818259786 0.6697073700399748 1.524911589539888e-11 1.000000000002593 48
2.2 0.34644008685423017 -1.4452883877605933e-11 -0.39642096417516215 -0.16961660011227825 -0.3964209641792326 0.1696166002390099 0.6535599131484499 1.506590736532636e-11 1.00000000000268 48
2.25 0.36421313529739824 -1.4179774632409908e-11 -0.3950066528239114 -0.18553850721439022 -0.39500665282864095 0.185538507341087 0.6357868647053704 1.4834207175569596e-11 1.0000000000027687 48
2.3000000000000003 0.38354396838959504 -1.3879199820085126e-11 -0.392733000199499 -0.20075544605619727 -0.39273300020474494 0.20075544618302726 0.6164560316132535 1.4573241705227654e-11 1.0000000000028484 48
2.35 0.4043590555217187 -1.3561875084839966e-11 -0.389497657702643 -0.21520664990657923 -0.38949765770825623 0.21520665003396044 0.5956409444812119 1.4288488701124507e-11 1.0000000000029305 48
2.4000000000000004 0.4265783561699135 -1.3239378816847512e-11 -0.3852000293537468 -0.2288225467384121 -0.3852000293594246 0.22882254686689268 0.5734216438331131 1.3989630707828352e-11 1.0000000000030267 48
2.45 0.4501143472278017 -1.2932529271242637e-11 -0.3797436961054584 -0.24152293609119363 -0.3797436961107001 0.24152293622130724 0.5498856527753222 1.3695938694922171e-11 1.000000000003124 48
2.5 0.474870875992752 -1.2669447959987423e-11 -0.37303916062439824 -0.25321533771601257 -0.3730391606284884 0.253215337848219 0.525129124010488 1.3434765408659744e-11 1.00000000000324 48
2.5500000000000003 0.5007418616563826 -1.2491335373175685e-11 -0.36500694924549965 -0.263793627372567 -0.365006949247511 0.2637936275071671 0.4992581383469849 1.3245626800608238e-11 1.0000000000033675 48
2.6 0.527609880473953 -1.244890870764744e-11 -0.35558109726545045 -0.27313709084285004 -0.35558109726429543 0.27313709097992883 0.47239011952956356 1.3177716135807547e-11 1.0000000000035165 48
2.6500000000000004 0.5553446836306607 -1.2598739710801227e-11 -0.3447130264473809 -0.28111004176779186 -0.3447130264416792 0.281110041907126 0.4446553163730225 1.3287096196853467e-11 1.0000000000036833 48
2.7 0.5838017120086142 -1.3014873675924386e-11 -0.3323757986653954 -0.2875621610140718 -0.33237579865375894 0.28756216115512373 0.41619828799523856 1.3649220747431963e-11 1.0000000000038527 48
2.75 0.612820688259167 -1.3754337881483721e-11 -0.31856869640337615 -0.2923297232015179 -0.3185686963846653 0.2923297233433533 0.38717931174486814 1.4330919325449622e-11 1.0000000000040352 48
2.8000000000000003 0.6422243832757075 -1.4866619979476728e-11 -0.3033220391321718 -0.2952378775630768 -0.30332203910561933 0.2952378777044469 0.35777561672849634 1.5372401179060205e-11 1.0000000000042037 48
2.85 0.6718176705761678 -1.6377245769888563e-11 -0.2867020948191052 -0.2961041428371512 -0.28670209478441766 0.2961041429766468 0.3281823294282035 1.680321047144416e-11 1.0000000000043714 48
2.9000000000000004 0.7013869971933937 -1.8288032694438542e-11 -0.2688158891661482 -0.29474325644552396 -0.2688158891234939 0.2947432565817231 0.29861300281113584 1.86300904162498e-11 1.0000000000045295 48
2.95 0.7307004120841308 -2.0579112358534198e-11 -0.24981565382779225 -0.29097348368423365 -0.249815653777744 0.2909734838158233 0.2692995879205332 2.0838540578455015e-11 1.000000000004664 48
3.0 0.7595083011439803 -2.32120335488106e-11 -0.2299025922174603 -0.2846244400827434 -0.2299025921609219 0.2846244402085883 0.240491698860804 2.3396911033563188e-11 1.0000000000047842 48
3.0500000000000003 0.7875449797246767 -2.6133755638747545e-11 -0.20932958229779422 -0.2755464070209063 -0.20932958223591988 0.2755464071401121 0.21245502028019986 2.6259152658564288e-11 1.0000000000048765 48
3.1 0.8145312869608603 -2.928194719374937e-11 -0.18840238606515602 -0.26362102568873347 -0.18840238599926876 0.2636210258006807 0.18546871304409684 2.9367584229891534e-11 1.0000000000049571 48
3.1500000000000004 0.8401783090241736 -3.258925090684406e-11 -0.1674789026640224 -0.24877313764894016 -0.16747890259553805 0.24877313775328358 0.1598216909808393 3.265625055358878e-11 1.0000000000050129 48
3.2 0.8641923285487355 -3.598658268457111e-11 -0.1469659945810203 -0.23098340390250677 -0.146965994511381 0.23098340399913683 0.13580767145632416 3.605434773878961e-11 1.0000000000050597 48
3.25 0.8862810531890543 -3.9397185348527444e-11 -0.1273134430258269 -0.21030118349557306 -0.1273134429564029 0.21030118358466565 0.11371894681604629 3.948473118074863e-11 1.0000000000051006 48
3.3000000000000003 0.9061611165188018 -4.2770279259541266e-11 -0.10900465795896397 -0.18685699559873947 -0.10900465789089132 0.18685699568085973 0.09383888348632934 4.288762751564864e-11 1.0000000000051312 48
3.35 0.9235667691928082 -4.606580430498471e-11 -0.09254388747656178 -0.16087373737648372 -0.09254388741088525 0.1608737374520026 0.07643323081236254 4.622708684263143e-11 1.0000000000051708 48
3.4000000000000004 0.9382595887589894 -4.924021728614105e-11 -0.07843984499172754 -0.13267569898935289 -0.07843984492872857 0.1326756990585711 0.06174041124619319 4.9444849517715763e-11 1.0000000000051825 48
3.45 0.9500389356710263 -5.226833547457274e-11 -0.06718590140995813 -0.10269432478489204 -0.06718590134889742 0.10269432484805674 0.049961064334274954 5.250973930112623e-11 1.0000000000053013 48
3.5 0.9587527757678838 -5.5218924317768945e-11 -0.0592372683779209 -0.07146963595588864 -0.05923726831904632 0.07146963601408217 0.04124722423748073 5.5505616470275184e-11 1.0000000000053646 48
3.5500000000000003 0.9643083826124506 -5.804077368356002e-11 -0.05498591615442618 -0.03964627466097475 -0.05498591609899401 0.03964627471471102 0.03569161739290663 5.83727505473794e-11 1.0000000000053573 48
3.6 0.9666823353802365 -6.067915648551991e-11 -0.054734306684887775 -0.007963270597582797 -0.054734306634081534 0.007963270647455157 0.03331766462579672 6.09530354303057e-11 1.0000000000060332 48
3.6500000000000004 0.9659291497868746 -6.305077562284626e-11 -0.058669352602108094 0.022763118748624737 -0.05866935255768582 -0.022763118701416837 0.03407085021897956 6.340499887480299e-11 1.0000000000058542 48
3.7 0.9621878320798276 -6.511594135601433e-11 -0.06683830300132342 0.05166377850063704 -0.06683830296300518 -0.051663778453580986 0.037812167925832516 6.548868747943792e-11 1.0000000000056601 48
3.75 0.9556856406220243 -6.687068446632959e-11 -0.07912846919936163 0.07784812878425915 -0.079128469166793 -0.0778481287348091 0.04431435938331887 6.74310518859897e-11 1.0000000000053433 48
3.8000000000000003 0.9467383860759115 -6.836937900290426e-11 -0.09525279918504098 0.10044178786651635 -0.09525279915718418 -0.1004417878118981 0.05326161392948755 6.907791099171127e-11 1.000000000005399 48
3.85 0.9357467070596954 -6.960137783121308e-11 -0.11474325187225899 0.11862913576407562 -0.11474325184958942 -0.11862913570214165 0.06425329294578638 7.055130427972638e-11 1.0000000000054818 48
3.9000000000000004 0.9231879267682181 -7.053623332549003e-11 -0.13695368336323732 0.1316987800081215 -0.1369536833464019 -0.13169877993716403 0.0768120732373113 7.166814472959444e-11 1.0000000000055294 48
3.95 0.9096033254363174 -7.114979849456607e-11 -0.161073522409552 0.1390893474727466 -0.16107352239837974 -0.1390893473917291 0.09039667456943651 7.211388055293123e-11 1.0000000000057538 48
4.0 0.8955809453314804 -7.151639550554254e-11 -0.186152884663625 0.14043256555506406 -0.18615288465642452 -0.1404325654632472 0.10441905467438418 7.222379318986779e-11 1.0000000000058646 47
4.05 0.8817343640643323 -7.178187557553543e-11 -0.2111389806427681 0.135590320504875 -0.21113898063609543 -0.1355903204023379 0.11826563594162626 7.238649174039191e-11 1.0000000000059586 46
4.1000000000000005 0.8686782067299755 -7.208669904000364e-11 -0.23492275963295745 0.12468235150702206 -0.23492275962463854 -0.12468235139352236 0.13132179327615404 7.259446458025078e-11 1.0000000000061295 46
4.15 0.8570014907015893 -7.260024261005983e-11 -0.25639377233319555 0.10810150155574695 -0.2563937723197619 -0.10810150143269444 0.1429985093046518 7.303837681716468e-11 1.000000000006241 46
4.2 0.8472401783457117 -7.347781695700337e-11 -0.2745003177426178 0.08651402134279139 -0.27450031772074834 -0.08651402121187644 0.15275982166067906 7.381377583465622e-11 1.0000000000063909 45
4.25 0.8398505215120652 -7.486379943366941e-11 -0.28831116347057156 0.06084330004537404 -0.2883111634376578 -0.06084329990926488 0.16014947849452668 7.535908378179389e-11 1.0000000000065918 45
4.3 0.83518488910792 -7.684332661175516e-11 -0.2970745911371476 0.032236531729771485 -0.2970745910919965 -0.032236531591056404 0.16481511089887918 7.726543431291862e-11 1.0000000000067992 45
4.3500000000000005 0.8334717534705084 -7.945397530777219e-11 -0.3002703049014736 0.0020151374815090307 -0.3002703048431356 -0.002015137344850869 0.16652824653652232 7.980211040170865e-11 1.0000000000070308 45
4.4 0.8348013602847122 -8.275854859340003e-11 -0.2976499109534022 -0.02838885936143665 -0.2976499108820008 0.02838885949025403 0.16519863972251728 8.30389486411945e-11 1.0000000000072296 45
4.45 0.8391183203382656 -8.669836550676763e-11 -0.28926225264344285 -0.057506995772497245 -0.2892622525610852 0.057506995888259124 0.16088167966911693 8.692313179047049e-11 1.0000000000073825 45
4.5 0.8462219529501067 -9.106518002985916e-11 -0.2754608501129471 -0.08391445234785619 -0.27546085002311793 0.08391445244667203 0.15377804705746176 9.124114903676037e-11 1.0000000000075684 43
4.55 0.8557747074127892 -9.569003605976101e-11 -0.256891979814481 -0.10631066510622766 -0.2568919797215006 0.10631066518501732 0.14422529259493488 9.583993072062403e-11 1.000000000007724 43
4.6000000000000005 0.8673184289473224 -1.0033354877350343e-10 -0.2344634314897489 -0.12359473396936572 -0.23446343139879436 0.12359473402631299 0.13268157106054235 1.0047195923508092e-10 1.0000000000078648 43
4.65 0.880297666506287 -1.0472292254350594e-10 -0.20929555937595987 -0.13493005434038868 -0.20929555929267932 0.13493005437528724 0.11970233350172439 1.048601111939539e-10 1.0000000000080114 43
4.7 0.8940886920172124 -1.0857634468945014e-10 -0.18265774486552944 -0.13979326499291184 -0.18265774479547772 0.13979326500739261 0.10591130799094066 1.0872137074426743e-10 1.000000000008153 43
4.75 0.908032463362165 -1.1163024956265993e-10 -0.15589465473135763 -0.13800373593656318 -0.15589465467940558 0.13800373593407897 0.09196753664613058 1.1179327761721126e-10 1.0000000000082956 43
4.800000000000001 0.9214694583825019 -1.13668829230099e-10 -0.13034757746025213 -0.12973131617756983 -0.13034757743005113 0.12973131616317296 0.07853054162596333 1.1385807277495117e-10 1.0000000000084652 43
4.8500000000000005 0.9337741642804205 -1.1456899874776316e-10 -0.10727655241528569 -0.11548178246079215 -0.10727655240898046 0.11548178244077567 0.06622583572832921 1.1475792741833643e-10 1.0000000000087497 43
4.9 0.9443870401749784 -1.1422896883586125e-10 -0.08778892454544443 -0.09606120815371219 -0.0877889245631257 0.09606120813517069 0.0556129598340423 1.1451093600437178e-10 1.0000000000090208 43
4.95 0.9528419771470715 -1.1271463891029905e-10 -0.07277936955476451 -0.07252213107988278 -0.07277936959439292 0.07252213106997113 0.047158022862226034 1.1311702299127566e-10 1.0000000000092975 43
5.0 0.9587876397541596 -1.1018471643233555e-10 -0.06288540458479765 -0.04609577860309583 -0.06288540464212898 0.046095778608062396 0.04121236025542514 1.1075994759091856e-10 1.0000000000095848 43
5.050000000000001 0.9620015509222763 -1.0684312408344746e-10 -0.05846103850810417 -0.018115578560667752 -0.05846103857742014 0.01811557858579392 0.03799844908749882 1.075916277073887e-10 1.000000000009775 44
5.1000000000000005 0.9623963329153905 -1.0305820683995928e-10 -0.0595696678484421 0.010062336019252669 -0.059569667922431284 -0.010062335969508165 0.03760366709486635 1.0401915886762602e-10 1.000000000010257 43
5.15 0.9600180898857232 -9.926686649680152e-11 -0.06599574799702099 0.03713595850724474 -0.06599574806750019 -0.03713595842924057 0.039981910125142524 1.0028250411516152e-10 1.0000000000108658 43
5.2 0.9550374616672257 -9.590761151489964e-11 -0.0772733192640417 0.061926432269929374 -0.07727331932311393 -0.06192643216153977 0.04496253834450131 9.698370931309308e-11 1.000000000011727 42
5.25 0.9477343488637291 -9.332891486137503e-11 -0.09272827561703385 0.08343505578661264 -0.09272827565820253 -0.0834350556479736 0.05226565114894039 9.440779562364666e-11 1.0000000000126694 42
5.300000000000001 0.9384776707097162 -9.174427094613428e-11 -0.11153042675403133 0.10088528391119383 -0.11153042677331942 -0.10088528374477013 0.06152232930377835 9.298927205253546e-11 1.0000000000134945 42
5.3500000000000005 0.9277017473339924 -9.136032422431622e-11 -0.13275097299366248 0.11374811822821361 -0.13275097298832983 -0.11374811803807713 0.07229825268041307 9.24903031085693e-11 1.0000000000144054 42
5.4 0.9158809887566983 -9.213638596837288e-11 -0.15542099210701502 0.1217506689769623 -0.15542099207532847 -0.12175066876873421 0.08411901125824359 9.31649841045836e-11 1.0000000000149418 42
5.45 0.90350452971978 -9.42966068448893e-11 -0.17858688962586586 0.12486894228177163 -0.17858688956512342 -0.1248689420602264 0.09649547029563836 9.5194569316715e-11 1.0000000000154183 42
5.5 0.8910522895424052 -9.801923061350261e-11 -0.2013594171579581 0.12330695551707578 -0.20135941706526764 -0.12330695528875796 0.10894771047332982 9.867603547724168e-11 1.000000000015735 43
5.550000000000001 0.8789736855999384 -1.034061633748005e-10 -0.22295372240115197 0.11746504092412914 -0.2229537222749407 -0.11746504069691854 0.12102631441615891 1.0388106007927122e-10 1.0000000000160973 43
5.6000000000000005 0.8676699188178999 -1.1052578773711063e-10 -0.24271885638855417 0.10790063097128856 -0.2427188562286378 -0.10790063075420604 0.13233008119857653 1.1073276880276838e-10 1.0000000000164764 43
5.65 0.8574804121952162 -1.1932763099366087e-10 -0.2601561279296039 0.09528493253967327 -0.26015612773871144 -0.09528493234201994 0.142519587821445 1.1928778668598193e-10 1.0000000000166611 43
5.7 0.8486736492718893 -1.295755244698799e-10 -0.2749265760077407 0.08035872548191988 -0.27492657579150936 -0.08035872531239385 0.15132635074504663 1.2928326153362898e-10 1.0000000000169358 43
5.75 0.8414423544246556 -1.4094043036329667e-10 -0.2868485627162106 0.06389012149783511 -0.28684856248304963 -0.06389012136395293 0.1585576455924683 1.404811924628507e-10 1.0000000000171239 43
5.800000000000001 0.8359027002792511 -1.5291757321117517e-10 -0.29588703148348794 0.04663656142549509 -0.29588703124375115 -0.04663656133254912 0.16409729973820475 1.5237620375394378e-10 1.0000000000174558 43
5.8500000000000005 0.8320970315206359 -1.6501207302367017e-10 -0.3021363119302125 0.029312686227491648 -0.30213631169499544 -0.029312686178138227 0.16790296849709938 1.6439520445872373e-10 1.0000000000177351 43
5.9 0.8299994639667029 -1.7660059622447035e-10 -0.3057984899185725 0.01256505768638989 -0.3057984896990153 -0.012565057680599895 0.17000053605128393 1.7593390845133367e-10 1.0000000000179867 43
5.95 0.8295236515961542 -1.872099509411477e-10 -0.307159322846165 -0.003045913153658174 -0.3071593226524092 0.003045913118026825 0.17047634842200263 1.864693211808803e-10 1.0000000000181568 43
6.0 0.8305320058897078 -1.9625775331876195e-10 -0.3065635014645055 -0.017057005331993322 -0.3065635013051849 0.017057005259366157 0.16946799412864408 1.954929310817597e-10 1.0000000000183518 43
6.050000000000001 0.8328456914219309 -2.033983399052812e-10 -0.3043907817399949 -0.02910679260746569 -0.30439078162193195 0.02910679250347928 0.1671543085966308 2.0262938890371662e-10 1.0000000000185616 43
6.1000000000000005 0.8362547972792573 -2.083241691875789e-10 -0.30103417548278705 -0.03893470946625668 -0.3010341754112577 0.03893470933742172 0.16374520273952475 2.075628848825289e-10 1.000000000018782 43
6.15 0.8405281832129501 -2.1080735870674886e-10 -0.2968810349391244 -0.046375651227704304 -0.2968810349177873 0.04637565108114272 0.1594718168060786 2.100589274093993e-10 1.0000000000190288 43
6.2 0.8454226107980883 -2.1069952588031824e-10 -0.29229752605074527 -0.05135124736412528 -0.29229752608162324 0.05135124720733836 0.15457738922125577 2.0996516517257073e-10 1.000000000019344 43
6.25 0.8506908831201586 -2.0794054481667016e-10 -0.2876166813239263 -0.05385892178569578 -0.28761668140746477 0.053858921626289954 0.14930911689950518 2.0723600222635886e-10 1.0000000000196638 43
6.300000000000001 0.8560888235630888 -2.025436915644435e-10 -0.28312997143914265 -0.05395975874613063 -0.2831299715743097 0.053959758591551846 0.1439111764568817 2.0187741828627695e-10 1.0000000000199705 43
6.3500000000000005 0.8613810192930793 -1.9459334470151783e-10 -0.27908214221670624 -0.05176605088185313 -0.279082142401217 0.051766050739052404 0.13861898072719495 1.9397718059283446e-10 1.0000000000202742 43
6.4 0.8663453343941243 -1.842308551429795e-10 -0.2756689310263655 -0.04742923783937921 -0.2756689312568854 0.04742923771465777 0.13365466562645326 1.8366547205352933e-10 1.0000000000205775 43
6.45 0.8707762596533158 -1.7164058425559996e-10 -0.27303719980623725 -0.04112876805068436 -0.2730372000785571 0.04112876794968785 0.1292237403675721 1.711572076874795e-10 1.000000000020888 44
6.5 0.8744872106754926 -1.5705330637874767e-10 -0.27128699274300155 -0.033062246699718585 -0.27128699305219006 0.033062246627384065 0.12551278934570742 1.5668438443461664e-10 1.0000000000212 44
6.550000000000001 0.8773119145031688 -1.4072327510805183e-10 -0.27047503570262377 -0.023437079906112625 -0.27047503604329004 0.02343707986651897 0.12268808551832094 1.405055290748795e-10 1.0000000000214897 44
6.6000000000000005 0.8791050392185492 -1.2291203115040939e-10 -0.27061923148731154 -0.012463694893408974 -0.2706192318539202 0.012463694889818563 0.12089496080321573 1.2289332102542084e-10 1.000000000021765 44
6.65 0.8797422235542173 -1.0392905103635534e-10 -0.2717037601878563 -0.0003503113202468485 -0.27170376057453205 0.00035031135508228434 0.12025777646777631 1.0411115891495593e-10 1.0000000000219935 44
6.7 0.8791196569343873 -8.40556670842795e-11 -0.2736844587026991 0.012700839714022286 -0.2736844591036448 -0.012700839639132976 0.12088034308781644 8.445786121259954e-11 1.0000000000222038 44
6.75 0.877153347129553 -6.358245089129151e-11 -0.2764942208513303 0.026496006890460843 -0.2764942212611397 -0.026496006774851387 0.1228466528928418 6.422187229715797e-11 1.0000000000223948 44
6.800000000000001 0.873778195120187 -4.281949607483951e-11 -0.28004822404610985 0.04085131108867442 -0.2800482244601172 -0.04085131093242072 0.12622180490209595 4.363299876513857e-11 1.0000000000222828 44
6.8500000000000005 0.8689469767909437 -2.189785714806951e-11 -0.28424884647551163 0.055593245228437796 -0.2842488468914167 -0.05559324503352393 0.1310530232309345 2.288914747703342e-11 1.0000000000218783 44
6.9 0.8626293103066538 -1.0035745203183752e-12 -0.28899018795325443 0.07055848893045681 -0.2889901883656494 -0.07055848869615916 0.13737068971480682 2.1541971757850823e-12 1.0000000000214606 44
6.95 0.8548106676946098 1.960530300041905e-11 -0.29416214697225923 0.08559323594503374 -0.29416214737666874 -0.08559323567307053 0.14518933232641207 -1.828117962725954e-11 1.0000000000210219 44
7.0 0.8454914701623096 3.9730974035919266e-11 -0.2996540361236253 0.10055221546231292 -0.2996540365163322 -0.10055221515441531 0.1545085298582256 -3.820916005342511e-11 1.0000000000205351 44
7.050000000000001 0.834686289632228 5.920267255553714e-11 -0.3053577384722444 0.11529756669377066 -0.3053577388500477 -0.11529756635120592 0.16531371038776888 -5.745775382985144e-11 1.000000000019997 44
7.1000000000000005 0.8224231642463017 7.787198094266277e-11 -0.31117042002544437 0.12969770169673456 -0.31117042038542087 -0.12969770132046432 0.17757683577310424 -7.588261378374229e-11 1.0000000000194058 44
7.15 0.8087430233743936 9.559811669059012e-11 -0.3169968194677428 0.14362626583204166 -0.3169968198071175 -0.14362626542293133 0.1912569766443527 -9.3354762136342e-11 1.0000000000187463 44
7.2 0.793699208005994 1.1223082533148124e-10 -0.32275113746552736 0.15696127967917992 -0.3227511377816031 -0.15696127923811481 0.20630079201201992 -1.0975788691562605e-10 1.000000000018014 44
7.25 0.7773570652683036 1.2762999651913465e-10 -0.3283585456236 0.16958452150201564 -0.32835854591390456 -0.16958452103004945 0.22264293474885172 -1.250049171950784e-10 1.0000000000171554 44
7.300000000000001 0.7597935910836139 1.4167130000793792e-10 -0.3337563310534913 0.18138118603538692 -0.33375633131573196 -0.18138118553368363 0.24020640893266043 -1.3896778497228774e-10 1.0000000000162743 44
7.3500000000000005 0.7410970924908238 1.5421894696065666e-10 -0.3388946877704081 0.1922398338597232 -0.3388946880024574 -0.19223983332936426 0.2589029075247966 -1.516975590253733e-10 1.0000000000156204 44
7.4 0.7213668407131246 1.6530601657474266e-10 -0.34373716182305164 0.20205262627091145 -0.34373716202776233 -0.20205262571541743 0.278633159301757 -1.6288712528201188e-10 1.0000000000148817 44
7.45 0.7007126874267859 1.7512444699415933e-10 -0.34826075401634105 0.2107158236174726 -0.3482607541977389 -0.2107158230388404 0.2992873125880256 -1.7256382931758114e-10 1.0000000000148115 44
7.5 0.679254619618067 1.8397747946694368e-10 -0.3524556827821039 0.2181305108141916 -0.3524556829433718 -0.21813051021228988 0.3207453803966039 -1.8128421242690217e-10 1.000000000014671 44
7.550000000000001 0.6571222326319639 1.9188266750720713e-10 -0.35632481060616866 0.22420350242023834 -0.3563248107493634 -0.22420350179692083 0.3428777673826582 -1.889683500502956e-10 1.000000000014622 44
7.6000000000000005 0.6344541061997855 1.988767414001833e-10 -0.35988274033718193 0.22884837154544668 -0.3598827404622887 -0.22884837090283278 0.365545893814798 -1.9588790253443568e-10 1.0000000000145834 44
7.65 0.6113970740711065 2.0490660666239867e-10 -0.3631545925904011 0.23198654203742325 -0.3631545926974206 -0.23198654137910263 0.38860292594352797 -2.0193938484640133e-10 1.0000000000146345 44
7.7 0.5881053840115298 2.100923857704197e-10 -0.36617448191665813 0.2335483821406555 -0.3661744820065856 -0.2335483814700005 0.41189461600339083 -2.0701637893755865e-10 1.0000000000149205 44
7.75 0.5647397510194457 2.143103435626726e-10 -0.36898371690669257 0.23347424002278255 -0.36898371697881505 -0.23347423934355782 0.4352602489960857 -2.1116008774186839e-10 1.0000000000155314 44
7.800000000000001 0.5414663123151479 2.1758704553709338e-10 -0.3716287573491621 0.2317153671854336 -0.3716287574041376 -0.23171536650100596 0.4585336877012778 -2.1432307119022353e-10 1.0000000000164255 45
7.8500000000000005 0.518455497631798 2.199676528203332e-10 -0.3741589693485176 0.22823468452374673 -0.3741589693872068 -0.228234683836344 0.48154450238584307 -2.1652481080264531e-10 1.000000000017641 45
7.9 0.49588083230379215 2.2128610489153293e-10 -0.3766242262502344 0.2230073572439284 -0.3766242262726464 -0.223007356556218 0.5041191677153294 -2.1796395340119996e-10 1.0000000000191216 45
7.95 0.47391769335813627 2.2185621907936577e-10 -0.3790724088613162 0.21602115846662245 -0.3790724088680222 -0.21602115778236974 0.526082306662759 -2.1862294353566512e-10 1.0000000000208953 45
8.0 0.45274204008425273 2.2168405533283264e-10 -0.38154686236880353 0.20727661636324698 -0.3815468623594178 -0.20727661568568356 0.5472579599384011 -2.1858998836732737e-10 1.0000000000226539 45
8.05 0.43252914029113404 2.2080668454723608e-10 -0.3840838693237235 0.1967869553685408 -0.3840838692977607 -0.19678695470086885 0.5674708597333095 -2.1786770245775035e-10 1.0000000000244436 45
8.1 0.41345231162618273 2.1920435529734598e-10 -0.3867101980580363 0.18457785751046143 -0.38671019801504075 -0.1845778568555497 0.5865476884000455 -2.1642129406792466e-10 1.0000000000262281 45
8.15 0.39568169399552866 2.1682561068487127e-10 -0.3894407840884432 0.17068708433897448 -0.38944078402808513 -0.17068708369880808 0.6043183060324682 -2.141862181370176e-10 1.0000000000279967 45
8.200000000000001 0.37938306443378417 2.1362270313689632e-10 -0.3922765988152483 0.15516401252980655 -0.3922765987373929 -0.15516401190551488 0.620616935595738 -2.111103287514866e-10 1.0000000000295222 45
8.25 0.3647166999471858 2.0911923249920099e-10 -0.3952027556367 0.13806914624732602 -0.395202755542214 -0.13806914563893088 0.6352833000835983 -2.0679838030805775e-10 1.0000000000307843 45
8.3 0.35183628718268317 2.037676027005905e-10 -0.39818689909877536 0.1194736761529407 -0.39818689898775117 -0.11947367555937471 0.6481637128492456 -2.016469258314723e-10 1.0000000000319287 46
8.35 0.3408878706095801 1.9755626616440633e-10 -0.40117791854116736 0.09945915805410466 -0.4011779184126549 -0.09945915747514245 0.6591121294234342 -1.9564198351484602e-10 1.0000000000330143 46
8.4 0.33200882362534173 1.9047640662135678e-10 -0.4041050245559323 0.07811738324663237 -0.40410502440924245 -0.07811738268245487 0.6679911764087116 -1.8873426266420563e-10 1.0000000000340534 46
8.450000000000001 0.325326820027207 1.825156348024248e-10 -0.40687722498953993 0.055550507351234846 -0.4068772248243255 -0.055550506802090234 0.6746731800078604 -1.8088638381799748e-10 1.0000000000350673 46
8.5 0.3209587770692963 1.7367807104962597e-10 -0.40938323760244766 0.03187149477826108 -0.40938323741853283 -0.03187149424440824 0.6790412229667818 -1.720773738419162e-10 1.0000000000360783 46
8.55 0.3190097362940372 1.6398570514851704e-10 -0.41149187905911977 0.007204921796269163 -0.41149187885639343 -0.007204921278158306 0.6809902637430177 -1.6233371518272037e-10 1.000000000037055 47
8.6 0.3195716449355879 1.534173694905729e-10 -0.41305297455215917 -0.018311837462751276 -0.4130529743308442 0.01831183796471816 0.6804283551024423 -1.5163773015417957e-10 1.00000000003803 47
8.65 0.32272199938778057 1.4197570065896344e-10 -0.41389883867050126 -0.044527040809379886 -0.4138988384310779 0.044527041294385145 0.6772780006511986 -1.400258182436234e-10 1.000000000038979 47
8.700000000000001 0.32852231345039196 1.2952088041770333e-10 -0.41384638533075385 -0.0712726497809427 -0.4138463850740627 0.0712726502480949 0.6714776865895102 -1.2731822726196238e-10 1.0000000000399023 47
8.75 0.3370163782396505 1.1638681911339271e-10 -0.412699931571176 -0.09836210118239572 -0.4126999312983586 0.09836210163008115 0.6629836218011266 -1.1403121860088637e-10 1.0000000000407772 47
8.8 0.34822828818144413 1.0252660387550372e-10 -0.41025476524171156 -0.12558787166505447 -0.4102547649548053 0.1255878720913556 0.6517717118601107 -1.0001880859641771e-10 1.0000000000415548 47
8.85 0.3621602187588698 8.803010758863785e-11 -0.4063015482418522 -0.15271896757656314 -0.406301547942776 0.15271896797996823 0.6378397812833833 -8.539480822464394e-11 1.000000000042253 47
8.9 0.37878995697982437 7.297356277602035e-11 -0.40063162277575265 -0.17949851391817984 -0.4006316224663545 0.17949851429718178 0.6212100430630512 -7.024688184397832e-11 1.0000000000428755 47
8.950000000000001 0.3980682050603087 5.742882750857236e-11 -0.39304327573031755 -0.2056416593128351 -0.39304327541270634 0.205641659665943 0.6019317949831107 -5.467236062630533e-11 1.0000000000434195 47
9.0 0.4199157016588825 4.1504268255756614e-11 -0.3833489932276643 -0.23083405665958792 -0.3833489929043174 0.23083405698539386 0.5800842983850095 -3.879490009032992e-11 1.000000000043892 47
9.05 0.44422023299281355 2.5330616451335228e-11 -0.3713837012643122 -0.25473121914162183 -0.37138370093812967 0.25473121943884325 0.5557797670515059 -2.2748032384450543e-11 1.0000000000443194 47
9.1 0.470833637882757 9.065235819967206e-12 -0.357013937054804 -0.27695908517271767 -0.35701393672907394 0.27695908544028164 0.5291663621619606 -6.692778611136746e-12 1.0000000000447176 47
9.15 0.4995689453985969 -7.0892823283069614e-12 -0.3401478278149879 -0.2971161495152802 -0.340147827493278 0.29711614975237927 0.5004310546465086 9.20055906230076e-12 1.0000000000451055 47
9.200000000000001 0.5301978200401043 -2.2959692006946502e-11 -0.3207456688290346 -0.31477752610737997 -0.3207456685147153 0.3147775263135051 0.4698021800053617 2.4768273773357922e-11 1.000000000045466 47
9.25 0.562448525461145 -3.8392314172042026e-11 -0.29883079175003446 -0.32950129527498917 -0.29883079144653013 0.32950129545018614 0.43755147458468546 3.983349839441114e-11 1.0000000000458305 47
9.3 0.5960046512062228 -5.3195362227318e-11 -0.27450030006615317 -0.34083744769253727 -0.27450029977717205 0.340837447837443 0.4039953488399871 5.421358314068607e-11 1.00000000004621 47
9.35 0.6305048747127026 -6.709014172744617e-11 -0.2479351266797392 -0.34833966341286327 -0.24793512640853316 0.3483396635287167 0.36949512533369683 6.786574378290388e-11 1.0000000000463993 47
9.4 0.6655440492795437 -7.999436210580273e-11 -0.21940874638515384 -0.35158005092599287 -0.21940874613466796 0.35158005101448764 0.33445595076703594 8.050109935173278e-11 1.0000000000465796 47
9.450000000000001 0.7006759136679344 -9.175678505464619e-11 -0.18929376428082115 -0.35016681449279186 -0.1892937640537631 0.3501668145555378 0.2993240863788273 9.197397481936999e-11 1.0000000000467617 47
9.5 0.735417706049272 -1.0223793708752909e-10 -0.15806551309842942 -0.3437646165352413 -0.15806551289743453 0.3437646165743265 0.2645822939976658 1.0216165345964868e-10 1.0000000000469378 47
9.55 0.7692569297682006 -1.1129714822436142e-10 -0.12630174366889635 -0.3321171580234233 -0.12630174349632456 0.3321171580419199 0.23074307027890595 1.109505051428761e-10 1.0000000000471065 47
9.600000000000001 0.8016604569279023 -1.1881395127355492e-10 -0.09467750025173577 -0.31507122089733813 -0.09467750010981935 0.3150712208995419 0.19833954311934934 1.1827148518510352e-10 1.0000000000472518 47
9.65 0.8320860652458947 -1.2470230708323496e-10 -0.06395435326476782 -0.29260111586324716 -0.06395435315464744 0.29260111585383763 0.16791393480146471 1.2403225410255497e-10 1.0000000000473594 47
9.700000000000001 0.8599963827327328 -1.2894346768219166e-10 -0.034963331233702405 -0.2648321762218908 -0.03496333115515063 0.2648321762058355 0.1400036173146936 1.2823510652137382e-10 1.0000000000474265 47
9.75 0.8848750645920443 -1.3158146208109953e-10 -0.00858116254918021 -0.23206166015037302 -0.008581162501029464 0.23206166013300522 0.11512493545539565 1.309394271769943e-10 1.00000000004744 47
9.8 0.9062448513473783 -1.326973804878344e-10 0.014300189949456997 -0.19477520229691145 0.014300189969201323 0.19477520228384607 0.09375514870005827 1.3224524361950933e-10 1.0000000000474365 47
9.850000000000001 0.9236869640312034 -1.3245797207437007e-10 0.0328102477352394 -0.1536568269236445 0.032810247730232514 0.1536568269209535 0.07631303601621285 1.3230879835273072e-10 1.0000000000474163 47
9.9 0.936861092494375 -1.3107736863635719e-10 0.046141982801841244 -0.10959053651441189 0.046141982776137076 0.10959053652839947 0.06313890755300496 1.3135206084682413e-10 1.0000000000473799 47
9.950000000000001 0.945525041301518 -1.28777662704474e-10 0.053597422608703864 -0.06365165620742985 0.053597422567054166 0.06365165624331749 0.05447495874587716 1.2962239277582174e-10 1.0000000000473952 47
10.0 0.9495529321590404 -1.2584945404636714e-10 0.05463467580770732 -0.017086472280362065 0.05463467575673344 0.017086472341054742 0.05044706788832681 1.273382961287341e-10 1.0000000000473672 47
10.05 0.948950742311286 -1.2267452231472414e-10 0.048913601791328934 0.028720734312936317 0.04891360173915243 -0.028720734226677147 0.05104925773600662 1.248507362383099e-10 1.0000000000472926 47
10.100000000000001 0.9438679052330863 -1.1972774203442034e-10 0.03633690409141137 0.07229339562685355 0.03633690404687865 -0.07229339551580148 0.056132094814161454 1.2245694071906684e-10 1.0000000000472478 47
10.15 0.9346037320371016 -1.17369496366798e-10 0.017083169952095873 0.11212030688184486 0.017083169921833844 -0.11212030674911799 0.06539626801005805 1.206913832651696e-10 1.0000000000471596 47
10.200000000000001 0.9216075440745929 -1.1578191880453672e-10 -0.008371628638255765 0.14672336588677667 -0.008371628649669928 -0.14672336573807115 0.07839245597270891 1.1953940030945923e-10 1.0000000000473017 48
10.25 0.9054716474674114 -1.1512772005679419e-10 -0.03924736085405389 0.17473245239995122 -0.039247360845103337 -0.1747324522437994 0.09452835258010366 1.1943306985893375e-10 1.000000000047515 48
10.3 0.8869166281063157 -1.1556458028858397e-10 -0.07447024811948925 0.19496345947583366 -0.07447024808978792 -0.19496345931831952 0.11308337194152839 1.203443975291023e-10 1.000000000047844 48
10.350000000000001 0.8667688896404876 -1.1709376757740522e-10 -0.11270225464911615 0.2064946208657893 -0.11270225459842467 -0.20649462071251495 0.13323111040781616 1.2228526205885764e-10 1.0000000000483038 48
10.4 0.84593087425101 -1.1973073038725753e-10 -0.15238969110099415 0.2087356975744047 -0.15238969102980196 -0.20873569743143516 0.15406912579788443 1.252846277506169e-10 1.0000000000488944 48
10.450000000000001 0.8253449624125062 -1.2343815198846854e-10 -0.19182988450553626 0.20148439863397802 -0.1918298844158027 -0.20148439850779143 0.17465503763711793 1.293045246701595e-10 1.000000000049624 48
10.5 0.8059525998167798 -1.2808898468333504e-10 -0.2292531816517214 0.18496469678019398 -0.22925318154686586 -0.18496469667683707 0.19404740023354722 1.34081372794191e-10 1.000000000050327 48
10.55 0.7886506973961274 -1.334046087892748e-10 -0.26291600603230875 0.15984250006441006 -0.2629160059180261 -0.15984249998852695 0.21134930265499371 1.3948691417764217e-10 1.000000000051121 48
10.600000000000001 0.7742477425432419 -1.3901634278921708e-10 -0.2911993416384548 0.12721544557011538 -0.2911993415224307 -0.12721544552462924 0.22575225750876068 1.4517760302038271e-10 1.0000000000520026 48
10.65 0.7634222986468391 -1.4448109695325624e-10 -0.3127060313093158 0.08857532381560265 -0.31270603120029067 -0.08857532380168062 0.23657770140612375 1.507309701470527e-10 1.0000000000529627 48
10.700000000000001 0.7566866180407771 -1.4932919855788763e-10 -0.3263497936186242 0.0457436973645924 -0.326349793525548 -0.04574369738146191 0.2433133820131592 1.5560289470753565e-10 1.0000000000539362 48
10.75 0.7543579275431455 -1.5308853475591526e-10 -0.33142898073047944 0.0007834706887069153 -0.3314289806631213 -0.0007834707330122111 0.24564207251180464 1.5943124181895712e-10 1.00000000005495 48
10.8 0.756539562284803 -1.5529513559521643e-10 -0.327678863323672 -0.04410870702081199 -0.3276788632904576 0.044108706955135246 0.24346043777113496 1.618251073900123e-10 1.000000000055938 48
10.850000000000001 0.7631135403589798 -1.5570898402864098e-10 -0.3152976121534664 -0.08672248760791793 -0.3152976121597436 0.08672248752728175 0.23688645969783415 1.6240368182853334e-10 1.0000000000568139 48
10.9 0.7737454272076981 -1.5408759932037837e-10 -0.29494305223332523 -0.12495825558823981 -0.29494305228264356 0.12495825550036455 0.22625457284996506 1.6089710219027163e-10 1.0000000000576632 48
10.950000000000001 0.7879014924871607 -1.5031106054096355e-10 -0.26769953292344434 -0.1569471957770716 -0.26769953301745064 0.15694719569079163 0.21209850757130827 1.5717910524459908e-10 1.000000000058469 48
11.0 0.8048772847467303 -1.4435572046182948e-10 -0.23501667376276614 -0.18115831799122195 -0.2350166739002502 0.1811583179162736 0.1951227153124704 1.5126998498439624e-10 1.0000000000592006 48
11.05 0.8238359181781597 -1.3634876243922463e-10 -0.19862407367087628 -0.19648461133466744 -0.1986240738477124 0.1964846112805618 0.1761640818817301 1.432844462772505e-10 1.0000000000598899 48
11.100000000000001 0.8438536564908927 -1.265561596306898e-10 -0.16042807364921594 -0.20230206958135025 -0.16042807385742708 0.20230206955689786 0.15614634356962664 1.335273737985748e-10 1.0000000000605194 48
11.15 0.8639698567998925 -1.1544101930123024e-10 -0.12239813417476332 -0.19849747259985306 -0.12239813440385047 0.1984974726128164 0.13603014326123364 1.225060093475989e-10 1.0000000000611262 48
11.200000000000001 0.8832380487151811 -1.0354428504351983e-10 -0.08645117789154075 -0.18546331872408636 -0.0864511781299311 0.18546331878076067 0.11676195134650169 1.1075418954491832e-10 1.0000000000616827 48
11.25 0.9007748950203543 -9.145996711431104e-11 -0.05434228029541035 -0.1640609311633301 -0.05434228053065566 0.1640609312672685 0.0992251050418295 9.886449502210281e-11 1.0000000000621838 48
11.3 0.9158040092290803 -7.982050880447735e-11 -0.027569373658728465 -0.1355552488541525 -0.027569373877904178 0.1355552490057887 0.08419599083353317 8.746246102854096e-11 1.0000000000626135 48
11.350000000000001 0.9276920655958586 -6.926538280721629e-11 -0.007298251609953138 -0.10152691960402226 -0.0072982518004272925 0.10152691980084315 0.07230793446711442 7.71795147916264e-11 1.000000000062973 48
11.4 0.9359752808109285 -6.039208568310945e-11 0.005687718516285601 -0.0637688497104525 0.005687718366037221 0.06376884994732542 0.06402471925234852 6.858017508096104e-11 1.000000000063277 48
11.450000000000001 0.9403751097928016 -5.370756652815003e-11 0.011010945632269722 -0.024175206696718566 0.01101094553201369 0.02417520696612922 0.059624890271032405 6.219943763017551e-11 1.000000000063834 48
11.5 0.9408028085323852 -4.967369211288811e-11 0.008696044389869888 0.015369022778555952 0.008696044346958687 -0.015369022487399455 0.059197191531984966 5.86382992087954e-11 1.00000000006437 48
11.55 0.9373533023974406 -4.85010855077228e-11 -0.0008585420086404579 0.05309041249985614 -0.0008585419909562671 -0.0530904121978478 0.06264669766754553 5.796952894445724e-11 1.0000000000649862 48
11.600000000000001 0.9302894935591033 -5.033815597417123e-11 -0.01692985512159563 0.08741509390153884 -0.016929855043053322 -0.08741509359813115 0.06971050650647126 6.036745386897703e-11 1.0000000000655747 48
11.65 0.9200186946745724 -5.512386516616307e-11 -0.03853552156592625 0.11703767117781147 -0.03853552142967947 -0.11703767088224269 0.07998130539153284 6.578554337033481e-11 1.0000000000661053 48
11.700000000000001 0.9070632537737495 -6.264225348318766e-11 -0.06450876721676067 0.1409682171634515 -0.06450876702934316 -0.14096821688558203 0.09293674629282901 7.393742939577939e-11 1.0000000000665785 48
11.75 0.8920276230653141 -7.253058818565243e-11 -0.09357731459014106 0.1585564219332745 -0.09357731436097683 -0.1585564216835836 0.10797237700174721 8.441764953487823e-11 1.0000000000670612 48
11.8 0.8755641266347651 -8.444434434117586e-11 -0.12444049414493702 0.16949374225959382 -0.12444049388490991 -0.16949374204804604 0.12443587343258394 9.68045655797048e-11 1.000000000067349 48
11.850000000000001 0.8583395196171599 -9.768661818381137e-11 -0.15583968658495934 0.17379589839337106 -0.15583968630489928 -0.17379589822679126 0.1416604804504536 1.1050047257372854e-10 1.0000000000676135 48
11.9 0.8410041375138159 -1.1168290544152108e-10 -0.18661829965973284 0.17176918601181676 -0.18661829937045782 -0.17176918589314527 0.1589958625540479 1.247608562826007e-10 1.0000000000678637 48
11.950000000000001 0.8241650494018693 -1.2590605357147184e-10 -0.21576873173933495 0.1639647669294515 -0.21576873145080666 -0.1639647668592378 0.175834950666321 1.3921760669466544e-10 1.0000000000681903 48
12.0 0.8083641957831212 -1.3979434177572174e-10 -0.24246505164612095 0.15112537195080927 -0.2424650513679574 -0.15112537192744432 0.1916358042850848 1.533380780599446e-10 1.000000000068206 48
12.05 0.7940620515711928 -1.529372545024165e-10 -0.2660813135063456 0.13412873371023956 -0.26608131324790174 -0.13412873373126302 0.20593794849712255 1.6670873476504347e-10 1.0000000000683154 48
12.100000000000001 0.7816269423855644 -1.6489029592541121e-10 -0.28619643735214473 0.11393163731257214 -0.28619643712156434 -0.11393163737449452 0.21837305768295528 1.7889063817649667e-10 1.0000000000685196 48
12.15 0.7713297850232256 -1.7526420105874173e-10 -0.3025873632770391 0.09151782053799899 -0.30258736308127676 -0.09151782063630304 0.22867021504556373 1.8950654350813222e-10 1.0000000000687894 48
12.200000000000001 0.7633437385961429 -1.837318942506691e-10 -0.3152127036730982 0.06785216730125525 -0.31521270351796066 -0.06785216743089498 0.23665626147297728 1.9823535787859713e-10 1.0000000000691203 48
12.25 0.7577480500403267 -1.9003805089713869e-10 -0.3241893777791171 0.04384280689705897 -0.32418937766934314 -0.04384280705279588 0.2422519500291674 2.0481731527276452e-10 1.0000000000694942 48
12.3 0.754535256899722 -1.9401771468546165e-10 -0.3297647417133531 0.02031193329368085 -0.3297647416525845 -0.02031193347029915 0.24546474317016562 2.0905261668683229e-10 1.0000000000698877 48
12.350000000000001 0.7536208651223402 -1.9552931071327089e-10 -0.3322865673515574 -0.0020245485646854513 -0.33228656734222606 0.0020245483726961397 0.246379134947984 2.1078938920164335e-10 1.0000000000703242 48
12.4 0.7548546389153262 -1.9450334466624132e-10 -0.33217292519975106 -0.022569020596687854 -0.3321729252423678 0.022569020394180232 0.24514536115546387 2.099566749860511e-10 1.00000000007079 48
12.450000000000001 0.758032709485594 -1.9094426914653527e-10 -0.3298836418292077 -0.040846694688294403 -0.32988364192247516 0.04084669448016977 0.24196729058569194 2.0657282831810745e-10 1.0000000000712859 48
12.5 0.7629098147086023 -1.8493741001827555e-10 -0.32589457983601466 -0.05650388194873354 -0.32589457997730653 0.056503881739864655 0.23709018536319856 2.0073222859913695e-10 1.0000000000718008 48
12.55 0.7692111078728746 -1.7659381845340859e-10 -0.3206755685594524 -0.06930130964015517 -0.3206755687448578 0.06930130943535223 0.23078889219949084 1.9259200927080773e-10 1.0000000000723654 48
12.600000000000001 0.7766431076873339 -1.6618621186543383e-10 -0.31467242830160413 -0.07910382903948424 -0.3146724285260738 0.07910382884241396 0.22335689238561593 1.8237330372371605e-10 1.0000000000729499 48
12.65 0.7849034930654758 -1.5398305354610474e-10 -0.3082932007371098 -0.08586778559397022 -0.30829320099456525 0.08586778540793753 0.21509650700806432 1.703523508043723e-10 1.00000000007354 48
12.700000000000001 0.7936895667949937 -1.4029250271057627e-10 -0.3018984351650478 -0.08962718405890821 -0.3018984354491182 0.08962718388738238 0.20631043327914717 1.5684144106819442e-10 1.000000000074141 48
12.75 0.8027053166854068 -1.254171519906061e-10 -0.2957951875310971 -0.0904796014350301 -0.2957951878357283 0.09047960128127282 0.1972946833893378 1.421517615993636e-10 1.0000000000747447 48
12.8 0.8116670881951317 -1.0962242014192631e-10 -0.2902342635782449 -0.08857260195063509 -0.29023426389789064 0.0885726018175447 0.1883329118802246 1.2657147086101575e-10 1.0000000000753562 48
12.850000000000001 0.8203079479475646 -9.314802394492867e-11 -0.2854101713838881 -0.08409120925380159 -0.2854101717142911 0.08409120914372666 0.17969205212839748 1.1034475248585726e-10 1.0000000000759621 48
12.9 0.82838086361645 -7.616274136816343e-11 -0.2814632315397095 -0.07724680493400907 -0.28146323187717753 0.07724680484943501 0.17161913646012197 9.366157281345533e-11 1.000000000076572 48
12.950000000000001 0.8356608541794449 -5.88548020668356e-11 -0.27848331387542813 -0.0682676584988869 -0.27848331421639905 0.06826765844189397 0.1643391458977152 7.668705929023137e-11 1.00000000007716 48
13.0 0.8419462779905251 -4.1401085552636944e-11 -0.27651471661159144 -0.05739115698579823 -0.2765147169506125 0.05739115695738388 0.15805372208718 5.964412263104518e-11 1.0000000000777052 48
13.05 0.8470594273161359 -2.4104243460262162e-11 -0.2755617668834004 -0.044857694223549946 -0.27556176721408165 0.04485769422412209 0.15294057276205109 4.283808513829796e-11 1.000000000078187 48
13.100000000000001 0.8508465897762005 -7.245594079704775e-12 -0.2755947920266668 -0.030906099627981045 -0.2755947923430188 0.030906099658367197 0.14915341030237375 2.6537847886905842e-11 1.0000000000785743 48
13.15 0.8531777222168088 8.82403338834762e-12 -0.2765561819886215 -0.015770431876904908 -0.27655618228599377 0.015770431938287 0.1468222778620885 1.1088823026220446e-11 1.0000000000788973 48
13.200000000000001 0.8539458633119151 2.3856322920263653e-11 -0.2783663297121573 0.0003220695459646222 -0.27836632998691246 -0.0003220694529120886 0.14605413676725246 -3.2998172753663275e-12 1.0000000000791676 48
13.25 0.853066389673152 3.7707487660302735e-11 -0.28092929505340464 0.017152095972563647 -0.28092929530287264 -0.01715209584663194 0.14693361040623354 -1.6486096111647496e-11 1.0000000000793854 48
13.3 0.8504761980785251 5.021682583423282e-11 -0.28413808693186215 0.03450866490711554 -0.2841380871535376 -0.03450866474665875 0.14952380200104967 -2.8342212470567683e-11 1.0000000000795748 48
13.350000000000001 0.8461328748783425 6.128028053450056e-11 -0.2878794973759221 0.05218900831626343 -0.28787949756856573 -0.05218900812034065 0.15386712520135798 -3.877318546970343e-11 1.0000000000797005 48
13.4 0.8400138936347565 7.082606284539923e-11 -0.2920384502838028 0.06999814388588621 -0.2920384504466028 -0.06999814365454965 0.15998610644503142 -4.7707864535454474e-11 1.000000000079788 48
13.450000000000001 0.8321158642382278 7.883585103484806e-11 -0.2965018480171025 0.087748294937525 -0.29650184814962927 -0.08774829467099456 0.1678841358415884 -5.513056275303286e-11 1.0000000000798162 48
13.5 0.8224538415338212 8.530175681796986e-11 -0.30116191183841 0.10525829730363148 -0.3011619119408519 -0.10525829700201211 0.17754615854597572 -6.102366756728361e-11 1.0000000000797968 48
13.55 0.8110606890963401 9.025640173063446e-11 -0.3059190192825031 0.12235310267888327 -0.3059190193556497 -0.12235310234230394 0.1889393109833972 -6.540822041826431e-11 1.0000000000797373 48
13.600000000000001 0.7979864842915559 9.376344029727746e-11 -0.31068404449787557 0.13886345907827266 -0.31068404454306414 -0.13886345870704594 0.20201351578808255 -6.833854150854821e-11 1.0000000000796385 48
13.65 0.7832979441069142 9.591063637729456e-11 -0.3153802080038286 0.15462582105546746 -0.31538020802292327 -0.1546258206502498 0.21670205597259143 -6.98976522972152e-11 1.0000000000795057 48
13.700000000000001 0.7670778472977651 9.680896887199527e-11 -0.31994444159517493 0.1694825160656778 -0.319944441590607 -0.1694825156275952 0.23292215278159095 -7.019648677896046e-11 1.000000000079356 48
13.75 0.7494244269698128 9.65935037810201e-11 -0.3243282734721276 0.18328216945234468 -0.32432827344700965 -0.18328216898305832 0.25057557310941825 -6.93788312432421e-11 1.000000000079231 47
13.8 0.7304507085399002 9.543850969286248e-11 -0.32849823897405384 0.19588036955552338 -0.3284982389322469 -0.1958803690571974 0.2695492915391903 -6.76169366977571e-11 1.0000000000790905 47
13.850000000000001 0.7102837707694805 9.355594625149063e-11 -0.3324358241450637 0.20714053686428308 -0.3324358240914718 -0.2071405363393547 0.28971622930963575 -6.502629455774527e-11 1.0000000000791163 47
13.9 0.689063911884235 9.121345797497485e-11 -0.3361369530500722 0.21693494737761182 -0.3361369529900549 -0.21693494682875414 0.31093608819484425 -6.20222323348649e-11 1.0000000000790792 47
13.950000000000001 0.6669437082847796 8.865128136607473e-11 -0.33961103528965586 0.22514585071700574 -0.339611035228556 -0.22514585014753652 0.33305629179420654 -5.884022880618995e-11 1.0000000000789862 47
14.0 0.6440869595879923 8.613129350556843e-11 -0.3428795972848297 0.23166661827003282 -0.3428795972274756 -0.23166661768389987 0.3559130404908046 -5.5745931564184274e-11 1.000000000078797 47
14.05 0.6206675202794171 8.393159119534835e-11 -0.3459745291762421 0.23640285580024728 -0.3459745291269232 -0.23640285520135415 0.379332479799166 -5.2950797644633144e-11 1.0000000000785831 47
14.100000000000001 0.5968680246637446 8.166987070103084e-11 -0.34893598799689224 0.2392734184499092 -0.3489359879603269 -0.23927341784296852 0.4031319754150485 -5.0556590030576926e-11 1.000000000078793 47
14.15 0.5728785176515997 8.018681028562708e-11 -0.3518100064811579 0.24021127362301584 -0.3518100064604199 -0.24021127301366815 0.42712148242768744 -4.8868005004404905e-11 1.0000000000792872 47
14.200000000000001 0.54889500883581 7.948421153021316e-11 -0.3546458647735192 0.2391641683749172 -0.35464586476867993 -0.2391641677686387 0.45110499124404935 -4.8014027707037646e-11 1.0000000000798592 47
14.25 0.5251179709583674 7.964913824227152e-11 -0.3574932888307217 0.23609507202833155 -0.357493288843559 -0.23609507142875222 0.4748820291222418 -4.805044333782923e-11 1.0000000000806093 47
14.3 0.5017508059895657 8.075786741348301e-11 -0.36039954399870316 0.23098238099279053 -0.3603995440306962 -0.23098238040190708 0.49824919409201723 -4.906322269079259e-11 1.000000000081583 47
14.350000000000001 0.47899830247824765 8.277036070135452e-11 -0.3634064947247507 0.22381989023831722 -0.3634064947761643 -0.22381988965727334 0.5210016976045603 -5.122550906029769e-11 1.000000000082808 47
14.4 0.45706510649622395 8.572439900139752e-11 -0.3665477016806608 0.21461655359199283 -0.3665477017508864 -0.21461655302071356 0.542934893588817 -5.437242931124099e-11 1.0000000000850409 47
14.450000000000001 0.43615422542648397 8.951112448681878e-11 -0.36984562576963187 0.20339607197717963 -0.3698456258559089 -0.2033960714160308 0.5638457746604547 -5.839122821516317e-11 1.0000000000869387 47
14.5 0.41646557916350324 9.399244812888308e-11 -0.3733090049664773 0.19019636395179673 -0.37330900506495884 -0.19019636340140503 0.5835344209253265 -6.313879958273896e-11 1.0000000000888298 47
14.55 0.39819460719893685 9.897190636961839e-11 -0.37693046522717727 0.17506898550858066 -0.376930465333579 -0.17506898496944512 0.6018053928917514 -6.840134264510198e-11 1.0000000000906883 47
14.600000000000001 0.3815309328964252 1.0419434179840369e-10 -0.38068442148959875 0.15807857532888558 -0.38068442159963206 -0.158078574801189 0.6184690671958467 -7.394999604458541e-11 1.000000000092272 47
14.65 0.3666570783482531 1.0944012237084119e-10 -0.3845253197961289 0.13930240692245557 -0.3845253199058256 -0.13930240640598576 0.6333429217455201 -7.952950002696803e-11 1.0000000000937732 47
14.700000000000001 0.3537472149973051 1.1460706745393772e-10 -0.3883862675700907 0.11883012984435869 -0.38838626767566803 -0.11883012933892956 0.6462527850978002 -8.497847026472453e-11 1.0000000000951053 47
14.75 0.34296592716557683 1.1946722863145187e-10 -0.39217809672589565 0.09676377814430795 -0.39217809682362487 -0.09676377764997679 0.6570340729308233 -9.012641582875001e-11 1.0000000000964002 47
14.8 0.33446695823510797 1.2391946562933692e-10 -0.395788904091399 0.07321811514461728 -0.39578890417804075 -0.07321811466151903 0.6655330418624738 -9.479740792707315e-11 1.0000000000975817 47
14.850000000000001 0.3283919029997006 1.277727620567281e-10 -0.3990841158561279 0.04832136946758308 -0.3990841159289824 -0.04832136899574068 0.671608097099027 -9.886106050208578e-11 1.0000000000987277 47
14.9 0.3248688051490515 1.3092842532153027e-10 -0.40190712739471035 0.02221639788723204 -0.4019071274516019 -0.02221639742647339 0.6751311949508398 -1.0221164802379098e-10 1.0000000000998912 48
14.950000000000001 0.3240106164865131 1.332934558691183e-10 -0.4040805764764911 -0.004937713920072808 -0.4040805765156676 0.00493771436998199 0.6759893836146066 -1.0476756869227664e-10 1.0000000001011196 48
15.0 0.32591347482340743 1.3467513209675046e-10 -0.4054083157786577 -0.03296363123928105 -0.4054083157987688 0.03296363167886449 0.6740865252790168 -1.0632397467500873e-10 1.0000000001024243 48
15.05 0.33065476104208197 1.350855846834908e-10 -0.4056781585726854 -0.06166338383906027 -0.4056781585722904 0.061663384268675486 0.6693452390616579 -1.0689039912464434e-10 1.00000000010374 48
15.100000000000001 0.338290903058247 1.3446440984677406e-10 -0.40466547781731477 -0.09081570539556937 -0.4046654777951428 0.09081570581514098 0.6617090970468219 -1.0641331863209158e-10 1.0000000001050688 48
15.15 0.3488549057823086 1.327540701364357e-10 -0.4021377416223404 -0.12017323444956657 -0.40213774157805954 0.12017323485865603 0.6511450943240944 -1.0481747357871974e-10 1.0000000001064029 48
15.200000000000001 0.3623536020643576 1.2995690960172734e-10 -0.3978600647438612 -0.14945975929334548 -0.3978600646774999 0.14945975969116085 0.6376463980433867 -1.0210213745789521e-10 1.0000000001077445 48
15.25 0.3787646402824774 1.2606406879603201e-10 -0.3916018437471662 -0.1783677380444452 -0.39160184365848766 0.1783677384299878 0.6212353598266046 -9.826310217970506e-11 1.000000000109082 48
15.3 0.3980332498196803 1.2106177778400264e-10 -0.38314451992605214 -0.20655637422014042 -0.3831445198148673 0.20655637459211093 0.6019667502907198 -9.329947671066939e-11 1.0000000001104001 48
15.350000000000001 0.4200688560621514 1.1494540186597314e-10 -0.3722904762456838 -0.23365057468785277 -0.3722904761120306 0.23365057504463985 0.5799311440495354 -8.72241856003995e-11 1.0000000001116867 48
15.4 0.4447416513172009 1.0772607355742637e-10 -0.35887302006345684 -0.2592411573227339 -0.35887301990771703 0.25924115766244105 0.5552583487957339 -8.006888553278746e-11 1.0000000001129348 48
15.450000000000001 0.47187926635947114 9.942692299748485e-11 -0.34276733044650987 -0.28288670544293637 -0.34276733026948064 0.28288670576343505 0.5281207337546602 -7.187694409003919e-11 1.0000000001141314 48
15.5 0.5012637278232202 9.009097979074261e-11 -0.32390215688817336 -0.30411747950676377 -0.3239021566907409 0.3041174798057977 0.49873627229205325 -6.271482875985142e-11 1.0000000001152733 48
15.55 0.5326289274160593 7.975017549685628e-11 -0.30227194602730234 -0.32244178717575606 -0.30227194581079364 0.3224417874510514 0.4673710727002848 -5.262630981099456e-11 1.000000000116344 48
15.600000000000001 0.5656588673076323 6.848237034142972e-11 -0.2779489475465241 -0.3373551736518763 -0.2779489473132781 0.3373551739011028 0.43434113280975395 -4.169958654164761e-11 1.000000000117386 48
15.65 0.5999869787081782 5.641562544697981e-11 -0.2510947152286537 -0.3483527181220819 -0.25109471498179464 0.3483527183430049 0.4000130214102691 -3.005138719324022e-11 1.0000000001184473 48
15.700000000000001 0.6351968335831276 4.392453156939541e-11 -0.22197028256051238 -0.3549446028277374 -0.22197028230277768 0.3549446030182499 0.364803166535878 -1.757358318178641e-11 1.0000000001190057 48
15.75 0.6708245780755308 3.0953219980349554e-11 -0.19094416577049694 -0.3566749540231851 -0.1909441655051946 0.356674954181125 0.3291754220440105 -4.6783148042058e-12 1.0000000001195413 48
15.8 0.7063634056173604 1.7690623320893626e-11 -0.15849724529465228 -0.3531437370300745 -0.15849724502617313 0.35314373715320474 0.2936365945027708 8.444037664606738e-12 1.0000000001201312 48
15.850000000000001 0.7412703530006128 4.381431822501298e-12 -0.1252235164579512 -0.3440312230024077 -0.1252235161915486 0.34403122308903283 0.25872964712019414 2.1573242912400075e-11 1.000000000120807 48
15.9 0.7749756394383983 -8.654759148254681e-12 -0.09182570036934223 -0.329124240541392 -0.09182570011096881 0.3291242405908865 0.22502436068323534 3.44763392951138e-11 1.0000000001216336 48
15.950000000000001 0.8068946735429204 -2.1125762332002515e-11 -0.05910478549894275 -0.30834309512100744 -0.05910478525459218 0.3083430951339761 0.19310532657958246 4.683070976625922e-11 1.000000000122503 48
16.0 0.8364427246304563 -3.272998974711342e-11 -0.027942746045540937 -0.2817677048020147 -0.027942745820646153 0.2817677047806211 0.1635572754928524 5.836462255746471e-11 1.0000000001233087 48
16.05 0.8630520937844824 -4.3181596715715715e-11 0.0007220325628177574 -0.24966119059729008 0.000722032762957528 0.24966119054510025 0.13694790633947307 6.88253659873922e-11 1.0000000001239555 48
16.1 0.8861914308202374 -5.2182602425863195e-11 0.02592669281788953 -0.21248890920672003 0.025926692988284938 0.21248890912908414 0.11380856930420694 7.797016545162309e-11 1.0000000001244445 48
16.150000000000002 0.9053866336016831 -5.95258546973085e-11 0.04672277446020398 -0.17093076426255904 0.04672277459763777 0.1709307641667896 0.09461336652316746 8.559093026561955e-11 1.0000000001248506 48
16.2 0.9202425480246991 -6.509074375722993e-11 0.062220983023926923 -0.12588462061052555 0.062220983126554205 0.12588462050454682 0.07975745210051484 9.156824262644842e-11 1.0000000001252138 48
16.25 0.9304644763271127 -6.881965960814708e-11 0.07164017263738415 -0.07845881231494795 0.07164017270388577 0.07845881220709346 0.06953552379845289 9.582206991073489e-11 1.0000000001255656 48
16.3 0.9358783175524028 -7.070744994253956e-11 0.07435819438466233 -0.029952108466341713 0.0743581944153458 0.029952108366034194 0.06412168257352024 9.829822434897761e-11 1.000000000125923 48
16.35 0.9364480285868727 -7.083923648851786e-11 0.0699616493225478 0.018179903390326126 0.0699616493202063 -0.018179903474103334 0.06355197153951962 9.907954746755938e-11 1.0000000001263922 48
16.400000000000002 0.9322890293717213 -6.947665831249454e-11 0.05829109567530315 0.06437224307639032 0.05829109564594922 -0.06437224313692823 0.06771097075513267 9.829831901794571e-11 1.000000000126854 48
16.45 0.9236762021458332 -6.700918211031706e-11 0.03947796781545711 0.10701099821152997 0.039477967767476065 -0.10701099824452348 0.07632379798155295 9.635542703325157e-11 1.000000000127386 48
16.5 0.9110452680905792 -6.389423345613462e-11 0.013969441186723811 0.14450491155523537 0.01396944112886132 -0.144504911558992 0.08895473203740269 9.373690456495314e-11 1.0000000001279818 48
16.55 0.8949865746911986 -6.044746963917827e-11 -0.017462220661499248 0.1753650064948497 -0.017462220721109936 -0.17536500646906666 0.10501342543741203 9.07536594840982e-11 1.0000000001286107 48
16.6 0.8762306931129812 -5.7079109798788666e-11 -0.053728640085208904 0.1982880393770214 -0.053728640141467415 -0.19828803932549885 0.12376930701648516 8.754666644089983e-11 1.0000000001294664 48
16.650000000000002 0.8556256950486566 -5.377458250717745e-11 -0.09345440408882552 0.21223862494524423 -0.0934544041363191 -0.21223862487169842 0.14437430508191895 8.488660614687649e-11 1.0000000001305756 48
16.7 0.8341065285445601 -5.144501836089034e-11 -0.13502669277157703 0.21652424361668784 -0.13502669280383436 -0.21652424352541155 0.16589347158717907 8.279775802004571e-11 1.0000000001317393 48
16.75 0.8126575059285367 -5.015920409114671e-11 -0.17666432671219792 0.21085712032562678 -0.17666432672273444 -0.21085712022176578 0.18734249420444293 8.161591605594721e-11 1.0000000001329796 48
16.8 0.7922695077101325 -5.016393279986502e-11 -0.2165034119558171 0.19539725040149633 -0.21650341194038006 -0.19539725029159724 0.20773049242414104 8.16218974250593e-11 1.0000000001342735 48
16.85 0.7738940411666959 -5.155692808270365e-11 -0.2526951099794254 0.17077168227733328 -0.2526951099361941 -0.17077168216953495 0.22610595896882588 8.290626982497231e-11 1.0000000001355218 48
16.900000000000002 0.7583967164979075 -5.433495143292754e-11 -0.2835096198705554 0.13806653889919135 -0.2835096198026938 -0.1380665388023796 0.24160328363865194 8.569446079430531e-11 1.0000000001365594 48
16.95 0.746512966294571 -5.821634157960484e-11 -0.3074394020090292 0.09879009744621509 -0.30743940192135794 -0.0987900973683631 0.25348703384306226 8.960067786268845e-11 1.0000000001376332 48
17.0 0.7388088952682513 -6.292382659868577e-11 -0.3232941456769061 0.054807417545637276 -0.32329414557488045 -0.054807417493594114 0.261191104870488 9.435424408157617e-11 1.0000000001387392 48
17.05 0.7356499823561997 -6.814262427987615e-11 -0.33028009300935074 0.008249326935678473 -0.33028009289961346 -0.008249326914445097 0.26435001778365996 9.96454901563048e-11 1.0000000001398597 48
17.1 0.7371799624371608 -7.353195008921645e-11 -0.32805712321912567 -0.03859917921107316 -0.3280571231094562 0.03859917919800062 0.26282003770381523 1.051048409338096e-10 1.0000000001409761 48
17.150000000000002 0.7433116087155033 -7.869926657906058e-11 -0.3167684463123186 -0.08342412444469811 -0.3167684462115393 0.08342412439592692 0.25668839142658184 1.1031984627576037e-10 1.000000000142085 48
17.2 0.7537303606207516 -8.320848880442981e-11 -0.2970397514627623 -0.12401289521732668 -0.2970397513809564 0.12401289513388208 0.246269639522435 1.1482878428187382e-10 1.0000000001431866 48
17.25 0.7679108566809558 -8.653130278272793e-11 -0.26994703046568985 -0.15838057920009677 -0.2699470304130182 0.1583805790863707 0.2320891434633109 1.1813857283924018e-10 1.0000000001442668 48
17.3 0.7851455121269694 -8.817862870143056e-11 -0.23695482839565987 -0.18488319280476462 -0.23695482838050372 0.18488319266780898 0.21485448801838486 1.1974228075789107e-10 1.0000000001453542 48
17.35 0.8045834082820975 -8.778070419434182e-11 -0.1998291120618037 -0.20230956928631952 -0.19982911208941884 0.2023095691354417 0.1954165918643859 1.1930335422925828e-10 1.0000000001464835 48
17.400000000000002 0.8252770141332095 -8.513551025708901e-11 -0.16053104492031922 -0.20994530531342992 -0.1605310449933179 0.20994530515989326 0.17472298601446618 1.1670562504108146e-10 1.0000000001476756 48
17.45 0.8462337079208961 -8.014775008412063e-11 -0.12109950025237567 -0.20760438980088877 -0.12109950037127967 0.2076043896571636 0.15376629222801502 1.1187059214453211e-10 1.000000000148911 48
17.5 0.8664687575909418 -7.28985138127234e-11 -0.08353097726706037 -0.19562674643359 -0.0835309774284564 0.19562674631224333 0.13353124255916082 1.0487515968830118e-10 1.0000000001501026 48
17.55 0.8850563789245535 -6.36488504090304e-11 -0.04966563007747699 -0.17484265174613875 -0.049665630273368636 0.17484265165770202 0.11494362122655516 9.599119894852819e-11 1.0000000001511087 48
17.6 0.9011757178675294 -5.29112069648363e-11 -0.021087386887462214 -0.14650757472031536 -0.02108738710633424 0.14650757467335426 0.09882428228432877 8.568885507435713e-11 1.000000000151858 48
17.650000000000002 0.9141490717096352 -4.1329554344845745e-11 0.0009552799332422799 -0.11221317431965099 0.0009552797047974234 0.11221317432019619 0.08585092844294273 7.455740129079942e-11 1.000000000152578 48
17.7 0.9234703226159421 -2.961750749490959e-11 0.015603308338693554 -0.07378179112266973 0.015603308115174904 0.0737817911736859 0.07652967753709797 6.329404341162992e-11 1.00000000015304 48
17.75 0.9288223406183234 -1.8493772003462512e-11 0.022413343619170387 -0.03315265257281585 0.022413343415015392 0.03315265267409163 0.07117765953511224 5.252497443409573e-11 1.0000000001534355 48
17.8 0.9300829470827354 -8.639459142818536e-12 0.02135631050488198 0.007731864981898198 0.021356310333605414 -0.007731864834024574 0.06991705307156902 4.3101689007214176e-11 1.0000000001543043 48
17.85 0.9273198392675415 -7.279274336654684e-13 0.012790352759949174 0.04703217122112351 0.012790352632800397 -0.04703217103491056 0.07268016088757055 3.5773080570559955e-11 1.000000000155112 48
17.900000000000002 0.9207755948978218 4.799795250274083e-12 -0.0025879561791537797 0.08310305382051297 -0.0025879562551699123 -0.08310305360524389 0.07922440525804703 3.075047853960848e-11 1.0000000001558689 48
17.95 0.9108444496969017 7.652677610717355e-12 -0.023808906770636944 0.11456603831983198 -0.023808906791532983 -0.11456603808498922 0.08915555045973493 2.8481560500176067e-11 1.0000000001566367 48
18.0 0.8980429357188381 7.504669953374046e-12 -0.04970547264663441 0.14035952703869994 -0.04970547261051882 -0.1403595267949519 0.10195706443857172 2.902204324744073e-11 1.0000000001574099 48
18.05 0.8829766692562585 4.5257250524156084e-12 -0.07899350216798436 0.15976567754780377 -0.07899350207566866 -0.15976567730621272 0.11702333090170243 3.242204695833758e-11 1.000000000157961 48
18.1 0.8663055885106331 -1.0006363737732197e-12 -0.11035048385270392 0.17241479671264365 -0.11035048370826313 -0.17241479648418903 0.1336944116477292 3.854139193517916e-11 1.0000000001583622 48
18.150000000000002 0.8487097842070869 -8.847279125780838e-12 -0.14248787605077243 0.17826956049995266 -0.14248787586132491 -0.1782695602942493 0.1512902159513607 4.7089280501242074e-11 1.0000000001584475 48
18.2 0.8308577744671525 -1.875247075270727e-11 -0.17421308661311657 0.17759252196307246 -0.17421308638681135 -0.17759252178816326 0.1691422256911559 5.7495598894813394e-11 1.0000000001583085 48
18.25 0.8133786895678496 -3.035913055114376e-11 -0.20447845039178308 0.17090109075640197 -0.20447845013664864 -0.17090109061878894 0.1866213105903663 6.952598681752164e-11 1.0000000001582159 48
18.3 0.7968393962232688 -4.320045959491311e-11 -0.23241584547325272 0.15891445682143268 -0.23241584519809905 -0.15891445672529142 0.20316060393490698 8.280489983095372e-11 1.0000000001581757 48
18.35 0.7817271460999591 -5.681788394672632e-11 -0.2573567952726026 0.1424968295573803 -0.25735679498654407 -0.1424968295048691 0.2182728540582817 9.685424813019006e-11 1.0000000001582408 48
18.400000000000002 0.7684379150949109 -7.073702826574255e-11 -0.2788389326219498 0.12260094322772008 -0.2788389323339531 -0.12260094321943688 0.23156208506350703 1.1121697385995758e-10 1.000000000158418 48
18.45 0.7572702360145882 -8.452847174762618e-11 -0.29660049549851786 0.10021512866522897 -0.2966004952174657 -0.10021512870058094 0.24272976414406558 1.2552517942408534e-10 1.0000000001586538 48
18.5 0.7484240359666651 -9.773679170541904e-11 -0.31056505614038826 0.07631646509546278 -0.31056505587470584 -0.07631646517295991 0.25157596419228545 1.3925032896984636e-10 1.0000000001589506 48
18.55 0.742003780016675 -1.1001035870103162e-10 -0.3208189590150987 0.05183169356733895 -0.3208189587726098 -0.051831693685466765 0.2579962201426128 1.5200368742424766e-10 1.0000000001592877 48
18.6 0.7380250951332518 -1.2098635486402103e-10 -0.3275839844730663 0.027606771496105083 -0.32758398426100016 -0.027606771652238474 0.26197490502640497 1.6342496286321808e-10 1.0000000001596567 48
18.650000000000002 0.7364239970305344 -1.3034690411340035e-10 -0.33118760574180134 0.004385234699186665 -0.33118760556604004 -0.004385234890322696 0.26357600312952517 1.7319673281642228e-10 1.0000000001600595 48
18.7 0.7370678562474539 -1.3784073764079404e-10 -0.3320329173955294 -0.017205052273825537 -0.33203291726033995 0.017205052051179868 0.26293214391303765 1.8107716079854602e-10 1.0000000001604916 48
18.75 0.7397673048144099 -1.432824774057443e-10 -0.3305699354909325 -0.03665761538512612 -0.330569935399092 0.03665761513519164 0.26023269534654164 1.8689371777693493e-10 1.0000000001609515 48
18.8 0.7442883862146905 -1.4652120106340768e-10 -0.327269551472542 -0.053586706943079376 -0.3272695514253996 0.0535867066708097 0.255711613946716 1.9053734734656468e-10 1.0000000001614064 48
18.85 0.7503643745470473 -1.4755792103060345e-10 -0.32260100465404884 -0.06772155530737076 -0.3226010046514692 0.06772155501753113 0.2496356256148924 1.9198377200140758e-10 1.0000000001619398 48
18.900000000000002 0.7577068208826191 -1.464297049146173e-10 -0.3170133530575977 -0.07889685684459961 -0.3170133530976531 0.07889685654241932 0.2422931792799114 1.9127807520039566e-10 1.0000000001625304 48
18.95 0.7660155150906846 -1.43261450326421e-10 -0.3109210910498519 -0.08704077532187751 -0.3109210911293904 0.08704077501305264 0.23398448507250416 1.8854763442863062e-10 1.0000000001631888 48
19.0 0.7749871717747636 -1.3822132723350757e-10 -0.30469379641443306 -0.09216158288576679 -0.3046937965298287 0.09216158257587388 0.2250128283891672 1.8395865160808733e-10 1.0000000001639309 48
19.05 0.7843227539201516 -1.3145987359135137e-10 -0.29864949288416187 -0.09433390327669158 -0.2986494930326867 0.09433390297117537 0.21567724624460635 1.7766781298751543e-10 1.000000000164758 48
19.1 0.7937334343025719 -1.2309885689434337e-10 -0.2930512839341451 -0.0936853242734274 -0.29305128411388837 0.09368532397751336 0.20626656586304473 1.6976834632931946e-10 1.0000000001656166 48
19.150000000000002 0.802945261574265 -1.1322507799852156e-10 -0.2881067424836468 -0.09038395071682867 -0.2881067426920188 0.09038395043497177 0.19705473859222045 1.6034227018048323e-10 1.0000000001664855 48
19.200000000000003 0.8117026457422384 -1.0196954368855989e-10 -0.28396951902927176 -0.08462728542178463 -0.2839695192625004 0.08462728515784826 0.18829735442508724 1.495341571153676e-10 1.0000000001673257 48
19.25 0.8197708081375046 -8.949496954711725e-11 -0.2807426464654556 -0.07663266200982279 -0.2807426467190608 0.0766326617673866 0.1802291920306155 1.3754854905642862e-10 1.0000000001681202 48
19.3 0.8269373563036334 -7.60110338709305e-11 -0.2784830623547384 -0.06662931637399254 -0.2784830626236925 0.06662931615557051 0.17306264386521766 1.2464010653511802e-10 1.0000000001688512 48
19.35 0.8330131472251812 -6.177423660779699e-11 -0.2772069285709513 -0.05485207407942497 -0.2772069288497131 0.05485207388735519 0.16698685294431476 1.1109589319558384e-10 1.000000000169496 48
19.400000000000002 0.8378325957513568 -4.7066832071076275e-11 -0.2768953954560551 -0.04153654900965297 -0.27689539573940075 0.04153654884595419 0.16216740441867875 9.718972256961191e-11 1.0000000001700355 48
19.450000000000003 0.8412535715887369 -3.2094810276700355e-11 -0.2775005260672792 -0.026915691777888447 -0.27750052634871186 0.02691569164391576 0.15874642858170118 8.312962153769326e-11 1.000000000170438 48
19.5 0.8431570102042083 -1.731457233995923e-11 -0.2789511607129627 -0.011217491648420529 -0.278951160986123 0.011217491545140812 0.1568429899665095 6.937773492366133e-11 1.0000000001707179 48
19.55 0.8434463424158305 -3.0669616956290317e-12 -0.2811585594449681 0.005336380719247569 -0.28115855970479864 -0.005336380791030399 0.15655365775503519 5.6213563573274965e-11 1.0000000001708658 48
19.6 0.8420468260007687 1.0444716455995695e-11 -0.2840217086113264 0.022531204188226517 -0.28402170885496014 -0.022531204226509866 0.15795317417016255 4.3828404965157365e-11 1.0000000001709313 48
19.650000000000002 0.8389048416048668 2.3090216380516462e-11 -0.28743221630554383 0.040159316824973035 -0.28743221653136697 -0.04015931682776848 0.1610951585660721 3.233594428656473e-11 1.0000000001709388 48
19.700000000000003 0.8339871955582271 3.482356476763395e-11 -0.29127875081332355 0.058019891965476134 -0.29127875101960804 -0.05801989193232836 0.16601280461259968 2.1759564454188555e-11 1.0000000001708267 48
19.75 0.8272804545626335 4.549616263290323e-11 -0.2954509968874329 0.07591854527219594 -0.29545099707188804 -0.07591854520280981 0.1727195456080244 1.2236111312368149e-11 1.000000000170658 48
19.8 0.8187903220611493 5.503268783184314e-11 -0.2998431181961052 0.09366691095810095 -0.2998431183576839 -0.09366691085236589 0.1812096781092814 3.845244310721931e-12 1.0000000001704308 48
19.85 0.8085410536872242 6.338454895234313e-11 -0.30435672216192955 0.11108229722991086 -0.30435672230032135 -0.11108229708827098 0.1914589464829684 -3.3709376571033622e-12 1.0000000001701925 48
19.900000000000002 0.7965748996123799 7.057016617160239e-11 -0.3089033272297929 0.12798750248054594 -0.3089033273454764 -0.12798750230345488 0.20342510055756577 -9.43871006194028e-12 1.0000000001699456 48
19.950000000000003 0.7829515548614592 7.663100904131848e-11 -0.3134063339698609 0.14421084592420824 -0.31340633406383944 -0.1442108457120383 0.2170484453082408 -1.4398739824424342e-11 1.0000000001697 48
20.0 0.7677475946213219 8.162966334477221e-11 -0.31780250168109464 0.15958644008174047 -0.31780250175492764 -0.1595864398349924 0.23225240554814158 -1.8322989683446537e-11 1.0000000001694636 48
20.05 0.7510558700477468 8.565292574533658e-11 -0.3220429324829478 0.17395470849830877 -0.3220429325387659 -0.173954708217854 0.24894413012149222 -2.1317400532212642e-11 1.000000000169239 48
