0 1.0 0.0 0.0 0.0 0.0 0.0 0.0 0.0 1
0.05 1.0000000000000868 3.56852872631387e-15 -4.095789383072661e-34 -2.7342372114978825e-34 -4.960030168580538e-51 -9.005784867250107e-51 -7.518480963633841e-90 1.0815616892011548e-89 1.0000000000000868 1
0.1 0.9999937604220221 7.232590326336445e-15 -0.00015138017050749008 0.002484666589634893 -0.00015138017051293892 -0.0024846665896346392 6.239545910589622e-06 1.1132533851829821e-12 0.9999999999679328 4
0.15000000000000002 0.9999444525935222 1.1364686342380063e-14 -0.0007918408355113167 0.007348324630348666 -0.0007918408354244891 -0.007348324630497637 5.554736824404809e-05 1.0556166831525932e-12 0.9999999999617663 6
0.2 0.9997812379574472 1.3257009461338467e-14 -0.0022565039006231945 0.014406463623799977 -0.0022565039001625495 -0.01440646362426313 0.0002187620318194419 1.103687264643503e-12 0.9999999999892667 12
0.25 0.9994040244990218 1.146596988897282e-14 -0.004820183089412027 0.023430975300788238 -0.004820183088138677 -0.023430975301573603 0.0005959754966966973 1.437041301679159e-12 0.9999999999957184 12
0.30000000000000004 0.9986891881847519 1.7819169062183278e-14 -0.008691941742519735 0.034171736791565877 -0.008691941740224926 -0.0341717367910538 0.0013108118112396272 1.4324872706869031e-12 0.9999999999959915 12
0.35000000000000003 0.9974957625990365 -1.0004654607844758e-13 -0.0140265383982474 0.046364995188538365 -0.014026538393299908 -0.046364995190052764 0.0025042373953137013 1.398655534595064e-12 0.9999999999943502 13
0.4 0.995671944518579 -2.93600389822632e-13 -0.020935147492443885 0.05973487630261686 -0.020935147492094054 -0.05973487629174842 0.0043280554744032865 1.5407317765078035e-12 0.9999999999929823 16
0.45 0.9930618760840553 -8.72177572049964e-14 -0.029491334266331538 0.07399275864329934 -0.029491334273356262 -0.07399275861534949 0.006938123911092803 1.2842952443673756e-12 0.9999999999951481 20
0.5 0.9895126483756415 -1.3082370456478102e-13 -0.03973366581791526 0.08883678146742892 -0.03973366580032833 -0.0888367814131163 0.01048735161940938 1.3848642426238247e-12 0.9999999999950508 20
0.55 0.9848814295808155 -1.0548130490045238e-12 -0.05166694042845592 0.10395208782673923 -0.051666940363710015 -0.10395208773487008 0.015118570414535534 2.0831263904292127e-12 0.999999999995351 21
0.6000000000000001 0.9790425835203777 -3.4639843447060453e-12 -0.06526277926531962 0.11901203570973316 -0.06526277914290277 -0.11901203558362679 0.020957416475035125 4.5217679631667206e-12 0.9999999999954128 23
0.65 0.9718946026614558 -7.716949706093123e-12 -0.08045979220650777 0.133680626385661 -0.08045979202365554 -0.13368062623874877 0.028105397333797837 8.83597827868556e-12 0.9999999999952536 23
0.7000000000000001 0.9633666355057139 -1.387359715448875e-11 -0.09716357823014464 0.1476163110963097 -0.09716357799168888 -0.1476163109463404 0.036633364489128975 1.5208795727656e-11 0.9999999999948429 24
0.75 0.9534243516593249 -2.2438137638734115e-11 -0.11524689102460453 0.16047718665873575 -0.11524689073137041 -0.1604771865215337 0.04657564833513101 2.3758886576018355e-11 0.999999999994456 25
0.8 0.9420748663154913 -3.3257275141536297e-11 -0.13455026564369338 0.17192746176773263 -0.1345502653061098 -0.17192746165877154 0.0579251336784996 3.448262492048652e-11 0.9999999999939909 27
0.8500000000000001 0.9293704428120694 -4.604422388361273e-11 -0.1548833151770918 0.18164498642134255 -0.1548833148087157 -0.18164498635491658 0.07062955718113995 4.713447933981322e-11 0.9999999999932093 27
0.9 0.9154107086444286 -6.032041615081373e-11 -0.17602682105063674 0.18932957187875432 -0.17602682066444678 -0.18932957186646743 0.08458929134773138 6.129838716494252e-11 0.99999999999216 29
0.9500000000000001 0.9003431573252724 -7.561663182625584e-11 -0.19773567688684862 0.1947117715322016 -0.19773567649679374 -0.1947117715766555 0.09965684266511818 7.657916650942311e-11 0.9999999999903906 31
1.0 0.8843617657962741 -9.141949497655233e-11 -0.2197426994703139 0.19756173923060213 -0.21974269909063163 -0.19756173933164015 0.11563823419271463 9.227875394810704e-11 0.9999999999889888 31
1.05 0.8677036335691416 -1.0703941829317482e-10 -0.24176328035554015 0.19769773605481464 -0.24176328000050606 -0.19769773621057815 0.13229636641852877 1.0779262388281576e-10 0.9999999999876703 34
1.1 0.850643642651504 -1.2167551770332955e-10 -0.2635008108207162 0.19499382793871983 -0.26350081050352653 -0.19499382814589603 0.14935635733552707 1.2247481934406052e-10 0.9999999999870312 34
1.1500000000000001 0.8334872417784246 -1.3477041780361787e-10 -0.2846527694413738 0.18938631286768395 -0.28465276917368415 -0.18938631312239068 0.16651275820837064 1.3554120397906737e-10 0.9999999999867952 35
1.2000000000000002 0.8165615680603974 -1.4567553402778632e-10 -0.3049173176498691 0.18087844265848638 -0.30491731744171724 -0.18087844295530114 0.18343843192599982 1.464183903618751e-10 0.9999999999863972 35
1.25 0.8002052259525889 -1.5385849881467485e-10 -0.324000207834553 0.1695430624289818 -0.3240002076930463 -0.16954306276010594 0.19979477403349058 1.5454082199815124e-10 0.9999999999860795 36
1.3 0.7847571389683731 -1.5890247891046636e-10 -0.3416217748784858 0.15552287945720145 -0.3416217748076387 -0.15552287981306762 0.2152428610176184 1.5951413725549914e-10 0.9999999999859914 36
1.35 0.7705449654406323 -1.6055772838767016e-10 -0.3575237589700118 0.13902818791720714 -0.35752375897130145 -0.13902818828710964 0.2294550345452003 1.6130119671143586e-10 0.9999999999858327 37
1.4000000000000001 0.7578736185076163 -1.5873508894166222e-10 -0.37147569771782535 0.12033201000925821 -0.37147569779087486 -0.12033201038219091 0.2421263814782702 1.595417084287602e-10 0.9999999999858864 37
1.4500000000000002 0.7470144468449487 -1.5337813382792005e-10 -0.3832806306527098 0.0997627582820784 -0.3832806307961946 -0.09976275864750528 0.2529855531409099 1.541439547836177e-10 0.9999999999858586 38
1.5 0.7381956134183492 -1.4453625262903237e-10 -0.39277987953807625 0.07769466808233405 -0.39277987974933 -0.07769466843002201 0.2618043865675851 1.4537599537061932e-10 0.9999999999859343 38
1.55 0.7315941545428521 -1.3236968598691092e-10 -0.3998567027599195 0.05453638222998472 -0.3998567030350486 -0.054536382550514156 0.26840584544320795 1.332701637869415e-10 0.99999999998606 38
1.6 0.7273301137433342 -1.1710551523704414e-10 -0.4044386695660464 0.030718181856919796 -0.40443866989967 -0.0307181821412777 0.27266988624291516 1.180696463873756e-10 0.9999999999862494 38
1.6500000000000001 0.7254630301360224 -9.91304128267177e-11 -0.406498657121572 0.006678439070493508 -0.40649865750664466 -0.006678439310187773 0.2745369698503953 1.0016292124705602e-10 0.9999999999864178 39
1.7000000000000002 0.725990927533913 -7.88765429596973e-11 -0.40605443664290153 -0.017150087721459466 -0.40605443707024863 0.017150087534062455 0.2740090724526531 7.996612948403463e-11 0.9999999999865661 39
1.75 0.7288518081154062 -5.68724394164991e-11 -0.4031668801257811 -0.04035348981276148 -0.4031668805843356 0.04035348968491914 0.2711481918713203 5.804094263248254e-11 0.9999999999867264 39
1.8 0.7339275139149237 -3.3793680343802666e-11 -0.3979368821768041 -0.06254888443439446 -0.3979368826545364 0.0625488843719029 0.2660724860719539 3.5027547496921043e-11 0.9999999999868776 39
1.85 0.7410496909420516 -1.0339615597801222e-11 -0.3905011481696771 -0.08339501189297392 -0.3905011486532256 0.08339501189915303 0.258950309045126 1.1642625945390494e-11 0.9999999999871776 41
1.9000000000000001 0.7500074835112733 1.2781120950494818e-11 -0.38102704691776473 -0.10260083670442897 -0.3810270473931945 0.1026008367802679 0.24999251647608114 -1.1413945984037178e-11 0.9999999999873544 41
1.9500000000000002 0.7605565074098193 3.485321525787759e-11 -0.36970676065835834 -0.11993186034476035 -0.36970676111264367 0.11993186048943646 0.23944349257768294 -3.342875040190387e-11 0.9999999999875022 41
2.0 0.7724286042436317 5.528404308177181e-11 -0.35675098571394637 -0.1352139899059625 -0.3567509861350624 0.13521399011638485 0.2275713957440641 -5.379527704885173e-11 0.9999999999876958 42
2.0500000000000003 0.7853418671847205 7.352038794809807e-11 -0.3423824431876971 -0.1483349452595038 -0.342382443564839 0.14833494553066093 0.21465813280321985 -7.19703768259667e-11 0.9999999999879404 42
2.1 0.7990104490058568 8.916049328979944e-11 -0.3268294510001671 -0.15924331739144024 -0.32682945132423485 0.1592433177170482 0.20098955098238075 -8.755152796180015e-11 0.9999999999882376 42
2.15 0.8131537128067299 1.0191929468656631e-10 -0.31031978793359555 -0.16794550374431394 -0.3103197881972478 0.1679455041167678 0.18684628718183405 -1.0025395201670413e-10 0.9999999999885639 42
2.2 0.827504358286064 1.1163711647947331e-10 -0.2930750493961894 -0.1745008361525627 -0.2930750495937447 0.17450083656333198 0.17249564170285708 -1.0991940130363839e-10 0.9999999999889211 42
2.25 0.841815244594433 1.182667008797257e-10 -0.27530565612189 -0.179015279185824 -0.2753056562493946 0.1790152796257864 0.15818475539488977 -1.1650201203235652e-10 0.9999999999893228 42
2.3000000000000003 0.8558647269997575 1.218639608018009e-10 -0.2572066340309349 -0.18163410985381132 -0.25720663408622363 0.18163411031349505 0.1441352729899856 -1.200609009048938e-10 0.9999999999897431 41
2.35 0.8694604213213042 1.2260205026121878e-10 -0.23895423903146681 -0.18253399457132055 -0.23895423901418344 0.1825339950409985 0.1305395786688839 -1.2076515797143895e-10 0.9999999999901881 41
2.4000000000000004 0.8824414007047554 1.2073070876687468e-10 -0.22070345744770167 -0.18191485898924725 -0.22070345735914643 0.18191485945911387 0.11755859928553905 -1.1880486705192264e-10 0.9999999999902944 41
2.45 0.894678908514687 1.166124484515336e-10 -0.20258637339479593 -0.1799919052933726 -0.20258637323797712 0.17999190575398558 0.10532109147568618 -1.1472361751688139e-10 0.9999999999903731 41
2.5 0.9060757351996739 1.1060859867809348e-10 -0.18471136061034216 -0.1769880753426877 -0.1847113603896418 0.17698807578438316 0.09392426479024066 -1.0877653640625335e-10 0.9999999999899145 41
2.5500000000000003 0.9165644539363321 1.0315474522926349e-10 -0.16716302919530662 -0.17312719247220262 -0.16716302891737475 0.17312719288555636 0.08343554605335284 -1.0135559133724918e-10 0.9999999999896849 41
2.6 0.9261047392412667 9.471194231284904e-11 -0.15000283804289666 -0.16862794556795754 -0.15000283771477582 0.16862794594442507 0.07389526074831015 -9.297388519270388e-11 0.9999999999895768 41
2.6500000000000004 0.9346800055538472 8.574258894136765e-11 -0.13327027138944364 -0.1636988112920368 -0.1332702710184364 0.16369881162509328 0.06531999443563603 -8.391041008787557e-11 0.9999999999894833 41
2.7 0.9422936010225591 7.66145464035921e-11 -0.1169844725190414 -0.15853394825479458 -0.11698447211276417 0.1585339485396825 0.057706398966735364 -7.468046476422054e-11 0.9999999999892945 41
2.75 0.9489647781350371 6.766970000973668e-11 -0.10114622829923117 -0.15331004357387945 -0.1011462278668465 0.1533100438072908 0.05103522185398411 -6.577352605306397e-11 0.9999999999890212 41
2.8000000000000003 0.9547246404746762 5.921871173046605e-11 -0.0857402038521575 -0.14818404960362327 -0.08574020340199093 0.14818404978324906 0.045275359514062294 -5.7308713418645343e-11 0.9999999999887385 40
2.85 0.959612236867503 5.1402643372088644e-11 -0.07073733603231311 -0.14329171754533357 -0.07073733557155279 0.1432917176696784 0.040387763120133396 -4.972169823771444e-11 0.9999999999876363 40
2.9000000000000004 0.9636709433652518 4.467381414683335e-11 -0.0560973062578228 -0.13874681510140857 -0.056097305794579735 0.13874681517054713 0.03632905662160335 -4.2982533836273206e-11 0.9999999999868552 39
2.95 0.9669452422937944 3.9097273704904366e-11 -0.04177102640601479 -0.13464090657057198 -0.041771025948668404 0.13464090658709219 0.03305475769248052 -3.742034666134492e-11 0.999999999986275 39
3.0 0.9694779779108 3.4865166327317145e-11 -0.02770308491696744 -0.13104357441095604 -0.027703084473508166 0.13104357437761968 0.030522022074483908 -3.294211454928169e-11 0.999999999985284 36
3.0500000000000003 0.9713081412815139 3.171498323722793e-11 -0.013834112981914769 -0.1280029697540602 -0.01383411255855042 0.12800296967477454 0.028691858701465747 -2.9493196483415384e-11 0.9999999999829796 34
3.1 0.9724692135518178 2.972154014118899e-11 -0.00010304208598697303 -0.12554659375162938 -0.00010304168308643178 0.1255465936312374 0.027530786430378443 -2.7142433584141984e-11 0.9999999999821962 34
3.1500000000000004 0.9729880770681462 2.9079309722236984e-11 0.01355076629133905 -0.12368223027273136 0.013550766669578562 0.12368223011328545 0.02701192291433661 -2.5973374530202518e-11 0.9999999999824828 33
3.2 0.9728844874975552 2.877924130277152e-11 0.027185530658752715 -0.12239897147707667 0.027185531010470162 0.12239897127938903 0.0271155124831662 -2.661559022548262e-11 0.9999999999807214 32
3.25 0.9721710868075354 2.953406067896359e-11 0.0408552059681002 -0.1216682996445676 0.040855206288662044 0.12166829941704954 0.027828913171726855 -2.8418120444764486e-11 0.9999999999792623 32
3.3000000000000003 0.9708539257305884 3.0935823424010014e-11 0.05460779052735698 -0.12144521007051118 0.05460779080934565 0.12144520982102266 0.029146074247902044 -3.0981918801020045e-11 0.9999999999784904 30
3.35 0.968933454735837 3.240701804194402e-11 0.06848378676599871 -0.12166937921623462 0.06848378699551765 0.121669378951455 0.031066545244176586 -3.350879869083227e-11 0.9999999999800137 29
3.4000000000000004 0.9664059334168629 3.2618249062654127e-11 0.08251482041191785 -0.12226639915632835 0.08251482058864297 0.1222663988858209 0.033594066562994726 -3.5044485416564835e-11 0.9999999999798576 29
3.45 0.9632651992846021 3.383548962580058e-11 0.09672242527552999 -0.12314911223429367 0.09672242539569588 0.1231491119637961 0.03673480069945795 -3.667452125447969e-11 0.9999999999840601 28
3.5 0.9595047275802387 3.5159415127923575e-11 0.11111700445905807 -0.12421908835627596 0.1111170045263081 0.12421908809210573 0.04049527240492484 -3.738997802564264e-11 0.9999999999851636 29
3.5500000000000003 0.955119904116271 3.5880305285953544e-11 0.12569698306200333 -0.12536829082560805 0.1256969830829334 0.12536829057777682 0.0448800958677444 -3.7684896655454765e-11 0.9999999999840155 30
3.6 0.9501104230256436 3.5806728599797685e-11 0.14044817147655703 -0.12648097468676436 0.14044817145665364 0.12648097446337364 0.0498895769553118 -3.717196231668953e-11 0.9999999999809555 31
3.6500000000000004 0.9444827116743153 3.469408287194543e-11 0.15534336191031461 -0.12743585386744036 0.15534336185508268 0.12743585367170204 0.055517288301919786 -3.608057954835571e-11 0.9999999999762351 32
3.7 0.9382522763132254 3.2673510678543054e-11 0.17034218313606486 -0.12810856035800752 0.17034218304588264 0.1281085601881709 0.06174772366127982 -3.429817748658393e-11 0.9999999999745052 33
3.75 0.9314458554743434 2.987870671146711e-11 0.18539123904583385 -0.12837440037943829 0.1853912389201714 0.12837440023631927 0.06855414449935329 -3.1599784893000825e-11 0.9999999999736967 32
3.8000000000000003 0.9241032649406099 2.5953384532228104e-11 0.20042455513288043 -0.1281113898485887 0.20042455497267467 0.12811138973075384 0.07589673503183604 -2.7658581835563997e-11 0.9999999999724459 34
3.85 0.9162788193870718 2.0691662553085733e-11 0.2153643529859328 -0.12720352546497907 0.2153643527932773 0.12720352537260546 0.0837211805848278 -2.2315504563179687e-11 0.9999999999718996 34
3.9000000000000004 0.9080422228281891 1.4116251878013898e-11 0.23012216623205706 -0.1255442201240482 0.23012216601273155 0.12554422005818253 0.09195777714338595 -1.562429231144856e-11 0.9999999999715751 35
3.95 0.8994788336103344 6.646206857066097e-12 0.24460030195513216 -0.12303980375746747 0.24460030171581418 0.12303980371781707 0.10052116636117825 -7.968168396305904e-12 0.9999999999715127 36
4.0 0.89068923036695 -1.9547855905855475e-12 0.25869363971995346 -0.11961296550571206 0.258693639464641 0.11961296549214158 0.10931076960484037 7.497593650935798e-13 0.9999999999717903 37
4.05 0.881788033056665 -1.1684890396033163e-11 0.2722917463758536 -0.11520599245735637 0.2722917461078604 0.11520599247229497 0.11821196691561847 1.0589940239840401e-11 0.9999999999722835 38
4.1000000000000005 0.8729019672651942 -2.2252055906922637e-11 0.2852812693453691 -0.10978364641442113 0.2852812690688994 0.10978364646110811 0.12709803270726322 2.1206570576356905e-11 0.9999999999724574 38
4.15 0.8641671989620457 -3.3325075448873705e-11 0.29754855505888544 -0.10333551533729027 0.29754855477876874 0.10333551541764746 0.13583280101059025 3.2358526212013184e-11 0.999999999972636 38
4.2 0.8557260088282673 -4.485628508900389e-11 0.3089824235996777 -0.0958776818699874 0.3089824233207872 0.0958776819855304 0.14427399114439923 4.428887802679377e-11 0.9999999999726665 38
4.25 0.847722917475562 -5.651550997531712e-11 0.3194770165804771 -0.08745356858190806 0.3194770163080263 0.08745356873413147 0.152277082497485 5.637210445191059e-11 0.9999999999730471 38
4.3 0.8403004123189758 -6.803791343573903e-11 0.3289346239515584 -0.07813384837482705 0.32893462368963416 0.07813384856375842 0.15969958765475523 6.842612815652033e-11 0.999999999973731 38
4.3500000000000005 0.8335944603467154 -7.933639531411897e-11 0.3372683879160757 -0.06801534802798093 0.33726838766973877 0.06801534825435505 0.16640553962736165 8.040079670155558e-11 0.999999999974077 40
4.4 0.8277300154841815 -8.992077823598833e-11 0.34440477938224345 -0.057218921164767365 0.34440477915750983 0.05721892142648935 0.17226998449017208 9.188063068814718e-11 0.9999999999743535 40
4.45 0.8228167420262714 -9.942470732736512e-11 0.35028574499951126 -0.04588632118754959 0.35028574480309155 0.04588632148021714 0.17718325794883016 1.022557615145906e-10 0.9999999999751016 40
4.5 0.8189451748539306 -1.0746341763629696e-10 0.35487043117150846 -0.03417616136996067 0.35487043101019755 0.034176161688220144 0.18105482512194318 1.1116215037936438e-10 0.9999999999758737 40
4.55 0.8161835219547091 -1.1375513793892657e-10 0.3581364054105998 -0.02225910415217516 0.35813640529031043 0.02225910449006529 0.18381647802221163 1.1821407355372237e-10 0.9999999999769207 40
4.6000000000000005 0.8145752854190362 -1.1794417035476026e-10 0.3600803144460754 -0.010312470550383028 0.3600803143713999 0.010312470901909726 0.18542471455929632 1.2308396327080683e-10 0.9999999999783326 40
4.65 0.8141378350878788 -1.1978601722406635e-10 0.36071794173181193 0.0014855005511356042 0.3607179417050026 -0.0014855001922644934 0.1858621648918657 1.255900730197882e-10 0.9999999999797445 40
4.7 0.814862017028831 -1.1918245361256238e-10 0.3600836530664308 0.012961487928654928 0.36008365308788887 -0.012961487568882477 0.18513798295238143 1.2568548612259882e-10 0.9999999999812124 40
4.75 0.816712820610183 -1.1615307225209319e-10 0.3582292464220992 0.023952753243459624 0.3582292464910766 -0.023952752889126315 0.1832871793724413 1.233583477454015e-10 0.9999999999826243 40
4.800000000000001 0.81963106736227 -1.1077259024163453e-10 0.3552222490405427 0.034312377787734154 0.35522224915533185 -0.034312377444961475 0.1803689326219295 1.1868099358416947e-10 0.9999999999841995 40
4.8500000000000005 0.8235360265455861 -1.0318418436216473e-10 0.35114372969172747 0.04391383600289044 0.35114372984960923 -0.04391383567741824 0.17646397344026463 1.117874552536651e-10 0.9999999999858508 40
4.9 0.8283288106979064 -9.354021423369936e-11 0.3460857151240411 0.05265470922297595 0.34608571532158106 -0.052654708920225966 0.17167118928973799 1.0290512356514465e-10 0.9999999999876444 41
4.95 0.8338963631454528 -8.214386935753684e-11 0.34014831586116706 0.06045939315978912 0.3401483160940251 -0.06045939288459357 0.16610363684400328 9.218619394826117e-11 0.9999999999894561 41
5.0 0.8401158213519023 -6.925478311871817e-11 0.3334366766879915 0.06728071068268847 0.3334366769511688 -0.06728071043951248 0.15988417863937976 7.995517287806926e-11 0.9999999999912821 41
5.050000000000001 0.8468590266845812 -5.5201529497050166e-11 0.3260578709482791 0.07310040301650975 0.3260578712362398 -0.07310040280929767 0.15314097330852883 6.653271890102541e-11 0.9999999999931101 41
5.1000000000000005 0.8539969530759868 -4.033627045609624e-11 0.3181178551415419 0.0779285329749734 0.31811785544823873 -0.07792853280704165 0.14600304691890476 5.2253774403168523e-11 0.9999999999948915 41
5.15 0.8614038432436548 -2.501612213399949e-11 0.30971859172332183 0.08180188896054368 0.3097185920422176 -0.08180188883451103 0.13859615675290488 3.7434892883060644e-11 0.9999999999965596 41
5.2 0.8689608696002021 -9.612626951819034e-12 0.3009554343448435 0.084781524535047 0.3009554346690839 -0.08478152445273525 0.13103913039791165 2.2441854968679963e-11 0.9999999999981137 41
5.25 0.8765591748664345 5.4898679775163e-12 0.2919148521930875 0.08694960270508557 0.2919148525159444 -0.08694960266756281 0.12344082513311334 7.646544378029233e-12 0.9999999999995479 41
5.300000000000001 0.8841021912968164 1.9960307480750242e-11 0.2826725499832831 0.08840573510883548 0.2826725502983585 -0.08840573511623963 0.11589780870368732 -6.563905280665639e-12 1.0000000000005038 41
5.3500000000000005 0.8915071837499017 3.314944323659067e-11 0.27329201895932054 0.08926301366248096 0.27329201926098984 -0.0892630137127608 0.108492816251961 -1.96904132426506e-11 1.0000000000018627 40
5.4 0.8987060071687251 4.5136921098779e-11 0.26382353338106485 0.08964392664332932 0.26382353366475475 -0.0896439267338353 0.10129399283455733 -3.1436262286272964e-11 1.0000000000032825 40
5.45 0.9056451103946087 5.588508461569357e-11 0.2543035876568336 0.08967633439096494 0.2543035879162617 -0.08967633451982517 0.09435488961059535 -4.154217642829133e-11 1.000000000005204 40
5.5 0.9122848533316342 6.514044758692719e-11 0.24475475253248077 0.08948965408110775 0.24475475276214412 -0.0894896542452111 0.0877151466751703 -4.997211982962077e-11 1.0000000000068046 40
5.550000000000001 0.9185982317579037 7.278798424562962e-11 0.23518591533238273 0.08921137125929021 0.23518591552734083 -0.08921137145493126 0.08140176825016834 -5.66282985408591e-11 1.000000000008072 40
5.6000000000000005 0.9245691228702443 7.873492208965592e-11 0.22559285951246386 0.08896396088622732 0.22559285967026682 -0.0889639611085213 0.07543087713879133 -6.190159591783096e-11 1.0000000000090357 40
5.65 0.9301901750075858 8.306349727843041e-11 0.21595913290558927 0.08886226534638517 0.21595913302590125 -0.08886226558984138 0.06980982500208041 -6.595494141727198e-11 1.0000000000096663 40
5.7 0.9354604676379956 8.59430831551424e-11 0.20625715181799115 0.08901134367418889 0.2062571519005482 -0.08901134393413299 0.06453953237222318 -6.84368719585528e-11 1.0000000000102187 40
5.75 0.9403830638255098 8.751518577329319e-11 0.1964494891879316 0.08950477712004953 0.1964494892318197 -0.08950477739130189 0.05961693618496902 -6.94984318596186e-11 1.000000000010479 40
5.800000000000001 0.9449625685047014 8.797178989603598e-11 0.18649029880636328 0.0904233925322022 0.1864902988113775 -0.09042339280918832 0.055037431504987924 -7.02561834315181e-11 1.0000000000096894 39
5.8500000000000005 0.9492027936083645 8.736406278734626e-11 0.17632683341315514 0.09183434772617236 0.17632683337926677 -0.09183434800428522 0.05079720640093731 -6.961213756953703e-11 1.0000000000093017 39
5.9 0.9531046169414387 8.640188573537706e-11 0.16590102166105425 0.09379051235068658 0.1659010215900392 -0.09379051262929643 0.04689538307030732 -6.914940382536408e-11 1.000000000011746 38
5.95 0.9566641071123766 8.47214006801831e-11 0.1551510767301175 0.09633007362974597 0.1551510766194693 -0.09633007390577364 0.043335892900650486 -6.76824958644645e-11 1.0000000000130271 37
6.0 0.9598709728033614 8.262520599962833e-11 0.14401311706757283 0.0994762981779735 0.14401311691950267 -0.0994762984494183 0.040129027211059196 -6.559649284367793e-11 1.0000000000144207 36
6.050000000000001 0.9627073820087814 8.030201951688219e-11 0.13242278696667306 0.10323738826821101 0.13242278678661756 -0.1032373885323577 0.03729261800552667 -6.284071482036092e-11 1.000000000014308 36
6.1000000000000005 0.9651471859295926 7.802601198929534e-11 0.12031687058671711 0.10760638238074535 0.12031687038064309 -0.10760638263274304 0.03485281408434142 -6.031780576790252e-11 1.000000000013934 35
6.15 0.967155573003593 7.586582961210844e-11 0.10763489754543804 0.11256106476066506 0.10763489731273852 -0.11256106499725899 0.03284442700827659 -5.837355539378894e-11 1.0000000000118696 34
6.2 0.9686891708088029 7.436412244819849e-11 0.09432074089115665 0.11806386594924236 0.0943207406309831 -0.11806386616686919 0.031310829205239296 -5.6534561530472375e-11 1.000000000014042 33
6.25 0.9696966067653797 7.260426749058314e-11 0.08032420906104738 0.12406175488164047 0.08032420877227407 -0.12406175506749796 0.030303393247586123 -5.555021765704279e-11 1.0000000000129659 32
6.300000000000001 0.9701195320146184 7.519012030976605e-11 0.0656026320347281 0.13048614216527885 0.06560263172298678 -0.13048614231447703 0.029880467993512305 -5.2060693440300775e-11 1.0000000000081308 31
6.3500000000000005 0.9698941056367103 7.526477101332433e-11 0.05012243882383279 0.13725283266436988 0.05012243850000786 -0.1372528327742489 0.030105894368347146 -5.045034387820609e-11 1.0000000000050575 31
6.4 0.9689529279715455 7.60207469285375e-11 0.03386071815111072 0.14426208252608827 0.03386071782407795 -0.14426208259954731 0.03104707203147135 -5.086595312845126e-11 1.000000000003017 30
6.45 0.9672274011845807 8.075641242751285e-11 0.016806747561480723 0.15139883024348677 0.016806747236640218 -0.1513988302853853 0.03277259882416848 -4.1837924168580596e-11 1.0000000000087492 28
6.5 0.9646504822425129 8.541933699528117e-11 -0.001036531731111521 0.15853318247790466 -0.00103653205296119 -0.1585331824880521 0.03534951777147402 -3.869391891910364e-11 1.000000000013987 29
6.550000000000001 0.9611597774712229 9.055954193966302e-11 -0.019651125842894857 0.16552124185773162 -0.01965112614581312 -0.16552124183454672 0.03884022255091512 -3.4296592004140735e-11 1.000000000022138 29
6.6000000000000005 0.9567009093593626 9.487500959490803e-11 -0.03900272545807226 0.1722063653396303 -0.039002725740113015 -0.1722063652938418 0.04329909066647083 -3.605173280289083e-11 1.0000000000258333 29
6.65 0.9512310654084967 9.823633502602576e-11 -0.059039618758859644 0.17842093632771008 -0.0590396190176647 -0.17842093626333658 0.04876893461653527 -4.1736770225028165e-11 1.000000000025032 29
6.7 0.9447226167182972 1.0255762480106531e-10 -0.07969183685306412 0.18398872153086077 -0.07969183709430683 -0.1839887214519448 0.055277383303747145 -4.73877494337939e-11 1.0000000000220444 29
6.75 0.9371666719810926 1.0693027315230624e-10 -0.10087059444771584 0.1887278637001124 -0.10087059467464314 -0.18872786361083815 0.06283332803363903 -5.356454106554938e-11 1.0000000000147315 30
6.800000000000001 0.9285764123028003 1.1142500242764312e-10 -0.12246809166540289 0.19245453373362906 -0.1224680918777054 -0.1924545336398557 0.07142358770318316 -5.969146280407576e-11 1.0000000000059834 30
6.8500000000000005 0.9189900359403789 1.1610355555348667e-10 -0.14435774271616822 0.19498723064211165 -0.14435774291241196 -0.19498723054527844 0.08100996405590696 -6.546293141512299e-11 0.9999999999962859 30
6.9 0.9084731319437946 1.2050415395082908e-10 -0.16639489287548834 0.19615167664200076 -0.166394893051164 -0.19615167653871254 0.09152686804984873 -7.088274312097713e-11 0.9999999999936434 32
6.95 0.8971202999357534 1.242352996983923e-10 -0.1884180763094191 0.19578620866027585 -0.1884180764600561 -0.19578620855045906 0.10287970005676261 -7.5395087815458e-11 0.999999999992516 33
7.0 0.8850558422256734 1.2722024595796682e-10 -0.21025085353711667 0.1937475192866424 -0.21025085365870855 -0.19374751916743405 0.11494415776545647 -7.973744431304725e-11 0.9999999999911298 34
7.050000000000001 0.8724333753473441 1.2977502679927004e-10 -0.2317042486204201 0.18991655271656577 -0.23170424870916242 -0.18991655258957033 0.12756662464369226 -8.345495222970363e-11 0.9999999999910364 34
7.1000000000000005 0.8594342422127346 1.3276262179040757e-10 -0.25257978287583877 0.1842043182031258 -0.2525797829290139 -0.18420431807066742 0.140565757780167 -8.584922694198974e-11 0.9999999999929016 35
7.15 0.8462646531048175 1.3522954516811215e-10 -0.2726730747965245 0.17655734875183188 -0.272673074813273 -0.17655734861518402 0.1537353468904353 -8.728057726174166e-11 0.9999999999952528 36
7.2 0.8331515425284722 1.3642486824756598e-10 -0.291777946117389 0.16696251034300924 -0.29177794609835933 -0.1669625102062078 0.1668484574688483 -8.66900089828652e-11 0.9999999999973206 36
7.25 0.8203371971265009 1.3604554855801366e-10 -0.30969094293034444 0.155450860449471 -0.30969094287778115 -0.1554508603173451 0.17966280287240305 -8.527058962037833e-11 0.999999999998904 36
7.300000000000001 0.8080727837378147 1.3396020624489132e-10 -0.32621615054990444 0.1421002669138553 -0.3262161504634467 -0.14210026679041363 0.19192721626229572 -8.236878873447729e-11 1.0000000000001104 37
7.3500000000000005 0.7966109815608311 1.3052743269532531e-10 -0.34117015337294687 0.12703653114062446 -0.341170153252741 -0.12703653103020435 0.20338901844111626 -7.826603093188702e-11 1.0000000000019473 38
7.4 0.7861979927571555 1.2560848706134496e-10 -0.35438696850907686 0.11043281331525608 -0.3543869683549352 -0.11043281321980732 0.2138020072472754 -7.225812412403314e-11 1.000000000004431 38
7.45 0.7770652658756938 1.1918870488769472e-10 -0.365722766453563 0.09250723048514954 -0.3657227662658462 -0.0925072304073985 0.22293473413173787 -6.419694213232982e-11 1.0000000000074316 38
7.5 0.7694213104976829 1.1012902040229318e-10 -0.375060185448536 0.073518587586468 -0.3750601852292631 -0.07351858753081615 0.23057868951244878 -5.429814881593349e-11 1.0000000000101317 38
7.550000000000001 0.7634440045726003 9.922802381360676e-11 -0.38231204967104776 0.05376030177174612 -0.382312049422862 -0.05376030174493248 0.2365559954393451 -4.259550519776438e-11 1.0000000000119453 39
7.6000000000000005 0.7592737943988503 8.706492480729114e-11 -0.3874243156829648 0.033552685216307526 -0.38742431540751787 -0.033552685219712455 0.24072620561449426 -2.977937075466113e-11 1.0000000000133447 40
7.65 0.7570081592367395 7.35375783918849e-11 -0.39037809669105694 0.013233853387390944 -0.39037809639366067 -0.013233853420256708 0.2429918407778272 -1.581205421478673e-11 1.0000000000145666 40
7.7 0.7566976584246077 5.898699819567578e-11 -0.39119064914448126 -0.006850383187537933 -0.3911906488322895 0.006850383125200442 0.2433023415912591 -8.061556678581353e-13 1.0000000000158669 40
7.75 0.7583438011184956 4.3753605262708644e-11 -0.3899152493737126 -0.02635721298566399 -0.3899152490531392 0.02635721289321986 0.24165619889872722 1.494830614137238e-11 1.000000000017223 42
7.800000000000001 0.7618988821270445 2.8524464162233293e-11 -0.38663993700466065 -0.04495762477352712 -0.38663993668265667 0.044957624651356026 0.23810111789143604 3.0969161374049804e-11 1.0000000000184806 42
7.8500000000000005 0.7672678182967205 1.3207066273004342e-11 -0.3814851537990451 -0.06234681890506879 -0.38148515348241036 0.062346818753011624 0.23273218172310742 4.70051914918374e-11 1.000000000019828 42
7.9 0.7743119063846319 -1.697041567227417e-12 -0.37460035807927866 -0.07825374446644454 -0.37460035777459955 0.07825374428525773 0.22568809363654163 6.255864633281927e-11 1.0000000000211735 42
7.95 0.7828543137445265 -1.590758612132531e-11 -0.366159742722826 -0.09244932250232242 -0.36615974243604155 0.0924493222940205 0.21714568627786315 7.734018315220658e-11 1.0000000000223896 42
8.0 0.7926870156805883 -2.8989924432775678e-11 -0.3563572257001952 -0.10475298831879386 -0.35635722543697906 0.10475298808620957 0.20731298434303466 9.101206760960509e-11 1.0000000000236229 42
8.05 0.8035788152141348 -4.061362655960008e-11 -0.34540091368457876 -0.11503728167412251 -0.3454009134500586 0.11503728142069722 0.1964211848107452 1.0324836556735086e-10 1.0000000000248799 43
8.1 0.8152840278191403 -5.058597762447026e-11 -0.33350725943360854 -0.12323032524971003 -0.3335072592325307 0.12323032497942374 0.18471597220704553 1.1384692045663152e-10 1.000000000026186 43
8.15 0.8275513887844188 -5.868348922522013e-11 -0.3208951413827701 -0.12931615068210983 -0.3208951412193062 0.1293161503992379 0.17244861124301522 1.225798193878503e-10 1.000000000027434 44
8.200000000000001 0.84013274518108 -6.475640940613853e-11 -0.3077800890536349 -0.13333294875407675 -0.3077800889310505 0.13333294846310267 0.15986725484757258 1.2929706224080647e-10 1.0000000000286526 44
8.25 0.8527911264195603 -6.87146842531973e-11 -0.2943688612493075 -0.13536942764860646 -0.2943688611699138 0.13536942735423546 0.14720887361031101 1.3391045907969476e-10 1.0000000000298714 44
8.3 0.8653078433343401 -7.055833044717138e-11 -0.28085455718668995 -0.1355595532138854 -0.2808545571526001 0.13555955292124228 0.13469215669672885 1.3639680223329884e-10 1.000000000031069 44
8.35 0.8774883401474867 -7.028249943642268e-11 -0.2674124059514312 -0.1340760125085261 -0.26741240596426313 0.1340760122229461 0.12251165988475357 1.367456765181642e-10 1.0000000000322402 44
8.4 0.889166609920079 -6.79620654187472e-11 -0.2541963396273708 -0.13112278321696236 -0.2541963396876688 0.1311227829433282 0.11083339011328995 1.3502873983804072e-10 1.0000000000333689 44
8.450000000000001 0.9002080751385753 -6.369389705650697e-11 -0.24133641302798783 -0.1269272058801753 -0.24133641313511772 0.1269272056230506 0.09979192489586731 1.3134610418048222e-10 1.0000000000344427 44
8.5 0.9105109240730979 -5.766883180177001e-11 -0.22893709094403814 -0.12173194454901337 -0.2289370910961299 0.12173194431268025 0.08948907596229382 1.2584689797589915e-10 1.0000000000353917 44
8.55 0.9200059744809749 -5.0130095325027615e-11 -0.21707638475898308 -0.1157871875913422 -0.2170763849536092 0.1157871873796458 0.0799940255549297 1.187934494560566e-10 1.0000000000359046 44
8.6 0.9286552043877104 -4.136705813657918e-11 -0.20580578626754187 -0.10934338859095842 -0.20580578650156398 0.10934338840786752 0.07134479564836932 1.1042462527695056e-10 1.0000000000360798 44
8.65 0.9364491418908371 -3.164485163760544e-11 -0.19515091908846685 -0.10264478304923484 -0.19515091935841355 0.102644782898655 0.06355085814567481 1.0105939526846894e-10 1.000000000036512 44
8.700000000000001 0.9434033406773993 -2.1258354123102317e-11 -0.18511280810238534 -0.09592384576348326 -0.1851128084047756 0.09592384564904502 0.056596659359520504 9.103896242787642e-11 1.0000000000369198 44
8.75 0.9495541852887535 -1.0417174069478866e-11 -0.17566965518112349 -0.08939678184575546 -0.17566965551195488 0.08939678177137618 0.0504458147483525 8.08206552478274e-11 1.0000000000371059 44
8.8 0.9549542714910667 5.276578578037517e-13 -0.166779004841065 -0.08326007632523243 -0.16677900519535538 0.0832600762945266 0.045045728546127706 7.048522047359286e-11 1.0000000000371945 44
8.85 0.9596675948770874 1.1044278175043563e-11 -0.15838018562232845 -0.07768806708256283 -0.15838018599549702 0.07768806709583817 0.040332405159686356 6.006683830102364e-11 1.0000000000367737 42
8.9 0.9637647581309475 2.1344818709368926e-11 -0.1503969209048029 -0.07283145628735187 -0.15039692129307122 0.07283145634783363 0.03623524190623012 4.9970993128238387e-11 1.0000000000371776 42
8.950000000000001 0.9673183776344322 3.112253692489314e-11 -0.14274001526135385 -0.0688166382690505 -0.14274001565825134 0.06881663837964028 0.03268162240227612 4.0634603050024724e-11 1.0000000000367084 42
9.0 0.9703988366596654 4.0192435910329876e-11 -0.1353100378729809 -0.06574569722978647 -0.1353100382701864 0.06574569739249024 0.029601163376745898 3.1908011195572863e-11 1.0000000000364113 42
9.05 0.9730704982704077 4.8321727629171064e-11 -0.127999941687836 -0.06369691623903592 -0.1279999420772556 0.06369691645637662 0.026929501765382308 2.4611919502106912e-11 1.00000000003579 41
9.1 0.9753884588259133 5.5176425198841716e-11 -0.1206975746049145 -0.06272563822065891 -0.1206975749783931 0.06272563849318032 0.024611541207948482 1.7111356568715248e-11 1.0000000000338618 38
9.15 0.9773958944262124 6.084781561141483e-11 -0.11328805579706726 -0.06286532868393475 -0.11328805614890239 0.06286532901427601 0.022604105606987668 1.1780116580672285e-11 1.0000000000332 36
9.200000000000001 0.9791220289737659 6.542028593223823e-11 -0.10565600560528533 -0.06412870688441565 -0.1056560059383783 0.06412870727345171 0.020877971057779984 7.875629204303071e-12 1.0000000000315459 36
9.25 0.980580734245526 6.878238708058012e-11 -0.09768763043908299 -0.06650883485205147 -0.09768763075075627 0.06650883530223484 0.019419265784446364 4.920688775388874e-12 1.0000000000299725 36
9.3 0.981769759261587 7.136176169004748e-11 -0.0892726742400363 -0.06998008071919512 -0.08927267450594073 0.06998008121477418 0.01823024076490359 4.222850409750834e-12 1.0000000000264906 36
9.35 0.982670577808957 7.375294973188821e-11 -0.08030625513190877 -0.07449890196543696 -0.08030625533096973 0.07449890248859554 0.017329422221697352 3.84229529130142e-12 1.0000000000306544 34
9.4 0.9832488380003116 7.426983921874932e-11 -0.07069060982362445 -0.08000442453593531 -0.0706906099544502 0.08000442508260353 0.016751162030200772 3.5405431224108705e-12 1.0000000000305125 34
9.450000000000001 0.9834553952393896 7.42086781319833e-11 -0.06033676892727645 -0.08641882346793801 -0.06033676899998775 0.08641882403626258 0.016544604781552338 1.3911471128556155e-12 1.000000000020942 33
9.5 0.9832279080280848 7.401603612490084e-11 -0.049166183751741435 -0.09364753909357208 -0.04916618376875267 0.09364753967528132 0.01677209199099502 1.6562661501491271e-12 1.0000000000190798 32
9.55 0.9824929738582379 7.427304291446655e-11 -0.03711232007413501 -0.10157938886505154 -0.03711232002886403 0.10157938946518587 0.017507026160025793 3.2789929165510157e-12 1.0000000000182636 30
9.600000000000001 0.9811687781773692 7.739762341763102e-11 -0.02412222644262978 -0.11008665754613256 -0.02412222633101036 0.11008665816374597 0.018831221835537218 7.001226713688743e-12 1.0000000000129066 30
9.65 0.9791682222502996 7.845798794244912e-11 -0.01015807478800965 -0.1190252669509349 -0.010158074616096482 0.11902526757360414 0.02083177775515266 1.1111661610020134e-11 1.0000000000054523 30
9.700000000000001 0.9764024849216801 7.866911496435884e-11 0.004801340318405139 -0.1282351399012497 0.004801340540334639 0.128235140522083 0.02359751508104495 1.2708477601314261e-11 1.0000000000027252 30
9.75 0.9727849581678275 8.17091787746442e-11 0.020759169800662256 -0.13754088055747615 0.020759170066160928 0.13754088117582242 0.02721504183170736 9.035724069840865e-12 0.9999999999995348 30
9.8 0.9682354775884348 8.479285624310323e-11 0.03769918439102673 -0.14675289364855407 0.03769918469313397 0.14675289426307012 0.031764522405414546 5.038065156595401e-12 0.9999999999938493 30
9.850000000000001 0.962684746520999 8.900539206754148e-11 0.055584605813887494 -0.15566905787378477 0.05558460615547444 0.15566905848637477 0.037315253466138405 1.4119098963277241e-13 0.9999999999871374 30
9.9 0.9560788281114071 9.55925567428683e-11 0.07435715663958252 -0.1640770529861669 0.07435715703106381 0.1640770535906667 0.043921171872533804 -6.6092536980954e-12 0.9999999999839408 30
9.950000000000001 0.9483835547922456 1.0403175712448494e-10 0.09393639886129129 -0.1717574150342684 0.09393639930886176 0.17175741562108895 0.05161644519152632 -1.6060902287639454e-11 0.9999999999837719 30
10.0 0.9395886815123818 1.1449147918980147e-10 0.11421943665286222 -0.17848736059253661 0.11421943715393966 0.17848736116430433 0.06041131846835796 -2.794830231192635e-11 0.9999999999807399 31
10.05 0.9297115902851089 1.2707890814897353e-10 0.13508106009162574 -0.18404537851960884 0.13508106064034653 0.18404537907390328 0.07028840969171712 -4.210399325695736e-11 0.999999999976826 31
10.100000000000001 0.9188003418299548 1.4144589034413304e-10 0.1563744030509777 -0.18821653829185697 0.15637440363951896 0.18821653882039036 0.08119965814256241 -5.837573513899828e-11 0.9999999999725173 31
10.15 0.9069358681269815 1.5842481941641573e-10 0.17793217947099216 -0.1907984096464011 0.1779321800883639 0.1907984101423126 0.09306413184700152 -7.64263980207425e-11 0.999999999973983 32
10.200000000000001 0.8942331097813737 1.7811782341583325e-10 0.19956854748875894 -0.19160743151235965 0.1995685481239309 0.1916074319714146 0.10576689019908753 -9.472586980007805e-11 0.9999999999804612 33
10.25 0.8808409262054337 2.0057959157357854e-10 0.22108163051984797 -0.19048551289824017 0.22108163116060472 0.190485513312934 0.11915907378184412 -1.1611023976315892e-10 0.9999999999872778 34
10.3 0.8669406454892752 2.248185210323314e-10 0.24225669861949295 -0.18730659866264066 0.24225669925653875 0.18730659903737196 0.1330593545042079 -1.3934756159930845e-10 0.9999999999934831 34
10.350000000000001 0.8527431742783554 2.497524158525254e-10 0.26286998334739164 -0.18198289350226535 0.2628699839756128 0.1819828938409037 0.14725682572177762 -1.6329717899473432e-10 1.000000000000133 35
10.4 0.8384846545526561 2.757788169638199e-10 0.28269306615812523 -0.17447041227192522 0.28269306677325484 0.17447041257527876 0.16151534545268442 -1.8771704450931958e-10 1.0000000000053406 35
10.450000000000001 0.8244207307172897 3.0187371683756655e-10 0.301497745893402 -0.1647735181044215 0.3014977464905373 0.16477351837133197 0.17557926929405757 -2.1214354539780276e-10 1.0000000000113474 36
10.5 0.8108195726925327 3.2770138248952094e-10 0.319061257237176 -0.15294812459857982 0.31906125780956807 0.152948124826793 0.18918042732533688 -2.3705754677883467e-10 1.0000000000178695 36
10.55 0.7979538833158062 3.5233580627461075e-10 0.33517168150880716 -0.13910327631017483 0.3351716820468532 0.13910327649693885 0.20204611670769232 -2.6117751543591706e-10 1.0000000000234985 37
10.600000000000001 0.7860921950006117 3.7587463803640005e-10 0.3496333662040945 -0.12340088282708465 0.3496333666987048 0.12340088297485717 0.21390780503029216 -2.844668060887505e-10 1.0000000000309037 37
10.65 0.7754898249050306 3.9801368678990297e-10 0.3622721525402509 -0.10605346378423817 0.36227215298176657 0.10605346389601637 0.2245101751322543 -3.0588847918863086e-10 1.0000000000372848 38
10.700000000000001 0.7663799037154211 4.1750079760451256e-10 0.3729402027536394 -0.0873198612057396 0.3729402031315256 0.08731986128455467 0.2336200963281645 -3.2383408070162833e-10 1.0000000000435856 38
10.75 0.7589649153534797 4.3421983800419546e-10 0.38152022256117857 -0.06749898569892983 0.3815202228675346 0.06749898574792684 0.24103508469666393 -3.3879783442405035e-10 1.0000000000501437 38
10.8 0.7534091800104462 4.471528903945642e-10 0.3879288894695985 -0.046921776804209045 0.38792888969773687 0.0469217768276199 0.2465908200466824 -3.5018487050100666e-10 1.0000000000571285 38
10.850000000000001 0.749832679327463 4.554705724952682e-10 0.39211932444897 -0.025941667011759706 0.3921193245977804 0.025941667017970394 0.2501673207363188 -3.5812119320307094e-10 1.0000000000637819 39
10.9 0.7483065611784133 4.5983342639516326e-10 0.39408248180847727 -0.00492393506475837 0.39408248187552586 0.004923935062109068 0.25169343889139506 -3.624929813646837e-10 1.0000000000698084 39
10.950000000000001 0.7488505756573075 4.60024248112344e-10 0.3938473778879498 0.015765590668522043 0.3938473778726129 -0.015765590672229688 0.2511494244188205 -3.6259684974157885e-10 1.000000000076128 40
11.0 0.7514325890565635 4.559819886016614e-10 0.3914801309706091 0.035771970128843755 0.39148013087494565 -0.03577197012637321 0.2485674110260892 -3.582948656702697e-10 1.0000000000826528 40
11.05 0.7559702062197707 4.4770005413398734e-10 0.3870818392545922 0.05476220614230546 0.3870818390813429 -0.05476220612630238 0.244029793869629 -3.4984728673238937e-10 1.0000000000893998 40
11.100000000000001 0.7623344121533165 4.354985366881224e-10 0.38078537744854785 0.07243540845806115 0.38078537720175293 -0.07243540842135743 0.23766558794284467 -3.375499912149702e-10 1.0000000000961613 41
11.15 0.7703550300931827 4.20379908339853e-10 0.3727512420977498 0.08853161012723937 0.3727512417804144 -0.08853161006320072 0.22964497000867 -3.2268549081222397e-10 1.0000000001018527 42
11.200000000000001 0.7798276937719163 4.0258009186569456e-10 0.3631626178821214 0.10283885800107673 0.3631626174971422 -0.1028388579023629 0.2201723063347094 -3.0501997660103397e-10 1.0000000001066258 42
11.25 0.7905219535699837 3.8219347093814756e-10 0.3522198692972335 0.11519830075058372 0.3522198688551397 -0.11519830061101258 0.20947804654071706 -2.845926908025198e-10 1.0000000001107008 42
11.3 0.8021900848359338 3.5999539457409117e-10 0.34013468248792983 0.1255071142541521 0.3401346820019786 -0.1255071140689417 0.19780991527832237 -2.62074250988729e-10 1.0000000001142562 42
11.350000000000001 0.8145761447817902 3.367214819636631e-10 0.3271240894866689 0.1337192265662048 0.32712408897109413 -0.13371922633288227 0.1854238553353532 -2.382269191708379e-10 1.0000000001171434 42
11.4 0.8274248323386078 3.130466028892956e-10 0.3134046019527939 0.13984392382266242 0.31340460142195986 -0.13984392354127523 0.172575167780796 -2.1383378691859744e-10 1.0000000001194038 42
11.450000000000001 0.8404897410528178 2.8956853313228496e-10 0.2991866644623219 0.14394252598554735 0.2991866639306805 -0.14394252565862703 0.1595102590683238 -1.8961694559285436e-10 1.0000000001211415 42
11.5 0.8535406542283811 2.6689306573987335e-10 0.2846696102899344 0.14612341026258951 0.28466960977114564 -0.1461234098942291 0.14645934589413784 -1.6625592064906963e-10 1.0000000001225189 42
11.55 0.866369608186087 2.45543988618233e-10 0.27003726777666504 0.14653572530890202 0.2700372672827163 -0.146535724903784 0.13363039193758672 -1.4432732377915403e-10 1.0000000001236737 41
11.600000000000001 0.8787955368771925 2.2602781033756689e-10 0.2554543255310712 0.14536217814772007 0.25545432507216104 -0.1453621777111188 0.12120446324751873 -1.243434256162213e-10 1.0000000001247111 41
11.65 0.890667402063633 2.0872417832001157e-10 0.24106352272113096 0.1428112876926673 0.24106352230516778 -0.14281128723029843 0.10933259806207153 -1.0663756296914526e-10 1.0000000001257046 41
11.700000000000001 0.901865801173389 1.938594924067829e-10 0.22698368934182725 0.13910948552166327 0.22698368897480625 -0.139109485039762 0.09813419895342258 -9.142603098028374e-11 1.0000000001268117 41
11.75 0.9123031240412947 1.8147663180993752e-10 0.21330862303942189 0.1344934096523363 0.21330862272522344 -0.13449340915786384 0.08769687608675229 -7.886526159273134e-11 1.000000000128047 41
11.8 0.9219223956809939 1.7157389556472007e-10 0.20010675581536344 0.1292026852759561 0.20010675555628865 -0.12920268477653685 0.07807760444802986 -6.88120915451397e-11 1.0000000001290237 41
11.850000000000001 0.9306949922362916 1.640475134025222e-10 0.18742153714070803 0.12347342328419247 0.18742153693772384 -0.12347342278742729 0.06930500789378861 -6.129717422758876e-11 1.0000000001300802 41
11.9 0.9386174501372625 1.587618216181967e-10 0.1752724404925917 0.117532598558784 0.17527244034487058 -0.1175325980724424 0.06138254999466327 -5.578820640234893e-11 1.0000000001319258 41
11.950000000000001 0.9457076045922092 1.5548788980678525e-10 0.16365648827651313 0.11159340085334818 0.163656488182067 -0.11159340038461656 0.05429239554120675 -5.220709540688407e-11 1.000000000133416 41
12.0 0.952000294417692 1.5395768424945196e-10 0.15255018526089353 0.10585158618330857 0.15255018521558414 -0.10585158573806211 0.04799970571661851 -4.9912376331245213e-11 1.0000000001343106 41
12.05 0.9575428583533998 1.5375390383879324e-10 0.14191175222266736 0.1004827996813828 0.14191175222334135 -0.10048279926501888 0.04245714178174346 -4.915673872767193e-11 1.0000000001351432 41
12.100000000000001 0.9623906264546485 1.5464240776984619e-10 0.1316835584933157 0.09564079432329756 0.1316835585358604 -0.09564079394027987 0.03760937368134657 -4.9275575688476604e-11 1.000000000135995 41
12.15 0.9666025821506723 1.5631719471414308e-10 0.12179466322328801 0.09145643520626712 0.12179466330210371 -0.09145643486049397 0.03339741798538876 -5.030613998098591e-11 1.0000000001360612 41
12.200000000000001 0.9702373392380786 1.5858368058613185e-10 0.11216338914999625 0.08803735654021425 0.11216338925911704 -0.08803735623655701 0.029762660898779315 -5.115728063451221e-11 1.0000000001368579 39
12.25 0.9733495462003489 1.6098794698762498e-10 0.10269986819314576 0.08546812771676834 0.1026998683263664 -0.08546812745886785 0.02665045393669208 -5.2436220645428124e-11 1.000000000137041 39
12.3 0.9759868001088403 1.6340595292965443e-10 0.09330851404785946 0.083810784616212 0.093308514198246 -0.08381078440599278 0.024013200028209107 -5.4924832228196784e-11 1.0000000001370495 37
12.350000000000001 0.9781871254999949 1.6557595220371597e-10 0.08389039213061592 0.08310559117952368 0.08389039229704227 -0.08310559101847144 0.021812874637575957 -5.649231385137158e-11 1.0000000001375708 36
12.4 0.9799770511003218 1.675198574893729e-10 0.07434547095716586 0.08337191235825521 0.07434547114210756 -0.0833719122504723 0.020022949035913108 -5.768627489316286e-11 1.000000000136235 36
12.450000000000001 0.981370299361018 1.6918897930430462e-10 0.06457475045735206 0.08460910116164398 0.06457475065350189 -0.08460910111078299 0.018629700772797193 -5.892533810375529e-11 1.0000000001338152 36
12.5 0.9823670902605414 1.7092449114171564e-10 0.05448227166174956 0.08679732770914086 0.054482271849511536 -0.08679732770367389 0.017632909876915376 -5.926643832744772e-11 1.0000000001374567 34
12.55 0.982954051139199 1.7242183431292116e-10 0.043977018150872675 0.08989830548034212 0.043977018316947586 -0.08989830551106351 0.017045948997325658 -5.975737338626145e-11 1.0000000001365246 33
12.600000000000001 0.9831047175070697 1.7256973646339553e-10 0.03297472280871127 0.09385589788213225 0.03297472295885812 -0.09385589794683177 0.016895282622226723 -5.878595815468753e-11 1.0000000001292964 32
12.65 0.9827806043389183 1.7127396800792293e-10 0.021399593444147127 0.09859661543870091 0.021399593581505335 -0.09859661553218144 0.0172193957924398 -5.7528830398476945e-11 1.000000000131358 31
12.700000000000001 0.9819328226507779 1.710838784564662e-10 0.009185968156904928 0.10403003932392559 0.009185968276646556 -0.10403003944896243 0.018067177485588323 -5.285788404206991e-11 1.0000000001363663 29
12.75 0.9805042104015796 1.7030785446287902e-10 -0.0037200937354463968 0.1100492296585154 -0.003720093636561461 -0.11004922981830036 0.0194957897408704 -4.848834359368268e-11 1.00000000014245 30
12.8 0.9784319392405543 1.6886380377952816e-10 -0.017359286606179858 0.11653119579434978 -0.017359286528570363 -0.11653119598781503 0.021568060899932184 -4.254995969976611e-11 1.0000000001404865 30
12.850000000000001 0.9756505486064935 1.6512354077513358e-10 -0.031757609613028245 0.12333752010881427 -0.03175760954751777 -0.12333752033005048 0.024349451531798225 -3.7719788682047904e-11 1.0000000001382916 30
12.9 0.9720953453195116 1.629287151289274e-10 -0.04692501411847624 0.1303152354158134 -0.046925014059594386 -0.13031523566689962 0.027904654817393536 -3.417649930972202e-11 1.0000000001369052 30
12.950000000000001 0.9677060909167771 1.616572325905753e-10 -0.06285417811670224 0.13729805839520592 -0.06285417806894103 -0.13729805867970946 0.03229390921805955 -3.1193258510706304e-11 1.0000000001348366 30
13.0 0.962430880085557 1.6075568501832358e-10 -0.07951944829911417 0.1441080764679752 -0.07951944827306662 -0.1441080767815857 0.03756912004771386 -2.863268765226623e-11 1.000000000133271 30
13.05 0.9562300932453675 1.6022545392854478e-10 -0.09687599945758105 0.15055797280072436 -0.09687599946564517 -0.15055797313600086 0.043769906888665236 -2.7597803792960505e-11 1.0000000001340328 30
13.100000000000001 0.9490802858781779 1.5991853802212524e-10 -0.11485926800290733 0.15645385336856707 -0.11485926805182901 -0.15645385372765297 0.05091971425052689 -2.8023218423720846e-11 1.0000000001287048 31
13.15 0.940977858403497 1.6063977794773784e-10 -0.1333847208885447 0.1615987111466334 -0.13338472098319284 -0.16159871152935582 0.059022141718900696 -2.9371671882563055e-11 1.0000000001223976 31
13.200000000000001 0.9319423353801635 1.6311418113496612e-10 -0.15234802217922483 0.1657965260881794 -0.15234802232563419 -0.16579652648208107 0.06805766473787507 -3.238169124562577e-11 1.0000000001180385 31
13.25 0.9220190740859715 1.670304193163801e-10 -0.17162565633717397 0.16885695709403103 -0.1716256565317923 -0.1688569574849208 0.0779809260319775 -3.7028620404504017e-11 1.000000000117949 32
13.3 0.9112812221724489 1.7287457890636567e-10 -0.19107605943712036 0.17060053521795815 -0.19107605966894167 -0.17060053559233068 0.08871877794712256 -4.245531970396086e-11 1.0000000001195715 33
13.350000000000001 0.8998307542609169 1.8110552927517487e-10 -0.2105412968763228 0.1708642185029762 -0.21054129713096434 -0.170864218851017 0.10016924586021445 -5.0787391150533933e-11 1.0000000001211313 34
13.4 0.8877984394541482 1.9095869347375003e-10 -0.22984930853555807 0.1695071214274076 -0.22984930880392926 -0.16950712174582203 0.11220156067173609 -6.002747245203253e-11 1.0000000001258842 34
13.450000000000001 0.8753426265267951 2.0165593083600743e-10 -0.24881672029952112 0.166416189502056 -0.24881672057521945 -0.1664161897913553 0.12465737360318395 -7.06349802440812e-11 1.000000000129979 35
13.5 0.8626467807668187 2.133736243721304e-10 -0.2672521951039301 0.16151155602801778 -0.2672521953817282 -0.16151155629023295 0.1373532193674107 -8.267470084125006e-11 1.0000000001342293 36
13.55 0.8499157645494748 2.2544197006446124e-10 -0.2849602684718659 0.15475129715189792 -0.2849602687454966 -0.15475129738932847 0.1500842355906026 -9.508612757805844e-11 1.0000000001400775 37
13.600000000000001 0.8373709201910697 2.3761756159200767e-10 -0.30174558429044673 0.1461352966016916 -0.30174558455247924 -0.14613529681744652 0.16262907995652523 -1.0768033024155267e-10 1.000000000147595 37
13.65 0.8252440846268831 2.493501549686959e-10 -0.31741741823953024 0.13570794526952543 -0.31741741848112087 -0.13570794546545267 0.17475591552830408 -1.2007790003133403e-10 1.0000000001551872 37
13.700000000000001 0.8137707362497147 2.597009964474869e-10 -0.33179435079189556 0.12355943452758836 -0.33179435100422955 -0.12355943470486315 0.1862292639132459 -1.3162690074567161e-10 1.0000000001629608 37
13.75 0.8031825395224973 2.689926332148948e-10 -0.34470893111769674 0.1098254555898181 -0.34470893129525304 -0.10982545575137408 0.19681746064987293 -1.424539272100662e-10 1.0000000001723701 37
13.8 0.7936996072093415 2.770070851187126e-10 -0.35601215944329073 0.09468518847086067 -0.3560121595792155 -0.09468518861905074 0.20630039297136138 -1.516100704298696e-10 1.000000000180703 38
13.850000000000001 0.7855228380873452 2.827043391745525e-10 -0.3655776099495848 0.0783575495283341 -0.3655776100363275 -0.07835754966643965 0.2144771621001905 -1.5742192785170646e-10 1.0000000001875358 38
13.9 0.7788267055024192 2.8573638034794555e-10 -0.37330502038728486 0.06109576109102743 -0.37330502042370134 -0.06109576122312508 0.22117329469020977 -1.6124856546191208e-10 1.000000000192629 39
13.950000000000001 0.773752866228321 2.861913501935754e-10 -0.37912318859212996 0.04318040381016097 -0.379123188581354 -0.04318040393940028 0.22624713396850502 -1.6281506588678322e-10 1.0000000001968259 39
14.0 0.7704049286614848 2.844112043389633e-10 -0.3829920398440319 0.024911205029430693 -0.3829920397892846 -0.02491120515585983 0.22959507153961914 -1.6221992398472582e-10 1.000000000201104 39
14.05 0.7688446653279194 2.8031705608606615e-10 -0.38490376151625283 0.006597897422677202 -0.38490376142104893 -0.006597897546593146 0.23115533487815382 -1.596331548389439e-10 1.0000000002060732 40
14.100000000000001 0.7690898800022882 2.741609750696235e-10 -0.38488294107578913 -0.011449455179787743 -0.38488294094180975 0.011449455056837997 0.23091012020816884 -1.549888912592331e-10 1.000000000210457 40
14.15 0.7711140493075258 2.6616520019116996e-10 -0.382985687847444 -0.02893022892888987 -0.3829856876765021 0.028930228804686247 0.22888595090750471 -1.4833637798964622e-10 1.0000000002150304 40
14.200000000000001 0.7748477588495741 2.568089204146733e-10 -0.37929776538083043 -0.04556266052243809 -0.37929776517572517 0.045562660394212716 0.22515224137023335 -1.392809236995433e-10 1.0000000002198075 41
14.25 0.7801818520759123 2.459251064913862e-10 -0.37393180677826887 -0.06109248657810836 -0.37393180654231356 0.061092486442267224 0.21981814814893078 -1.2860642516683854e-10 1.000000000224843 41
14.3 0.7869721137012701 2.342245845656885e-10 -0.36702372702080893 -0.07530041567938625 -0.3670237267614857 0.07530041553417315 0.21302788652874088 -1.1616683311974515e-10 1.000000000230011 41
14.350000000000001 0.7950452258128073 2.2174757648618262e-10 -0.358728481558347 -0.08800811566929212 -0.3587284812833254 0.08800811551102368 0.2049547744225153 -1.0276626762502485e-10 1.0000000002353227 41
14.4 0.8042056697015026 2.088853644216072e-10 -0.3492153469495591 -0.09908248630503462 -0.34921534666584303 0.09908248613007632 0.19579433053924697 -8.881690808732412e-11 1.0000000002407496 41
14.450000000000001 0.8142432042967803 1.959972239746361e-10 -0.3386629157749707 -0.10843808702754966 -0.3386629154891333 0.10843808683353208 0.18575679594949562 -7.46956500817693e-11 1.0000000002462759 41
14.5 0.8249405351709365 1.8340476576014635e-10 -0.32725400356834294 -0.11603769359417154 -0.3272540032866582 0.116037693379891 0.17505946508050985 -6.080981968222486e-11 1.0000000002514464 41
14.55 0.8360807964786653 1.714133901113277e-10 -0.31517066026905755 -0.12189105805141195 -0.3151706599978272 0.12189105781667525 0.16391920377816302 -4.7425076148354984e-11 1.0000000002568283 41
14.600000000000001 0.8474544999540694 1.6033504207005228e-10 -0.30258946354274907 -0.1260520368883753 -0.30258946328783864 0.12605203663410422 0.15254550030811398 -3.4886981218966706e-11 1.0000000002621834 41
14.65 0.8588656564302029 1.50447366174875e-10 -0.28967724777150544 -0.12861432637187184 -0.2896772475385518 0.1286143260999589 0.14113434383766393 -2.3426253410418655e-11 1.0000000002678668 41
14.700000000000001 0.8701368412012467 1.4197119993269526e-10 -0.27658739261099624 -0.1297060979104889 -0.27658739240474545 0.12970609762366267 0.12986315907199053 -1.3345306364636804e-11 1.0000000002732372 41
14.75 0.8811130490685167 1.3499731361351768e-10 -0.26345676107427046 -0.12948385760751588 -0.26345676089915776 0.12948385730836018 0.11888695121029176 -5.036564802425136e-12 1.0000000002788085 41
14.8 0.8916642621029456 1.2971337623935747e-10 -0.2504033415650191 -0.1281258627399722 -0.2504033414237344 0.1281258624323608 0.10833573818081128 1.2276976582745324e-12 1.0000000002837568 41
14.850000000000001 0.9016867274014756 1.2606504000125234e-10 -0.23752461344800332 -0.12582541532557304 -0.23752461334220903 0.12582541501323724 0.09831327288599935 5.772049752883518e-12 1.000000000287475 41
14.9 0.9111030086485687 1.2399058465341186e-10 -0.22489662368091512 -0.12278432227367576 -0.22489662361090454 0.12278432196149895 0.08889699164152784 8.541128944855568e-12 1.0000000002900966 41
14.950000000000001 0.9198609305355819 1.2333791254983026e-10 -0.21257373433640736 -0.11920676701827768 -0.21257373430236934 0.11920676671116374 0.08013906975647946 9.526083878234832e-12 1.0000000002920615 41
15.0 0.9279315767749802 1.2400694590471784e-10 -0.20058897870901432 -0.11529378367729745 -0.20058897870993075 0.11529378338029761 0.07206842351939675 9.602591699565515e-12 1.000000000294377 41
15.05 0.9353065297130823 1.2572413264163008e-10 -0.1889549477179241 -0.11123846649034784 -0.18895494775196928 0.11123846620759244 0.06469347058287186 8.600508009464197e-12 1.0000000002959542 41
15.100000000000001 0.9419945527263195 1.2827487483520155e-10 -0.17766511868311563 -0.10722198905033282 -0.17766511874798294 0.10722198878645203 0.05800544757017606 6.842325099428832e-12 1.0000000002964955 40
15.15 0.9480179170913965 1.3142826413388343e-10 -0.1666955349004169 -0.10341045355582427 -0.1666955349930212 0.10341045331536956 0.051982083205318094 3.729547405761171e-12 1.0000000002967147 40
15.200000000000001 0.9534085649834296 1.3496245765723623e-10 -0.15600674615480717 -0.09995254292610777 -0.1560067462717537 0.09995254271320986 0.046591435313392736 2.082936333438207e-13 1.0000000002968223 40
15.25 0.9582042822374673 1.3875023561640556e-10 -0.14554592650285642 -0.09697791026258608 -0.14554592663904295 0.09697791008027898 0.04179571805944654 -3.320098058290112e-12 1.0000000002969138 39
15.3 0.9624450312524383 1.4255110888159047e-10 -0.13524909518463998 -0.09459621193185673 -0.13524909533384796 0.09459621178310684 0.0375549690444479 -6.60282007495441e-12 1.0000000002968863 39
15.350000000000001 0.966169568508571 1.4665449267990435e-10 -0.12504337833601253 -0.09289667274416853 -0.1250433784939779 0.09289667263480259 0.03383043179284183 -9.603196704132696e-12 1.000000000301413 38
15.4 0.9694124448777622 1.504807509239441e-10 -0.11484926216573392 -0.0919480639002688 -0.11484926232453717 0.09194806383179208 0.030587555424280783 -1.430949017350747e-11 1.000000000302043 37
15.450000000000001 0.972201462095072 1.5355217123133124e-10 -0.10458280128687447 -0.09179897555183711 -0.10458280144513582 0.09179897552713424 0.02779853820887744 -1.9109566005183444e-11 1.0000000003039493 37
15.5 0.9745556366296309 1.56029367098213e-10 -0.09415775838970096 -0.09247827480437242 -0.09415775854884674 0.09247827482410091 0.02544436367394925 -2.1315229040149475e-11 1.00000000030358 35
15.55 0.9764837035386739 1.5793896999602347e-10 -0.08348766226761085 -0.09399565499081669 -0.08348766242767457 0.09399565505060972 0.02351629676339558 -2.448866595879775e-11 1.0000000003020695 35
15.600000000000001 0.9779831778346431 1.5941380236303616e-10 -0.07248778018644864 -0.0963422018079841 -0.07248778034043188 0.09634220190836078 0.02201682246052242 -2.596560301406444e-11 1.0000000002951654 34
15.65 0.9790399792161422 1.6090470054007944e-10 -0.061077007161336995 -0.09949092470292432 -0.06107700729536765 0.09949092483138472 0.020960021080240167 -2.6878651685966347e-11 1.0000000002963823 33
15.700000000000001 0.9796286170270128 1.6166527407709356e-10 -0.04917967868896797 -0.10339722629645794 -0.04917967879632555 0.10339722644485991 0.02037138326502873 -2.7808235419135287e-11 1.0000000002920415 33
15.75 0.9797129252639855 1.6217121232953322e-10 -0.036727314854364985 -0.10799930757140211 -0.03672731494235049 0.10799930774217718 0.020287075016782653 -2.145082034695103e-11 1.000000000280768 31
15.8 0.979247330954876 1.6357093927835082e-10 -0.02366030252921816 -0.11321853049099803 -0.023660302598237825 0.11321853068497348 0.020752669332392608 -1.8058758429560276e-11 1.0000000002872687 30
15.850000000000001 0.978178632688324 1.664809785099965e-10 -0.00992951862158098 -0.11895978189111879 -0.009929518673184068 0.11895978210204114 0.021821367609981213 -1.3355873069120022e-11 1.0000000002983052 29
15.9 0.9764482581993745 1.6726222285149967e-10 0.004502108365740724 -0.12511190179801274 0.004502108328207641 0.12511190202889974 0.02355174210266742 -1.4837021692835757e-11 1.000000000302042 30
15.950000000000001 0.9739949598622931 1.6455501637328972e-10 0.019658108622042182 -0.13154825456446673 0.019658108591580986 0.13154825481253046 0.026005040440245927 -1.0078916067657584e-12 1.000000000302539 30
16.0 0.970757894463857 1.6485932966706011e-10 0.03554707213442451 -0.13812753205964415 0.03554707211130465 0.13812753233092842 0.02924210582659802 3.64050728890003e-12 1.000000000290455 30
16.05 0.9666800181112417 1.6420656088441673e-10 0.05216136908752639 -0.14469488276503167 0.05216136906513389 0.1446948830641118 0.033319982169269825 4.144878400734559e-12 1.0000000002805116 30
16.1 0.9617117095328702 1.631215851999714e-10 0.06947602725022932 -0.1510834591289642 0.0694760272425026 0.15108345944906187 0.03828829074513206 2.6427969005757167e-12 1.0000000002780023 29
16.150000000000002 0.9558145151976208 1.618920335287466e-10 0.08744781315210096 -0.15711646654585684 0.08744781317404704 0.15711646688520658 0.04418548508164032 -4.5169791948882455e-13 1.000000000279261 30
16.2 0.9489648894445756 1.6147887739309782e-10 0.10601457076934746 -0.16260978078024993 0.10601457082372272 0.16260978114374305 0.05103511082964113 -3.971293663251539e-12 1.0000000002742166 30
16.25 0.9411577835278634 1.6261397441155875e-10 0.12509487661911892 -0.16737517608300945 0.12509487670743508 0.1673751764695738 0.058842216739274825 -6.52527007373219e-12 1.0000000002671383 31
16.3 0.9324099210206003 1.6492786201520486e-10 0.14458807216655337 -0.17122417418994568 0.14458807229059148 0.17122417459407346 0.06759007923882526 -9.827698033095453e-12 1.0000000002594256 31
16.35 0.9227625858448585 1.6830033082400377e-10 0.164374732541994 -0.17397248578378063 0.16437473269966063 0.1739724861939093 0.07723741441301746 -1.4595154529768044e-11 1.000000000257876 32
16.400000000000002 0.9122837451977627 1.7216872612767656e-10 0.18431762447866235 -0.17544497206291151 0.18431762466357313 0.1754449724685927 0.08771625506004638 -1.9701737683389437e-11 1.000000000257809 32
16.45 0.9010693352907357 1.7694645954126284e-10 0.2042631955616857 -0.17548100723664029 0.20426319576889934 0.17548100762946536 0.09893066496710683 -2.5860420137081572e-11 1.0000000002578426 34
16.5 0.8892435544535996 1.8329366959690704e-10 0.22404362129391375 -0.17394007577340675 0.22404362152049914 0.17394007614682275 0.11075644580684464 -3.294979685985025e-11 1.0000000002604443 34
16.55 0.8769580371477537 1.9206176575034294e-10 0.24347941630585493 -0.17070739450203515 0.24347941654932245 0.17070739485156658 0.12304196311972065 -4.196173880602602e-11 1.0000000002674743 35
16.6 0.8643898237967359 2.015072669189645e-10 0.2623825919120822 -0.16569931292683673 0.2623825921671103 0.1656993132498605 0.1356101764760375 -5.1666403287485186e-11 1.0000000002727734 35
16.650000000000002 0.851738094240071 2.1221321446447416e-10 0.28056031514863705 -0.15886821921672617 0.28056031541023596 0.15886821951434182 0.14826190603768793 -6.287354838538988e-11 1.000000000277759 36
16.7 0.8392196949811171 2.2346008012804085e-10 0.29781899577426046 -0.15020666771618843 0.29781899603540674 0.15020666799126192 0.1607803053029206 -7.503675332882209e-11 1.0000000002840377 36
16.75 0.8270635590875633 2.350262722845371e-10 0.31396869908185726 -0.13975044956576516 0.31396869933441257 0.13975044981947402 0.1729364412035197 -8.742867240702904e-11 1.0000000002910832 37
16.8 0.815504188302147 2.4611703212650824e-10 0.3288277558041539 -0.12758035292066403 0.32882775603873854 0.12758035315347574 0.18449581199640136 -9.925551416087645e-11 1.0000000002985483 37
16.85 0.8047744346010188 2.567488865712493e-10 0.34222741780956717 -0.11382240391159287 0.3422274180180248 0.11382240412560422 0.19522556570634447 -1.1099087387215342e-10 1.0000000003073632 37
16.900000000000002 0.7950978776821063 2.6647549509789516e-10 0.3540163917196862 -0.09864644282168283 0.3540163918938798 0.0986464430174541 0.20490212263356697 -1.2140651667863462e-10 1.0000000003156733 38
16.95 0.7866811403056317 2.7451850300556524e-10 0.36406507366807916 -0.08226296919109216 0.3640650738007211 0.08226296936997346 0.21331886001836659 -1.2910407489622704e-10 1.0000000003239984 38
17.0 0.7797065102826334 2.8119455713426667e-10 0.3722693086399873 -0.06491828033494206 0.3722693087267663 0.06491828050007468 0.22029349004894117 -1.3475466081550253e-10 1.0000000003315745 38
17.05 0.7743252426269511 2.8452584247669304e-10 0.37855350782062347 -0.04688802416795226 0.37855350785964187 0.046888024324617 0.2256747577102743 -1.383202654323661e-10 1.0000000003372254 39
17.1 0.7706518958943743 2.8517206264596946e-10 0.3828729773196895 -0.028469382540717757 0.382872977313785 0.02846938269779371 0.22934810444611084 -1.3997181621994024e-10 1.0000000003404852 39
17.150000000000002 0.7687600129795197 2.836603466651721e-10 0.3852153408983879 -0.009972188197320585 0.3852153408494161 0.009972188356161382 0.23123998736330045 -1.3997583229055431e-10 1.0000000003428202 40
17.2 0.7686793905600923 2.801815774012096e-10 0.38560097644297875 0.008290650040898906 0.38560097635521906 -0.008290649879816807 0.2313206097856646 -1.3812146523991148e-10 1.0000000003457568 40
17.25 0.7703950970110167 2.7503051030088904e-10 0.38408242901495776 0.026012989087804483 0.3840824288915426 -0.026012988923178486 0.22960490333771302 -1.345485794185731e-10 1.0000000003487297 40
17.3 0.7738483016539646 2.6823172473557036e-10 0.38074280959970286 0.042905111550013156 0.38074280944321715 -0.042905111381097316 0.2261516986977984 -1.2927791576943732e-10 1.000000000351763 40
17.35 0.7789388756324889 2.5996896841816767e-10 0.37569323544235134 0.05870275927917277 0.3756932352566023 -0.05870275910589055 0.22106112472252795 -1.2196668189779556e-10 1.000000000355017 41
17.400000000000002 0.7855296241116488 2.505485949796317e-10 0.36906941201033533 0.07317512884026225 0.3690694117988902 -0.07317512866167718 0.21447037624662227 -1.137794549435823e-10 1.0000000003582712 41
17.45 0.7934519184014587 2.4013218552401e-10 0.36102749531372486 0.08613147639515825 0.3610274950839644 -0.08613147621072716 0.20654808196007302 -1.0389723760720382e-10 1.0000000003615317 41
17.5 0.8025124216200379 2.2916125569052538e-10 0.3517394041728947 0.0974260605107736 0.3517394039311044 -0.09742606031849484 0.1974875787448521 -9.33507686220813e-11 1.00000000036489 42
17.55 0.8125005480286659 2.1786429709707296e-10 0.34138777305055706 0.10696124796827686 0.34138777280088184 -0.1069612477665103 0.18749945233947896 -8.24370733659846e-11 1.0000000003681448 42
17.6 0.8231962673837212 2.0648140269242319e-10 0.3301607463404259 0.11468871238020734 0.3301607460878294 -0.11468871216864103 0.17680373298756563 -7.140532627792086e-11 1.0000000003712868 42
17.650000000000002 0.8343778628990594 1.952866586957939e-10 0.3182468140799281 0.12060876039385911 0.3182468138297372 -0.1206087601729876 0.1656221374752038 -6.054467422758321e-11 1.000000000374263 42
17.7 0.8458292735955404 1.8449254887849533e-10 0.30582987752746965 0.12476791790059337 0.30582987728460687 -0.12476791767100794 0.15417072678114654 -5.008999194868898e-11 1.000000000376687 41
17.75 0.8573466959804836 1.7438643405067438e-10 0.29308471218660653 0.12725499235412077 0.29308471195567226 -0.12725499211688976 0.14265330439846935 -4.0339338014029144e-11 1.0000000003789529 41
17.8 0.8687441815385416 1.6511828403684667e-10 0.2801729675161162 0.12819589191549213 0.2801729673010366 -0.12819589167182174 0.13125581884250165 -3.1462604421165e-11 1.0000000003810432 41
17.85 0.8798580397504477 1.5682400435707494e-10 0.2672398090158685 0.12774752446063659 0.2672398088201664 -0.12774752421197885 0.12014196063248345 -2.3611637678380764e-11 1.0000000003829312 41
17.900000000000002 0.8905499351496485 1.4961298720330953e-10 0.2544112721005627 0.12609111832375663 0.2544112719269137 -0.12609111807149653 0.1094500652350671 -1.7246198493847358e-11 1.0000000003847156 41
17.95 0.9007086452513112 1.4348753067903282e-10 0.24179236062471726 0.12342530276345524 0.24179236047502084 -0.12342530250902214 0.09929135513438564 -1.2073106086690867e-11 1.0000000003856968 41
18.0 0.9102505186754777 1.3849059302291702e-10 0.22946588836989681 0.11995926201879842 0.22946588824512454 -0.11995926176435426 0.08974948171092584 -8.11760803806394e-12 1.0000000003864036 41
18.05 0.9191187351256656 1.3460673531666278e-10 0.21749203112379759 0.11590623624769124 0.21749203102438838 -0.11590623599531524 0.08088126526085013 -5.334780323683027e-12 1.0000000003865157 41
18.1 0.9272815180891093 1.318267875538519e-10 0.20590853161556244 0.11147759026927123 0.20590853154094768 -0.11147759002137363 0.07271848229793282 -3.3565612196855228e-12 1.0000000003870422 41
18.150000000000002 0.9347294856031853 1.3006322535892283e-10 0.19473148041386468 0.10687761180048996 0.19473148036242824 -0.10687761155881631 0.06527051478480952 -1.7233570147167458e-12 1.0000000003879947 41
18.2 0.9414723440038606 1.291520522748281e-10 0.1839565833125206 0.10229913969841875 0.18395658327843342 -0.10229913946332043 0.058527656384949105 -2.689050483010638e-13 1.0000000003888097 41
18.25 0.9475351351765844 1.2868745725905862e-10 0.173560819606627 0.09792006386264127 0.17356081958948663 -0.09792006363755476 0.052464865211958735 4.626739025002696e-13 1.0000000003885432 41
18.3 0.9529542414027986 1.2872506055264076e-10 0.16350439552389676 0.09390068559774715 0.16350439552544435 -0.09390068538526308 0.04704575898525566 8.311762977134619e-14 1.0000000003880543 41
18.35 0.957773335949795 1.292751427410144e-10 0.1537329019273833 0.09038188282713833 0.15373290194715147 -0.09038188262968143 0.04222666443764097 -4.541445472401237e-13 1.0000000003874359 41
18.400000000000002 0.9620394448872759 1.3019337758276743e-10 0.1441795943930913 0.08748399039291875 0.14417959442940143 -0.08748399021223885 0.0379605554986766 -1.5581651049769095e-12 1.0000000003859524 41
18.45 0.9657992590882956 1.3150250299868625e-10 0.134767725586938 0.08530628230916222 0.1347677256373521 -0.08530628214954976 0.034200741297237706 -2.1309562634097524e-12 1.0000000003855332 39
18.5 0.9690958075194206 1.328268077609324e-10 0.12541287340204976 0.08392693019697403 0.12541287346628816 -0.08392693006156329 0.03090419286709946 -4.703174062559596e-12 1.0000000003865201 38
18.55 0.9719655759799115 1.3434695962376616e-10 0.11602522244639883 0.08340330938752627 0.11602522251802984 -0.08340330927650043 0.028034424404322425 -8.4059409193798e-12 1.000000000384234 37
18.6 0.9744361309361486 1.356158912898406e-10 0.10651177017032169 0.08377253013703259 0.10651177024756138 -0.08377253005625433 0.02556386944736591 -1.0785503600132399e-11 1.0000000003835146 36
18.650000000000002 0.9765242871588647 1.3689816697104506e-10 0.09677844156890339 0.08505208450676119 0.09677844165715128 -0.08505208446039099 0.023475713221434897 -1.3105402332139087e-11 1.0000000003802996 35
18.7 0.978234840906184 1.3785545987806884e-10 0.08673210700024597 0.08724051807945149 0.08673210709744321 -0.08724051807033693 0.02176515947168073 -1.5395877349876136e-11 1.0000000003778646 35
18.75 0.9795598773469747 1.3866751444018494e-10 0.07628250601838507 0.09031805832953042 0.07628250611657025 -0.0903180583565387 0.02044012302627657 -1.6478117993464928e-11 1.0000000003732512 34
18.8 0.9804786513576439 1.395072340128785e-10 0.06534408588585731 0.09424715644992034 0.06534408597388709 -0.09424715649944723 0.01952134901639807 -1.712198458159172e-11 1.000000000374042 34
18.85 0.98095803378108 1.3940370447791753e-10 0.05383776636122668 0.09897292545579045 0.053837766438327786 -0.09897292552145125 0.01904196658716834 -1.2853398795892683e-11 1.0000000003682483 33
18.900000000000002 0.9809535098635072 1.402275139863301e-10 0.041692642619467854 0.10442348333733742 0.04169264269176013 -0.10442348342326158 0.019046490492707364 -1.1000509799060521e-11 1.0000000003562146 31
18.95 0.9804107114625495 1.4087060787542566e-10 0.028847635588216992 0.11051023463270902 0.028847635665595617 -0.11051023472826214 0.019589288911694168 -4.291268886533381e-12 1.0000000003742437 31
19.0 0.97926745871067 1.4322158669201426e-10 0.01525309421804048 0.11712814587041351 0.015253094299221226 -0.1171281459879906 0.020732541668402008 5.054836183785856e-12 1.000000000379072 29
19.05 0.9774562795629139 1.4151337186535988e-10 0.0008723469403111578 0.12415608978043219 0.0008723470219655159 -0.124156089922866 0.02254372081735721 1.4390817604861646e-11 1.0000000003802711 30
19.1 0.974907365006127 1.4305206523955133e-10 -0.014316808754731257 0.131457347407996 -0.014316808670021391 -0.13145734757954308 0.02509263536997454 2.6317175497057687e-11 1.0000000003761016 30
19.150000000000002 0.9715519048488819 1.4141387147850211e-10 -0.03032069979754158 0.13888036749464733 -0.030320699710044828 -0.13888036769848264 0.028448095518253908 3.341963845191279e-11 1.0000000003671359 30
19.200000000000003 0.9673257324620147 1.4079914258303118e-10 -0.04712848560445061 0.14625988568361747 -0.04712848550894952 -0.14625988592290046 0.03267426789986137 3.63110791592922e-11 1.000000000361876 29
19.25 0.9621731876923231 1.3886526120763193e-10 -0.0647110224847867 0.15341850298692591 -0.06471102238990076 -0.15341850326506729 0.0378268126698568 3.828502524888877e-11 1.0000000003621798 29
19.3 0.9560510861373529 1.3774613247529724e-10 -0.08301993565028104 0.1601688120218755 -0.08301993557113384 -0.16016881233678487 0.043948914227637685 3.883023907025188e-11 1.0000000003649905 30
19.35 0.9489326611548249 1.3507731247613593e-10 -0.10198695764842146 0.16631614043119053 -0.10198695759741493 -0.16631614077800302 0.05106733921466419 3.803523229253857e-11 1.000000000369489 30
19.400000000000002 0.940811324467617 1.3276562728945768e-10 -0.12152359720355865 0.17166195376598448 -0.12152359718619458 -0.17166195414832056 0.059188675897764276 3.7823132779485744e-11 1.0000000003653813 31
19.450000000000003 0.9317040740148493 1.3123761939151664e-10 -0.14152120430092985 0.17600792505347476 -0.1415212043217507 -0.17600792546977886 0.06829592634263636 3.674923953907907e-11 1.0000000003574856 31
19.5 0.9216543660188302 1.305201587122944e-10 -0.16185149506560495 0.17916063627080325 -0.16185149512418356 -0.17916063671112734 0.078345634332366 3.450775584983972e-11 1.0000000003511962 31
19.55 0.9107342647654569 1.3141368504114256e-10 -0.18236759300009797 0.18093683004441752 -0.18236759309142625 -0.18093683049904288 0.08926573558211996 3.251649604885179e-11 1.0000000003475769 32
19.6 0.8990456902646248 1.329773943580803e-10 -0.20290563121381303 0.18116907991426381 -0.20290563133319725 -0.18116908037535284 0.10095431008094112 2.928554521503875e-11 1.0000000003455658 34
19.650000000000002 0.8867206026699963 1.3615356994554109e-10 -0.2232869432733061 0.17971169788874472 -0.2232869434186975 -0.17971169834999798 0.11327939767614238 2.5078049298285604e-11 1.0000000003461387 34
19.700000000000003 0.8739199940669191 1.4240450227633263e-10 -0.2433208484628926 0.17644665225466835 -0.24332084863203857 -0.17644665271210777 0.12608000628372512 1.736326000778633e-11 1.0000000003506442 35
19.75 0.8608316031078129 1.487889879788182e-10 -0.2628080112712235 0.17128923072288108 -0.26280801145937044 -0.1712892311756464 0.13916839724808208 7.77106347190578e-12 1.000000000355895 35
19.8 0.8476663249133438 1.5784503624246264e-10 -0.28154432598339213 0.16419315798465667 -0.28154432618851477 -0.1641931584311983 0.15233367544969365 6.6122994453441215e-15 1.0000000003630374 36
19.85 0.8346533553161799 1.6823164840763064e-10 -0.29932524676338074 0.15515486624043393 -0.2993252469838715 -0.15515486668181636 0.1653466450542411 -9.044577124072026e-12 1.000000000370421 36
19.900000000000002 0.8220341814812949 1.7932347231230204e-10 -0.3159504533174936 0.1442166254150482 -0.3159504535477102 -0.14421662584849246 0.17796581889731278 -1.9513129940312046e-11 1.0000000003786078 37
19.950000000000003 0.8100556054515093 1.9076607670960215e-10 -0.3312287143353481 0.13146826826973385 -0.33122871456766495 -0.13146826869133368 0.18994439493559273 -3.0235202108462507e-11 1.0000000003871021 37
20.0 0.7989620579814203 2.0278291427452978e-10 -0.3449827874280045 0.11704729501318756 -0.34498278765543783 -0.11704729542268158 0.20103794241583206 -4.133307138304901e-11 1.0000000003972525 37
20.05 0.7889875212568084 2.152109385289852e-10 -0.3570541773389934 0.10113721088951076 -0.3570541775526807 -0.10113721128735667 0.211012479150443 -5.203290650368768e-11 1.0000000004072513 38
