0 1.0 0.0 0.0 0.0 0.0 0.0 0.0 0.0 1
0.1 0.9999872874124286 4.283953841994963e-15 0.00029939334895031717 0.003505970267179533 0.00029939334895034725 -0.0035059702671795326 1.271258453662503e-05 5.387358297602231e-20 0.9999999999969652 4
0.2 0.9999472159711245 8.586279223326458e-15 0.0010417715207883325 0.006927637322667889 0.0010417715207858371 -0.006927637322661293 5.278403166066421e-05 -1.4568303747100377e-13 1.000000000002785 8
0.30000000000000004 0.9998769666730044 1.2470586997269858e-14 0.0021553017820569865 0.01022376475435806 0.002155301782014073 -0.010223764754046313 0.00012303333123464647 1.3482188249093743e-14 1.000000000004239 12
0.4 0.9997734054004 1.790397066124344e-14 0.0036616216521253666 0.013386790136192468 0.003661621651573085 -0.013386790134961026 0.0002265945952989608 3.993595407628549e-13 0.999999999995699 12
0.5 0.9996330698245911 2.869416972627642e-14 0.005564157332243565 0.01639898699488688 0.005564157330009566 -0.016398986991488514 0.000366930154723527 9.720103778135182e-13 0.9999999999793147 12
0.6000000000000001 0.999452204026029 5.16486180007338e-14 0.007844187307185635 0.019238921147585422 0.007844187300713346 -0.019238921139970142 0.0005477959496753018 2.4270989168104497e-12 0.9999999999757043 12
0.7000000000000001 0.9992267285101417 9.868481955702646e-14 0.010468255539965114 0.02188907449771211 0.01046825552367823 -0.021889074482500576 0.0007732714620879283 3.81588770297482e-12 0.9999999999722297 12
0.8 0.9989521292330296 8.620725990162222e-13 0.013393460464202199 0.024341453948024325 0.013393460435765687 -0.024341453939946158 0.0010478707372028472 7.25150259570141e-13 0.9999999999702324 15
0.9 0.9986232513450733 8.58526743604377e-13 0.016572048152578987 0.026601374969475046 0.01657204816040106 -0.026601374967228347 0.0013767486229562496 -1.134868575686654e-13 0.9999999999680296 16
1.0 0.9982339732573551 7.542868519258528e-13 0.019955258836006094 0.028690176664968346 0.019955258860550516 -0.028690176595804577 0.001766026710230986 1.7818081302429763e-14 0.999999999967586 19
1.1 0.997776719308506 -8.837438439775975e-14 0.02349678445456427 0.030647341470956428 0.02349678444383386 -0.030647341320778683 0.0022232806575176304 -1.99618186718894e-12 0.9999999999660236 20
1.2000000000000002 0.997241748055078 2.8059742504145876e-13 0.02715617989119853 0.03253222311603228 0.02715617976949018 -0.0325322228910409 0.0027582519135181264 -3.2666946048759748e-12 0.9999999999685961 20
1.3 0.9966161233387997 2.1201606043107327e-12 0.030902311328868146 0.034425550586841235 0.03090231102548325 -0.03442555034310966 0.003383876632056814 -5.797290255000467e-12 0.9999999999708565 20
1.4000000000000001 0.9958822302700365 6.2116589596728045e-12 0.0347168109749453 0.036430917513790836 0.03471681049075336 -0.03643091733967829 0.004117769704112123 -9.670358161956837e-12 0.9999999999741487 21
1.5 0.9950156286418291 1.2576214641583638e-11 0.03859750770819309 0.038676508064561424 0.03859750707932406 -0.03867650802454201 0.004984371336265373 -1.6653548499433813e-11 0.9999999999780945 21
1.6 0.9939819292206842 2.122149654889838e-11 0.04256183816525634 0.04131734155995277 0.04256183745632908 -0.04131734170721722 0.006018070764175945 -2.6030669737986455e-11 0.9999999999848601 21
1.7000000000000002 0.992732212707556 3.158527975652803e-11 0.04665027809117456 0.04453833472369282 0.046650277376740566 -0.044538335081150175 0.007267787287064929 -3.671383840413173e-11 0.9999999999946209 21
1.8 0.9911962558966205 4.2649954356249954e-11 0.050929860297405885 0.04855845474623936 0.05092985966011988 -0.04855845530542893 0.008803744107882684 -4.8271496342617967e-11 1.0000000000045033 21
1.9000000000000001 0.9892724409746217 5.331064638423648e-11 0.055497853294261684 0.05363610129532693 0.05549785280296201 -0.05363610202668983 0.0107275590282961 -5.927972916179562e-11 1.0000000000029179 23
2.0 0.986812650215392 6.181356141068535e-11 0.060485639722807086 0.06007546291143089 0.060485639424176826 -0.060075463766454694 0.013187349785898713 -6.798385143973546e-11 1.0000000000012907 24
2.1 0.9835996570664592 6.657522829022227e-11 0.06606270341147438 0.06823263462098984 0.06606270332910678 -0.06823263553227893 0.016400342935779164 -7.055563472055606e-11 1.0000000000022384 25
2.2 0.9793136035265413 6.544357785913287e-11 0.07244029821641126 0.07851814420841349 0.07244029836373542 -0.07851814511361725 0.020686396474777564 -6.907137295074531e-11 1.000000000001319 25
2.3000000000000003 0.97348360290881 5.700080041514081e-11 0.07987362128450991 0.09138806372782114 0.07987362165066839 -0.09138806457979916 0.026516397091626488 -5.963069858170573e-11 1.0000000000004365 27
2.4000000000000004 0.9654220069594749 3.8572284366338237e-11 0.08865977900638684 0.10730721022985815 0.08865977955795096 -0.107307210976333 0.03457799303880092 -4.007910042186961e-11 0.9999999999982758 27
2.5 0.9541469695218971 8.629789393855174e-12 0.09912597525380953 0.12665302551282615 0.09912597594953639 -0.12665302611611703 0.04585303047504476 -1.0112738539635773e-11 0.9999999999969419 28
2.6 0.9383236232801371 -3.372126910725688e-11 0.11159774820705169 0.14950908434465854 0.11159774900421443 -0.14950908477994915 0.061676376712116385 3.278253059298672e-11 0.9999999999922534 31
2.7 0.9163104214553874 -9.108829309165452e-11 0.12633175214155992 0.17529050076511984 0.1263317530051849 -0.17529050102513072 0.0836895785340576 8.84478430012608e-11 0.999999999989445 33
2.8000000000000003 0.8864833653364833 -1.6085653678555845e-10 0.14339746538540502 0.20220880645017586 0.14339746625337838 -0.20220880652884918 0.1135166346501964 1.563663743803609e-10 0.9999999999866798 35
2.9000000000000004 0.8480323617691358 -2.363690597749544e-10 0.16251241511317185 0.22682117265854781 0.16251241591249377 -0.22682117256996723 0.15196763821649956 2.303240157455419e-10 0.9999999999856353 38
3.0 0.8021172570305163 -3.0865788799503823e-10 0.1828918268431144 0.2442812995333712 0.1828918275120187 -0.24428129929549505 0.19788274295458255 3.0150030797790837e-10 0.9999999999850988 39
3.1 0.7525282663701647 -3.675710267938848e-10 0.2032380184668034 0.24985456103429476 0.2032380189554314 -0.24985456067186781 0.2474717336131627 3.584949352106761e-10 0.9999999999833273 40
3.2 0.7047323595057868 -4.0501922349130784e-10 0.22196075890452135 0.24108461920309945 0.22196075917828542 -0.24108461875314682 0.29526764047644866 3.9453913685217003e-10 0.9999999999822355 40
3.3000000000000003 0.6636025799761867 -4.196422751645191e-10 0.23753706731967503 0.21880616353792512 0.23753706737775973 -0.21880616304313513 0.33639742000580714 4.087337827184054e-10 0.9999999999819937 41
3.4000000000000004 0.6316992870557264 -4.162957811240662e-10 0.24878328698114183 0.18619590119512563 0.2487832868368875 -0.18619590069547862 0.3683007129255601 4.0467357304460863e-10 0.9999999999812865 42
3.5 0.609201760589506 -4.005671531062484e-10 0.254919988659993 0.14705975813118805 0.2549199883365351 -0.1470597576624389 0.3907982393913152 3.8809775905912536e-10 0.9999999999808212 42
3.6 0.5948491405524036 -3.7863125277128537e-10 0.25550339940252453 0.10471658817564498 0.2555033989273123 -0.10471658776845802 0.40515085942808576 3.6454481493475996e-10 0.9999999999804894 42
3.7 0.5868870109597338 -3.537322730835413e-10 0.2503441738607855 0.06170476459934534 0.25034417326929514 -0.061704764273848224 0.41311298902035837 3.381992258980093e-10 0.9999999999800921 42
3.8000000000000003 0.5836210890785 -3.285254827341285e-10 0.23946538036874296 0.019911182123091658 0.2394653796926476 -0.019911181892660206 0.4163789109010881 3.1191763338637763e-10 0.9999999999795881 42
3.9000000000000004 0.5836334677818701 -3.049123703382002e-10 0.22309189733855872 -0.019221499054040175 0.2230918966066915 0.01922149917864959 0.41636653219652386 2.8742691317657683e-10 0.999999999978394 41
4.0 0.585817139366655 -2.8403726774728964e-10 0.2016488689254507 -0.05454495104474348 0.20164886816563923 0.054544951056900604 0.41418286061085013 2.6536771237810685e-10 0.9999999999775051 40
4.1000000000000005 0.5893389149339372 -2.6523145684452373e-10 0.17575451594737448 -0.0851277993043616 0.17575451519118085 0.08512779919930392 0.41066108504303855 2.4595725902955464e-10 0.9999999999769758 39
4.2 0.5935851395811917 -2.4958291156449283e-10 0.1462020829136476 -0.11022870101058599 0.14620208218886332 0.11022870078115962 0.40641486039383207 2.2934712560584544e-10 0.9999999999750238 38
4.3 0.598111285073176 -2.3605861845896393e-10 0.11393112456755441 -0.12929621166694485 0.11393112390272139 0.12929621131326308 0.40188871489914746 2.1680823111284824e-10 0.9999999999723235 37
4.4 0.6026011803589219 -2.2655201746854785e-10 0.07999043812821742 -0.14197890370529223 0.07999043754456787 0.14197890323853843 0.39739881960983053 2.0603553928401669e-10 0.9999999999687523 36
4.5 0.6068358068638663 -2.1952550187855755e-10 0.04549542320958382 -0.14813588975564224 0.045495422728962155 0.14813588919599577 0.3931641931002685 1.9865829486497948e-10 0.9999999999641348 36
4.6000000000000005 0.6106698854355598 -2.1476387016037736e-10 0.011582542660244183 -0.14784243649915288 0.011582542296642876 0.14784243586974 0.38933011452288985 1.935056293647541e-10 0.9999999999584497 35
4.7 0.6140143354627051 -2.1082866030127904e-10 -0.02063669933089748 -0.14138812229256914 -0.020636699568680566 0.1413881216174508 0.38598566448905713 1.8921436553211652e-10 0.9999999999517623 33
4.800000000000001 0.6168230127781353 -2.0972402590327132e-10 -0.05012011638536753 -0.12926663892142937 -0.05012011649125771 0.12926663822479378 0.3831769871687209 1.8630911983878556e-10 0.9999999999468563 32
4.9 0.6190825284661862 -2.1029368663454723e-10 -0.07593565440697414 -0.11215733705891773 -0.07593565437870721 0.11215733636133186 0.38091747147955207 1.8475878464952353e-10 0.9999999999457383 32
5.0 0.620804289083598 -2.116567783828311e-10 -0.09729704515004484 -0.0908992489934574 -0.09729704499358116 0.09089924831583009 0.379195710858849 1.849584916503178e-10 0.9999999999424469 32
5.1000000000000005 0.6220181564213904 -2.1362348590051312e-10 -0.1135929631653962 -0.06645874417072271 -0.11359296289933776 0.06645874353818149 0.37798184351748865 1.8611394644264516e-10 0.999999999938879 31
5.2 0.6227673107165157 -2.1587844283774934e-10 -0.12440865301279584 -0.039892260059487275 -0.12440865265903411 0.0398922594937972 0.3772326892203568 1.8726913514596128e-10 0.9999999999368725 30
5.300000000000001 0.6231040317678963 -2.1833757512274238e-10 -0.12953931891386444 -0.012305738309755272 -0.12953931848924877 0.012305737826018267 0.3768959681673262 1.8917731162837718e-10 0.9999999999352225 28
5.4 0.6230862024469686 -2.2183776515696373e-10 -0.12899491116967135 0.015187500596325728 -0.1289949106895569 -0.015187500992129163 0.3769137974865992 1.9174570327888207e-10 0.9999999999335678 27
5.5 0.622774400571527 -2.254523123280093e-10 -0.12299629266709668 0.04150868555833826 -0.12299629214504244 -0.04150868585957471 0.3772255993609617 1.943738109832413e-10 0.9999999999324887 27
5.6000000000000005 0.6222294864744065 -2.290690086169857e-10 -0.11196311191053183 0.06565361525005305 -0.11196311136733934 -0.06565361544853762 0.37777051346005525 1.9846091001111304e-10 0.9999999999344618 27
5.7 0.6215106209720088 -2.32693745376514e-10 -0.0964940328595209 0.08672917652784662 -0.09649403231489051 -0.0867291766213242 0.37848937896184653 2.021088829067402e-10 0.9999999999338554 26
5.800000000000001 0.6206736661382072 -2.3575453420450307e-10 -0.07734026344416194 0.1039849448864281 -0.07734026291313986 -0.1039849448778568 0.3793263337941278 2.0468054743548608e-10 0.999999999932335 26
5.9 0.6197699321680621 -2.3811104819720457e-10 -0.05537357268152403 0.11683868207864752 -0.05537357217599084 -0.11683868197719788 0.38023006776069274 2.0683213020279695e-10 0.9999999999287548 26
6.0 0.6188452400670996 -2.401741900918322e-10 -0.03155018137193729 0.12489481932126965 -0.03155018090542751 -0.12489481913016673 0.3811547598583395 2.0833296983092267e-10 0.9999999999254392 26
6.1000000000000005 0.6179392731013736 -2.419246465085829e-10 -0.006872046656203861 0.12795531777894617 -0.006872046246080929 -0.12795531750420636 0.38206072682111203 2.0965283505692027e-10 0.9999999999224857 26
6.2 0.6170851912706302 -2.431929488788646e-10 0.017652867939128337 0.12602261869097822 0.017652868278662186 -0.12602261834399253 0.38291480864845057 2.1112844257097987e-10 0.9999999999190807 25
6.300000000000001 0.6163094831028054 -2.44350233937435e-10 0.041049739368045735 0.11929471980723204 0.04104973962366777 -0.119294719399477 0.3836905168136984 2.118854649843565e-10 0.9999999999165039 25
6.4 0.6156320284782867 -2.450978439736704e-10 0.062413909278975346 0.10815273003676507 0.062413909439510896 -0.10815272958477125 0.3843679714363146 2.122922377440224e-10 0.9999999999146013 25
6.5 0.6150663453820457 -2.4543892711119116e-10 0.08094436439243331 0.09314154789999725 0.08094436445035134 -0.09314154742376303 0.3849336545305294 2.1234885885029493e-10 0.9999999999125752 24
6.6000000000000005 0.6146199926997998 -2.452452498839262e-10 0.0959724242645554 0.07494457019962027 0.0959724242183899 -0.07494456971977066 0.3853800072112017 2.1203944810710207e-10 0.9999999999110015 24
6.7 0.614295100680639 -2.447088221196199e-10 0.10698460600540934 0.05435355585221542 0.10698460585742005 -0.05435355538992618 0.3857048992298492 2.114020369822097e-10 0.9999999999104882 24
6.800000000000001 0.6140890005800115 -2.440481862042793e-10 0.11363888995842596 0.032234938245895566 0.11363888971649232 -0.03223493782108025 0.38591099932945716 2.117214664349805e-10 0.9999999999094686 24
6.9 0.6139949253833084 -2.4321142819553195e-10 0.11577388991178139 0.009493992330585593 0.11577388958729166 -0.009493991963289362 0.3860050745250677 2.1206608213004507e-10 0.9999999999083761 24
7.0 0.6140027543994909 -2.420303245945557e-10 0.1134107243050162 -0.012961683252873642 0.11341072391210998 0.012961683546250637 0.3859972455072342 2.1261551325401571e-10 0.9999999999067251 23
7.1000000000000005 0.6140997759339085 -2.4106900432963617e-10 0.10674767912912166 -0.03425791410828811 0.10674767868559139 0.03425791431873305 0.38590022397160056 2.1286991909163447e-10 0.9999999999055091 23
7.2 0.6142714441491027 -2.4012266110898373e-10 0.09614803707310678 -0.05358753644137789 0.09614803659778177 0.053587536562215494 0.3857285557554796 2.1301784605322836e-10 0.9999999999045823 22
7.300000000000001 0.6145021085640568 -2.3910315353193745e-10 0.08212170978423615 -0.07024054742299468 0.08212170929644082 0.07024054744802757 0.3854978913397319 2.1309044925560018e-10 0.9999999999037887 22
7.4 0.6147756973528262 -2.380537490581076e-10 0.06530154107243226 -0.08362971032072937 0.06530154059655019 0.08362971025099643 0.38522430255165596 2.1300293493868724e-10 0.9999999999044822 22
7.5 0.6150763385861446 -2.3701663570088965e-10 0.046415339917491964 -0.09331071070944078 0.04641533947703025 0.09331071054995654 0.3849236613183343 2.1294820982708602e-10 0.9999999999044789 22
7.6000000000000005 0.6153889067698424 -2.3610576629519607e-10 0.026254846655837022 -0.09899619659004054 0.02625484626945507 0.09899619634886339 0.38461109313445524 2.1290582798217817e-10 0.9999999999042977 22
7.7 0.6156994852992906 -2.3532182551795127e-10 0.005642929078379696 -0.1005632928715017 0.0056429287613024804 0.10056329256069481 0.3843005146046427 2.1289567169585292e-10 0.9999999999039333 22
7.800000000000001 0.6159957387689305 -2.347073032323897e-10 -0.01459965515626702 -0.0980544484230563 -0.01459965539219022 0.09805444805814051 0.3840042611344576 2.1295120998926566e-10 0.9999999999033882 22
7.9 0.6162671922815427 -2.342774551683243e-10 -0.033686607668916214 -0.09167174100586549 -0.03368660781556023 0.09167174060482261 0.3837328076205878 2.1306558388858405e-10 0.9999999999021305 22
8.0 0.6165054179554309 -2.3362028889283417e-10 -0.05089629432219846 -0.08176502120763705 -0.05089629437468609 0.08176502078996516 0.3834945819463537 2.1369789158699326e-10 0.9999999999017846 22
8.1 0.6167041316281067 -2.3314496498516945e-10 -0.06559866484960843 -0.06881451114291562 -0.06559866480829527 0.0688145107274906 0.38329586827261997 2.1397878455892453e-10 0.9999999999007266 22
8.200000000000001 0.6168592052645874 -2.329242299642489e-10 -0.07727790309472735 -0.053408678329022435 -0.07727790296397369 0.053408677935467073 0.3831407946349688 2.14320924342396e-10 0.9999999998995561 22
8.3 0.6169686027007262 -2.328534046112332e-10 -0.08555001615563775 -0.036218372418874094 -0.08555001594316917 0.0362183720654228 0.3830313971977591 2.148093475696013e-10 0.9999999998984852 22
8.4 0.6170322481133098 -2.32905048914676e-10 -0.09017478982275719 -0.017968336592421013 -0.09017478953961547 0.017968336294772947 0.3829677517841155 2.1533905373012332e-10 0.9999999998974254 22
8.5 0.6170518379115614 -2.3306225117769707e-10 -0.09106177424245267 0.0005927174629606398 -0.09106177390247426 -0.0005927176920143436 0.38294816198483433 2.1589696169721678e-10 0.9999999998963958 22
8.6 0.6170306076380299 -2.3330547718307574e-10 -0.08827020787949928 0.01872225386539158 -0.08827020749865606 -0.018722254016374437 0.38296939225738086 2.1646856889399605e-10 0.9999999998954108 22
8.700000000000001 0.6169730659210061 -2.336137430481383e-10 -0.08200302976959255 0.03571307971064732 -0.08200302936525752 -0.035713079777696034 0.3830269339734855 2.1703956050816146e-10 0.9999999998944915 22
8.8 0.6168847075618662 -2.338103497907222e-10 -0.07259536018128901 0.05092040622136022 -0.0725953597711011 -0.05092040620331266 0.3831152923299878 2.1822400983525785e-10 0.9999999998918541 22
8.9 0.6167717175085005 -2.3315003734522704e-10 -0.06049803938211004 0.06378578556013842 -0.0604980389805636 -0.06378578545838615 0.38322828238239365 2.19771440865569e-10 0.9999999998908942 22
9.0 0.6166406767439454 -2.329904561838341e-10 -0.0462569951882177 0.07385705325585061 -0.046256994809877446 -0.07385705307647823 0.3833593231462487 2.2127342747020518e-10 0.9999999998901941 22
9.1 0.6164982801770285 -2.3314721126031383e-10 -0.030489356407079657 0.08080358523724843 -0.03048935606596072 -0.08080358498913451 0.38350171971257724 2.2270323301451145e-10 0.9999999998896056 22
9.200000000000001 0.616351075335525 -2.3362019627800026e-10 -0.01385733549246447 0.08442638051744285 -0.013857335201418953 -0.08442638021223897 0.3836489245552908 2.2342085524574856e-10 0.9999999998908158 22
9.3 0.6162052292449052 -2.3381854688898186e-10 0.0029590328801865472 0.0846626970642027 0.002959033109510988 -0.08466269671261957 0.3837947706469847 2.240185391352252e-10 0.9999999998918898 22
9.4 0.6160663293326724 -2.3393871850750045e-10 0.01928919183250928 0.08158519039607795 0.019289191991361126 -0.08158519001051387 0.38393367056004823 2.2452053893010877e-10 0.9999999998927206 22
9.5 0.6159392225233137 -2.339744400985256e-10 0.03449832083429459 0.07539572306379291 0.034498320916983516 -0.07539572265839367 0.38406077736996286 2.249259162178734e-10 0.9999999998932765 22
9.600000000000001 0.6158278950687195 -2.3398328377420075e-10 0.04801154023949011 0.06641421976855352 0.048011540243361184 -0.06641421935855324 0.3841721048251159 2.251066142593013e-10 0.9999999998938354 22
9.700000000000001 0.6157353940368703 -2.3392286334092777e-10 0.059335155187007854 0.05506312963390428 0.05933515511246868 -0.05506312923456703 0.3842646058571546 2.2524125306717447e-10 0.9999999998940249 22
9.8 0.6156637898664991 -2.337620800479926e-10 0.06807417144818272 0.04184821713043145 0.06807417129910129 -0.04184821675641103 0.3843362100272456 2.253238912243046e-10 0.9999999998937447 22
9.9 0.6156141780099654 -2.335530667674453e-10 0.07394548195600995 0.027336530693705216 0.07394548173908214 -0.02733653035847064 0.3843858218832643 2.253828685839566e-10 0.9999999998932297 22
10.0 0.6155867164754036 -2.3320076725056693e-10 0.07678630862378671 0.012132488921046729 0.0767863083482747 -0.012132488636497546 0.38441328341729236 2.2538631811047704e-10 0.9999999998926961 22
10.100000000000001 0.6155806950651516 -2.3281577607774182e-10 0.07655768182374616 -0.0031469243190334365 0.07655768150110905 0.0031469245428331007 0.38441930482667525 2.2535685494189375e-10 0.9999999998918268 22
10.200000000000001 0.615594631314213 -2.3241640001911656e-10 0.07334294142438359 -0.01789685354505837 0.07334294106767476 0.01789685370016525 0.38440536857657776 2.2527176283832962e-10 0.9999999998907907 22
10.3 0.6156263875687369 -2.3202838170420826e-10 0.06734144051678255 -0.031548180692725095 0.06734144014053517 0.03154818077382217 0.38437361232069894 2.2515159518427926e-10 0.9999999998894358 22
10.4 0.6156733033168867 -2.316956821276799e-10 0.05885781820643073 -0.043589142840921476 0.058857817824707455 0.04358914283210435 0.3843266965710282 2.2502719164431687e-10 0.999999999887915 22
10.5 0.6157323367809084 -2.301228468129125e-10 0.048287374043867404 -0.05358415280504074 0.04828737368214192 0.05358415273062519 0.3842676631035798 2.2449165402278904e-10 0.9999999998844882 22
10.600000000000001 0.615800209903577 -2.2855904753330853e-10 0.036098217822751355 -0.06118914734630802 0.03609821749316587 0.06118914720621128 0.3841997899785431 2.2414158204960303e-10 0.9999999998821201 22
10.700000000000001 0.615873551154075 -2.270850232851375e-10 0.022810979331694205 -0.06616294114735745 0.02281097903809543 0.06616294094567923 0.3841264487259531 2.2369060915665763e-10 0.9999999998800282 22
10.8 0.6159490310983018 -2.2752433566232975e-10 0.008976940008450281 -0.06837423586983976 0.008976939763044606 0.06837423561565312 0.38405096877993244 2.2363402352184854e-10 0.9999999998782343 21
10.9 0.6160234862697934 -2.2417075080703038e-10 -0.004844510311244854 -0.0678041136707055 -0.004844510506562082 0.06780411338387204 0.38397651360455726 2.2278147873707378e-10 0.9999999998743507 20
11.0 0.6160940276694912 -2.2160932991961556e-10 -0.018108183939052506 -0.06454402741045241 -0.01810818407395945 0.06454402709477804 0.3839059722040346 2.221887595460316e-10 0.9999999998735258 20
11.100000000000001 0.6161581309697228 -2.1917202625447317e-10 -0.030304296833652367 -0.05878947742208506 -0.030304296901473703 0.0587894770872868 0.38384186890438854 2.2165138716467316e-10 0.9999999998741114 20
11.200000000000001 0.61621370646143 -2.1679561197602902e-10 -0.04097775020892981 -0.05082973071452725 -0.04097775020594586 0.05082973037299726 0.3837862934142117 2.2135591343070174e-10 0.9999999998756417 20
11.3 0.6162591475799283 -2.1472135347223484e-10 -0.04974477713622517 -0.041034086107326284 -0.0497447770610241 0.041034085771903636 0.38374085229853105 2.2102578483274093e-10 0.9999999998784593 20
11.4 0.6162933577466154 -2.1296509492926748e-10 -0.056306360763198 -0.02983531303575215 -0.05630636061734065 0.0298353127201815 0.38370664213553757 2.2071840499292375e-10 0.9999999998821529 20
11.5 0.6163157560623416 -2.1166889102841646e-10 -0.06045797297004144 -0.017710988093655157 -0.060457972758184104 0.017710987811493075 0.38368424382368077 2.2039190167078457e-10 0.9999999998860223 20
11.600000000000001 0.6163262631243416 -2.1034104046895723e-10 -0.062095338826198894 -0.005163518708483336 -0.06209533855621849 0.005163518472768067 0.3836737367665144 2.1987627540625934e-10 0.999999999890856 19
11.700000000000001 0.6163252688776671 -2.1088655873696992e-10 -0.06121609656066063 0.007300324118550101 -0.06121609624215705 -0.00730032429768298 0.38367473101889227 2.1991235886240878e-10 0.9999999998965594 19
11.8 0.6163135849486051 -2.1217140403788602e-10 -0.0579173882392665 0.01918954286812714 -0.05791738788474221 -0.01918954298354893 0.38368641495843314 2.1992352113799018e-10 0.9999999999070383 18
11.9 0.6162923842798566 -2.1236736333231115e-10 -0.05238957633646094 0.030047932423119646 -0.05238957595952824 -0.030047932468713245 0.38370761563628764 2.2001351904580778e-10 0.9999999999161442 18
12.0 0.6162631312353611 -2.1231297857388407e-10 -0.04490642975775983 0.0394712564803144 -0.04490642937367282 -0.039471256451651095 0.38373686868941453 2.2009552042831411e-10 0.9999999999247757 18
12.100000000000001 0.6162275053852277 -2.120258638197045e-10 -0.0358122540145825 0.04712194772012733 -0.035812253639182126 -0.04712194761594388 0.3837724945473635 2.2016313863440558e-10 0.9999999999325913 18
12.200000000000001 0.6161873222790816 -2.1153360367060973e-10 -0.02550654938900006 0.05274081146568016 -0.02550654903808263 -0.052740811288065244 0.3838126776602142 2.2021760084605145e-10 0.9999999999392958 18
12.3 0.616144454370995 -2.1101246267873578e-10 -0.014426864314181104 0.05615534380422084 -0.01442686400298163 -0.056155343558166 0.3838555455717123 2.186298989504001e-10 0.9999999999427073 18
12.4 0.6161007550540151 -2.1031419969112824e-10 -0.0030305661452494905 0.0572844185475752 -0.0030305658893636836 -0.05728441824073065 0.38389924489158384 2.175927828174618e-10 0.9999999999455988 18
12.5 0.6160579884552932 -2.0953292562179198e-10 0.008223723445457779 0.05613924699666908 0.008223723633741705 -0.056139246640747334 0.38394201149190316 2.1644991238950086e-10 0.9999999999471965 18
12.600000000000001 0.6160177672521494 -2.087156269600536e-10 0.01889428634300803 0.052820664185903574 0.018894286454373632 -0.05282066379510971 0.3839822326953308 2.1525816549198214e-10 0.9999999999474802 18
12.700000000000001 0.6159815003295911 -2.0790469272397243e-10 0.028573351323852948 0.047512939181529074 0.028573351352149463 -0.04751293877176643 0.38401849961691004 2.1407296456845092e-10 0.9999999999465011 18
12.8 0.615950351613957 -2.0713656838199087e-10 0.03690237651784582 0.04047443957251766 0.03690237646037024 -0.04047443916070762 0.3840496483304018 2.1294577233913582e-10 0.9999999999443587 18
12.9 0.6159252109064908 -2.0649414937338076e-10 0.043585010164481915 0.03202559653590473 0.04358501002219945 -0.03202559613926087 0.38407478903337683 2.11877670887545e-10 0.9999999999398677 18
13.0 0.6159066771010672 -2.059389550795324e-10 0.04839727440638892 0.022534712596142596 0.04839727418380546 -0.022534712231310056 0.3840933228330173 2.1095660646762307e-10 0.9999999999340845 18
13.100000000000001 0.6158950535312461 -2.0548797256566583e-10 0.051194637827579936 0.012402226158025475 0.05119463753256438 -0.012402225840433023 0.38410494639619275 2.1021561969248284e-10 0.9999999999274388 18
13.200000000000001 0.6158903549576169 -2.05136960531244e-10 0.05191577368206969 0.0020440927888239428 0.05191577332552151 -0.0020440925320083865 0.38410964496264877 2.0967199354215585e-10 0.9999999999202657 18
13.3 0.6158923251492243 -2.0486135493209632e-10 0.05058293675438446 -0.008125038081972428 0.05058293635001534 0.008125038266859945 0.38410767476528274 2.0935382843832292e-10 0.999999999914507 18
13.4 0.6159004637410911 -2.048300545726714e-10 0.04729902712784877 -0.017708180984709998 0.047299026692311036 0.017708181089439105 0.384099536167564 2.087650141700042e-10 0.9999999999086551 17
13.5 0.6159140607722539 -2.0450700875968968e-10 0.04224153842893654 -0.026341271576486042 0.042241537979194395 0.026341271596340674 0.3840859391314727 2.0890274036761083e-10 0.9999999999037266 16
13.600000000000001 0.6159322371214452 -2.0450746737971004e-10 0.03565370641753697 -0.03370674711329244 0.03565370597125661 0.033706747046944256 0.384067762777237 2.0870631691963807e-10 0.9999999998986822 16
13.700000000000001 0.6159539889400756 -2.0463331401087596e-10 0.02783327670147933 -0.039544954640903 0.027833276276052817 0.039544954490793094 0.3840460109541743 2.0848933395771935e-10 0.9999999998942499 16
13.8 0.6159782341523784 -2.0487172112748455e-10 0.019119394167636833 -0.04366298938957964 0.01911939377951417 0.04366298916168844 0.38402176573819347 2.0826576876840926e-10 0.9999999998905719 16
13.9 0.6160038591276169 -2.052076914134641e-10 0.009878178608957955 -0.04594067722388551 0.009878178272981465 0.04594067692743438 0.3839961407601319 2.0804742535516977e-10 0.9999999998877488 16
14.0 0.6160297637384488 -2.056241567553463e-10 0.0004875890731562598 -0.04633353494340643 0.0004875888019223084 0.0463335345904446 0.38397023614737685 2.0784546804330937e-10 0.9999999998858256 16
14.100000000000001 0.6160549031868735 -2.0610198453440401e-10 -0.008677807251400377 -0.04487266579042457 -0.0086778074480801 0.04487266539528116 0.3839450966979451 2.076702465362929e-10 0.9999999998848186 16
14.200000000000001 0.6160783251975281 -2.066206133646294e-10 -0.017261557179127973 -0.04166166972629744 -0.01726155729462502 0.04166166930493047 0.3839216746871849 2.075320298476219e-10 0.9999999998847131 16
14.3 0.6160992014360861 -2.0715833306297716e-10 -0.02493896526389462 -0.03687076409085992 -0.024938965295005125 0.03687076366014326 0.38390079844937386 2.0743967267972587e-10 0.99999999988546 16
14.4 0.6161168522961745 -2.0769323424124643e-10 -0.03142914634042579 -0.030728415721805746 -0.03142914628745121 0.030728415298792236 0.38388314759081815 2.0740031047596785e-10 0.9999999998869926 16
14.5 0.6161307644993129 -2.0820389659633186e-10 -0.036505049607231 -0.023510876574984733 -0.03650504947390322 0.023510876176182863 0.3838692353898982 2.0741791303092593e-10 0.9999999998892111 16
14.600000000000001 0.61614060125703 -2.0867040043720092e-10 -0.04000110794016996 -0.015530088112601814 -0.040001107733431476 0.015530087753294057 0.38385939863498597 2.0749284544482778e-10 0.9999999998920159 16
14.700000000000001 0.6161462050406991 -2.09072253064204e-10 -0.04181826852955588 -0.007120472756145785 -0.0418182682592072 0.0071204724497778244 0.383853794854619 2.0762690375376824e-10 0.9999999998953181 16
14.8 0.6161475932816493 -2.0939946868086286e-10 -0.04192627045599833 0.0013748380638216704 -0.04192627013426004 -0.001374838306138156 0.38385240661729353 2.078111143280473e-10 0.9999999998989428 16
14.9 0.6161449475754008 -2.096671646000973e-10 -0.040363146975269194 0.009617780991809736 -0.040363146616173774 -0.009617781161767687 0.3838550523274969 2.0789884351259712e-10 0.9999999999028977 16
15.0 0.6161385971768492 -2.0982542569967494e-10 -0.037232040506111314 0.017288598234194326 -0.037232040125015624 -0.017288598326461076 0.3838614027298579 2.0802195399966029e-10 0.9999999999067071 16
15.100000000000001 0.6161289977422201 -2.0991146699526507e-10 -0.03269552241958427 0.02409802546854736 -0.032695522032395875 -0.024098025481035405 0.3838710021673329 2.0815560839016334e-10 0.999999999909553 16
15.200000000000001 0.6161167064068763 -2.099269246314449e-10 -0.026967703625745035 0.02979797423835059 -0.026967703248304324 -0.029797974172195957 0.3838832935054961 2.08277915005839e-10 0.9999999999123724 16
15.3 0.6161023543589241 -2.098754087334555e-10 -0.020304502175037226 0.034190323644701294 -0.020304501822519447 -0.03419032350415117 0.38389764555598926 2.0837817878953307e-10 0.9999999999149134 16
15.4 0.6160866181033291 -2.0976352722896823e-10 -0.012992498087045048 0.03713352039849635 -0.012992497773323081 -0.037133520190686733 0.38391338181377477 2.084496343546227e-10 0.9999999999171039 16
15.5 0.6160701905913825 -2.0960044239377888e-10 -0.005336850670857502 0.03854678027992232 -0.00533685040796607 -0.038546780014525196 0.38392980932749615 2.084884020497646e-10 0.9999999999188787 16
15.600000000000001 0.6160537533316008 -2.0939678011524595e-10 0.002351220900175653 0.038411784040535246 0.0023512211024713666 -0.03841178372930633 0.3839462465885976 2.0849262926001777e-10 0.9999999999201985 16
15.700000000000001 0.6160379504980475 -2.091637941033087e-10 0.009766888127626466 0.03677186242825228 0.009766888262166196 -0.036771862084517055 0.3839620494230015 2.0846196850613643e-10 0.999999999921049 16
15.8 0.616023365919846 -2.0891308918858645e-10 0.016623604378608704 0.03372876440843955 0.016623604441064383 -0.033728764046531606 0.3839766340015775 2.0839763987570914e-10 0.9999999999214235 16
15.9 0.6160105036775113 -2.0936982623930807e-10 0.022663980459812043 0.02943719587476361 0.022663980448837707 -0.02943719550945152 0.38398949624407086 2.087040110026374e-10 0.9999999999215822 16
16.0 0.6159997728510106 -2.0916475674233014e-10 0.02766923969744265 0.024097399662564162 0.027669239614518733 -0.024097399308370092 0.3840002270702884 2.0870194794486534e-10 0.999999999921299 16
16.1 0.6159914767846774 -2.0891919693619528e-10 0.031466913772318555 0.017946118432754773 0.03146691362181171 -0.017946118103504185 0.38400852313597794 2.0867587731012445e-10 0.9999999999206552 16
16.2 0.6159858070340354 -2.0685394022998985e-10 0.03393651845404106 0.011246337503126118 0.03393651824282089 -0.011246337211399447 0.3840141928959457 2.0594923230633193e-10 0.9999999999299811 16
16.3 0.6159828419575514 -2.0728152711358275e-10 0.035013034657908934 0.004276243148098666 0.035013034395038556 -0.004276242904539219 0.3840171579928214 2.049608676092913e-10 0.9999999999503728 16
16.400000000000002 0.615982549776796 -2.0695792453879722e-10 0.03468811130916255 -0.0026821478334483257 0.034688111005980245 0.0026821480194886634 0.3840174501939634 2.0481414489474747e-10 0.9999999999707594 16
16.5 0.6159847957531881 -2.0663113428413797e-10 0.03300899861361528 -0.009354229717975985 0.033008998282600226 0.009354229840441593 0.3840152042368808 2.0466394708121257e-10 0.9999999999900688 16
16.6 0.6159893529542957 -2.0631348040703705e-10 0.03007530983751438 -0.015483479436666558 0.030075309491921925 0.015483479492092953 0.38401064705332594 2.0451618812420316e-10 1.0000000000076217 16
16.7 0.6159959160226375 -2.0601713304763149e-10 0.02603379312477704 -0.02084115034557128 0.026033792778145336 0.020841150333146048 0.3840040840001856 2.0437580021555373e-10 1.000000000022823 16
16.8 0.616004117252833 -2.0575225075347213e-10 0.021071369065064384 -0.02523462910849622 0.02107136873069443 0.025234629030063113 0.38399588278237823 2.042461612116172e-10 1.0000000000352112 16
16.900000000000002 0.6160135442340589 -2.055269636881013e-10 0.015406751978793298 -0.028514158310284064 0.015406751669237651 0.028514158170231844 0.38398645581039176 2.041299763692182e-10 1.0000000000444507 16
17.0 0.616023758294495 -2.0534688409815476e-10 0.009281021032301042 -0.03057769935189498 0.009281020758886637 0.030577699156942504 0.3839762417558541 2.0402902031081678e-10 1.000000000050349 16
17.1 0.6160343129937038 -2.0521507858524182e-10 0.002947539783872326 -0.03137378925098126 0.002947539556278273 0.03137378900987028 0.38396568705914863 2.0394447252207604e-10 1.0000000000528524 16
17.2 0.6160447719465294 -2.0513232843779614e-10 -0.003338361309208719 -0.03090232788085879 -0.0033383614832997 0.03090232760397081 0.3839552281055051 2.0387756407043773e-10 1.0000000000520344 16
17.3 0.6160547253251809 -2.0509737110518704e-10 -0.00932952574247749 -0.02921331555477951 -0.009329525857642629 0.029213315253694395 0.38394527472291456 2.0382952160353226e-10 1.0000000000480955 16
17.400000000000002 0.6160638044708405 -2.051071881286565e-10 -0.014796538677098863 -0.02640364139380161 -0.014796538730344493 0.026403641080815995 0.3839361955705014 2.0380129911838848e-10 1.000000000041342 16
17.5 0.6160716941483084 -2.0515774360191414e-10 -0.01953635744823023 -0.022612097491872055 -0.019536357439061274 0.022612097179499274 0.38392830588386306 2.0379389386182208e-10 1.0000000000321716 16
17.6 0.6160781420918648 -2.0524401730166625e-10 -0.02337968682799107 -0.018012859709740797 -0.02337968675838022 0.018012859410211707 0.383921857929204 2.0380712263490023e-10 1.000000000021069 16
17.7 0.6160829656127809 -2.0536094356223454e-10 -0.026196838464024777 -0.012807730604069237 -0.026196838338284362 0.012807730328853885 0.38391703439578506 2.0384014777972237e-10 1.000000000008566 16
17.8 0.6160860551638002 -2.0550320535006105e-10 -0.027901880260392135 -0.007217481643001938 -0.02790188008495523 0.00721748140237185 0.3839139448314296 2.0389041074436595e-10 0.9999999999952298 16
17.900000000000002 0.6160873748783154 -2.0566570833579315e-10 -0.028454953855251642 -0.00147265914956874 -0.028454953638373578 0.0014726589522152129 0.38391262510330243 2.0395401884538948e-10 0.9999999999816178 16
18.0 0.6160869602176129 -2.0584349717637934e-10 -0.027862713768864626 0.0041957693751883815 -0.02786271352025845 -0.004195769522464675 0.38391303975067825 2.0402597382086658e-10 0.9999999999682911 16
18.1 0.6160849129640698 -2.060314300282928e-10 -0.0261769171896928 0.009565554877322033 -0.026176916920113254 -0.009565554969840183 0.383915086991688 2.0410015844933666e-10 0.9999999999557578 16
18.2 0.6160813938885624 -2.0622427598278348e-10 -0.023491265755930198 0.01443173632901544 -0.023491265476726027 -0.014431736364354126 0.3839186060559265 2.041705203928967e-10 0.9999999999444888 16
18.3 0.6160766134932758 -2.0641635397990825e-10 -0.019936667287160786 0.018614315581522847 -0.019936667009812278 -0.01861431555956716 0.38392338644160356 2.0423128396079155e-10 0.9999999999348794 16
18.400000000000002 0.6160708212854237 -2.0654836774420925e-10 -0.01567514373637077 0.02196475618652853 -0.01567514347201753 -0.021964756109419285 0.38392917864219617 2.0427744408513218e-10 0.9999999999276199 16
18.5 0.6160642940708025 -2.0667232582227873e-10 -0.010892659575054333 0.024371078325414748 -0.010892659334129928 -0.024371078197423568 0.383935705852218 2.0431642891430476e-10 0.9999999999230205 16
18.6 0.6160573237692183 -2.067820020755283e-10 -0.005791180665282495 0.025761383040134284 -0.005791180457025896 -0.025761382867476437 0.38394267615192756 2.0434390406397324e-10 0.9999999999211459 16
18.7 0.616050205249322 -2.068705788819581e-10 -0.0005802966260914561 0.026105705262982698 -0.0005802964582648603 -0.02610570505350413 0.3839497946726528 2.0435946870429666e-10 0.9999999999219747 16
18.8 0.6160432246522494 -2.069325205236114e-10 0.004531251516374742 0.02541616360065097 0.004531251637788364 -0.02541616336347429 0.38395677527310645 2.0436347829257855e-10 0.9999999999253558 16
18.900000000000002 0.6160366486330021 -2.0696332268742645e-10 0.009343801096335999 0.02374544297377604 0.009343801167337584 -0.02374544271891218 0.3839633512980578 2.0435711369291564e-10 0.9999999999310599 16
19.0 0.616030714891452 -2.06959894059515e-10 0.013674435683164538 0.021183711224660364 0.013674435701853654 -0.021183710962595043 0.38396928504730893 2.0434174338775835e-10 0.999999999938761 16
19.1 0.6160256242983219 -2.0466292958917125e-10 0.017363801831671497 0.017854130214229696 0.017363801797849677 -0.017854129952694843 0.38397437565040743 2.062197881268241e-10 0.9999999999487292 16
19.200000000000003 0.6160215348368112 -2.0340504812445347e-10 0.020281826256153178 0.0139071735223014 0.020281826166283826 -0.013907173283951085 0.38397846512319417 2.06991493982948e-10 0.9999999999600053 16
19.3 0.6160185575185695 -2.0210466161876271e-10 0.02233213456796616 0.009514004823200063 0.02233213442435212 -0.009514004603638087 0.38398144245335647 2.0823990661535344e-10 0.999999999971926 16
19.400000000000002 0.6160167543273338 -2.0223294166932316e-10 0.02345502896741063 0.00485920178793665 0.02345502877130579 -0.004859201597425332 0.38398324565743536 2.082188809817177e-10 0.9999999999847692 16
19.5 0.6160161381651627 -2.0216357782363515e-10 0.023628942725464782 0.00013312941237209842 0.023628942488644975 -0.0001331292654171551 0.3839838618322774 2.0825852635573021e-10 0.99999999999744 16
19.6 0.6160166747280542 -2.0212843006288541e-10 0.022870351583666917 -0.004475727252547015 0.022870351319959608 0.004475727347346881 0.3839833252814275 2.083162265025715e-10 1.0000000000094817 16
19.700000000000003 0.6160182861220529 -2.0210436436737957e-10 0.021232183614094725 -0.00878816684044158 0.021232183337688584 0.008788166879459021 0.3839817138983869 2.0838047500365552e-10 1.0000000000204399 16
19.8 0.6160208560077668 -2.020773864287312e-10 0.01880082748009432 -0.012641125719147092 0.018800827204128453 0.01264112570246059 0.3839791440221484 2.084517422050554e-10 1.0000000000299152 16
19.900000000000002 0.6160242359969507 -2.020343519286321e-10 0.015691891939836868 -0.0158937250011609 0.01569189167598037 0.01589372493146388 0.3839757640406307 2.085314286990892e-10 1.0000000000375815 16
20.0 0.6160282529928256 -2.0196397607413085e-10 0.012044915030768773 -0.018432291408840683 0.012044914789175258 0.018432291290765516 0.3839717470503515 2.0862083552619331e-10 1.000000000043177 16
20.1 0.616032717143831 -2.0185983168801448e-10 0.008017257992218077 -0.0201741788582075 0.008017257781515628 0.020174178697912645 0.38396728290269816 2.0872203062392313e-10 1.0000000000465292 16
