0 1.0 0.0 0.0 0.0 0.0 0.0 0.0 0.0 1
0.1 0.9900664891426604 4.317833186852579e-15 0.008359968088677689 0.09751359786463665 0.008359968088678539 -0.0975135978646366 0.009933510857368653 4.23957607254523e-17 1.000000000000029 4
0.2 0.9651405260325495 9.007724446832738e-15 0.02793568223960038 0.17402414517623585 0.027935682239602237 -0.17402414517623277 0.034859473967504516 -7.336894019813019e-16 1.000000000000054 13
0.30000000000000004 0.9313297346744156 2.016183628373475e-14 0.05458182723112413 0.22934694260190613 0.05458182723038651 -0.22934694260238533 0.06867026532558695 -2.1776555864681424e-14 1.0000000000000027 22
0.4 0.8931221941302941 1.9787418396689132e-13 0.08663519191634905 0.26531087450602364 0.08663519191244187 -0.2653108745075915 0.10687780586943807 -1.914550740125746e-13 0.9999999999997322 27
0.5 0.8537703320436845 3.9453619909536115e-13 0.1219926269339772 0.28386412412965684 0.12199262693024339 -0.28386412413936735 0.14622966795560383 -4.843395833986326e-13 0.9999999999992883 31
0.6000000000000001 0.8156157446860061 4.764423852665393e-13 0.15829863335415167 0.2869852445049366 0.15829863335417255 -0.286985244527424 0.18438425531274538 -6.561137642096784e-13 0.9999999999987514 32
0.7000000000000001 0.7803103345989124 8.051305066263485e-14 0.19326428017336908 0.2767218241276163 0.19326428018318353 -0.2767218241612805 0.21968966539917872 -3.9288675148511767e-13 0.9999999999980911 34
0.8 0.7489688553078607 -8.436833891322885e-13 0.22483671220499749 0.2552067500512265 0.22483671222622184 -0.2552067500845668 0.2510311446900589 5.516987772383409e-13 0.9999999999979197 35
0.9 0.7222792254570867 -2.2016237178592493e-12 0.25129561971669523 0.22464361624313733 0.251295619740631 -0.22464361626118595 0.2777207745405983 1.825587552794619e-12 0.999999999997685 35
1.0 0.7005864822343002 -3.2994881757716338e-12 0.27130188311886 0.18727427329625923 0.2713018831315677 -0.18727427329271634 0.2994135177631942 2.9386992575727177e-12 0.9999999999974944 37
1.1 0.6839595573321373 -3.511086505460749e-12 0.28391823777349073 0.14533646368981903 0.28391823776568265 -0.1453364636701403 0.3160404426652377 3.2090569674685887e-12 0.999999999997375 37
1.2000000000000002 0.672246527940597 -2.6733588923803733e-12 0.28861272226338935 0.10101510747162888 0.2886127222349784 -0.10101510744700037 0.3277534720566366 2.3266624160121155e-12 0.9999999999972335 38
1.3 0.6651219153374343 -1.0118316643149622e-12 0.28524839712752786 0.056390450797126505 0.2852483970841324 -0.056390450778259125 0.33487808465964536 6.329702778983811e-13 0.9999999999970797 39
1.4000000000000001 0.6621282286968659 1.0674034732100818e-12 0.2740605908480092 0.01338644151658143 0.2740605907980702 -0.01338644151101448 0.33787177130007334 -1.4917425572570483e-12 0.9999999999969393 40
1.5 0.6627130408875348 3.157351969273641e-12 0.2556228708001649 -0.02627761159179133 0.2556228707528779 0.026277611580976416 0.3372869591089581 -3.6480462368843695e-12 0.9999999999964929 40
1.6 0.6662622993754285 4.7781754683255664e-12 0.23080325869312954 -0.06112956283789573 0.2308032586573274 0.06112956281169224 0.33373770062069497 -5.391574729905062e-12 0.9999999999961234 40
1.7000000000000002 0.6721302124139642 5.788488020826385e-12 0.20071247224606198 -0.08997913045732792 0.20071247222734226 0.08997913041972226 0.32786978758187624 -6.5135776578120755e-12 0.9999999999958404 40
1.8 0.6796658324381012 6.07730919961658e-12 0.16664616384759626 -0.11194325020478481 0.16664616384798334 0.11194325016047015 0.32033416755742017 -6.8921679734254005e-12 0.9999999999955214 41
1.9000000000000001 0.6882363359042072 5.665615036836886e-12 0.1300232715106155 -0.12646101663959963 0.1300232715304015 0.12646101659633702 0.3117636640908747 -6.568478843106188e-12 0.9999999999950819 41
2.0 0.6972469414381417 4.668363742943344e-12 0.09232269735893535 -0.13329760669240298 0.09232269739345533 0.13329760665656207 0.3027530585565544 -5.6802227251879624e-12 0.999999999994696 41
2.1 0.7061573969036627 3.2381741622251875e-12 0.05502056711719177 -0.1325370466048183 0.05502056715854979 0.13253704658101303 0.29384260308997096 -4.628720389967164e-12 0.9999999999936338 41
2.2 0.7144949877446821 1.7720619566193904e-12 0.019530284412601216 -0.1245641474019952 0.019530284454421402 0.12456414739082779 0.28550501224811703 -3.455086856678675e-12 0.9999999999927991 41
2.3000000000000003 0.7218640637215525 3.417824938387973e-13 -0.012852531866577798 -0.11003637791216485 -0.012852531825963081 0.11003637790502228 0.2781359362698739 -2.285547085342493e-12 0.9999999999914264 40
2.4000000000000004 0.7279521409059131 -1.2307012803120347e-12 -0.04099834900261474 -0.08984684886835982 -0.04099834895732157 0.0898468488591064 0.272047859084029 -1.363864838033316e-12 0.999999999989942 40
2.5 0.7325327036615246 -2.917593189822313e-12 -0.06398366851333681 -0.06507992898974108 -0.06398366845620086 0.06507992898001454 0.2674672963271505 -1.9248110530113138e-13 0.9999999999886751 40
2.6 0.7354649015786322 -4.780021719246662e-12 -0.08112137709288343 -0.03696129014129919 -0.08112137702041336 0.03696129013840907 0.26453509840868067 1.709135244982319e-12 0.9999999999873128 39
2.7 0.7366904040800455 -6.689794316427166e-12 -0.09198065070807775 -0.0068043735263896 -0.09198065062201531 0.006804373535562908 0.2633095959060051 4.008259809589199e-12 0.9999999999860506 38
2.8000000000000003 0.7362277367016666 -8.916897794296686e-12 -0.09639598369472538 0.024044623451301195 -0.09639598360464324 -0.024044623428758606 0.26377226328332 6.459922139829031e-12 0.9999999999849867 38
2.9000000000000004 0.7341644747655898 -1.1695745720217308e-11 -0.09446534503211536 0.054261121354184885 -0.0944653449469111 -0.05426112131362877 0.26583552521873405 8.648750451706769e-12 0.9999999999843239 37
3.0 0.7306477099632047 -1.3493792730480448e-11 -0.08653788486685014 0.08259384399504274 -0.0865378847975387 -0.08259384393898742 0.2693522900200045 1.0740651093202008e-11 0.9999999999832092 37
3.1 0.7258732317231893 -1.5085584971307457e-11 -0.07319200861626707 0.10791191489905522 -0.07319200857107082 -0.10791191483963751 0.2741267682583043 1.23496837519743e-11 0.9999999999814936 37
3.2 0.7200738773059897 -1.611469094572745e-11 -0.055204988221360704 0.12924568798256222 -0.05520498820482273 -0.12924568792752592 0.27992612267345435 1.3317800960508306e-11 0.999999999979444 37
3.3000000000000003 0.7135075021902146 -1.6004177946889697e-11 -0.03351557727994116 0.14581992029006308 -0.03351557729796704 -0.14581992024716559 0.28649249778724273 1.3253521110442922e-11 0.9999999999774574 37
3.4000000000000004 0.7064450059585867 -1.5227127456209092e-11 -0.009181328273627982 0.15707822817656372 -0.00918132832589024 -0.15707822815251687 0.2935549940176337 1.2336956278633625e-11 0.9999999999762204 37
3.5 0.6991588195004489 -1.3768623476641458e-11 0.016667531560753183 0.16269813556499085 0.01666753147772484 -0.16269813556822812 0.30084118047478237 1.069204940174692e-11 0.9999999999752313 37
3.6 0.691912218413154 -1.188158316045133e-11 0.04287572818818779 0.16259640847352638 0.04287572808234576 -0.16259640851180202 0.30808778156124506 8.462286115513786e-12 0.999999999974399 37
3.7 0.684949776779333 -9.639168039927093e-12 0.06831013282987103 0.1569247578400604 0.06831013271265918 -0.1569247579175194 0.3150502231941439 5.772927631155415e-12 0.9999999999734769 36
3.8000000000000003 0.6784892171612737 -7.1212906892470356e-12 0.09190465264414283 0.14605636729367555 0.09190465252827315 -0.14605636741024272 0.32151078281107076 2.879011556379437e-12 0.9999999999723446 36
3.9000000000000004 0.6727148489555396 -4.9562166715241315e-12 0.11270110041521039 0.1305640493919989 0.11270110031338723 -0.1305640495400526 0.3272851510152918 7.570562495900265e-14 0.9999999999708313 36
4.0 0.6677727205851901 -3.3713330137321522e-12 0.12988453332295946 0.11119113987218933 0.12988453324217925 -0.11119114004038343 0.3322272793836348 -2.3886997152559246e-12 0.9999999999688249 36
4.1000000000000005 0.6637675437792124 -2.3922869975776658e-12 0.14281181428209344 0.08881649363776341 0.14281181422413414 -0.08881649381456579 0.33623245618711944 -4.3513429368494095e-12 0.9999999999663318 36
4.2 0.6607613826993649 -1.7642600463392323e-12 0.1510324546572215 0.0644151397751645 0.15103245462089834 -0.06441513995320888 0.33923861726318905 -5.3149909520339655e-12 0.999999999962554 36
4.3 0.6587740390898871 -1.7521317661601606e-12 0.15430113106247478 0.03901627986313555 0.15430113104789264 -0.03901628003698224 0.341225960868851 -5.790717849143609e-12 0.9999999999587381 36
4.4 0.6577850088474617 -1.945878885357817e-12 0.15258161747795715 0.013660370901884374 0.1525816174853802 -0.013660371067730366 0.34221499110729364 -5.743281687413454e-12 0.9999999999547553 36
4.5 0.6577368371094638 -2.5310109920072497e-12 0.1460422227910717 -0.010642979003318932 0.1460422228194336 0.01064297884866386 0.3422631628413365 -5.2944257206999824e-12 0.9999999999508004 36
4.6000000000000005 0.6585396593891459 -3.561344096831713e-12 0.13504315935114913 -0.03295465509058415 0.135043159400356 0.03295465495005252 0.3414603405576663 -4.453969833797106e-12 0.9999999999468122 36
4.7 0.6600766864207502 -4.9085149583583205e-12 0.1201165772208388 -0.05244171729413103 0.12011657729026048 0.05244171717228942 0.3399233135222463 -3.278446348226244e-12 0.9999999999429965 36
4.800000000000001 0.6622103707443386 -6.5246643853685045e-12 0.10194027001437103 -0.0684078145703644 0.10194027010081143 0.0684078144714591 0.3377896291950506 -1.8179203068692614e-12 0.9999999999393893 36
4.9 0.6647889838374433 -8.048261092977206e-12 0.08130628184802721 -0.08031727360016676 0.08130628194579481 0.08031727352728746 0.3352110160987268 -2.679778219851991e-13 0.9999999999361702 35
5.0 0.6676533335672266 -9.715024763110682e-12 0.05908581344983941 -0.0878120837318278 0.059085813552458184 0.08781208368624863 0.3323466663660168 1.4150725446870906e-12 0.9999999999332434 35
5.1000000000000005 0.6706433623520588 -1.1354956383269131e-11 0.036191933697574855 -0.09072130351165941 0.036191933797212986 0.0907213034923031 0.3293566375784915 3.0199170221625243e-12 0.9999999999305502 35
5.2 0.6736043857887115 -1.2959597216512632e-11 0.013541648182554284 -0.08906272806113018 0.013541648271389846 0.08906272806338808 0.32639561413894747 4.476289296300274e-12 0.999999999927659 35
5.300000000000001 0.6763927585047693 -1.427951586461352e-11 -0.007981141225347177 -0.08303696816875686 -0.007981141153787667 0.08303696818394021 0.32360724142034514 5.6080184670281645e-12 0.9999999999251145 35
5.4 0.6788807872531626 -1.5302462030175782e-11 -0.027560329989270067 -0.07301438902180905 -0.027560329938052384 0.07301438904062242 0.32111921266969756 6.4047003085815345e-12 0.9999999999228601 35
5.5 0.6809607492786102 -1.6072820183579168e-11 -0.044478635754838264 -0.05951562764427179 -0.04447863572362372 0.059515627658501366 0.3190392506420744 6.877088944536092e-12 0.9999999999206846 35
5.6000000000000005 0.6825479151266142 -1.6432133437190104e-11 -0.05814381527634038 -0.043186643255076824 -0.058143815262700065 0.043186643258330035 0.3174520847918719 7.052578986356548e-12 0.9999999999184861 35
5.7 0.6835825176950944 -1.6761981180393333e-11 -0.06810915731762515 -0.024769445663132654 -0.06810915731673262 0.024769445652045564 0.3164174822197086 7.65592078249629e-12 0.999999999914803 34
5.800000000000001 0.6840306518191057 -1.6910054929193788e-11 -0.07408758881130044 -0.005069787063933932 -0.0740875888150266 0.005069787035682406 0.31596934809327104 7.268506699159648e-12 0.9999999999123768 34
5.9 0.683884129502991 -1.7230955208312374e-11 -0.07595900435795702 0.015076812000855906 -0.07595900435762709 -0.015076812047228383 0.3161158704074763 6.257201285112219e-12 0.9999999999104674 33
6.0 0.6831593536492426 -1.75730377251138e-11 -0.07377071002908184 0.03483930304555105 -0.0737707100176384 -0.03483930310816217 0.31684064625971514 5.654307120778515e-12 0.9999999999089577 33
6.1000000000000005 0.6818953065687456 -1.7712100421709685e-11 -0.06773114996001024 0.05342424456447075 -0.06773114993138185 -0.05342424463940592 0.31810469333893865 5.254297361627079e-12 0.9999999999076843 33
6.2 0.6801507776849903 -1.8029922952506884e-11 -0.05819734750866896 0.07010654095415045 -0.05819734745740127 -0.070106541036448 0.3198492222211164 5.18130643928072e-12 0.9999999999061067 33
6.300000000000001 0.678000976888421 -1.8549527967709753e-11 -0.04565673170454871 0.08425662526387623 -0.045656731627098976 -0.08425662534687164 0.32199902301605643 5.368060962387828e-12 0.9999999999044774 33
6.4 0.6755336954531334 -1.9417954994769748e-11 -0.03070422549393073 0.0953630984825007 -0.03070422538748615 -0.0953630985598046 0.3244663044495578 6.477203730864252e-12 0.9999999999026912 32
6.5 0.6728451850611331 -2.1088880166826976e-11 -0.014015637616690309 0.10305004548863962 -0.014015637478992635 -0.1030500455525774 0.32715481484022096 7.670979757404943e-12 0.999999999901354 32
6.6000000000000005 0.6700359272788349 -2.260806668097178e-11 0.003681480642071236 0.10708848056157126 0.0036814808107771377 -0.10708848060271109 0.3299640726215893 8.906241702246219e-12 0.9999999999004241 32
6.7 0.6672064611257034 -2.4733827799988336e-11 0.021638282591917073 0.10740162361274226 0.02163828278789445 -0.10740162362237425 0.3327935387732554 1.1111257830312496e-11 0.9999999998989588 32
6.800000000000001 0.664453425583621 -2.729070876873574e-11 0.0391151268654428 0.10406396175365207 0.03911512707945538 -0.10406396172213431 0.33554657431412266 1.3449711487661936e-11 0.9999999998977436 32
6.9 0.661865957770678 -3.006720989542851e-11 0.05541091259812714 0.09729429924850105 0.05541091281770299 -0.09729429916715022 0.3381340421260462 1.585140674796628e-11 0.9999999998967242 32
7.0 0.6595225668956473 -3.31451716828326e-11 0.06989010881637099 0.08744323265843024 0.06989010902784927 -0.08744323252215824 0.34047743300077193 1.811958181789579e-11 0.9999999998964192 32
7.1000000000000005 0.6574885799807038 -3.573094604235491e-11 0.08200645993411658 0.07497569813297882 0.08200646012454357 -0.0749756979405207 0.34251141991542206 1.9690778562445007e-11 0.9999999998961258 32
7.2 0.655814228795897 -3.792264543780385e-11 0.0913225086875402 0.06044941662433568 0.09132250884619005 -0.06044941637915521 0.3441857710999366 2.09865026523394e-11 0.9999999998958335 32
7.300000000000001 0.6545334195618481 -3.962462626950442e-11 0.09752426720681907 0.044490204087771934 0.09752426732388927 -0.044490203797584255 0.3454665803336717 2.1922880944664114e-11 0.9999999998955198 32
7.4 0.653663198891823 -4.0750786758674874e-11 0.10043057789592436 0.027765212827671623 0.10043057796271594 -0.027765212502531368 0.34633680100334446 2.24048466690224e-11 0.9999999998951674 32
7.5 0.6532039021982847 -4.1230910536305023e-11 0.09999692944683694 0.01095522425187569 0.09999692945625321 -0.010955223903499183 0.34679609769649117 2.233911188898161e-11 0.999999999894776 32
7.6000000000000005 0.6531399453780915 -4.1015913837659896e-11 0.09631372038142223 -0.0052728785279837 0.09631372032840432 0.005272878886493888 0.34686005451624846 2.1648632018909772e-11 0.99999999989434 32
7.7 0.6534411978818344 -4.007976407585833e-11 0.08959918390701148 -0.02029236669914807 0.0895991837888993 0.02029236705359616 0.3465588020120238 2.0280584126445033e-11 0.9999999998938582 32
7.800000000000001 0.654064855994906 -3.847960847284817e-11 0.08018739493297729 -0.03354063808364612 0.08018739475000312 0.033540638418609194 0.3459351438982423 1.794993792124101e-11 0.9999999998931484 32
7.9 0.6549577198788601 -3.611519318455928e-11 0.0685119649747247 -0.044540010949739466 0.06851196472976695 0.04454001125051384 0.34504228001332693 1.5113348040669893e-11 0.999999999892187 32
8.0 0.6560587670300333 -3.297652161076367e-11 0.05508618659637885 -0.05291459432506921 0.05508618629404688 0.052914594578150335 0.3439412328617476 1.1961693084872393e-11 0.9999999998917809 32
8.1 0.6573019085203338 -2.920796608447977e-11 0.04048051059613707 -0.05840266537835719 0.04048051024387574 0.05840266557046965 0.34269809137067125 8.373481615837186e-12 0.999999999891005 32
8.200000000000001 0.658618812719812 -2.4893410883375122e-11 0.025298322372708015 -0.06086417800521802 0.025298321982554543 0.060864178124627084 0.3413811871706393 4.510813565017857e-12 0.9999999998904514 32
8.3 0.6599416840019707 -2.0251905507923136e-11 0.010151026524181745 -0.060283230192077195 0.010151026111919436 0.06028323022961578 0.3400583158878319 3.4282831151717483e-13 0.9999999998898026 32
8.4 0.6612058909120135 -1.54875998445533e-11 -0.004366549897161619 -0.056765522693815205 -0.004366550312161784 0.05676552264276185 0.3387941089770434 -3.9500991463547805e-12 0.999999999889057 32
8.5 0.6623523489568144 -1.0837847652677805e-11 -0.017699463898272972 -0.05053103988290115 -0.01769946429442484 0.05053103974088545 0.337647650931435 -8.163690625108866e-12 0.9999999998882494 32
8.6 0.6633295769982074 -6.840014630876146e-12 -0.029353777739787094 -0.04190236761590429 -0.029353778095591514 0.041902367386349365 0.3366704228897621 -1.2357853393264738e-11 0.9999999998879695 32
8.700000000000001 0.6640953625203874 -3.500916500929024e-12 -0.038914709818644325 -0.03128922566960551 -0.03891471011446168 0.03128922536114218 0.33590463736767906 -1.605345495422253e-11 0.9999999998880664 32
8.8 0.6646179890765239 -1.1359966700767297e-12 -0.04606116870471766 -0.019169927838920006 -0.046061168923065485 0.019169927464435275 0.33538201081187563 -1.8899301629009164e-11 0.9999999998883995 31
8.9 0.6648769982209861 3.8131557570583437e-13 -0.05057618437446606 -0.006070586467010068 -0.05057618450158046 0.0060705860438709245 0.3351230016673872 -2.0837688624753037e-11 0.9999999998883733 30
9.0 0.6648634774512038 1.6782090419400032e-12 -0.05235292644848826 0.007457053251147029 -0.05235292647382857 -0.007457053702844341 0.3351365224387833 -2.151000535550918e-11 0.9999999998899871 30
9.1 0.6645798843580589 1.5253106671340763e-12 -0.05139618276162787 0.020858232259126735 -0.051396182682532 -0.020858232715714485 0.335420115531891 -2.1258764189156376e-11 0.9999999998899499 30
9.200000000000001 0.6640394346485058 1.4369094925557492e-13 -0.047819355467530966 0.033597338609229 -0.047819355287523124 -0.03359733904747783 0.3359605652404468 -2.0059730738667187e-11 0.9999999998889526 30
9.3 0.6632650973041613 -2.4085692560095973e-12 -0.041837208689922634 0.04517874079730098 -0.04183720841680512 -0.04517874119494106 0.33673490258254085 -1.8554019689180084e-11 0.9999999998867022 30
9.4 0.6622882534279627 -5.6050155533612554e-12 -0.033754764723898996 0.05516549897803083 -0.03375476436973017 -0.055165499313328516 0.33771174645590285 -1.6158175834142487e-11 0.9999999998838656 30
9.5 0.6611470858210896 -9.436695588872961e-12 -0.02395288879027621 0.06319526435199231 -0.023952888373420085 -0.0631952646062406 0.3388529140606847 -1.2858474093997993e-11 0.9999999998817743 30
9.600000000000001 0.6598847737998705 -1.40125046585042e-11 -0.012871220227314796 0.06899280647267841 -0.012871219767649414 -0.06899280663566112 0.34011522607926997 -9.391173893583549e-12 0.9999999998791405 30
9.700000000000001 0.6585475720582434 -1.885983897870924e-11 -0.0009891966616444527 0.07237875660269623 -0.0009891961815992774 -0.07237875666560135 0.3414524278188517 -5.4102205942602344e-12 0.9999999998770952 30
9.8 0.6571828533868433 -2.3776003221414014e-11 0.011194025475169492 0.07327431614174094 0.011194025955399636 -0.07327431610204665 0.34281714648834616 -1.5277729365899052e-12 0.9999999998751895 30
9.9 0.6558371930413822 -2.781468280654554e-11 0.023179927405309116 0.07170184592639095 0.02317992786685891 -0.07170184578823857 0.3441628068316101 1.1167550453826562e-12 0.9999999998729923 29
10.0 0.6545545675352344 -3.213454844238476e-11 0.03449044480991984 0.06778141799748427 0.03449044523720068 -0.0677814177680457 0.345445432336576 3.859062217825052e-12 0.9999999998718104 29
10.100000000000001 0.6533747330711147 -3.55850518354033e-11 0.04468647061121435 0.061723569758547495 0.044686470987533033 -0.06172356944846746 0.3466252667991205 6.518180388258989e-12 0.9999999998702351 29
10.200000000000001 0.6523318390666408 -3.844397139065421e-11 0.053384341306448466 0.05381864517874918 0.053384341616952505 -0.053818644801283066 0.3476681608025663 8.790036513670809e-12 0.9999999998692071 29
10.3 0.6514533207193143 -4.0424180498686263e-11 0.060269702468650044 0.044423233444795145 0.06026970270080826 -0.044423233015851965 0.3485466791492902 1.0579540289256992e-11 0.9999999998686044 29
10.4 0.6507591018740384 -4.1617341671400574e-11 0.06510826852785735 0.033944317753886656 0.06510826867225433 -0.0339443172929689 0.34924089799449337 1.1737689669036404e-11 0.9999999998685318 29
10.5 0.6502611260717437 -4.19752299921926e-11 0.06775312770973396 0.022821822265866126 0.06775312776176044 -0.022821821793329394 0.349738873797129 1.2194185372886885e-11 0.9999999998688727 29
10.600000000000001 0.6499632201641993 -4.152370786940263e-11 0.06814838914702966 0.011510291330319078 0.0681483891068542 -0.01151029086591887 0.3500367797047879 1.192001038802664e-11 0.9999999998689872 29
10.700000000000001 0.6498612817790252 -4.0312755881050965e-11 0.06632911967500274 0.00046045087964302053 0.06632911954695474 -0.00046045044179659106 0.35013871809023084 1.0931849068797965e-11 0.9999999998692561 29
10.8 0.6499437696959341 -3.859316589529098e-11 0.06241766656927307 -0.009898612517115952 0.06241766636122784 0.009898612911897656 0.3500562301751838 9.508968169799268e-12 0.999999999871118 28
10.9 0.6501924653052691 -3.6355758319783797e-11 0.05661660362910021 -0.019175962666679754 0.05661660335057204 0.01917596300323972 0.3498075345670831 7.35440759877407e-12 0.9999999998723521 28
11.0 0.6505834641131346 -3.370618585420682e-11 0.049198666124226006 -0.0270333921594764 0.04919866578824229 0.027033392425121813 0.3494165357598644 4.76692651653766e-12 0.999999999872999 28
11.100000000000001 0.6510883490021322 -3.0795739557065445e-11 0.04049415050873111 -0.03319753805435285 0.0404941501311815 0.03319753823954362 0.3489116508708247 1.8636307221250258e-12 0.999999999872957 28
11.200000000000001 0.6516754919006296 -2.703732861105026e-11 0.0308763434372812 -0.03746911594683182 0.030876343036381475 0.03746911604564597 0.34832450797281533 -7.375422999752187e-13 0.9999999998734449 28
11.3 0.652311427712895 -2.3257990992131305e-11 0.020745608632619063 -0.039728978560966424 0.020745608227092406 0.03972897857130626 0.34768857216120946 -3.5010659243684684e-12 0.9999999998741045 28
11.4 0.6529622438602493 -1.964181991765333e-11 0.010512797562309793 -0.039940838515974686 0.0105127971700994 0.03994083843966588 0.3470377560139734 -6.320677225634741e-12 0.9999999998742226 28
11.5 0.6535949304986522 -1.6355527114706627e-11 0.0005826599200242897 -0.03815063141562438 0.0005826595580703475 0.03815063125806253 0.346405069375313 -9.077124153379451e-12 0.9999999998739653 28
11.600000000000001 0.6541786402526225 -1.3543973735562578e-11 -0.008662087160592665 -0.0344826293704177 -0.008662087476989225 0.034482629140419406 0.3458213596208361 -1.1674852251641997e-11 0.9999999998734586 28
11.700000000000001 0.6546858119136778 -1.1315660558124836e-11 -0.016875415017574162 -0.029132541271698585 -0.016875415275357585 0.029132540980964617 0.3453141879591452 -1.4022361329061372e-11 0.9999999998728231 28
11.8 0.6550931196992853 -9.731671891450133e-12 -0.023760814519425418 -0.022357949761109962 -0.02376081470832026 0.022357949423717886 0.34490688017287474 -1.6028817260259226e-11 0.99999999987216 28
11.9 0.6553822180191091 -8.798848273048564e-12 -0.029081838614687702 -0.014466531701373768 -0.029081838727665555 0.014466531333229383 0.3446177818524492 -1.7600622605749926e-11 0.9999999998715583 28
12.0 0.6555402608768793 -8.469708655619564e-12 -0.03266999525978766 -0.005802585634440273 -0.032669995293431786 0.005802585252658165 0.3444597389941738 -1.8649226192051112e-11 0.9999999998710531 28
12.100000000000001 0.6555601846602145 -8.722037552181009e-12 -0.03442974389897037 0.0032675563177783566 -0.03442974385355375 -0.0032675566954909747 0.3444398152096998 -1.906534655032451e-11 0.9999999998699143 28
12.200000000000001 0.6554407527464783 -9.372946632616433e-12 -0.03434046986485861 0.012370624961037354 -0.034340469745474514 -0.01237062531755496 0.3445592471225141 -1.8807912543547147e-11 0.9999999998689924 28
12.3 0.6551863697035097 -1.0328058742089016e-11 -0.032455434198260386 0.021141406940959485 -0.03245543401359156 -0.021141407261558578 0.34481363016444594 -1.8043109823358135e-11 0.9999999998679556 28
12.4 0.6548066815406027 -1.1532013938651837e-11 -0.028897816491829792 0.029237041607433307 -0.028897816253366678 -0.029237041879734447 0.34519331832615663 -1.688392173523647e-11 0.9999999998667594 28
12.5 0.6543159861569405 -1.2950564330511834e-11 -0.023854080792499052 0.03635007192557339 -0.023854080513714643 -0.03635007214080238 0.3456840137087625 -1.5368059010550707e-11 0.999999999865703 28
12.600000000000001 0.6537324845824283 -1.573143559431168e-11 -0.01756499505361813 0.04221976283325917 -0.01756499474874279 -0.04221976298720499 0.3462675152809373 -1.3736176503717591e-11 0.9999999998633655 28
12.700000000000001 0.6530774086166539 -1.8461790624647785e-11 -0.010314719441532352 0.04664128144197705 -0.010314719123907336 -0.04664128153402207 0.3469225912442769 -1.20823153970987e-11 0.9999999998609308 28
12.8 0.6523740638763532 -2.1336605583855017e-11 -0.0024184450001481436 0.049472428519434716 -0.002418444681456684 -0.04947242855148623 0.34762593598200975 -1.0451299142592244e-11 0.999999999858363 28
12.9 0.6516468290539748 -2.390572236354797e-11 0.005790890391021696 0.050637715659165264 0.005790890700257669 -0.05063771563525812 0.34835317080202294 -8.982952143113105e-12 0.9999999998559976 27
13.0 0.6509201522814737 -2.615577574641236e-11 0.013976258451144735 0.05012969301954984 0.013976258741652928 -0.050129692945736416 0.3490798475727829 -7.697676121850437e-12 0.9999999998542566 27
13.100000000000001 0.6502175840182389 -2.8108914349944445e-11 0.02181001805223543 0.04800754397143737 0.021810018316213018 -0.04800754385373124 0.34978241583476755 -6.503066426697787e-12 0.9999999998530065 27
13.200000000000001 0.6495608829186148 -2.982695353385904e-11 0.02898668355288303 0.044393070995367774 0.028986683784053283 -0.044393070840495076 0.3504391169335994 -5.480703421942054e-12 0.9999999998522142 27
13.3 0.6489692268608329 -3.127151570951734e-11 0.03523449501757659 0.03946429753394818 0.03523449521086036 -0.03946429734944912 0.3510307729911088 -4.645649433926639e-12 0.9999999998519418 27
13.4 0.6484585559688475 -3.240534723306685e-11 0.04032536122295148 0.033446999409432354 0.04032536137464001 -0.03344699920326584 0.3515414438833378 -4.002552473258009e-12 0.9999999998521854 27
13.5 0.648041068260449 -3.3202285953994425e-11 0.04408282166920147 0.026604553660566632 0.044082821777039885 -0.0266045534408871 0.3519589315924481 -3.5452484799689656e-12 0.9999999998528972 27
13.600000000000001 0.6477248817946931 -3.364791693165667e-11 0.04638776126910965 0.019226549645762855 0.046387761332342146 -0.0192265494207322 0.35227511805927675 -3.2606773947474874e-12 0.9999999998539699 27
13.700000000000001 0.6475138701500472 -3.374021869507469e-11 0.04718170720954028 0.011616645177687452 0.04718170722891793 -0.011616644955257882 0.3524861297052303 -3.1328963433962614e-12 0.9999999998552775 27
13.8 0.6474076710264015 -3.349056865932294e-11 0.04646763765916727 0.004080168277037744 0.04646763763691321 -0.004080168064703894 0.3525923288302741 -3.1475259402144e-12 0.9999999998566755 27
13.9 0.6474018610033223 -3.292405203604632e-11 0.044308332450029096 -0.003088037341008779 0.04430833238974707 0.0030880375364711137 0.352598138854705 -3.2933585897215466e-12 0.9999999998580273 27
14.0 0.647488283255718 -3.207873519910941e-11 0.040822392598880014 -0.009615047096400852 0.04082239250540198 0.00961504726918087 0.3525117166034892 -3.5615544694649e-12 0.9999999998592071 27
14.100000000000001 0.6476555095490981 -3.100419810979975e-11 0.03617814481495159 -0.015260135214769174 0.03617814469411832 0.015260135360225299 0.3523444903110337 -3.943235796511988e-12 0.9999999998601319 27
14.200000000000001 0.6478894132943585 -2.97583495260313e-11 0.03058572561098511 -0.019823520488783174 0.03058572546937044 0.019823520603580287 0.35211058656637495 -4.430455988387582e-12 0.9999999998607334 27
14.3 0.6481738269781917 -2.8404878946635792e-11 0.024287704454594897 -0.023153269696708546 0.024287704299192685 0.02315326977888492 0.35182617288277823 -5.015506345490106e-12 0.9999999998609699 27
14.4 0.6484912549936203 -2.695404377653817e-11 0.017548654340282063 -0.025150131024265717 0.01754865417793278 0.02515013107269815 0.35150874486664774 -4.795248220351476e-12 0.999999999860268 26
14.5 0.648823611821455 -2.5559461143071517e-11 0.010644109683264593 -0.025770157612074886 0.010644109521637362 0.025770157625829314 0.3511763880378811 -4.9901157384917505e-12 0.9999999998593361 26
14.600000000000001 0.6491529556521048 -2.3990580243860843e-11 0.003849364735706461 -0.02502507246628381 0.003849364582512851 0.02502507244743752 0.3508470442057929 -5.28959521364715e-12 0.9999999998578977 26
14.700000000000001 0.6494621888429162 -2.2488823094871558e-11 -0.0025714392915675206 -0.022980416756079865 -0.0025714394296841338 0.022980416708090888 0.3505378110135296 -5.658859919094754e-12 0.9999999998564457 26
14.8 0.6497356989702804 -2.1126688653771668e-11 -0.008375512871374651 -0.019751610317704088 -0.008375512989330145 0.019751610245574293 0.3502643008848324 -6.0517811852378005e-12 0.9999999998551128 26
14.9 0.6499599175512628 -1.998571405293826e-11 -0.013350515986836285 -0.015498132749893792 -0.0133505160812955 0.015498132659665459 0.3500400823027764 -6.425353625604707e-12 0.9999999998540392 26
15.0 0.6501237775824723 -1.9117048955754087e-11 -0.017322221874072296 -0.010416102764610196 -0.017322221943528247 0.01041610266284798 0.34987622227079307 -6.753759715151672e-12 0.9999999998532654 26
15.100000000000001 0.6502190557107818 -1.8534927746563325e-11 -0.020160478596394017 -0.004729590004963656 -0.020160478641067073 0.004729589898315301 0.34978094414200717 -7.007123432996361e-12 0.9999999998527889 26
15.200000000000001 0.6502405898949702 -1.8226206758432745e-11 -0.021783274546189623 0.0013189645746988518 -0.021783274567807844 -0.001318964679826817 0.3497594099575912 -7.129303327047333e-12 0.9999999998525615 26
15.3 0.6501863686329407 -1.8157475074893645e-11 -0.022158793982442117 0.0074788177440477804 -0.022158793984122717 -0.007478817841758444 0.34981363121956754 -7.0494034553225395e-12 0.9999999998525082 26
15.4 0.6500574930049912 -1.8279446570632734e-11 -0.02130543123692798 0.01350107108016194 -0.02130543122320242 -0.013501071165480279 0.34994250684751604 -6.72070804245538e-12 0.9999999998525072 26
15.5 0.6498580177196079 -1.8531087087766345e-11 -0.01928981392677173 0.019148491924540996 -0.019289813903451684 -0.019148491994098932 0.3501419821328263 -6.166414076956646e-12 0.9999999998524343 26
15.600000000000001 0.6495946818603753 -1.8851681399641947e-11 -0.01622296317745069 0.024204627069904432 -0.01622296315096604 -0.024204627122647572 0.3504053179918436 -5.493606059092257e-12 0.9999999998522189 26
15.700000000000001 0.6492765439606758 -1.9187266053808175e-11 -0.012254789511607826 0.02848186559221808 -0.012254789487850574 -0.02848186562961829 0.35072345589116666 -4.849720052054923e-12 0.9999999998518425 26
15.8 0.6489145392447228 -1.9515181515365915e-11 -0.0075671840708460185 0.031828157478679966 -0.007567184053969001 -0.03182815750430684 0.3510854606065498 -4.364062648933896e-12 0.9999999998512725 26
15.9 0.6485209792699276 -1.9844055726310255e-11 -0.002366014033376066 0.03413215530548365 -0.002366014025183808 -0.034132155324215784 0.3514790205805626 -4.113595335033261e-12 0.9999999998504902 26
16.0 0.6481090157229771 -2.0183299803399066e-11 0.0031276331840445195 0.035326614529384764 0.003127633183948458 -0.03532661454638583 0.35189098412604786 -4.1289013691370726e-12 0.999999999849025 26
16.1 0.6476920907333164 -2.051710840704742e-11 0.008686591175763803 0.03538996107543034 0.00868659116914248 -0.03538996109534391 0.35230790911447996 -4.402952096300474e-12 0.9999999998477963 26
16.2 0.6472833957812704 -2.082451186281815e-11 0.014086769329174124 0.0343460098074892 0.014086769319008588 -0.0343460098340684 0.3527166040653321 -4.86923101246399e-12 0.9999999998466025 26
16.3 0.6468953601389303 -2.109413658303126e-11 0.01911595796355878 0.032261891164050385 0.019115957953643885 -0.03226189119987819 0.35310463970648864 -5.438382370544285e-12 0.999999999845419 26
16.400000000000002 0.6465391878638104 -2.133214615668378e-11 0.023581943565097022 0.029244312803112665 0.02358194355971435 -0.02924431284939061 0.3534608119804697 -5.999271648525088e-12 0.9999999998442801 26
16.5 0.6462244597728921 -2.1557858142783128e-11 0.027319629677835265 0.02543434591677244 0.0273196296813375 -0.02543434597319156 0.35377554007030626 -6.443338813826538e-12 0.9999999998431983 26
16.6 0.6459588136828306 -2.1796578428641524e-11 0.030196906008952057 0.02100097959914248 0.030196906025324148 -0.021000979663908452 0.3540411861593854 -6.682949977922892e-12 0.999999999842216 26
16.7 0.64574771265316 -2.2072781097131506e-11 0.032119064328832055 0.016133729391259673 0.032119064361299084 -0.016133729461271163 0.3542522871881636 -6.659567195122363e-12 0.9999999998413236 26
16.8 0.6455943071676188 -2.2405027313535452e-11 0.03303162235260772 0.011034616462334198 0.03303162240334315 -0.011034616533478902 0.3544056926728928 -6.343909475174215e-12 0.9999999998405116 26
16.900000000000002 0.645499393290598 -2.2802345061624508e-11 0.03292148333374131 0.00590985092706661 0.032921483403693524 -0.005909850994580933 0.3545006065491256 -5.732933750030507e-12 0.9999999998397235 26
17.0 0.6454614649983245 -2.3263140228925655e-11 0.03181642684745201 0.0009615562010819309 0.03181642693628016 -0.0009615562599279237 0.35453853484057835 -4.8448957834344885e-12 0.9999999998389029 26
17.1 0.6454768552544586 -2.3775391407961112e-11 0.029782992478150135 -0.0036201387331991396 0.029782992584243127 0.003620138687972876 0.3545231445835166 -3.717027996133323e-12 0.9999999998379752 26
17.2 0.6455399571127136 -2.4320197425231843e-11 0.026922880264124087 -0.0076643350066480645 0.026922880384675246 0.007664334979575075 0.35446004272417236 -2.397290058590895e-12 0.999999999836886 26
17.3 0.6456435133005671 -2.487253990491588e-11 0.023368047435081443 -0.011025657555917426 0.023368047566211424 0.011025657550814251 0.35435648653505214 -9.43247154012725e-13 0.9999999998356193 26
17.400000000000002 0.6457789604628441 -2.540287399630651e-11 0.019274728159125936 -0.013589380944212196 0.019274728296057184 0.0135893809639301 0.3542210393708982 5.546703998577463e-13 0.9999999998337423 26
17.5 0.645936812590866 -2.5923674650501077e-11 0.014816640038369702 -0.01527521332428439 0.014816640175631272 0.015275213370522229 0.3540631872404451 1.806111089201505e-12 0.9999999998313112 26
17.6 0.6461070671750702 -2.6385374848491658e-11 0.010177666742932466 -0.016039622052782285 0.010177666874945819 0.01603962212620483 0.35389293265352734 2.9182417450068237e-12 0.9999999998285976 26
17.7 0.6462796173098364 -2.6745216137151265e-11 0.005544319722156773 -0.015876645140987248 0.005544319842800166 0.01587664524079476 0.35372038251505206 3.761594909353172e-12 0.9999999998248885 26
17.8 0.6464446533458257 -2.6427715262040206e-11 0.0010982831370568906 -0.01481719409749723 0.0010982832411607925 0.0148171942210575 0.3535553464742779 4.035816507089977e-12 0.9999999998201036 26
17.900000000000002 0.64659303866285 -2.6647764700908837e-11 -0.0029906647049009246 -0.012926913339468285 -0.0029906646224365785 0.01292691348341601 0.353406961151651 5.523465474360191e-12 0.999999999814501 26
18.0 0.6467166457068515 -2.6594032763453232e-11 -0.0065710823565486316 -0.010302716907588024 -0.006571082300586707 0.010302717067496511 0.35328335410130046 6.6436344674119566e-12 0.9999999998081519 26
18.1 0.6468086404813387 -2.627473036234226e-11 -0.00951541001846756 -0.007068172593219855 -0.009515409993010851 0.007068172764047687 0.3531913593217125 7.65524154570386e-12 0.9999999998030511 26
18.2 0.6468637061213287 -2.5661904420611472e-11 -0.011724430488483541 -0.0033679450158638916 -0.01172443049651072 0.003367945190954006 0.35313629367611354 8.554870294335179e-12 0.9999999997974423 26
18.3 0.6468781988951916 -2.4814719271912704e-11 -0.013130496521270517 0.000638458817366482 -0.013130496564319725 -0.0006384586446374465 0.35312180089694745 9.24577644556806e-12 0.999999999792139 26
18.400000000000002 0.6468502328721139 -2.3785555748323962e-11 -0.013699427417117655 0.004783376374202722 -0.013699427497005666 -0.004783376212505322 0.35314976691394684 1.0507051566817484e-11 0.9999999997860607 26
18.5 0.6467796924217238 -2.2715472323383647e-11 -0.01343103280437303 0.00889783325719806 -0.013431032920027201 -0.008897833115884811 0.3532203073582092 1.2215839479179647e-11 0.999999999779933 26
18.6 0.6466681745787258 -2.1722970344528996e-11 -0.012358276995384518 0.012818268692297394 -0.012358277144041965 -0.012818268578656335 0.35333182519539663 1.4123067678775045e-11 0.9999999997741225 26
18.7 0.646518865981905 -2.0891776298958592e-11 -0.010545150813788848 0.01639287940536833 -0.01054515099174794 -0.016392879326142994 0.35348113378673823 1.6021503288354136e-11 0.9999999997686433 26
18.8 0.646336361511369 -2.0257934874487847e-11 -0.008083367317265848 0.019487340123714458 -0.008083367519098677 -0.01948734008556162 0.35366363825199865 1.7709310596520018e-11 0.9999999997633676 26
18.900000000000002 0.6461264337824385 -1.9831890186859134e-11 -0.005088041524419285 0.021989689641474183 -0.005088041742491583 -0.021989689650253094 0.35387356597571046 1.905663571170634e-11 0.999999999758149 26
19.0 0.6458957642696086 -1.95809757682518e-11 -0.0016925505147640794 0.02381420969176315 -0.0016925507395370873 -0.02381420975161018 0.35410423548368763 1.9969394524060725e-11 0.9999999997532962 26
19.1 0.6456516479667415 -1.940776020026703e-11 0.001957202153613216 0.02490416805692515 0.0019572019331999552 -0.024904168170162274 0.35434835178327584 1.977034809320138e-11 0.9999999997500173 26
19.200000000000003 0.6454016841157534 -1.9328967776825893e-11 0.005708875741310988 0.025233345527229868 0.005708875537557238 -0.025233345693951463 0.3545983156316435 1.9294790688814678e-11 0.999999999747397 26
19.3 0.6451534656523157 -1.9301895811577908e-11 0.009409885383889389 0.02480631648323361 0.009409885208288145 -0.024806316700181696 0.3548465340927924 1.8663205306158698e-11 0.9999999997451081 26
19.400000000000002 0.644914279626494 -1.93132979380743e-11 0.01291345105261144 0.023657502981154814 0.012913450915521818 -0.02365750324261192 0.3550857201162788 1.7981017417119406e-11 0.9999999997427728 26
19.5 0.644690830004676 -1.956517523162823e-11 0.016084266442914736 0.021849070305245077 0.01608426635381217 -0.021849070602647586 0.35530916973541316 1.6595969421948158e-11 0.9999999997400891 26
19.6 0.6444889929891087 -1.959010158614815e-11 0.018803572729458307 0.01946777612812182 0.018803572697917104 -0.019467776448965288 0.35551100674831143 1.4775959474355692e-11 0.99999999973742 26
19.700000000000003 0.6443136133544616 -2.0302872561904695e-11 0.020973451043267075 0.016620924068928084 0.020973451075115637 -0.016620924399004058 0.35568638637927547 1.3558281817867838e-11 0.999999999733737 26
19.8 0.6441683484162516 -2.1231784960617443e-11 0.022520183086332475 0.013431604155174578 0.022520183183634277 -0.013431604480291494 0.35583165131397615 1.3092311624140342e-11 0.9999999997302278 26
19.900000000000002 0.6440555641238925 -2.2550368419529872e-11 0.023396569954228955 0.010033426392597468 0.02339657011512416 -0.010033426698561837 0.355944435601991 1.3147923556493174e-11 0.9999999997258835 26
20.0 0.6439762855911569 -2.4156851339564694e-11 0.02358314322305535 0.006564968577283318 0.02358314344289851 -0.0065649688509720975 0.3560237141295237 1.3701778303304222e-11 0.9999999997206807 26
20.1 0.6439302021407202 -2.6063027279946697e-11 0.02308824785851685 0.0031641653111121938 0.023088248129693064 -0.0031641655399710132 0.3560697975743841 1.4548788020544287e-11 0.9999999997151043 26
